#
# There is insufficient memory for the Java Runtime Environment to continue.
# Native memory allocation (malloc) failed to allocate 1048576 bytes. Error detail: AllocateHeap
# Possible reasons:
#   The system is out of physical RAM or swap space
#   This process is running with CompressedOops enabled, and the Java Heap may be blocking the growth of the native heap
# Possible solutions:
#   Reduce memory load on the system
#   Increase physical memory or swap space
#   Check if swap backing store is full
#   Decrease Java heap size (-Xmx/-Xms)
#   Decrease number of Java threads
#   Decrease Java thread stack sizes (-Xss)
#   Set larger code cache with -XX:ReservedCodeCacheSize=
#   JVM is running with Unscaled Compressed Oops mode in which the Java heap is
#     placed in the first 4GB address space. The Java Heap base address is the
#     maximum limit for the native heap growth. Please use -XX:HeapBaseMinAddress
#     to set the Java Heap base and to place the Java Heap above 4GB virtual address.
# This output file may be truncated or incomplete.
#
#  Out of Memory Error (allocation.cpp:44), pid=2768, tid=13156
#
# JRE version: OpenJDK Runtime Environment Temurin-21.0.11+10 (21.0.11+10) (build 21.0.11+10-LTS)
# Java VM: OpenJDK 64-Bit Server VM Temurin-21.0.11+10 (21.0.11+10-LTS, mixed mode, sharing, tiered, compressed oops, compressed class ptrs, parallel gc, windows-amd64)
# No core dump will be written. Minidumps are not enabled by default on client versions of Windows
#

---------------  S U M M A R Y ------------

Command Line: --add-modules=ALL-SYSTEM --add-opens=java.base/java.util=ALL-UNNAMED --add-opens=java.base/java.lang=ALL-UNNAMED --add-opens=java.base/sun.nio.fs=ALL-UNNAMED -Declipse.application=org.eclipse.jdt.ls.core.id1 -Dosgi.bundles.defaultStartLevel=4 -Declipse.product=org.eclipse.jdt.ls.core.product -Djava.import.generatesMetadataFilesAtProjectRoot=false -DDetectVMInstallationsJob.disabled=true -Dfile.encoding=utf8 -XX:+UseParallelGC -XX:GCTimeRatio=4 -XX:AdaptiveSizePolicyWeight=90 -Dsun.zip.disableMemoryMapping=true -Xmx2G -Xms100m -Xlog:disable -javaagent:c:\Users\HP\.vscode\extensions\redhat.java-1.55.0-win32-x64\lombok\lombok-1.18.39-4050.jar -XX:+HeapDumpOnOutOfMemoryError -XX:HeapDumpPath=c:\Users\HP\AppData\Roaming\Code\User\workspaceStorage\e5280a073425632b458db7cb4e1dbd94\redhat.java -Daether.dependencyCollector.impl=bf c:\Users\HP\.vscode\extensions\redhat.java-1.55.0-win32-x64\server\plugins\org.eclipse.equinox.launcher_1.7.200.v20260619-2039.jar -configuration c:\Users\HP\AppData\Roaming\Code\User\globalStorage\redhat.java\1.55.0\config_win -data c:\Users\HP\AppData\Roaming\Code\User\workspaceStorage\e5280a073425632b458db7cb4e1dbd94\redhat.java\jdt_ws --pipe=\\.\pipe\lsp-41be9496d184905d521a0343e507c80f-sock

Host: AMD Athlon Gold 3150U with Radeon Graphics     , 4 cores, 3G,  Windows 11 , 64 bit Build 26100 (10.0.26100.8737)
Time: Sun Jul 12 03:53:30 2026 Malay Peninsula Standard Time elapsed time: 2940.568124 seconds (0d 0h 49m 0s)

---------------  T H R E A D  ---------------

Current thread (0x0000025306998f60):  JavaThread "Attach Listener" daemon [_thread_in_vm, id=13156, stack(0x000000927e100000,0x000000927e200000) (1024K)]

Stack: [0x000000927e100000,0x000000927e200000]
Native frames: (J=compiled Java code, j=interpreted, Vv=VM code, C=native code)
V  [jvm.dll+0x6d7e19]
V  [jvm.dll+0x8b5096]
V  [jvm.dll+0x8b764e]
V  [jvm.dll+0x8b7d33]
V  [jvm.dll+0x284596]
V  [jvm.dll+0xc13c7]
V  [jvm.dll+0x6d86c9]
V  [jvm.dll+0x133616]
V  [jvm.dll+0x3f868e]
V  [jvm.dll+0x85fb0d]
V  [jvm.dll+0x6d664d]
C  [ucrtbase.dll+0x2cd30]
C  [KERNEL32.DLL+0x2e957]
C  [ntdll.dll+0xaad6c]


---------------  P R O C E S S  ---------------

Threads class SMR info:
_java_thread_list=0x0000025366fefc30, length=42, elements={
0x0000025306a9c490, 0x00000253069887c0, 0x000002530698e4d0, 0x0000025306994e30,
0x0000025306998f60, 0x0000025306995ae0, 0x0000025306996170, 0x000002530699f080,
0x00000253069d44d0, 0x0000025306997bb0, 0x0000025306998240, 0x0000025306997520,
0x00000253069988d0, 0x0000025306996e90, 0x0000025306996800, 0x0000025364095d00,
0x00000253640942c0, 0x0000025364094fe0, 0x0000025364094950, 0x00000253640935a0,
0x0000025364098af0, 0x0000025364097dd0, 0x0000025364099180, 0x000002536409a530,
0x0000025364099810, 0x0000025364099ea0, 0x0000025364098460, 0x0000025365a174b0,
0x0000025365a17b40, 0x0000025365a18860, 0x0000025365a16e20, 0x0000025365a16100,
0x0000025365a19c10, 0x0000025365a1a2a0, 0x0000025365a16790, 0x0000025365a1b650,
0x0000025365a1a930, 0x00000253640970b0, 0x0000025364097740, 0x0000025365a1afc0,
0x0000025365a1ca00, 0x0000025365a1d720
}

Java Threads: ( => current thread )
  0x0000025306a9c490 JavaThread "main"                              [_thread_blocked, id=3708, stack(0x000000927da00000,0x000000927db00000) (1024K)]
  0x00000253069887c0 JavaThread "Reference Handler"          daemon [_thread_blocked, id=11088, stack(0x000000927de00000,0x000000927df00000) (1024K)]
  0x000002530698e4d0 JavaThread "Finalizer"                  daemon [_thread_blocked, id=8152, stack(0x000000927df00000,0x000000927e000000) (1024K)]
  0x0000025306994e30 JavaThread "Signal Dispatcher"          daemon [_thread_blocked, id=4212, stack(0x000000927e000000,0x000000927e100000) (1024K)]
=>0x0000025306998f60 JavaThread "Attach Listener"            daemon [_thread_in_vm, id=13156, stack(0x000000927e100000,0x000000927e200000) (1024K)]
  0x0000025306995ae0 JavaThread "Service Thread"             daemon [_thread_blocked, id=13784, stack(0x000000927e200000,0x000000927e300000) (1024K)]
  0x0000025306996170 JavaThread "Monitor Deflation Thread"   daemon [_thread_blocked, id=13616, stack(0x000000927e300000,0x000000927e400000) (1024K)]
  0x000002530699f080 JavaThread "C2 CompilerThread0"         daemon [_thread_blocked, id=17148, stack(0x000000927e400000,0x000000927e500000) (1024K)]
  0x00000253069d44d0 JavaThread "C1 CompilerThread0"         daemon [_thread_blocked, id=11384, stack(0x000000927e500000,0x000000927e600000) (1024K)]
  0x0000025306997bb0 JavaThread "Common-Cleaner"             daemon [_thread_blocked, id=6304, stack(0x000000927e600000,0x000000927e700000) (1024K)]
  0x0000025306998240 JavaThread "Notification Thread"        daemon [_thread_blocked, id=4640, stack(0x000000927e700000,0x000000927e800000) (1024K)]
  0x0000025306997520 JavaThread "Active Thread: Equinox Container: ef3b73d0-12ea-4f6c-98c5-87702d958e71"        [_thread_blocked, id=3584, stack(0x000000927eb00000,0x000000927ec00000) (1024K)]
  0x00000253069988d0 JavaThread "Refresh Thread: Equinox Container: ef3b73d0-12ea-4f6c-98c5-87702d958e71" daemon [_thread_blocked, id=7948, stack(0x000000927ec00000,0x000000927ed00000) (1024K)]
  0x0000025306996e90 JavaThread "Framework Event Dispatcher: Equinox Container: ef3b73d0-12ea-4f6c-98c5-87702d958e71" daemon [_thread_blocked, id=8008, stack(0x000000927ed00000,0x000000927ee00000) (1024K)]
  0x0000025306996800 JavaThread "Start Level: Equinox Container: ef3b73d0-12ea-4f6c-98c5-87702d958e71" daemon [_thread_blocked, id=10064, stack(0x000000927ee00000,0x000000927ef00000) (1024K)]
  0x0000025364095d00 JavaThread "Bundle File Closer"         daemon [_thread_blocked, id=11736, stack(0x000000927ef00000,0x000000927f000000) (1024K)]
  0x00000253640942c0 JavaThread "SCR Component Actor"        daemon [_thread_blocked, id=4516, stack(0x000000927f000000,0x000000927f100000) (1024K)]
  0x0000025364094fe0 JavaThread "Worker-JM"                         [_thread_blocked, id=15112, stack(0x000000927f100000,0x000000927f200000) (1024K)]
  0x0000025364094950 JavaThread "JNA Cleaner"                daemon [_thread_blocked, id=14640, stack(0x000000927f200000,0x000000927f300000) (1024K)]
  0x00000253640935a0 JavaThread "Java indexing"              daemon [_thread_blocked, id=3100, stack(0x000000927f700000,0x000000927f800000) (1024K)]
  0x0000025364098af0 JavaThread "Worker-4"                          [_thread_blocked, id=16148, stack(0x000000927fa00000,0x000000927fb00000) (1024K)]
  0x0000025364097dd0 JavaThread "Timer-0"                           [_thread_blocked, id=2996, stack(0x000000927fc00000,0x000000927fd00000) (1024K)]
  0x0000025364099180 JavaThread "Thread-2"                   daemon [_thread_in_native, id=16492, stack(0x000000927fd00000,0x000000927fe00000) (1024K)]
  0x000002536409a530 JavaThread "Thread-3"                   daemon [_thread_in_native, id=15696, stack(0x000000927fe00000,0x000000927ff00000) (1024K)]
  0x0000025364099810 JavaThread "Thread-4"                   daemon [_thread_in_native, id=12424, stack(0x000000927ff00000,0x0000009280000000) (1024K)]
  0x0000025364099ea0 JavaThread "Thread-5"                   daemon [_thread_in_native, id=7944, stack(0x0000009200000000,0x0000009200100000) (1024K)]
  0x0000025364098460 JavaThread "Thread-6"                   daemon [_thread_in_native, id=10040, stack(0x0000009200100000,0x0000009200200000) (1024K)]
  0x0000025365a174b0 JavaThread "Timer-1"                           [_thread_blocked, id=12732, stack(0x0000009200200000,0x0000009200300000) (1024K)]
  0x0000025365a17b40 JavaThread "pool-2-thread-1"                   [_thread_blocked, id=2140, stack(0x0000009200300000,0x0000009200400000) (1024K)]
  0x0000025365a18860 JavaThread "WorkspaceEventsHandler"            [_thread_blocked, id=13584, stack(0x0000009200500000,0x0000009200600000) (1024K)]
  0x0000025365a16e20 JavaThread "pool-1-thread-1"                   [_thread_blocked, id=16784, stack(0x0000009200600000,0x0000009200700000) (1024K)]
  0x0000025365a16100 JavaThread "Timer-2"                           [_thread_blocked, id=11252, stack(0x0000009200800000,0x0000009200900000) (1024K)]
  0x0000025365a19c10 JavaThread "Timer-3"                           [_thread_blocked, id=11248, stack(0x0000009200900000,0x0000009200a00000) (1024K)]
  0x0000025365a1a2a0 JavaThread "Timer-4"                           [_thread_blocked, id=3432, stack(0x0000009200b00000,0x0000009200c00000) (1024K)]
  0x0000025365a16790 JavaThread "Timer-5"                           [_thread_blocked, id=11312, stack(0x0000009200400000,0x0000009200500000) (1024K)]
  0x0000025365a1b650 JavaThread "Timer-6"                           [_thread_blocked, id=2344, stack(0x0000009200a00000,0x0000009200b00000) (1024K)]
  0x0000025365a1a930 JavaThread "Timer-7"                           [_thread_blocked, id=5516, stack(0x0000009200c00000,0x0000009200d00000) (1024K)]
  0x00000253640970b0 JavaThread "Timer-8"                           [_thread_blocked, id=2692, stack(0x0000009200d00000,0x0000009200e00000) (1024K)]
  0x0000025364097740 JavaThread "Worker-6"                          [_thread_blocked, id=16368, stack(0x0000009200e00000,0x0000009200f00000) (1024K)]
  0x0000025365a1afc0 JavaThread "Timer-9"                           [_thread_blocked, id=3344, stack(0x0000009201100000,0x0000009201200000) (1024K)]
  0x0000025365a1ca00 JavaThread "Timer-10"                          [_thread_blocked, id=12080, stack(0x0000009201600000,0x0000009201700000) (1024K)]
  0x0000025365a1d720 JavaThread "Timer-11"                          [_thread_blocked, id=9276, stack(0x0000009201800000,0x0000009201900000) (1024K)]
Total: 42

Other Threads:
  0x0000025306b5bed0 VMThread "VM Thread"                           [id=16092, stack(0x000000927dd00000,0x000000927de00000) (1024K)]
  0x000002530692ca10 WatcherThread "VM Periodic Task Thread"        [id=6908, stack(0x000000927dc00000,0x000000927dd00000) (1024K)]
  0x0000025306aba560 WorkerThread "GC Thread#0"                     [id=16012, stack(0x000000927db00000,0x000000927dc00000) (1024K)]
  0x000002535f3d4ed0 WorkerThread "GC Thread#1"                     [id=10364, stack(0x000000927e800000,0x000000927e900000) (1024K)]
  0x000002535f3db760 WorkerThread "GC Thread#2"                     [id=6028, stack(0x000000927e900000,0x000000927ea00000) (1024K)]
  0x000002535f3d5280 WorkerThread "GC Thread#3"                     [id=7652, stack(0x000000927ea00000,0x000000927eb00000) (1024K)]
Total: 6

Threads with active compile tasks:
Total: 0

VM state: not at safepoint (normal execution)

VM Mutex/Monitor currently owned by a thread: None

Heap address: 0x0000000080000000, size: 2048 MB, Compressed Oops mode: 32-bit

CDS archive(s) mapped at: [0x000002531e000000-0x000002531eba0000-0x000002531eba0000), size 12189696, SharedBaseAddress: 0x000002531e000000, ArchiveRelocationMode: 1.
Compressed class space mapped at: 0x000002531f000000-0x000002535f000000, reserved size: 1073741824
Narrow klass base: 0x000002531e000000, Narrow klass shift: 0, Narrow klass range: 0x100000000

GC Precious Log:
 CardTable entry size: 512
 CPUs: 4 total, 4 available
 Memory: 3499M
 Large Page Support: Disabled
 NUMA Support: Disabled
 Compressed Oops: Enabled (32-bit)
 Alignments: Space 512K, Generation 512K, Heap 2M
 Heap Min Capacity: 100M
 Heap Initial Capacity: 100M
 Heap Max Capacity: 2G
 Pre-touch: Disabled
 Parallel Workers: 4

Heap:
 PSYoungGen      total 16384K, used 5153K [0x00000000d5580000, 0x00000000d6f80000, 0x0000000100000000)
  eden space 15872K, 29% used [0x00000000d5580000,0x00000000d5a086a0,0x00000000d6500000)
  from space 512K, 100% used [0x00000000d6900000,0x00000000d6980000,0x00000000d6980000)
  to   space 4096K, 0% used [0x00000000d6500000,0x00000000d6500000,0x00000000d6900000)
 ParOldGen       total 68608K, used 49192K [0x0000000080000000, 0x0000000084300000, 0x00000000d5580000)
  object space 68608K, 71% used [0x0000000080000000,0x000000008300a260,0x0000000084300000)
 Metaspace       used 67818K, committed 69440K, reserved 1114112K
  class space    used 8544K, committed 9280K, reserved 1048576K

Card table byte_map: [0x0000025306440000,0x0000025306850000] _byte_map_base: 0x0000025306040000

Marking Bits: (ParMarkBitMap*) 0x00007ff83e924460
 Begin Bits: [0x0000025318f50000, 0x000002531af50000)
 End Bits:   [0x000002531af50000, 0x000002531cf50000)

Polling page: 0x0000025304910000

Metaspace:

Usage:
  Non-class:     57.88 MB used.
      Class:      8.34 MB used.
       Both:     66.23 MB used.

Virtual space:
  Non-class space:       64.00 MB reserved,      58.75 MB ( 92%) committed,  1 nodes.
      Class space:        1.00 GB reserved,       9.06 MB ( <1%) committed,  1 nodes.
             Both:        1.06 GB reserved,      67.81 MB (  6%) committed. 

Chunk freelists:
   Non-Class:  4.55 MB
       Class:  6.79 MB
        Both:  11.33 MB

MaxMetaspaceSize: unlimited
CompressedClassSpaceSize: 1.00 GB
Initial GC threshold: 21.00 MB
Current GC threshold: 97.31 MB
CDS: on
 - commit_granule_bytes: 65536.
 - commit_granule_words: 8192.
 - virtual_space_node_default_size: 8388608.
 - enlarge_chunks_in_place: 1.
 - use_allocation_guard: 0.


Internal statistics:

num_allocs_failed_limit: 9.
num_arena_births: 1400.
num_arena_deaths: 14.
num_vsnodes_births: 2.
num_vsnodes_deaths: 0.
num_space_committed: 1085.
num_space_uncommitted: 0.
num_chunks_returned_to_freelist: 23.
num_chunks_taken_from_freelist: 4575.
num_chunk_merges: 11.
num_chunk_splits: 2816.
num_chunks_enlarged: 1601.
num_inconsistent_stats: 0.

CodeHeap 'non-profiled nmethods': size=120000Kb used=6936Kb max_used=6936Kb free=113063Kb
 bounds [0x0000025311770000, 0x0000025311e40000, 0x0000025318ca0000]
CodeHeap 'profiled nmethods': size=120000Kb used=17320Kb max_used=17320Kb free=102680Kb
 bounds [0x0000025309ca0000, 0x000002530ad90000, 0x00000253111d0000]
CodeHeap 'non-nmethods': size=5760Kb used=1396Kb max_used=1450Kb free=4363Kb
 bounds [0x00000253111d0000, 0x0000025311440000, 0x0000025311770000]
CodeCache: size=245760Kb, used=25652Kb, max_used=25706Kb, free=220106Kb
 total_blobs=9210, nmethods=8509, adapters=607, full_count=0
Compilation: enabled, stopped_count=0, restarted_count=0

Compilation events (20 events):
Event: 1499.299 Thread 0x000002530699f080 9292   !   4       java.util.concurrent.locks.LockSupport::parkNanos (56 bytes)
Event: 1499.329 Thread 0x000002530699f080 nmethod 9292 0x0000025311e33a90 code [0x0000025311e33c40, 0x0000025311e33db8]
Event: 1739.373 Thread 0x00000253069d44d0 9293       1       com.sun.jna.internal.Cleaner::access$100 (5 bytes)
Event: 1739.405 Thread 0x00000253069d44d0 nmethod 9293 0x0000025311e33f10 code [0x0000025311e340a0, 0x0000025311e34150]
Event: 2049.011 Thread 0x00000253069d44d0 9294       3       java.util.concurrent.ScheduledThreadPoolExecutor::triggerTime (22 bytes)
Event: 2049.051 Thread 0x00000253069d44d0 nmethod 9294 0x000002530ad87a10 code [0x000002530ad87bc0, 0x000002530ad87da0]
Event: 2245.598 Thread 0x00000253069d44d0 9295       3       org.eclipse.core.internal.jobs.InternalJob::internalGetState (9 bytes)
Event: 2245.602 Thread 0x00000253069d44d0 nmethod 9295 0x000002530ad87e90 code [0x000002530ad88020, 0x000002530ad88130]
Event: 2245.662 Thread 0x00000253069d44d0 9296       3       java.util.Set::of (9 bytes)
Event: 2245.679 Thread 0x00000253069d44d0 nmethod 9296 0x000002530ad88210 code [0x000002530ad88400, 0x000002530ad888b0]
Event: 2245.696 Thread 0x00000253069d44d0 9297       1       org.eclipse.core.internal.jobs.InternalJob::setStartTime (6 bytes)
Event: 2245.697 Thread 0x00000253069d44d0 nmethod 9297 0x0000025311e34210 code [0x0000025311e343a0, 0x0000025311e34480]
Event: 2290.742 Thread 0x000002530699f080 9298 % !   4       java.util.TimerThread::mainLoop @ 0 (232 bytes)
Event: 2290.978 Thread 0x000002530699f080 nmethod 9298% 0x0000025311e34510 code [0x0000025311e34780, 0x0000025311e35378]
Event: 2418.365 Thread 0x00000253069d44d0 9299       1       org.eclipse.osgi.internal.framework.EquinoxContainer::getStorage (5 bytes)
Event: 2418.371 Thread 0x00000253069d44d0 nmethod 9299 0x0000025311e35d90 code [0x0000025311e35f20, 0x0000025311e35fe8]
Event: 2619.598 Thread 0x00000253069d44d0 9300       3       org.eclipse.jdt.ls.core.internal.ParentProcessWatcher::run (83 bytes)
Event: 2619.681 Thread 0x00000253069d44d0 nmethod 9300 0x000002530ad88a90 code [0x000002530ad88d20, 0x000002530ad897e8]
Event: 2819.797 Thread 0x00000253069d44d0 9302       3       java.util.Optional::get (22 bytes)
Event: 2819.807 Thread 0x00000253069d44d0 nmethod 9302 0x000002530ad89b10 code [0x000002530ad89cc0, 0x000002530ad89ee0]

GC Heap History (20 events):
Event: 429.802 GC heap before
{Heap before GC invocations=118 (full 3):
 PSYoungGen      total 18944K, used 18560K [0x00000000d5580000, 0x00000000d6980000, 0x0000000100000000)
  eden space 18432K, 100% used [0x00000000d5580000,0x00000000d6780000,0x00000000d6780000)
  from space 512K, 25% used [0x00000000d6900000,0x00000000d6920000,0x00000000d6980000)
  to   space 512K, 0% used [0x00000000d6880000,0x00000000d6880000,0x00000000d6900000)
 ParOldGen       total 68608K, used 46364K [0x0000000080000000, 0x0000000084300000, 0x00000000d5580000)
  object space 68608K, 67% used [0x0000000080000000,0x0000000082d47180,0x0000000084300000)
 Metaspace       used 66720K, committed 68352K, reserved 1114112K
  class space    used 8413K, committed 9152K, reserved 1048576K
}
Event: 429.803 GC heap after
{Heap after GC invocations=118 (full 3):
 PSYoungGen      total 18944K, used 64K [0x00000000d5580000, 0x00000000d6980000, 0x0000000100000000)
  eden space 18432K, 0% used [0x00000000d5580000,0x00000000d5580000,0x00000000d6780000)
  from space 512K, 12% used [0x00000000d6880000,0x00000000d6890000,0x00000000d6900000)
  to   space 512K, 0% used [0x00000000d6900000,0x00000000d6900000,0x00000000d6980000)
 ParOldGen       total 68608K, used 46412K [0x0000000080000000, 0x0000000084300000, 0x00000000d5580000)
  object space 68608K, 67% used [0x0000000080000000,0x0000000082d531a0,0x0000000084300000)
 Metaspace       used 66720K, committed 68352K, reserved 1114112K
  class space    used 8413K, committed 9152K, reserved 1048576K
}
Event: 430.071 GC heap before
{Heap before GC invocations=119 (full 3):
 PSYoungGen      total 18944K, used 18496K [0x00000000d5580000, 0x00000000d6980000, 0x0000000100000000)
  eden space 18432K, 100% used [0x00000000d5580000,0x00000000d6780000,0x00000000d6780000)
  from space 512K, 12% used [0x00000000d6880000,0x00000000d6890000,0x00000000d6900000)
  to   space 512K, 0% used [0x00000000d6900000,0x00000000d6900000,0x00000000d6980000)
 ParOldGen       total 68608K, used 46412K [0x0000000080000000, 0x0000000084300000, 0x00000000d5580000)
  object space 68608K, 67% used [0x0000000080000000,0x0000000082d531a0,0x0000000084300000)
 Metaspace       used 66720K, committed 68352K, reserved 1114112K
  class space    used 8413K, committed 9152K, reserved 1048576K
}
Event: 430.072 GC heap after
{Heap after GC invocations=119 (full 3):
 PSYoungGen      total 18944K, used 128K [0x00000000d5580000, 0x00000000d6980000, 0x0000000100000000)
  eden space 18432K, 0% used [0x00000000d5580000,0x00000000d5580000,0x00000000d6780000)
  from space 512K, 25% used [0x00000000d6900000,0x00000000d6920000,0x00000000d6980000)
  to   space 512K, 0% used [0x00000000d6880000,0x00000000d6880000,0x00000000d6900000)
 ParOldGen       total 68608K, used 46428K [0x0000000080000000, 0x0000000084300000, 0x00000000d5580000)
  object space 68608K, 67% used [0x0000000080000000,0x0000000082d571a0,0x0000000084300000)
 Metaspace       used 66720K, committed 68352K, reserved 1114112K
  class space    used 8413K, committed 9152K, reserved 1048576K
}
Event: 430.609 GC heap before
{Heap before GC invocations=120 (full 3):
 PSYoungGen      total 18944K, used 18560K [0x00000000d5580000, 0x00000000d6980000, 0x0000000100000000)
  eden space 18432K, 100% used [0x00000000d5580000,0x00000000d6780000,0x00000000d6780000)
  from space 512K, 25% used [0x00000000d6900000,0x00000000d6920000,0x00000000d6980000)
  to   space 512K, 0% used [0x00000000d6880000,0x00000000d6880000,0x00000000d6900000)
 ParOldGen       total 68608K, used 46428K [0x0000000080000000, 0x0000000084300000, 0x00000000d5580000)
  object space 68608K, 67% used [0x0000000080000000,0x0000000082d571a0,0x0000000084300000)
 Metaspace       used 66720K, committed 68352K, reserved 1114112K
  class space    used 8413K, committed 9152K, reserved 1048576K
}
Event: 430.610 GC heap after
{Heap after GC invocations=120 (full 3):
 PSYoungGen      total 18944K, used 96K [0x00000000d5580000, 0x00000000d6980000, 0x0000000100000000)
  eden space 18432K, 0% used [0x00000000d5580000,0x00000000d5580000,0x00000000d6780000)
  from space 512K, 18% used [0x00000000d6880000,0x00000000d6898000,0x00000000d6900000)
  to   space 512K, 0% used [0x00000000d6900000,0x00000000d6900000,0x00000000d6980000)
 ParOldGen       total 68608K, used 46436K [0x0000000080000000, 0x0000000084300000, 0x00000000d5580000)
  object space 68608K, 67% used [0x0000000080000000,0x0000000082d591a0,0x0000000084300000)
 Metaspace       used 66720K, committed 68352K, reserved 1114112K
  class space    used 8413K, committed 9152K, reserved 1048576K
}
Event: 431.111 GC heap before
{Heap before GC invocations=121 (full 3):
 PSYoungGen      total 18944K, used 18528K [0x00000000d5580000, 0x00000000d6980000, 0x0000000100000000)
  eden space 18432K, 100% used [0x00000000d5580000,0x00000000d6780000,0x00000000d6780000)
  from space 512K, 18% used [0x00000000d6880000,0x00000000d6898000,0x00000000d6900000)
  to   space 512K, 0% used [0x00000000d6900000,0x00000000d6900000,0x00000000d6980000)
 ParOldGen       total 68608K, used 46436K [0x0000000080000000, 0x0000000084300000, 0x00000000d5580000)
  object space 68608K, 67% used [0x0000000080000000,0x0000000082d591a0,0x0000000084300000)
 Metaspace       used 66720K, committed 68352K, reserved 1114112K
  class space    used 8413K, committed 9152K, reserved 1048576K
}
Event: 431.113 GC heap after
{Heap after GC invocations=121 (full 3):
 PSYoungGen      total 18944K, used 64K [0x00000000d5580000, 0x00000000d6980000, 0x0000000100000000)
  eden space 18432K, 0% used [0x00000000d5580000,0x00000000d5580000,0x00000000d6780000)
  from space 512K, 12% used [0x00000000d6900000,0x00000000d6910000,0x00000000d6980000)
  to   space 512K, 0% used [0x00000000d6880000,0x00000000d6880000,0x00000000d6900000)
 ParOldGen       total 68608K, used 46444K [0x0000000080000000, 0x0000000084300000, 0x00000000d5580000)
  object space 68608K, 67% used [0x0000000080000000,0x0000000082d5b1a0,0x0000000084300000)
 Metaspace       used 66720K, committed 68352K, reserved 1114112K
  class space    used 8413K, committed 9152K, reserved 1048576K
}
Event: 432.422 GC heap before
{Heap before GC invocations=122 (full 3):
 PSYoungGen      total 18944K, used 18496K [0x00000000d5580000, 0x00000000d6980000, 0x0000000100000000)
  eden space 18432K, 100% used [0x00000000d5580000,0x00000000d6780000,0x00000000d6780000)
  from space 512K, 12% used [0x00000000d6900000,0x00000000d6910000,0x00000000d6980000)
  to   space 512K, 0% used [0x00000000d6880000,0x00000000d6880000,0x00000000d6900000)
 ParOldGen       total 68608K, used 46444K [0x0000000080000000, 0x0000000084300000, 0x00000000d5580000)
  object space 68608K, 67% used [0x0000000080000000,0x0000000082d5b1a0,0x0000000084300000)
 Metaspace       used 66720K, committed 68352K, reserved 1114112K
  class space    used 8413K, committed 9152K, reserved 1048576K
}
Event: 432.426 GC heap after
{Heap after GC invocations=122 (full 3):
 PSYoungGen      total 18944K, used 96K [0x00000000d5580000, 0x00000000d6980000, 0x0000000100000000)
  eden space 18432K, 0% used [0x00000000d5580000,0x00000000d5580000,0x00000000d6780000)
  from space 512K, 18% used [0x00000000d6880000,0x00000000d6898000,0x00000000d6900000)
  to   space 512K, 0% used [0x00000000d6900000,0x00000000d6900000,0x00000000d6980000)
 ParOldGen       total 68608K, used 46444K [0x0000000080000000, 0x0000000084300000, 0x00000000d5580000)
  object space 68608K, 67% used [0x0000000080000000,0x0000000082d5b1a0,0x0000000084300000)
 Metaspace       used 66720K, committed 68352K, reserved 1114112K
  class space    used 8413K, committed 9152K, reserved 1048576K
}
Event: 436.140 GC heap before
{Heap before GC invocations=123 (full 3):
 PSYoungGen      total 18944K, used 18528K [0x00000000d5580000, 0x00000000d6980000, 0x0000000100000000)
  eden space 18432K, 100% used [0x00000000d5580000,0x00000000d6780000,0x00000000d6780000)
  from space 512K, 18% used [0x00000000d6880000,0x00000000d6898000,0x00000000d6900000)
  to   space 512K, 0% used [0x00000000d6900000,0x00000000d6900000,0x00000000d6980000)
 ParOldGen       total 68608K, used 46444K [0x0000000080000000, 0x0000000084300000, 0x00000000d5580000)
  object space 68608K, 67% used [0x0000000080000000,0x0000000082d5b1a0,0x0000000084300000)
 Metaspace       used 66722K, committed 68352K, reserved 1114112K
  class space    used 8413K, committed 9152K, reserved 1048576K
}
Event: 436.143 GC heap after
{Heap after GC invocations=123 (full 3):
 PSYoungGen      total 18944K, used 128K [0x00000000d5580000, 0x00000000d6980000, 0x0000000100000000)
  eden space 18432K, 0% used [0x00000000d5580000,0x00000000d5580000,0x00000000d6780000)
  from space 512K, 25% used [0x00000000d6900000,0x00000000d6920000,0x00000000d6980000)
  to   space 512K, 0% used [0x00000000d6880000,0x00000000d6880000,0x00000000d6900000)
 ParOldGen       total 68608K, used 46444K [0x0000000080000000, 0x0000000084300000, 0x00000000d5580000)
  object space 68608K, 67% used [0x0000000080000000,0x0000000082d5b1a0,0x0000000084300000)
 Metaspace       used 66722K, committed 68352K, reserved 1114112K
  class space    used 8413K, committed 9152K, reserved 1048576K
}
Event: 440.378 GC heap before
{Heap before GC invocations=124 (full 3):
 PSYoungGen      total 18944K, used 18560K [0x00000000d5580000, 0x00000000d6980000, 0x0000000100000000)
  eden space 18432K, 100% used [0x00000000d5580000,0x00000000d6780000,0x00000000d6780000)
  from space 512K, 25% used [0x00000000d6900000,0x00000000d6920000,0x00000000d6980000)
  to   space 512K, 0% used [0x00000000d6880000,0x00000000d6880000,0x00000000d6900000)
 ParOldGen       total 68608K, used 46444K [0x0000000080000000, 0x0000000084300000, 0x00000000d5580000)
  object space 68608K, 67% used [0x0000000080000000,0x0000000082d5b1a0,0x0000000084300000)
 Metaspace       used 66722K, committed 68352K, reserved 1114112K
  class space    used 8413K, committed 9152K, reserved 1048576K
}
Event: 440.396 GC heap after
{Heap after GC invocations=124 (full 3):
 PSYoungGen      total 18944K, used 96K [0x00000000d5580000, 0x00000000d6980000, 0x0000000100000000)
  eden space 18432K, 0% used [0x00000000d5580000,0x00000000d5580000,0x00000000d6780000)
  from space 512K, 18% used [0x00000000d6880000,0x00000000d6898000,0x00000000d6900000)
  to   space 512K, 0% used [0x00000000d6900000,0x00000000d6900000,0x00000000d6980000)
 ParOldGen       total 68608K, used 46468K [0x0000000080000000, 0x0000000084300000, 0x00000000d5580000)
  object space 68608K, 67% used [0x0000000080000000,0x0000000082d611a0,0x0000000084300000)
 Metaspace       used 66722K, committed 68352K, reserved 1114112K
  class space    used 8413K, committed 9152K, reserved 1048576K
}
Event: 441.909 GC heap before
{Heap before GC invocations=125 (full 3):
 PSYoungGen      total 18944K, used 18528K [0x00000000d5580000, 0x00000000d6980000, 0x0000000100000000)
  eden space 18432K, 100% used [0x00000000d5580000,0x00000000d6780000,0x00000000d6780000)
  from space 512K, 18% used [0x00000000d6880000,0x00000000d6898000,0x00000000d6900000)
  to   space 512K, 0% used [0x00000000d6900000,0x00000000d6900000,0x00000000d6980000)
 ParOldGen       total 68608K, used 46468K [0x0000000080000000, 0x0000000084300000, 0x00000000d5580000)
  object space 68608K, 67% used [0x0000000080000000,0x0000000082d611a0,0x0000000084300000)
 Metaspace       used 66722K, committed 68352K, reserved 1114112K
  class space    used 8413K, committed 9152K, reserved 1048576K
}
Event: 441.911 GC heap after
{Heap after GC invocations=125 (full 3):
 PSYoungGen      total 18944K, used 96K [0x00000000d5580000, 0x00000000d6980000, 0x0000000100000000)
  eden space 18432K, 0% used [0x00000000d5580000,0x00000000d5580000,0x00000000d6780000)
  from space 512K, 18% used [0x00000000d6900000,0x00000000d6918000,0x00000000d6980000)
  to   space 512K, 0% used [0x00000000d6880000,0x00000000d6880000,0x00000000d6900000)
 ParOldGen       total 68608K, used 46484K [0x0000000080000000, 0x0000000084300000, 0x00000000d5580000)
  object space 68608K, 67% used [0x0000000080000000,0x0000000082d651a0,0x0000000084300000)
 Metaspace       used 66722K, committed 68352K, reserved 1114112K
  class space    used 8413K, committed 9152K, reserved 1048576K
}
Event: 696.316 GC heap before
{Heap before GC invocations=126 (full 3):
 PSYoungGen      total 18944K, used 18523K [0x00000000d5580000, 0x00000000d6980000, 0x0000000100000000)
  eden space 18432K, 99% used [0x00000000d5580000,0x00000000d677ecc8,0x00000000d6780000)
  from space 512K, 18% used [0x00000000d6900000,0x00000000d6918000,0x00000000d6980000)
  to   space 512K, 0% used [0x00000000d6880000,0x00000000d6880000,0x00000000d6900000)
 ParOldGen       total 68608K, used 46484K [0x0000000080000000, 0x0000000084300000, 0x00000000d5580000)
  object space 68608K, 67% used [0x0000000080000000,0x0000000082d651a0,0x0000000084300000)
 Metaspace       used 66847K, committed 68416K, reserved 1114112K
  class space    used 8424K, committed 9152K, reserved 1048576K
}
Event: 696.433 GC heap after
{Heap after GC invocations=126 (full 3):
 PSYoungGen      total 18944K, used 252K [0x00000000d5580000, 0x00000000d6980000, 0x0000000100000000)
  eden space 18432K, 0% used [0x00000000d5580000,0x00000000d5580000,0x00000000d6780000)
  from space 512K, 49% used [0x00000000d6880000,0x00000000d68bf320,0x00000000d6900000)
  to   space 512K, 0% used [0x00000000d6900000,0x00000000d6900000,0x00000000d6980000)
 ParOldGen       total 68608K, used 46492K [0x0000000080000000, 0x0000000084300000, 0x00000000d5580000)
  object space 68608K, 67% used [0x0000000080000000,0x0000000082d671a0,0x0000000084300000)
 Metaspace       used 66847K, committed 68416K, reserved 1114112K
  class space    used 8424K, committed 9152K, reserved 1048576K
}
Event: 788.614 GC heap before
{Heap before GC invocations=127 (full 3):
 PSYoungGen      total 18944K, used 18684K [0x00000000d5580000, 0x00000000d6980000, 0x0000000100000000)
  eden space 18432K, 100% used [0x00000000d5580000,0x00000000d6780000,0x00000000d6780000)
  from space 512K, 49% used [0x00000000d6880000,0x00000000d68bf320,0x00000000d6900000)
  to   space 512K, 0% used [0x00000000d6900000,0x00000000d6900000,0x00000000d6980000)
 ParOldGen       total 68608K, used 46492K [0x0000000080000000, 0x0000000084300000, 0x00000000d5580000)
  object space 68608K, 67% used [0x0000000080000000,0x0000000082d671a0,0x0000000084300000)
 Metaspace       used 67246K, committed 68864K, reserved 1114112K
  class space    used 8470K, committed 9216K, reserved 1048576K
}
Event: 788.686 GC heap after
{Heap after GC invocations=127 (full 3):
 PSYoungGen      total 16384K, used 512K [0x00000000d5580000, 0x00000000d6f80000, 0x0000000100000000)
  eden space 15872K, 0% used [0x00000000d5580000,0x00000000d5580000,0x00000000d6500000)
  from space 512K, 100% used [0x00000000d6900000,0x00000000d6980000,0x00000000d6980000)
  to   space 4096K, 0% used [0x00000000d6500000,0x00000000d6500000,0x00000000d6900000)
 ParOldGen       total 68608K, used 49192K [0x0000000080000000, 0x0000000084300000, 0x00000000d5580000)
  object space 68608K, 71% used [0x0000000080000000,0x000000008300a260,0x0000000084300000)
 Metaspace       used 67246K, committed 68864K, reserved 1114112K
  class space    used 8470K, committed 9216K, reserved 1048576K
}

Dll operation events (15 events):
Event: 0.031 Loaded shared library c:\Users\HP\.vscode\extensions\redhat.java-1.55.0-win32-x64\jre\21.0.11-win32-x86_64\bin\java.dll
Event: 0.420 Loaded shared library c:\Users\HP\.vscode\extensions\redhat.java-1.55.0-win32-x64\jre\21.0.11-win32-x86_64\bin\zip.dll
Event: 0.527 Loaded shared library C:\Users\HP\.vscode\extensions\redhat.java-1.55.0-win32-x64\jre\21.0.11-win32-x86_64\bin\instrument.dll
Event: 0.545 Loaded shared library C:\Users\HP\.vscode\extensions\redhat.java-1.55.0-win32-x64\jre\21.0.11-win32-x86_64\bin\net.dll
Event: 0.552 Loaded shared library C:\Users\HP\.vscode\extensions\redhat.java-1.55.0-win32-x64\jre\21.0.11-win32-x86_64\bin\nio.dll
Event: 0.568 Loaded shared library C:\Users\HP\.vscode\extensions\redhat.java-1.55.0-win32-x64\jre\21.0.11-win32-x86_64\bin\zip.dll
Event: 0.634 Loaded shared library C:\Users\HP\.vscode\extensions\redhat.java-1.55.0-win32-x64\jre\21.0.11-win32-x86_64\bin\jimage.dll
Event: 0.966 Loaded shared library c:\Users\HP\.vscode\extensions\redhat.java-1.55.0-win32-x64\jre\21.0.11-win32-x86_64\bin\verify.dll
Event: 19.951 Loaded shared library C:\Users\HP\AppData\Roaming\Code\User\globalStorage\redhat.java\1.55.0\config_win\org.eclipse.equinox.launcher\org.eclipse.equinox.launcher.win32.win32.x86_64_1.3.100.v20260613-0559\eclipse_11924.dll
Event: 40.795 Loaded shared library C:\Users\HP\AppData\Local\Temp\jna-2312\jna8556970497895086877.dll
Event: 61.168 Loaded shared library C:\Users\HP\.gradle\native\1def1411415f61bf3af743bc5b6707747c0891f09f0c88961ee8f79bc544acac\windows-amd64\native-platform.dll
Event: 71.961 Loaded shared library C:\Users\HP\.vscode\extensions\redhat.java-1.55.0-win32-x64\jre\21.0.11-win32-x86_64\bin\management.dll
Event: 71.993 Loaded shared library C:\Users\HP\.vscode\extensions\redhat.java-1.55.0-win32-x64\jre\21.0.11-win32-x86_64\bin\management_ext.dll
Event: 108.380 Loaded shared library C:\Users\HP\.vscode\extensions\redhat.java-1.55.0-win32-x64\jre\21.0.11-win32-x86_64\bin\extnet.dll
Event: 141.516 Loaded shared library C:\Users\HP\.vscode\extensions\redhat.java-1.55.0-win32-x64\jre\21.0.11-win32-x86_64\bin\sunmscapi.dll

Deoptimization events (20 events):
Event: 789.279 Thread 0x0000025364097740 DEOPT PACKING pc=0x0000025311bdaf08 sp=0x0000009200eff450
Event: 789.279 Thread 0x0000025364097740 DEOPT UNPACKING pc=0x0000025311223aa2 sp=0x0000009200eff410 mode 2
Event: 789.308 Thread 0x0000025364097740 Uncommon trap: trap_request=0xffffffde fr.pc=0x0000025311bdaf08 relative=0x00000000000005c8
Event: 789.308 Thread 0x0000025364097740 Uncommon trap: reason=class_check action=maybe_recompile pc=0x0000025311bdaf08 method=org.eclipse.jdt.ls.core.internal.JobHelpers.getJob(Lorg/eclipse/jdt/ls/core/internal/JobHelpers$IJobMatcher;)Lorg/eclipse/core/runtime/jobs/Job; @ 29 c2
Event: 789.308 Thread 0x0000025364097740 DEOPT PACKING pc=0x0000025311bdaf08 sp=0x0000009200eff450
Event: 789.308 Thread 0x0000025364097740 DEOPT UNPACKING pc=0x0000025311223aa2 sp=0x0000009200eff410 mode 2
Event: 794.454 Thread 0x0000025364097740 Uncommon trap: trap_request=0xffffffc6 fr.pc=0x00000253118f2988 relative=0x00000000000001e8
Event: 794.454 Thread 0x0000025364097740 Uncommon trap: reason=bimorphic_or_optimized_type_check action=maybe_recompile pc=0x00000253118f2988 method=java.util.Collections.eq(Ljava/lang/Object;Ljava/lang/Object;)Z @ 18 c2
Event: 794.454 Thread 0x0000025364097740 DEOPT PACKING pc=0x00000253118f2988 sp=0x0000009200efed60
Event: 794.454 Thread 0x0000025364097740 DEOPT UNPACKING pc=0x0000025311223aa2 sp=0x0000009200efeca0 mode 2
Event: 794.463 Thread 0x0000025364097740 Uncommon trap: trap_request=0xffffffc6 fr.pc=0x00000253118f2988 relative=0x00000000000001e8
Event: 794.463 Thread 0x0000025364097740 Uncommon trap: reason=bimorphic_or_optimized_type_check action=maybe_recompile pc=0x00000253118f2988 method=java.util.Collections.eq(Ljava/lang/Object;Ljava/lang/Object;)Z @ 18 c2
Event: 794.463 Thread 0x0000025364097740 DEOPT PACKING pc=0x00000253118f2988 sp=0x0000009200efeec0
Event: 794.463 Thread 0x0000025364097740 DEOPT UNPACKING pc=0x0000025311223aa2 sp=0x0000009200efee00 mode 2
Event: 2462.932 Thread 0x0000025365a1ca00 DEOPT PACKING pc=0x000002530ad8572b sp=0x00000092016ff070
Event: 2462.934 Thread 0x0000025365a1ca00 DEOPT UNPACKING pc=0x0000025311224242 sp=0x00000092016fe558 mode 0
Event: 2635.267 Thread 0x0000025365a1a2a0 DEOPT PACKING pc=0x000002530ad8572b sp=0x0000009200bff330
Event: 2635.269 Thread 0x0000025365a1a2a0 DEOPT UNPACKING pc=0x0000025311224242 sp=0x0000009200bfe818 mode 0
Event: 2810.197 Thread 0x0000025365a19c10 DEOPT PACKING pc=0x000002530ad8572b sp=0x00000092009ff700
Event: 2810.197 Thread 0x0000025365a19c10 DEOPT UNPACKING pc=0x0000025311224242 sp=0x00000092009febe8 mode 0

Classes loaded (20 events):
Event: 389.030 Loading class java/util/concurrent/CompletableFuture$UniApply
Event: 389.033 Loading class java/util/concurrent/CompletableFuture$UniCompletion
Event: 389.035 Loading class java/util/concurrent/CompletableFuture$UniCompletion done
Event: 389.035 Loading class java/util/concurrent/CompletableFuture$UniApply done
Event: 389.050 Loading class java/util/concurrent/CompletableFuture$UniAccept
Event: 389.051 Loading class java/util/concurrent/CompletableFuture$UniAccept done
Event: 389.051 Loading class java/util/concurrent/CompletableFuture$UniExceptionally
Event: 389.123 Loading class java/util/Collections$SynchronizedRandomAccessList
Event: 389.124 Loading class java/util/Collections$SynchronizedList
Event: 389.127 Loading class java/util/Collections$SynchronizedList done
Event: 389.127 Loading class java/util/Collections$SynchronizedRandomAccessList done
Event: 389.220 Loading class java/util/concurrent/CompletableFuture$UniExceptionally done
Event: 389.367 Loading class java/util/concurrent/CompletableFuture$Signaller
Event: 389.371 Loading class java/util/concurrent/CompletableFuture$Signaller done
Event: 783.376 Loading class sun/reflect/generics/tree/IntSignature
Event: 783.405 Loading class sun/reflect/generics/tree/IntSignature done
Event: 791.753 Loading class java/nio/file/InvalidPathException
Event: 791.755 Loading class java/nio/file/InvalidPathException done
Event: 794.261 Loading class java/io/SequenceInputStream
Event: 794.263 Loading class java/io/SequenceInputStream done

Classes unloaded (7 events):
Event: 46.946 Thread 0x0000025306b5bed0 Unloading class 0x000002531f1a9400 'java/lang/invoke/LambdaForm$MH+0x000002531f1a9400'
Event: 46.946 Thread 0x0000025306b5bed0 Unloading class 0x000002531f1a9000 'java/lang/invoke/LambdaForm$MH+0x000002531f1a9000'
Event: 46.946 Thread 0x0000025306b5bed0 Unloading class 0x000002531f1a8c00 'java/lang/invoke/LambdaForm$MH+0x000002531f1a8c00'
Event: 46.946 Thread 0x0000025306b5bed0 Unloading class 0x000002531f1a8800 'java/lang/invoke/LambdaForm$MH+0x000002531f1a8800'
Event: 46.946 Thread 0x0000025306b5bed0 Unloading class 0x000002531f1a8400 'java/lang/invoke/LambdaForm$BMH+0x000002531f1a8400'
Event: 46.946 Thread 0x0000025306b5bed0 Unloading class 0x000002531f1a8000 'java/lang/invoke/LambdaForm$DMH+0x000002531f1a8000'
Event: 46.946 Thread 0x0000025306b5bed0 Unloading class 0x000002531f1a6c00 'java/lang/invoke/LambdaForm$DMH+0x000002531f1a6c00'

Classes redefined (0 events):
No events

Internal exceptions (20 events):
Event: 385.976 Thread 0x0000025364092f10 Exception <a 'sun/nio/fs/WindowsException'{0x00000000d5c90988}> (0x00000000d5c90988) 
thrown [s\src\hotspot\share\prims\jni.cpp, line 520]
Event: 387.216 Thread 0x0000025365a16e20 Exception <a 'sun/nio/fs/WindowsException'{0x00000000d5db3888}> (0x00000000d5db3888) 
thrown [s\src\hotspot\share\prims\jni.cpp, line 520]
Event: 387.218 Thread 0x0000025365a16e20 Exception <a 'sun/nio/fs/WindowsException'{0x00000000d5db41f0}> (0x00000000d5db41f0) 
thrown [s\src\hotspot\share\prims\jni.cpp, line 520]
Event: 387.227 Thread 0x0000025365a16e20 Exception <a 'sun/nio/fs/WindowsException'{0x00000000d5db8188}> (0x00000000d5db8188) 
thrown [s\src\hotspot\share\prims\jni.cpp, line 520]
Event: 387.228 Thread 0x0000025365a16e20 Exception <a 'sun/nio/fs/WindowsException'{0x00000000d5db8b90}> (0x00000000d5db8b90) 
thrown [s\src\hotspot\share\prims\jni.cpp, line 520]
Event: 388.377 Thread 0x0000025365a16e20 Exception <a 'sun/nio/fs/WindowsException'{0x00000000d60baa08}> (0x00000000d60baa08) 
thrown [s\src\hotspot\share\prims\jni.cpp, line 520]
Event: 388.381 Thread 0x0000025365a16e20 Exception <a 'sun/nio/fs/WindowsException'{0x00000000d60c2e50}> (0x00000000d60c2e50) 
thrown [s\src\hotspot\share\prims\jni.cpp, line 520]
Event: 388.947 Thread 0x0000025365a16e20 Exception <a 'sun/nio/fs/WindowsException'{0x00000000d60deea0}> (0x00000000d60deea0) 
thrown [s\src\hotspot\share\prims\jni.cpp, line 520]
Event: 388.947 Thread 0x0000025365a16e20 Exception <a 'sun/nio/fs/WindowsException'{0x00000000d60dfb00}> (0x00000000d60dfb00) 
thrown [s\src\hotspot\share\prims\jni.cpp, line 520]
Event: 388.998 Thread 0x0000025365a16e20 Exception <a 'java/lang/IncompatibleClassChangeError'{0x00000000d6151e60}: Found class java.lang.Object, but interface was expected> (0x00000000d6151e60) 
thrown [s\src\hotspot\share\interpreter\linkResolver.cpp, line 840]
Event: 389.060 Thread 0x0000025364096a20 Exception <a 'java/lang/NoSuchMethodError'{0x00000000d61922b0}: 'java.lang.Object java.lang.invoke.DirectMethodHandle$Holder.newInvokeSpecial(java.lang.Object, java.lang.Object, java.lang.Object, java.lang.Object, java.lang.Object, java.lang.Object, java.lang.Object, java.lang.Object)'> (0x00000000d61922b0) 
thrown [s\src\hotspot\share\interpreter\linkResolver.cpp, line 773]
Event: 779.354 Thread 0x0000025365a18ef0 Exception <a 'java/lang/NoSuchMethodError'{0x00000000d5cb9140}: static Lorg/gradle/plugins/ide/internal/tooling/model/DefaultGradleProject;.<clinit>()V> (0x00000000d5cb9140) 
thrown [s\src\hotspot\share\prims\jni.cpp, line 1111]
Event: 779.422 Thread 0x0000025365a18ef0 Exception <a 'java/lang/NoSuchMethodError'{0x00000000d5ccf4a0}: static Lorg/gradle/plugins/ide/internal/tooling/model/DefaultGradleScript;.<clinit>()V> (0x00000000d5ccf4a0) 
thrown [s\src\hotspot\share\prims\jni.cpp, line 1111]
Event: 782.376 Thread 0x0000025365a18ef0 Exception <a 'java/lang/NoSuchMethodError'{0x00000000d5e11c58}: static Lorg/gradle/tooling/internal/gradle/DefaultProjectIdentifier;.<clinit>()V> (0x00000000d5e11c58) 
thrown [s\src\hotspot\share\prims\jni.cpp, line 1111]
Event: 782.395 Thread 0x0000025365a18ef0 Exception <a 'java/lang/NoSuchMethodError'{0x00000000d5e21a78}: static Lorg/gradle/tooling/internal/gradle/DefaultBuildIdentifier;.<clinit>()V> (0x00000000d5e21a78) 
thrown [s\src\hotspot\share\prims\jni.cpp, line 1111]
Event: 782.674 Thread 0x0000025365a18ef0 Exception <a 'java/lang/NoSuchMethodError'{0x00000000d5e68bd0}: static Lorg/gradle/plugins/ide/internal/tooling/model/LaunchableGradleTask;.<clinit>()V> (0x00000000d5e68bd0) 
thrown [s\src\hotspot\share\prims\jni.cpp, line 1111]
Event: 782.675 Thread 0x0000025365a18ef0 Exception <a 'java/lang/NoSuchMethodError'{0x00000000d5e6ef90}: static Lorg/gradle/plugins/ide/internal/tooling/model/LaunchableGradleProjectTask;.<clinit>()V> (0x00000000d5e6ef90) 
thrown [s\src\hotspot\share\prims\jni.cpp, line 1111]
Event: 792.405 Thread 0x0000025364097740 Exception <a 'java/lang/NoSuchMethodError'{0x00000000d5711eb8}: 'java.lang.Object java.lang.invoke.DirectMethodHandle$Holder.invokeStatic(java.lang.Object, java.lang.Object, int, java.lang.Object)'> (0x00000000d5711eb8) 
thrown [s\src\hotspot\share\interpreter\linkResolver.cpp, line 773]
Event: 794.588 Thread 0x0000025364097740 Exception <a 'java/io/FileNotFoundException'{0x00000000d5993018}> (0x00000000d5993018) 
thrown [s\src\hotspot\share\prims\jni.cpp, line 520]
Event: 794.589 Thread 0x0000025364097740 Exception <a 'java/io/FileNotFoundException'{0x00000000d5993d70}> (0x00000000d5993d70) 
thrown [s\src\hotspot\share\prims\jni.cpp, line 520]

ZGC Phase Switch (0 events):
No events

VM Operations (20 events):
Event: 2466.397 Executing non-safepoint VM operation: HandshakeAllThreads (HandshakeForDeflation)
Event: 2466.401 Executing non-safepoint VM operation: HandshakeAllThreads (HandshakeForDeflation) done
Event: 2466.401 Executing non-safepoint VM operation: RendezvousGCThreads
Event: 2466.402 Executing non-safepoint VM operation: RendezvousGCThreads done
Event: 2526.596 Executing non-safepoint VM operation: HandshakeAllThreads (HandshakeForDeflation)
Event: 2526.616 Executing non-safepoint VM operation: HandshakeAllThreads (HandshakeForDeflation) done
Event: 2526.617 Executing non-safepoint VM operation: RendezvousGCThreads
Event: 2526.617 Executing non-safepoint VM operation: RendezvousGCThreads done
Event: 2586.749 Executing non-safepoint VM operation: HandshakeAllThreads (HandshakeForDeflation)
Event: 2586.754 Executing non-safepoint VM operation: HandshakeAllThreads (HandshakeForDeflation) done
Event: 2586.755 Executing non-safepoint VM operation: RendezvousGCThreads
Event: 2586.755 Executing non-safepoint VM operation: RendezvousGCThreads done
Event: 2646.994 Executing non-safepoint VM operation: HandshakeAllThreads (HandshakeForDeflation)
Event: 2646.994 Executing non-safepoint VM operation: HandshakeAllThreads (HandshakeForDeflation) done
Event: 2646.995 Executing non-safepoint VM operation: RendezvousGCThreads
Event: 2646.995 Executing non-safepoint VM operation: RendezvousGCThreads done
Event: 2707.225 Executing non-safepoint VM operation: HandshakeAllThreads (HandshakeForDeflation)
Event: 2707.225 Executing non-safepoint VM operation: HandshakeAllThreads (HandshakeForDeflation) done
Event: 2707.225 Executing non-safepoint VM operation: RendezvousGCThreads
Event: 2707.225 Executing non-safepoint VM operation: RendezvousGCThreads done

Memory protections (0 events):
No events

Nmethod flushes (20 events):
Event: 88.443 Thread 0x0000025306b5bed0 flushing  nmethod 0x000002530a5db790
Event: 88.443 Thread 0x0000025306b5bed0 flushing  nmethod 0x000002530a5edf10
Event: 88.443 Thread 0x0000025306b5bed0 flushing  nmethod 0x000002530a61aa90
Event: 88.443 Thread 0x0000025306b5bed0 flushing  nmethod 0x000002530a620110
Event: 88.443 Thread 0x0000025306b5bed0 flushing  nmethod 0x000002530a622a90
Event: 88.443 Thread 0x0000025306b5bed0 flushing  nmethod 0x000002530a623e90
Event: 88.443 Thread 0x0000025306b5bed0 flushing  nmethod 0x000002530a624490
Event: 88.443 Thread 0x0000025306b5bed0 flushing  nmethod 0x000002530a624a10
Event: 88.443 Thread 0x0000025306b5bed0 flushing  nmethod 0x000002530a628f90
Event: 88.443 Thread 0x0000025306b5bed0 flushing  nmethod 0x000002530a62ca10
Event: 88.443 Thread 0x0000025306b5bed0 flushing  nmethod 0x000002530a62e190
Event: 88.443 Thread 0x0000025306b5bed0 flushing  nmethod 0x000002530a631090
Event: 88.443 Thread 0x0000025306b5bed0 flushing  nmethod 0x000002530a642a10
Event: 88.443 Thread 0x0000025306b5bed0 flushing  nmethod 0x000002530a646e90
Event: 88.443 Thread 0x0000025306b5bed0 flushing  nmethod 0x000002530a64af10
Event: 88.443 Thread 0x0000025306b5bed0 flushing  nmethod 0x000002530a64b410
Event: 88.443 Thread 0x0000025306b5bed0 flushing  nmethod 0x000002530a64b990
Event: 88.443 Thread 0x0000025306b5bed0 flushing  nmethod 0x000002530a672490
Event: 88.443 Thread 0x0000025306b5bed0 flushing  nmethod 0x000002530a675c90
Event: 88.443 Thread 0x0000025306b5bed0 flushing  nmethod 0x000002530a68d490

Events (20 events):
Event: 393.396 Thread 0x0000025364098af0 Thread added: 0x0000025365a1ca00
Event: 393.400 Thread 0x0000025364098af0 Thread added: 0x0000025365a1d720
Event: 393.590 Thread 0x0000025365a1d720 Thread exited: 0x0000025365a1d720
Event: 393.595 Thread 0x0000025364098af0 Thread added: 0x0000025365a1d720
Event: 393.597 Thread 0x0000025364098af0 Thread added: 0x00000253680cded0
Event: 395.272 Thread 0x00000253680cded0 Thread added: 0x00000253680cd1b0
Event: 427.668 Thread 0x0000025365a1bce0 Thread exited: 0x0000025365a1bce0
Event: 427.681 Thread 0x0000025365a1d090 Thread exited: 0x0000025365a1d090
Event: 445.021 Thread 0x00000253680cd1b0 Thread exited: 0x00000253680cd1b0
Event: 445.140 Thread 0x00000253680cded0 Thread exited: 0x00000253680cded0
Event: 458.024 Thread 0x0000025365a1c370 Thread exited: 0x0000025365a1c370
Event: 506.100 Thread 0x0000025364096a20 Thread exited: 0x0000025364096a20
Event: 506.102 Thread 0x0000025364092f10 Thread exited: 0x0000025364092f10
Event: 518.046 Thread 0x0000025365a181d0 Thread exited: 0x0000025365a181d0
Event: 696.513 Thread 0x0000025364095670 Thread added: 0x0000025365a181d0
Event: 696.570 Thread 0x0000025365a181d0 Thread exited: 0x0000025365a181d0
Event: 696.615 Thread 0x0000025364095670 Thread added: 0x0000025365a181d0
Event: 696.620 Thread 0x0000025365a181d0 Thread exited: 0x0000025365a181d0
Event: 784.357 Thread 0x0000025365a18ef0 Thread exited: 0x0000025365a18ef0
Event: 817.729 Thread 0x0000025364095670 Thread exited: 0x0000025364095670


Dynamic libraries:
0x00007ff6e3c30000 - 0x00007ff6e3c3e000 	c:\Users\HP\.vscode\extensions\redhat.java-1.55.0-win32-x64\jre\21.0.11-win32-x86_64\bin\java.exe
0x00007ff8d8840000 - 0x00007ff8d8aa6000 	C:\WINDOWS\SYSTEM32\ntdll.dll
0x00007ff8d70f0000 - 0x00007ff8d71b9000 	C:\WINDOWS\System32\KERNEL32.DLL
0x00007ff8d5fe0000 - 0x00007ff8d63e0000 	C:\WINDOWS\System32\KERNELBASE.dll
0x00007ff8d5df0000 - 0x00007ff8d5f3c000 	C:\WINDOWS\System32\ucrtbase.dll
0x00007ff8c3f10000 - 0x00007ff8c3f28000 	c:\Users\HP\.vscode\extensions\redhat.java-1.55.0-win32-x64\jre\21.0.11-win32-x86_64\bin\jli.dll
0x00007ff8d6840000 - 0x00007ff8d6a07000 	C:\WINDOWS\System32\USER32.dll
0x00007ff8d5a60000 - 0x00007ff8d5a87000 	C:\WINDOWS\System32\win32u.dll
0x00007ff8d6570000 - 0x00007ff8d659b000 	C:\WINDOWS\System32\GDI32.dll
0x00007ff8d5cc0000 - 0x00007ff8d5de9000 	C:\WINDOWS\System32\gdi32full.dll
0x00007ff8d5c10000 - 0x00007ff8d5cb3000 	C:\WINDOWS\System32\msvcp_win.dll
0x00007ff8c0230000 - 0x00007ff8c024e000 	c:\Users\HP\.vscode\extensions\redhat.java-1.55.0-win32-x64\jre\21.0.11-win32-x86_64\bin\VCRUNTIME140.dll
0x00007ff8c13b0000 - 0x00007ff8c1642000 	C:\WINDOWS\WinSxS\amd64_microsoft.windows.common-controls_6595b64144ccf1df_6.0.26100.8737_none_3e092eaee333b772\COMCTL32.dll
0x00007ff8d6fb0000 - 0x00007ff8d7059000 	C:\WINDOWS\System32\msvcrt.dll
0x00007ff8d6b30000 - 0x00007ff8d6b62000 	C:\WINDOWS\System32\IMM32.DLL
0x00007ff8cc380000 - 0x00007ff8cc38c000 	c:\Users\HP\.vscode\extensions\redhat.java-1.55.0-win32-x64\jre\21.0.11-win32-x86_64\bin\vcruntime140_1.dll
0x00007ff8b0d10000 - 0x00007ff8b0d9d000 	c:\Users\HP\.vscode\extensions\redhat.java-1.55.0-win32-x64\jre\21.0.11-win32-x86_64\bin\msvcp140.dll
0x00007ff83dc60000 - 0x00007ff83ea02000 	c:\Users\HP\.vscode\extensions\redhat.java-1.55.0-win32-x64\jre\21.0.11-win32-x86_64\bin\server\jvm.dll
0x00007ff8d6b70000 - 0x00007ff8d6c27000 	C:\WINDOWS\System32\ADVAPI32.dll
0x00007ff8d72b0000 - 0x00007ff8d735a000 	C:\WINDOWS\System32\sechost.dll
0x00007ff8d6640000 - 0x00007ff8d6758000 	C:\WINDOWS\System32\RPCRT4.dll
0x00007ff8d6760000 - 0x00007ff8d67e0000 	C:\WINDOWS\System32\WS2_32.dll
0x00007ff8d58e0000 - 0x00007ff8d593e000 	C:\WINDOWS\SYSTEM32\POWRPROF.dll
0x00007ff8ce9b0000 - 0x00007ff8ce9e6000 	C:\WINDOWS\SYSTEM32\WINMM.dll
0x00007ff8ce9f0000 - 0x00007ff8ce9fb000 	C:\WINDOWS\SYSTEM32\VERSION.dll
0x00007ff8d58c0000 - 0x00007ff8d58d4000 	C:\WINDOWS\SYSTEM32\UMPDC.dll
0x00007ff8d4700000 - 0x00007ff8d471b000 	C:\WINDOWS\SYSTEM32\kernel.appcore.dll
0x00007ff8c9230000 - 0x00007ff8c923a000 	c:\Users\HP\.vscode\extensions\redhat.java-1.55.0-win32-x64\jre\21.0.11-win32-x86_64\bin\jimage.dll
0x00007ff8cb060000 - 0x00007ff8cb2a2000 	C:\WINDOWS\SYSTEM32\DBGHELP.DLL
0x00007ff8d7c50000 - 0x00007ff8d7fd3000 	C:\WINDOWS\System32\combase.dll
0x00007ff8d71c0000 - 0x00007ff8d7299000 	C:\WINDOWS\System32\OLEAUT32.dll
0x00007ff8b96e0000 - 0x00007ff8b971b000 	C:\WINDOWS\SYSTEM32\dbgcore.DLL
0x00007ff8d5b50000 - 0x00007ff8d5bfc000 	C:\WINDOWS\System32\bcryptPrimitives.dll
0x00007ff8affd0000 - 0x00007ff8affdf000 	c:\Users\HP\.vscode\extensions\redhat.java-1.55.0-win32-x64\jre\21.0.11-win32-x86_64\bin\instrument.dll
0x00007ff8c00a0000 - 0x00007ff8c00c0000 	c:\Users\HP\.vscode\extensions\redhat.java-1.55.0-win32-x64\jre\21.0.11-win32-x86_64\bin\java.dll
0x00007ff8d7360000 - 0x00007ff8d7af2000 	C:\WINDOWS\System32\SHELL32.dll
0x00007ff8d34e0000 - 0x00007ff8d3d72000 	C:\WINDOWS\SYSTEM32\windows.storage.dll
0x00007ff8d8700000 - 0x00007ff8d87f7000 	C:\WINDOWS\System32\SHCORE.dll
0x00007ff8d8690000 - 0x00007ff8d86f7000 	C:\WINDOWS\System32\shlwapi.dll
0x00007ff8d5980000 - 0x00007ff8d59a9000 	C:\WINDOWS\SYSTEM32\profapi.dll
0x00007ff8bbec0000 - 0x00007ff8bbed8000 	c:\Users\HP\.vscode\extensions\redhat.java-1.55.0-win32-x64\jre\21.0.11-win32-x86_64\bin\zip.dll
0x00007ff8c8d70000 - 0x00007ff8c8d80000 	C:\Users\HP\.vscode\extensions\redhat.java-1.55.0-win32-x64\jre\21.0.11-win32-x86_64\bin\net.dll
0x00007ff8ca0c0000 - 0x00007ff8ca1e9000 	C:\WINDOWS\SYSTEM32\WINHTTP.dll
0x00007ff8d4c90000 - 0x00007ff8d4cfc000 	C:\WINDOWS\system32\mswsock.dll
0x00007ff8b8ca0000 - 0x00007ff8b8cb6000 	C:\Users\HP\.vscode\extensions\redhat.java-1.55.0-win32-x64\jre\21.0.11-win32-x86_64\bin\nio.dll
0x00007ff8c8ba0000 - 0x00007ff8c8bb0000 	c:\Users\HP\.vscode\extensions\redhat.java-1.55.0-win32-x64\jre\21.0.11-win32-x86_64\bin\verify.dll
0x00007ff8a9320000 - 0x00007ff8a9365000 	C:\Users\HP\AppData\Roaming\Code\User\globalStorage\redhat.java\1.55.0\config_win\org.eclipse.equinox.launcher\org.eclipse.equinox.launcher.win32.win32.x86_64_1.3.100.v20260613-0559\eclipse_11924.dll
0x00007ff8d6e10000 - 0x00007ff8d6fa9000 	C:\WINDOWS\System32\ole32.dll
0x00007ff8d50c0000 - 0x00007ff8d50db000 	C:\WINDOWS\SYSTEM32\CRYPTSP.dll
0x00007ff8d4660000 - 0x00007ff8d4699000 	C:\WINDOWS\system32\rsaenh.dll
0x00007ff8d4d50000 - 0x00007ff8d4d82000 	C:\WINDOWS\SYSTEM32\USERENV.dll
0x00007ff8d5950000 - 0x00007ff8d597a000 	C:\WINDOWS\SYSTEM32\bcrypt.dll
0x00007ff8d4f00000 - 0x00007ff8d4f0c000 	C:\WINDOWS\SYSTEM32\CRYPTBASE.dll
0x00007ff8d40b0000 - 0x00007ff8d40e3000 	C:\WINDOWS\SYSTEM32\IPHLPAPI.DLL
0x00007ff8d6630000 - 0x00007ff8d663a000 	C:\WINDOWS\System32\NSI.dll
0x00007ff8a92d0000 - 0x00007ff8a9319000 	C:\Users\HP\AppData\Local\Temp\jna-2312\jna8556970497895086877.dll
0x00007ff8d72a0000 - 0x00007ff8d72a8000 	C:\WINDOWS\System32\PSAPI.DLL
0x00007ff8ca450000 - 0x00007ff8ca46d000 	C:\WINDOWS\SYSTEM32\dhcpcsvc6.DLL
0x00007ff8ca420000 - 0x00007ff8ca445000 	C:\WINDOWS\SYSTEM32\dhcpcsvc.DLL
0x00007ff8b07f0000 - 0x00007ff8b0817000 	C:\Users\HP\.gradle\native\1def1411415f61bf3af743bc5b6707747c0891f09f0c88961ee8f79bc544acac\windows-amd64\native-platform.dll
0x00007ff8b7600000 - 0x00007ff8b760a000 	C:\Users\HP\.vscode\extensions\redhat.java-1.55.0-win32-x64\jre\21.0.11-win32-x86_64\bin\management.dll
0x00007ff8b54f0000 - 0x00007ff8b54fc000 	C:\Users\HP\.vscode\extensions\redhat.java-1.55.0-win32-x64\jre\21.0.11-win32-x86_64\bin\management_ext.dll
0x00007ff8b0a20000 - 0x00007ff8b0a29000 	C:\Users\HP\.vscode\extensions\redhat.java-1.55.0-win32-x64\jre\21.0.11-win32-x86_64\bin\extnet.dll
0x00007ff8b7fa0000 - 0x00007ff8b7fae000 	C:\Users\HP\.vscode\extensions\redhat.java-1.55.0-win32-x64\jre\21.0.11-win32-x86_64\bin\sunmscapi.dll
0x00007ff8d63f0000 - 0x00007ff8d6568000 	C:\WINDOWS\System32\CRYPT32.dll
0x00007ff8d5230000 - 0x00007ff8d5260000 	C:\WINDOWS\SYSTEM32\ncrypt.dll
0x00007ff8d51e0000 - 0x00007ff8d521f000 	C:\WINDOWS\SYSTEM32\NTASN1.dll
0x00007ff8bc280000 - 0x00007ff8bc288000 	C:\WINDOWS\system32\wshunix.dll

JVMTI agents:
c:\Users\HP\.vscode\extensions\redhat.java-1.55.0-win32-x64\lombok\lombok-1.18.39-4050.jar path:c:\Users\HP\.vscode\extensions\redhat.java-1.55.0-win32-x64\jre\21.0.11-win32-x86_64\bin\instrument.dll, loaded, initialized, instrumentlib options:none

dbghelp: loaded successfully - version: 4.0.5 - missing functions: none
symbol engine: initialized successfully - sym options: 0x614 - pdb path: .;c:\Users\HP\.vscode\extensions\redhat.java-1.55.0-win32-x64\jre\21.0.11-win32-x86_64\bin;C:\WINDOWS\SYSTEM32;C:\WINDOWS\WinSxS\amd64_microsoft.windows.common-controls_6595b64144ccf1df_6.0.26100.8737_none_3e092eaee333b772;c:\Users\HP\.vscode\extensions\redhat.java-1.55.0-win32-x64\jre\21.0.11-win32-x86_64\bin\server;C:\Users\HP\AppData\Roaming\Code\User\globalStorage\redhat.java\1.55.0\config_win\org.eclipse.equinox.launcher\org.eclipse.equinox.launcher.win32.win32.x86_64_1.3.100.v20260613-0559;C:\Users\HP\AppData\Local\Temp\jna-2312;C:\Users\HP\.gradle\native\1def1411415f61bf3af743bc5b6707747c0891f09f0c88961ee8f79bc544acac\windows-amd64

VM Arguments:
jvm_args: --add-modules=ALL-SYSTEM --add-opens=java.base/java.util=ALL-UNNAMED --add-opens=java.base/java.lang=ALL-UNNAMED --add-opens=java.base/sun.nio.fs=ALL-UNNAMED -Declipse.application=org.eclipse.jdt.ls.core.id1 -Dosgi.bundles.defaultStartLevel=4 -Declipse.product=org.eclipse.jdt.ls.core.product -Djava.import.generatesMetadataFilesAtProjectRoot=false -DDetectVMInstallationsJob.disabled=true -Dfile.encoding=utf8 -XX:+UseParallelGC -XX:GCTimeRatio=4 -XX:AdaptiveSizePolicyWeight=90 -Dsun.zip.disableMemoryMapping=true -Xmx2G -Xms100m -Xlog:disable -javaagent:c:\Users\HP\.vscode\extensions\redhat.java-1.55.0-win32-x64\lombok\lombok-1.18.39-4050.jar -XX:+HeapDumpOnOutOfMemoryError -XX:HeapDumpPath=c:\Users\HP\AppData\Roaming\Code\User\workspaceStorage\e5280a073425632b458db7cb4e1dbd94\redhat.java -Daether.dependencyCollector.impl=bf 
java_command: c:\Users\HP\.vscode\extensions\redhat.java-1.55.0-win32-x64\server\plugins\org.eclipse.equinox.launcher_1.7.200.v20260619-2039.jar -configuration c:\Users\HP\AppData\Roaming\Code\User\globalStorage\redhat.java\1.55.0\config_win -data c:\Users\HP\AppData\Roaming\Code\User\workspaceStorage\e5280a073425632b458db7cb4e1dbd94\redhat.java\jdt_ws --pipe=\\.\pipe\lsp-41be9496d184905d521a0343e507c80f-sock
java_class_path (initial): c:\Users\HP\.vscode\extensions\redhat.java-1.55.0-win32-x64\server\plugins\org.eclipse.equinox.launcher_1.7.200.v20260619-2039.jar
Launcher Type: SUN_STANDARD

[Global flags]
    uintx AdaptiveSizePolicyWeight                 = 90                                        {product} {command line}
     intx CICompilerCount                          = 3                                         {product} {ergonomic}
    uintx GCTimeRatio                              = 4                                         {product} {command line}
     bool HeapDumpOnOutOfMemoryError               = true                                   {manageable} {command line}
    ccstr HeapDumpPath                             = c:\Users\HP\AppData\Roaming\Code\User\workspaceStorage\e5280a073425632b458db7cb4e1dbd94\redhat.java         {manageable} {command line}
   size_t InitialHeapSize                          = 104857600                                 {product} {command line}
   size_t MaxHeapSize                              = 2147483648                                {product} {command line}
   size_t MaxNewSize                               = 715653120                                 {product} {ergonomic}
   size_t MinHeapDeltaBytes                        = 524288                                    {product} {ergonomic}
   size_t MinHeapSize                              = 104857600                                 {product} {command line}
   size_t NewSize                                  = 34603008                                  {product} {ergonomic}
    uintx NonNMethodCodeHeapSize                   = 5832780                                {pd product} {ergonomic}
    uintx NonProfiledCodeHeapSize                  = 122912730                              {pd product} {ergonomic}
   size_t OldSize                                  = 70254592                                  {product} {ergonomic}
    uintx ProfiledCodeHeapSize                     = 122912730                              {pd product} {ergonomic}
    uintx ReservedCodeCacheSize                    = 251658240                              {pd product} {ergonomic}
     bool SegmentedCodeCache                       = true                                      {product} {ergonomic}
   size_t SoftMaxHeapSize                          = 2147483648                             {manageable} {ergonomic}
     bool UseCompressedOops                        = true                           {product lp64_product} {ergonomic}
     bool UseLargePagesIndividualAllocation        = false                                  {pd product} {ergonomic}
     bool UseParallelGC                            = true                                      {product} {command line}

Logging:
Log output configuration:
 #0: stdout all=off uptime,level,tags foldmultilines=false
 #1: stderr all=off uptime,level,tags foldmultilines=false

Release file:
JAVA_VERSION="21.0.11" 
MODULES="java.base java.compiler java.datatransfer java.xml java.prefs java.desktop java.instrument java.logging java.management java.security.sasl java.naming java.rmi java.management.rmi java.net.http java.scripting java.security.jgss java.transaction.xa java.sql java.sql.rowset java.xml.crypto java.se java.smartcardio jdk.accessibility jdk.internal.jvmstat jdk.attach jdk.charsets jdk.internal.opt jdk.zipfs jdk.compiler jdk.crypto.ec jdk.crypto.cryptoki jdk.crypto.mscapi jdk.dynalink jdk.internal.ed jdk.editpad jdk.hotspot.agent jdk.httpserver jdk.internal.le jdk.internal.vm.ci jdk.internal.vm.compiler jdk.internal.vm.compiler.management jdk.jartool jdk.javadoc jdk.jcmd jdk.management jdk.management.agent jdk.jconsole jdk.jdeps jdk.jdwp.agent jdk.jdi jdk.jfr jdk.jshell jdk.jsobject jdk.jstatd jdk.localedata jdk.management.jfr jdk.naming.dns jdk.naming.rmi jdk.net jdk.nio.mapmode jdk.random jdk.sctp jdk.security.auth jdk.security.jgss jdk.unsupported jdk.unsupported.desktop jdk.xml.dom" 

Environment Variables:
JAVA_HOME=C:\Program Files\Eclipse Adoptium\jdk-17.0.19.10-hotspot\
PATH=C:\Program Files\Eclipse Adoptium\jdk-17.0.19.10-hotspot\bin;C:\Python314\Scripts\;C:\Python314\;C:\WINDOWS\system32;C:\WINDOWS;C:\WINDOWS\System32\Wbem;C:\WINDOWS\System32\WindowsPowerShell\v1.0\;C:\WINDOWS\System32\OpenSSH\;C:\Program Files\Git\cmd;C:\Program Files\nodejs\;C:\ProgramData\chocolatey\bin;C:\Users\HP\AppData\Local\Microsoft\WindowsApps;C:\Users\HP\AppData\Roaming\npm;C:\Users\HP\AppData\Local\Programs\Microsoft VS Code\bin
USERNAME=HP
OS=Windows_NT
PROCESSOR_IDENTIFIER=AMD64 Family 23 Model 24 Stepping 1, AuthenticAMD
TMP=C:\Users\HP\AppData\Local\Temp
TEMP=C:\Users\HP\AppData\Local\Temp




Periodic native trim disabled

---------------  S Y S T E M  ---------------

OS:
 Windows 11 , 64 bit Build 26100 (10.0.26100.8737)
OS uptime: 1 days 15:10 hours
Hyper-V role detected

CPU: total 4 (initial active 4) (4 cores per cpu, 2 threads per core) family 23 model 24 stepping 1 microcode 0x8108109, cx8, cmov, fxsr, ht, mmx, 3dnowpref, sse, sse2, sse3, ssse3, sse4a, sse4.1, sse4.2, popcnt, lzcnt, tsc, tscinvbit, avx, avx2, aes, clmul, bmi1, bmi2, adx, sha, fma, vzeroupper, clflush, clflushopt, hv, rdtscp, f16c
Processor Information for the first 4 processors :
  Max Mhz: 2400, Current Mhz: 2400, Mhz Limit: 2400

Memory: 4k page, system-wide physical 3499M (211M free)
TotalPageFile size 14251M (AvailPageFile size 19M)
current process WorkingSet (physical memory assigned to process): 9M, peak: 232M
current process commit charge ("private bytes"): 365M, peak: 400M

vm_info: OpenJDK 64-Bit Server VM (21.0.11+10-LTS) for windows-amd64 JRE (21.0.11+10-LTS), built on 2026-04-21T00:00:00Z by "admin" with MS VC++ 17.12 (VS2022)

END.
