#
# There is insufficient memory for the Java Runtime Environment to continue.
# Native memory allocation (malloc) failed to allocate 800992 bytes. Error detail: Chunk::new
# Possible reasons:
#   The system is out of physical RAM or swap space
#   This process is running with CompressedOops enabled, and the Java Heap may be blocking the growth of the native heap
# Possible solutions:
#   Reduce memory load on the system
#   Increase physical memory or swap space
#   Check if swap backing store is full
#   Decrease Java heap size (-Xmx/-Xms)
#   Decrease number of Java threads
#   Decrease Java thread stack sizes (-Xss)
#   Set larger code cache with -XX:ReservedCodeCacheSize=
#   JVM is running with Unscaled Compressed Oops mode in which the Java heap is
#     placed in the first 4GB address space. The Java Heap base address is the
#     maximum limit for the native heap growth. Please use -XX:HeapBaseMinAddress
#     to set the Java Heap base and to place the Java Heap above 4GB virtual address.
# This output file may be truncated or incomplete.
#
#  Out of Memory Error (arena.cpp:168), pid=10360, tid=15584
#
# JRE version: OpenJDK Runtime Environment Temurin-21.0.11+10 (21.0.11+10) (build 21.0.11+10-LTS)
# Java VM: OpenJDK 64-Bit Server VM Temurin-21.0.11+10 (21.0.11+10-LTS, mixed mode, sharing, tiered, compressed oops, compressed class ptrs, parallel gc, windows-amd64)
# No core dump will be written. Minidumps are not enabled by default on client versions of Windows
#

---------------  S U M M A R Y ------------

Command Line: --add-modules=ALL-SYSTEM --add-opens=java.base/java.util=ALL-UNNAMED --add-opens=java.base/java.lang=ALL-UNNAMED --add-opens=java.base/sun.nio.fs=ALL-UNNAMED -Declipse.application=org.eclipse.jdt.ls.core.id1 -Dosgi.bundles.defaultStartLevel=4 -Declipse.product=org.eclipse.jdt.ls.core.product -Djava.import.generatesMetadataFilesAtProjectRoot=false -DDetectVMInstallationsJob.disabled=true -Dfile.encoding=utf8 -XX:+UseParallelGC -XX:GCTimeRatio=4 -XX:AdaptiveSizePolicyWeight=90 -Dsun.zip.disableMemoryMapping=true -Xmx2G -Xms100m -Xlog:disable -javaagent:c:\Users\HP\.vscode\extensions\redhat.java-1.55.0-win32-x64\lombok\lombok-1.18.39-4050.jar -XX:+HeapDumpOnOutOfMemoryError -XX:HeapDumpPath=c:\Users\HP\AppData\Roaming\Code\User\workspaceStorage\e5280a073425632b458db7cb4e1dbd94\redhat.java -Daether.dependencyCollector.impl=bf c:\Users\HP\.vscode\extensions\redhat.java-1.55.0-win32-x64\server\plugins\org.eclipse.equinox.launcher_1.7.200.v20260619-2039.jar -configuration c:\Users\HP\AppData\Roaming\Code\User\globalStorage\redhat.java\1.55.0\config_win -data c:\Users\HP\AppData\Roaming\Code\User\workspaceStorage\e5280a073425632b458db7cb4e1dbd94\redhat.java\jdt_ws --pipe=\\.\pipe\lsp-196d3e1fba264a52eda543fcce684e4c-sock

Host: AMD Athlon Gold 3150U with Radeon Graphics     , 4 cores, 3G,  Windows 11 , 64 bit Build 26100 (10.0.26100.8737)
Time: Thu Jul  9 23:40:59 2026 Malay Peninsula Standard Time elapsed time: 51.915569 seconds (0d 0h 0m 51s)

---------------  T H R E A D  ---------------

Current thread (0x000001c1b2b4cdb0):  JavaThread "C2 CompilerThread0" daemon [_thread_in_native, id=15584, stack(0x00000004eea00000,0x00000004eeb00000) (1024K)]


Current CompileTask:
C2:51915 3995       4       org.eclipse.osgi.container.ModuleDatabase$Persistence::addMap (289 bytes)

Stack: [0x00000004eea00000,0x00000004eeb00000]
Native frames: (J=compiled Java code, j=interpreted, Vv=VM code, C=native code)
V  [jvm.dll+0x6d7e19]
V  [jvm.dll+0x8b5096]
V  [jvm.dll+0x8b764e]
V  [jvm.dll+0x8b7d33]
V  [jvm.dll+0x284596]
V  [jvm.dll+0xc685d]
V  [jvm.dll+0xc6da1]
V  [jvm.dll+0x3bed6b]
V  [jvm.dll+0x38b2b2]
V  [jvm.dll+0x38a6fa]
V  [jvm.dll+0x24c700]
V  [jvm.dll+0x24bce0]
V  [jvm.dll+0x1cb4ae]
V  [jvm.dll+0x25baad]
V  [jvm.dll+0x25a03a]
V  [jvm.dll+0x3f868e]
V  [jvm.dll+0x85fb0d]
V  [jvm.dll+0x6d664d]
C  [ucrtbase.dll+0x2cd30]
C  [KERNEL32.DLL+0x2e957]
C  [ntdll.dll+0xaad6c]


---------------  P R O C E S S  ---------------

Threads class SMR info:
_java_thread_list=0x000001c210549760, length=21, elements={
0x000001c1b2c4bb00, 0x000001c1b2b3f110, 0x000001c1b2b440a0, 0x000001c1b2b45e30,
0x000001c1b2b46a90, 0x000001c1b2b49500, 0x000001c1b2b49f60, 0x000001c1b2b4cdb0,
0x000001c1b2bbe990, 0x000001c20b365ae0, 0x000001c20b4b4830, 0x000001c20b34dad0,
0x000001c20b4e5090, 0x000001c20b6fae90, 0x000001c20b909d30, 0x000001c20bbf46b0,
0x000001c20b90f550, 0x000001c20ba4bf10, 0x000001c2101f25e0, 0x000001c2101f3300,
0x000001c2101f53d0
}

Java Threads: ( => current thread )
  0x000001c1b2c4bb00 JavaThread "main"                              [_thread_blocked, id=2752, stack(0x00000004ee000000,0x00000004ee100000) (1024K)]
  0x000001c1b2b3f110 JavaThread "Reference Handler"          daemon [_thread_blocked, id=13036, stack(0x00000004ee400000,0x00000004ee500000) (1024K)]
  0x000001c1b2b440a0 JavaThread "Finalizer"                  daemon [_thread_blocked, id=15404, stack(0x00000004ee500000,0x00000004ee600000) (1024K)]
  0x000001c1b2b45e30 JavaThread "Signal Dispatcher"          daemon [_thread_blocked, id=13280, stack(0x00000004ee600000,0x00000004ee700000) (1024K)]
  0x000001c1b2b46a90 JavaThread "Attach Listener"            daemon [_thread_blocked, id=12500, stack(0x00000004ee700000,0x00000004ee800000) (1024K)]
  0x000001c1b2b49500 JavaThread "Service Thread"             daemon [_thread_blocked, id=13372, stack(0x00000004ee800000,0x00000004ee900000) (1024K)]
  0x000001c1b2b49f60 JavaThread "Monitor Deflation Thread"   daemon [_thread_blocked, id=12672, stack(0x00000004ee900000,0x00000004eea00000) (1024K)]
=>0x000001c1b2b4cdb0 JavaThread "C2 CompilerThread0"         daemon [_thread_in_native, id=15584, stack(0x00000004eea00000,0x00000004eeb00000) (1024K)]
  0x000001c1b2bbe990 JavaThread "C1 CompilerThread0"         daemon [_thread_blocked, id=19224, stack(0x00000004eeb00000,0x00000004eec00000) (1024K)]
  0x000001c20b365ae0 JavaThread "Common-Cleaner"             daemon [_thread_blocked, id=15576, stack(0x00000004eec00000,0x00000004eed00000) (1024K)]
  0x000001c20b4b4830 JavaThread "Notification Thread"        daemon [_thread_blocked, id=13672, stack(0x00000004eed00000,0x00000004eee00000) (1024K)]
  0x000001c20b34dad0 JavaThread "Active Thread: Equinox Container: dfe05fe6-1a95-4994-a9ae-429ea893bbf2"        [_thread_in_vm, id=17072, stack(0x00000004ef100000,0x00000004ef200000) (1024K)]
  0x000001c20b4e5090 JavaThread "Refresh Thread: Equinox Container: dfe05fe6-1a95-4994-a9ae-429ea893bbf2" daemon [_thread_blocked, id=9840, stack(0x00000004ef200000,0x00000004ef300000) (1024K)]
  0x000001c20b6fae90 JavaThread "Framework Event Dispatcher: Equinox Container: dfe05fe6-1a95-4994-a9ae-429ea893bbf2" daemon [_thread_blocked, id=19404, stack(0x00000004ef300000,0x00000004ef400000) (1024K)]
  0x000001c20b909d30 JavaThread "Start Level: Equinox Container: dfe05fe6-1a95-4994-a9ae-429ea893bbf2" daemon [_thread_in_vm, id=16480, stack(0x00000004ef400000,0x00000004ef500000) (1024K)]
  0x000001c20bbf46b0 JavaThread "Bundle File Closer"         daemon [_thread_blocked, id=3864, stack(0x00000004ef500000,0x00000004ef600000) (1024K)]
  0x000001c20b90f550 JavaThread "SCR Component Actor"        daemon [_thread_blocked, id=13448, stack(0x00000004ef600000,0x00000004ef700000) (1024K)]
  0x000001c20ba4bf10 JavaThread "Worker-JM"                         [_thread_blocked, id=16840, stack(0x00000004ef700000,0x00000004ef800000) (1024K)]
  0x000001c2101f25e0 JavaThread "JNA Cleaner"                daemon [_thread_blocked, id=10152, stack(0x00000004ef800000,0x00000004ef900000) (1024K)]
  0x000001c2101f3300 JavaThread "Worker-0: Updating Maven Dependencies"        [_thread_in_native, id=12400, stack(0x00000004ef900000,0x00000004efa00000) (1024K)]
  0x000001c2101f53d0 JavaThread "Worker-1"                          [_thread_blocked, id=12756, stack(0x00000004efa00000,0x00000004efb00000) (1024K)]
Total: 21

Other Threads:
  0x000001c1b2d0a760 VMThread "VM Thread"                           [id=18268, stack(0x00000004ee300000,0x00000004ee400000) (1024K)]
  0x000001c1b2adba00 WatcherThread "VM Periodic Task Thread"        [id=18516, stack(0x00000004ee200000,0x00000004ee300000) (1024K)]
  0x000001c1b2c69f70 WorkerThread "GC Thread#0"                     [id=15016, stack(0x00000004ee100000,0x00000004ee200000) (1024K)]
  0x000001c20b645430 WorkerThread "GC Thread#1"                     [id=13480, stack(0x00000004eee00000,0x00000004eef00000) (1024K)]
  0x000001c1b2b77f00 WorkerThread "GC Thread#2"                     [id=14728, stack(0x00000004eef00000,0x00000004ef000000) (1024K)]
  0x000001c1b2b782b0 WorkerThread "GC Thread#3"                     [id=12076, stack(0x00000004ef000000,0x00000004ef100000) (1024K)]
Total: 6

Threads with active compile tasks:
C2 CompilerThread0  51993 3995       4       org.eclipse.osgi.container.ModuleDatabase$Persistence::addMap (289 bytes)
Total: 1

VM state: not at safepoint (normal execution)

VM Mutex/Monitor currently owned by a thread: None

Heap address: 0x0000000080000000, size: 2048 MB, Compressed Oops mode: 32-bit

CDS archive(s) mapped at: [0x000001c1ca000000-0x000001c1caba0000-0x000001c1caba0000), size 12189696, SharedBaseAddress: 0x000001c1ca000000, ArchiveRelocationMode: 1.
Compressed class space mapped at: 0x000001c1cb000000-0x000001c20b000000, reserved size: 1073741824
Narrow klass base: 0x000001c1ca000000, Narrow klass shift: 0, Narrow klass range: 0x100000000

GC Precious Log:
 CardTable entry size: 512
 CPUs: 4 total, 4 available
 Memory: 3499M
 Large Page Support: Disabled
 NUMA Support: Disabled
 Compressed Oops: Enabled (32-bit)
 Alignments: Space 512K, Generation 512K, Heap 2M
 Heap Min Capacity: 100M
 Heap Initial Capacity: 100M
 Heap Max Capacity: 2G
 Pre-touch: Disabled
 Parallel Workers: 4

Heap:
 PSYoungGen      total 28672K, used 16832K [0x00000000d5580000, 0x00000000d7680000, 0x0000000100000000)
  eden space 24576K, 68% used [0x00000000d5580000,0x00000000d65f0138,0x00000000d6d80000)
  from space 4096K, 0% used [0x00000000d6e80000,0x00000000d6e80000,0x00000000d7280000)
  to   space 4096K, 0% used [0x00000000d7280000,0x00000000d7280000,0x00000000d7680000)
 ParOldGen       total 68608K, used 13154K [0x0000000080000000, 0x0000000084300000, 0x00000000d5580000)
  object space 68608K, 19% used [0x0000000080000000,0x0000000080cd8878,0x0000000084300000)
 Metaspace       used 22253K, committed 23104K, reserved 1114112K
  class space    used 2312K, committed 2688K, reserved 1048576K

Card table byte_map: [0x000001c1b25f0000,0x000001c1b2a00000] _byte_map_base: 0x000001c1b21f0000

Marking Bits: (ParMarkBitMap*) 0x00007fff73d54460
 Begin Bits: [0x000001c1c5100000, 0x000001c1c7100000)
 End Bits:   [0x000001c1c7100000, 0x000001c1c9100000)

Polling page: 0x000001c1b0910000

Metaspace:

Usage:
  Non-class:     19.47 MB used.
      Class:      2.26 MB used.
       Both:     21.73 MB used.

Virtual space:
  Non-class space:       64.00 MB reserved,      19.94 MB ( 31%) committed,  1 nodes.
      Class space:        1.00 GB reserved,       2.62 MB ( <1%) committed,  1 nodes.
             Both:        1.06 GB reserved,      22.56 MB (  2%) committed. 

Chunk freelists:
   Non-Class:  11.38 MB
       Class:  13.26 MB
        Both:  24.64 MB

MaxMetaspaceSize: unlimited
CompressedClassSpaceSize: 1.00 GB
Initial GC threshold: 21.00 MB
Current GC threshold: 35.00 MB
CDS: on
 - commit_granule_bytes: 65536.
 - commit_granule_words: 8192.
 - virtual_space_node_default_size: 8388608.
 - enlarge_chunks_in_place: 1.
 - use_allocation_guard: 0.


Internal statistics:

num_allocs_failed_limit: 3.
num_arena_births: 628.
num_arena_deaths: 14.
num_vsnodes_births: 2.
num_vsnodes_deaths: 0.
num_space_committed: 361.
num_space_uncommitted: 0.
num_chunks_returned_to_freelist: 17.
num_chunks_taken_from_freelist: 1528.
num_chunk_merges: 9.
num_chunk_splits: 962.
num_chunks_enlarged: 598.
num_inconsistent_stats: 0.

CodeHeap 'non-profiled nmethods': size=120000Kb used=1776Kb max_used=1776Kb free=118223Kb
 bounds [0x000001c1bd920000, 0x000001c1bdb90000, 0x000001c1c4e50000]
CodeHeap 'profiled nmethods': size=120000Kb used=8348Kb max_used=8348Kb free=111651Kb
 bounds [0x000001c1b5e50000, 0x000001c1b6680000, 0x000001c1bd380000]
CodeHeap 'non-nmethods': size=5760Kb used=1288Kb max_used=1316Kb free=4471Kb
 bounds [0x000001c1bd380000, 0x000001c1bd5f0000, 0x000001c1bd920000]
CodeCache: size=245760Kb, used=11412Kb, max_used=11440Kb, free=234345Kb
 total_blobs=4582, nmethods=4011, adapters=477, full_count=0
Compilation: enabled, stopped_count=0, restarted_count=0

Compilation events (20 events):
Event: 51.724 Thread 0x000001c1b2bbe990 nmethod 3994 0x000001c1b6664010 code [0x000001c1b66641e0, 0x000001c1b6664390]
Event: 51.726 Thread 0x000001c1b2b4cdb0 nmethod 3992 0x000001c1bdadb510 code [0x000001c1bdadb6c0, 0x000001c1bdadb9a0]
Event: 51.726 Thread 0x000001c1b2b4cdb0 3995       4       org.eclipse.osgi.container.ModuleDatabase$Persistence::addMap (289 bytes)
Event: 51.774 Thread 0x000001c1b2bbe990 3997       3       java.util.HashMap::put (13 bytes)
Event: 51.775 Thread 0x000001c1b2bbe990 nmethod 3997 0x000001c1b6664490 code [0x000001c1b6664660, 0x000001c1b6664968]
Event: 51.809 Thread 0x000001c1b2bbe990 3999       3       java.io.BufferedOutputStream::implWrite (40 bytes)
Event: 51.809 Thread 0x000001c1b2bbe990 nmethod 3999 0x000001c1b6664a90 code [0x000001c1b6664c60, 0x000001c1b6664fa0]
Event: 51.823 Thread 0x000001c1b2bbe990 4000       3       java.io.DataOutputStream::writeInt (28 bytes)
Event: 51.824 Thread 0x000001c1b2bbe990 nmethod 4000 0x000001c1b6665110 code [0x000001c1b6665340, 0x000001c1b6665aa8]
Event: 51.824 Thread 0x000001c1b2bbe990 4001       3       jdk.internal.util.ByteArray::setInt (10 bytes)
Event: 51.824 Thread 0x000001c1b2bbe990 nmethod 4001 0x000001c1b6665e10 code [0x000001c1b6666000, 0x000001c1b6666548]
Event: 51.825 Thread 0x000001c1b2bbe990 4002       3       org.eclipse.osgi.container.ModuleDatabase$Persistence::writeString (99 bytes)
Event: 51.828 Thread 0x000001c1b2bbe990 nmethod 4002 0x000001c1b6666790 code [0x000001c1b6666bc0, 0x000001c1b6668b00]
Event: 51.829 Thread 0x000001c1b2bbe990 4006       3       org.lombokweb.asm.MethodWriter::putMethodInfo (1274 bytes)
Event: 51.901 Thread 0x000001c1b2bbe990 nmethod 4006 0x000001c1b6669610 code [0x000001c1b6669d00, 0x000001c1b666c1d8]
Event: 51.904 Thread 0x000001c1b2bbe990 4011       3       java.io.DataOutputStream::writeByte (14 bytes)
Event: 51.904 Thread 0x000001c1b2bbe990 nmethod 4011 0x000001c1b666d510 code [0x000001c1b666d6c0, 0x000001c1b666d940]
Event: 51.904 Thread 0x000001c1b2bbe990 4007       3       org.eclipse.osgi.container.ModuleDatabase$Persistence::addToWriteTable (77 bytes)
Event: 51.905 Thread 0x000001c1b2bbe990 nmethod 4007 0x000001c1b666da90 code [0x000001c1b666dd60, 0x000001c1b666ec30]
Event: 51.905 Thread 0x000001c1b2bbe990 4004       3       org.lombokweb.asm.MethodWriter::computeMethodInfoSize (571 bytes)

GC Heap History (16 events):
Event: 9.781 GC heap before
{Heap before GC invocations=1 (full 0):
 PSYoungGen      total 29696K, used 25600K [0x00000000d5580000, 0x00000000d7680000, 0x0000000100000000)
  eden space 25600K, 100% used [0x00000000d5580000,0x00000000d6e80000,0x00000000d6e80000)
  from space 4096K, 0% used [0x00000000d7280000,0x00000000d7280000,0x00000000d7680000)
  to   space 4096K, 0% used [0x00000000d6e80000,0x00000000d6e80000,0x00000000d7280000)
 ParOldGen       total 68608K, used 0K [0x0000000080000000, 0x0000000084300000, 0x00000000d5580000)
  object space 68608K, 0% used [0x0000000080000000,0x0000000080000000,0x0000000084300000)
 Metaspace       used 4414K, committed 4672K, reserved 1114112K
  class space    used 477K, committed 576K, reserved 1048576K
}
Event: 9.907 GC heap after
{Heap after GC invocations=1 (full 0):
 PSYoungGen      total 29696K, used 3280K [0x00000000d5580000, 0x00000000d7680000, 0x0000000100000000)
  eden space 25600K, 0% used [0x00000000d5580000,0x00000000d5580000,0x00000000d6e80000)
  from space 4096K, 80% used [0x00000000d6e80000,0x00000000d71b4148,0x00000000d7280000)
  to   space 4096K, 0% used [0x00000000d7280000,0x00000000d7280000,0x00000000d7680000)
 ParOldGen       total 68608K, used 0K [0x0000000080000000, 0x0000000084300000, 0x00000000d5580000)
  object space 68608K, 0% used [0x0000000080000000,0x0000000080000000,0x0000000084300000)
 Metaspace       used 4414K, committed 4672K, reserved 1114112K
  class space    used 477K, committed 576K, reserved 1048576K
}
Event: 23.760 GC heap before
{Heap before GC invocations=2 (full 0):
 PSYoungGen      total 29696K, used 28880K [0x00000000d5580000, 0x00000000d7680000, 0x0000000100000000)
  eden space 25600K, 100% used [0x00000000d5580000,0x00000000d6e80000,0x00000000d6e80000)
  from space 4096K, 80% used [0x00000000d6e80000,0x00000000d71b4148,0x00000000d7280000)
  to   space 4096K, 0% used [0x00000000d7280000,0x00000000d7280000,0x00000000d7680000)
 ParOldGen       total 68608K, used 0K [0x0000000080000000, 0x0000000084300000, 0x00000000d5580000)
  object space 68608K, 0% used [0x0000000080000000,0x0000000080000000,0x0000000084300000)
 Metaspace       used 8056K, committed 8384K, reserved 1114112K
  class space    used 838K, committed 960K, reserved 1048576K
}
Event: 23.770 GC heap after
{Heap after GC invocations=2 (full 0):
 PSYoungGen      total 29696K, used 4086K [0x00000000d5580000, 0x00000000d7680000, 0x0000000100000000)
  eden space 25600K, 0% used [0x00000000d5580000,0x00000000d5580000,0x00000000d6e80000)
  from space 4096K, 99% used [0x00000000d7280000,0x00000000d767d810,0x00000000d7680000)
  to   space 4096K, 0% used [0x00000000d6e80000,0x00000000d6e80000,0x00000000d7280000)
 ParOldGen       total 68608K, used 1945K [0x0000000080000000, 0x0000000084300000, 0x00000000d5580000)
  object space 68608K, 2% used [0x0000000080000000,0x00000000801e66a8,0x0000000084300000)
 Metaspace       used 8056K, committed 8384K, reserved 1114112K
  class space    used 838K, committed 960K, reserved 1048576K
}
Event: 29.007 GC heap before
{Heap before GC invocations=3 (full 0):
 PSYoungGen      total 29696K, used 29497K [0x00000000d5580000, 0x00000000d7680000, 0x0000000100000000)
  eden space 25600K, 99% used [0x00000000d5580000,0x00000000d6e50ce8,0x00000000d6e80000)
  from space 4096K, 99% used [0x00000000d7280000,0x00000000d767d810,0x00000000d7680000)
  to   space 4096K, 0% used [0x00000000d6e80000,0x00000000d6e80000,0x00000000d7280000)
 ParOldGen       total 68608K, used 1945K [0x0000000080000000, 0x0000000084300000, 0x00000000d5580000)
  object space 68608K, 2% used [0x0000000080000000,0x00000000801e66a8,0x0000000084300000)
 Metaspace       used 9469K, committed 9792K, reserved 1114112K
  class space    used 1008K, committed 1152K, reserved 1048576K
}
Event: 29.017 GC heap after
{Heap after GC invocations=3 (full 0):
 PSYoungGen      total 29696K, used 4090K [0x00000000d5580000, 0x00000000d7680000, 0x0000000100000000)
  eden space 25600K, 0% used [0x00000000d5580000,0x00000000d5580000,0x00000000d6e80000)
  from space 4096K, 99% used [0x00000000d6e80000,0x00000000d727e860,0x00000000d7280000)
  to   space 4096K, 0% used [0x00000000d7280000,0x00000000d7280000,0x00000000d7680000)
 ParOldGen       total 68608K, used 5055K [0x0000000080000000, 0x0000000084300000, 0x00000000d5580000)
  object space 68608K, 7% used [0x0000000080000000,0x00000000804efc28,0x0000000084300000)
 Metaspace       used 9469K, committed 9792K, reserved 1114112K
  class space    used 1008K, committed 1152K, reserved 1048576K
}
Event: 34.467 GC heap before
{Heap before GC invocations=4 (full 0):
 PSYoungGen      total 29696K, used 29690K [0x00000000d5580000, 0x00000000d7680000, 0x0000000100000000)
  eden space 25600K, 100% used [0x00000000d5580000,0x00000000d6e80000,0x00000000d6e80000)
  from space 4096K, 99% used [0x00000000d6e80000,0x00000000d727e860,0x00000000d7280000)
  to   space 4096K, 0% used [0x00000000d7280000,0x00000000d7280000,0x00000000d7680000)
 ParOldGen       total 68608K, used 5055K [0x0000000080000000, 0x0000000084300000, 0x00000000d5580000)
  object space 68608K, 7% used [0x0000000080000000,0x00000000804efc28,0x0000000084300000)
 Metaspace       used 11696K, committed 12032K, reserved 1114112K
  class space    used 1240K, committed 1408K, reserved 1048576K
}
Event: 34.477 GC heap after
{Heap after GC invocations=4 (full 0):
 PSYoungGen      total 29696K, used 4095K [0x00000000d5580000, 0x00000000d7680000, 0x0000000100000000)
  eden space 25600K, 0% used [0x00000000d5580000,0x00000000d5580000,0x00000000d6e80000)
  from space 4096K, 99% used [0x00000000d7280000,0x00000000d767fe10,0x00000000d7680000)
  to   space 4096K, 0% used [0x00000000d6e80000,0x00000000d6e80000,0x00000000d7280000)
 ParOldGen       total 68608K, used 6538K [0x0000000080000000, 0x0000000084300000, 0x00000000d5580000)
  object space 68608K, 9% used [0x0000000080000000,0x00000000806629e8,0x0000000084300000)
 Metaspace       used 11696K, committed 12032K, reserved 1114112K
  class space    used 1240K, committed 1408K, reserved 1048576K
}
Event: 41.669 GC heap before
{Heap before GC invocations=5 (full 0):
 PSYoungGen      total 29696K, used 29695K [0x00000000d5580000, 0x00000000d7680000, 0x0000000100000000)
  eden space 25600K, 100% used [0x00000000d5580000,0x00000000d6e80000,0x00000000d6e80000)
  from space 4096K, 99% used [0x00000000d7280000,0x00000000d767fe10,0x00000000d7680000)
  to   space 4096K, 0% used [0x00000000d6e80000,0x00000000d6e80000,0x00000000d7280000)
 ParOldGen       total 68608K, used 6538K [0x0000000080000000, 0x0000000084300000, 0x00000000d5580000)
  object space 68608K, 9% used [0x0000000080000000,0x00000000806629e8,0x0000000084300000)
 Metaspace       used 15715K, committed 16384K, reserved 1114112K
  class space    used 1626K, committed 1920K, reserved 1048576K
}
Event: 41.680 GC heap after
{Heap after GC invocations=5 (full 0):
 PSYoungGen      total 29184K, used 4078K [0x00000000d5580000, 0x00000000d7900000, 0x0000000100000000)
  eden space 25088K, 0% used [0x00000000d5580000,0x00000000d5580000,0x00000000d6e00000)
  from space 4096K, 99% used [0x00000000d6e80000,0x00000000d727bbc8,0x00000000d7280000)
  to   space 5632K, 0% used [0x00000000d7380000,0x00000000d7380000,0x00000000d7900000)
 ParOldGen       total 68608K, used 7845K [0x0000000080000000, 0x0000000084300000, 0x00000000d5580000)
  object space 68608K, 11% used [0x0000000080000000,0x00000000807a9560,0x0000000084300000)
 Metaspace       used 15715K, committed 16384K, reserved 1114112K
  class space    used 1626K, committed 1920K, reserved 1048576K
}
Event: 47.248 GC heap before
{Heap before GC invocations=6 (full 0):
 PSYoungGen      total 29184K, used 29166K [0x00000000d5580000, 0x00000000d7900000, 0x0000000100000000)
  eden space 25088K, 100% used [0x00000000d5580000,0x00000000d6e00000,0x00000000d6e00000)
  from space 4096K, 99% used [0x00000000d6e80000,0x00000000d727bbc8,0x00000000d7280000)
  to   space 5632K, 0% used [0x00000000d7380000,0x00000000d7380000,0x00000000d7900000)
 ParOldGen       total 68608K, used 7845K [0x0000000080000000, 0x0000000084300000, 0x00000000d5580000)
  object space 68608K, 11% used [0x0000000080000000,0x00000000807a9560,0x0000000084300000)
 Metaspace       used 18856K, committed 19648K, reserved 1114112K
  class space    used 1975K, committed 2304K, reserved 1048576K
}
Event: 47.258 GC heap after
{Heap after GC invocations=6 (full 0):
 PSYoungGen      total 29696K, used 4832K [0x00000000d5580000, 0x00000000d7880000, 0x0000000100000000)
  eden space 24576K, 0% used [0x00000000d5580000,0x00000000d5580000,0x00000000d6d80000)
  from space 5120K, 94% used [0x00000000d7380000,0x00000000d78381e8,0x00000000d7880000)
  to   space 5120K, 0% used [0x00000000d6e80000,0x00000000d6e80000,0x00000000d7380000)
 ParOldGen       total 68608K, used 7853K [0x0000000080000000, 0x0000000084300000, 0x00000000d5580000)
  object space 68608K, 11% used [0x0000000080000000,0x00000000807ab560,0x0000000084300000)
 Metaspace       used 18856K, committed 19648K, reserved 1114112K
  class space    used 1975K, committed 2304K, reserved 1048576K
}
Event: 50.507 GC heap before
{Heap before GC invocations=7 (full 0):
 PSYoungGen      total 29696K, used 23849K [0x00000000d5580000, 0x00000000d7880000, 0x0000000100000000)
  eden space 24576K, 77% used [0x00000000d5580000,0x00000000d6812458,0x00000000d6d80000)
  from space 5120K, 94% used [0x00000000d7380000,0x00000000d78381e8,0x00000000d7880000)
  to   space 5120K, 0% used [0x00000000d6e80000,0x00000000d6e80000,0x00000000d7380000)
 ParOldGen       total 68608K, used 7853K [0x0000000080000000, 0x0000000084300000, 0x00000000d5580000)
  object space 68608K, 11% used [0x0000000080000000,0x00000000807ab560,0x0000000084300000)
 Metaspace       used 20707K, committed 21504K, reserved 1114112K
  class space    used 2192K, committed 2560K, reserved 1048576K
}
Event: 50.520 GC heap after
{Heap after GC invocations=7 (full 0):
 PSYoungGen      total 28672K, used 4093K [0x00000000d5580000, 0x00000000d7680000, 0x0000000100000000)
  eden space 24576K, 0% used [0x00000000d5580000,0x00000000d5580000,0x00000000d6d80000)
  from space 4096K, 99% used [0x00000000d6e80000,0x00000000d727f708,0x00000000d7280000)
  to   space 4096K, 0% used [0x00000000d7280000,0x00000000d7280000,0x00000000d7680000)
 ParOldGen       total 68608K, used 9574K [0x0000000080000000, 0x0000000084300000, 0x00000000d5580000)
  object space 68608K, 13% used [0x0000000080000000,0x0000000080959910,0x0000000084300000)
 Metaspace       used 20707K, committed 21504K, reserved 1114112K
  class space    used 2192K, committed 2560K, reserved 1048576K
}
Event: 50.520 GC heap before
{Heap before GC invocations=8 (full 1):
 PSYoungGen      total 28672K, used 4093K [0x00000000d5580000, 0x00000000d7680000, 0x0000000100000000)
  eden space 24576K, 0% used [0x00000000d5580000,0x00000000d5580000,0x00000000d6d80000)
  from space 4096K, 99% used [0x00000000d6e80000,0x00000000d727f708,0x00000000d7280000)
  to   space 4096K, 0% used [0x00000000d7280000,0x00000000d7280000,0x00000000d7680000)
 ParOldGen       total 68608K, used 9574K [0x0000000080000000, 0x0000000084300000, 0x00000000d5580000)
  object space 68608K, 13% used [0x0000000080000000,0x0000000080959910,0x0000000084300000)
 Metaspace       used 20707K, committed 21504K, reserved 1114112K
  class space    used 2192K, committed 2560K, reserved 1048576K
}
Event: 50.621 GC heap after
{Heap after GC invocations=8 (full 1):
 PSYoungGen      total 28672K, used 0K [0x00000000d5580000, 0x00000000d7680000, 0x0000000100000000)
  eden space 24576K, 0% used [0x00000000d5580000,0x00000000d5580000,0x00000000d6d80000)
  from space 4096K, 0% used [0x00000000d6e80000,0x00000000d6e80000,0x00000000d7280000)
  to   space 4096K, 0% used [0x00000000d7280000,0x00000000d7280000,0x00000000d7680000)
 ParOldGen       total 68608K, used 13154K [0x0000000080000000, 0x0000000084300000, 0x00000000d5580000)
  object space 68608K, 19% used [0x0000000080000000,0x0000000080cd8878,0x0000000084300000)
 Metaspace       used 20694K, committed 21504K, reserved 1114112K
  class space    used 2189K, committed 2560K, reserved 1048576K
}

Dll operation events (10 events):
Event: 0.058 Loaded shared library c:\Users\HP\.vscode\extensions\redhat.java-1.55.0-win32-x64\jre\21.0.11-win32-x86_64\bin\java.dll
Event: 1.507 Loaded shared library c:\Users\HP\.vscode\extensions\redhat.java-1.55.0-win32-x64\jre\21.0.11-win32-x86_64\bin\zip.dll
Event: 1.583 Loaded shared library C:\Users\HP\.vscode\extensions\redhat.java-1.55.0-win32-x64\jre\21.0.11-win32-x86_64\bin\instrument.dll
Event: 1.619 Loaded shared library C:\Users\HP\.vscode\extensions\redhat.java-1.55.0-win32-x64\jre\21.0.11-win32-x86_64\bin\net.dll
Event: 1.642 Loaded shared library C:\Users\HP\.vscode\extensions\redhat.java-1.55.0-win32-x64\jre\21.0.11-win32-x86_64\bin\nio.dll
Event: 1.674 Loaded shared library C:\Users\HP\.vscode\extensions\redhat.java-1.55.0-win32-x64\jre\21.0.11-win32-x86_64\bin\zip.dll
Event: 2.293 Loaded shared library C:\Users\HP\.vscode\extensions\redhat.java-1.55.0-win32-x64\jre\21.0.11-win32-x86_64\bin\jimage.dll
Event: 3.072 Loaded shared library c:\Users\HP\.vscode\extensions\redhat.java-1.55.0-win32-x64\jre\21.0.11-win32-x86_64\bin\verify.dll
Event: 24.496 Loaded shared library C:\Users\HP\AppData\Roaming\Code\User\globalStorage\redhat.java\1.55.0\config_win\org.eclipse.equinox.launcher\org.eclipse.equinox.launcher.win32.win32.x86_64_1.3.100.v20260613-0559\eclipse_11924.dll
Event: 43.243 Loaded shared library C:\Users\HP\AppData\Local\Temp\jna-2312\jna11683840267222850352.dll

Deoptimization events (20 events):
Event: 51.614 Thread 0x000001c2101f3300 DEOPT UNPACKING pc=0x000001c1bd3d3aa2 sp=0x00000004ef9fa968 mode 2
Event: 51.770 Thread 0x000001c20b34dad0 Uncommon trap: trap_request=0xffffffc6 fr.pc=0x000001c1bd9de6dc relative=0x0000000000000b7c
Event: 51.770 Thread 0x000001c20b34dad0 Uncommon trap: reason=bimorphic_or_optimized_type_check action=maybe_recompile pc=0x000001c1bd9de6dc method=java.util.HashMap.putVal(ILjava/lang/Object;Ljava/lang/Object;ZZ)Ljava/lang/Object; @ 91 c2
Event: 51.770 Thread 0x000001c20b34dad0 DEOPT PACKING pc=0x000001c1bd9de6dc sp=0x00000004ef1fee20
Event: 51.770 Thread 0x000001c20b34dad0 DEOPT UNPACKING pc=0x000001c1bd3d3aa2 sp=0x00000004ef1fed30 mode 2
Event: 51.770 Thread 0x000001c20b34dad0 Uncommon trap: trap_request=0xffffffc6 fr.pc=0x000001c1bd9de6dc relative=0x0000000000000b7c
Event: 51.770 Thread 0x000001c20b34dad0 Uncommon trap: reason=bimorphic_or_optimized_type_check action=maybe_recompile pc=0x000001c1bd9de6dc method=java.util.HashMap.putVal(ILjava/lang/Object;Ljava/lang/Object;ZZ)Ljava/lang/Object; @ 91 c2
Event: 51.770 Thread 0x000001c20b34dad0 DEOPT PACKING pc=0x000001c1bd9de6dc sp=0x00000004ef1fed90
Event: 51.772 Thread 0x000001c20b34dad0 DEOPT UNPACKING pc=0x000001c1bd3d3aa2 sp=0x00000004ef1feca0 mode 2
Event: 51.774 Thread 0x000001c20b34dad0 Uncommon trap: trap_request=0xffffffc6 fr.pc=0x000001c1bd9de6dc relative=0x0000000000000b7c
Event: 51.774 Thread 0x000001c20b34dad0 Uncommon trap: reason=bimorphic_or_optimized_type_check action=maybe_recompile pc=0x000001c1bd9de6dc method=java.util.HashMap.putVal(ILjava/lang/Object;Ljava/lang/Object;ZZ)Ljava/lang/Object; @ 91 c2
Event: 51.774 Thread 0x000001c20b34dad0 DEOPT PACKING pc=0x000001c1bd9de6dc sp=0x00000004ef1fed90
Event: 51.774 Thread 0x000001c20b34dad0 DEOPT UNPACKING pc=0x000001c1bd3d3aa2 sp=0x00000004ef1feca0 mode 2
Event: 51.855 Thread 0x000001c20b34dad0 Uncommon trap: trap_request=0xffffff45 fr.pc=0x000001c1bd9c2034 relative=0x00000000000001d4
Event: 51.855 Thread 0x000001c20b34dad0 Uncommon trap: reason=unstable_if action=reinterpret pc=0x000001c1bd9c2034 method=java.util.HashMap.getNode(Ljava/lang/Object;)Ljava/util/HashMap$Node; @ 131 c2
Event: 51.857 Thread 0x000001c20b34dad0 DEOPT PACKING pc=0x000001c1bd9c2034 sp=0x00000004ef1fef00
Event: 51.857 Thread 0x000001c20b34dad0 DEOPT UNPACKING pc=0x000001c1bd3d3aa2 sp=0x00000004ef1fee10 mode 2
Event: 51.857 Thread 0x000001c20b34dad0 Uncommon trap: trap_request=0xffffff45 fr.pc=0x000001c1bd9c1134 relative=0x00000000000001d4
Event: 51.857 Thread 0x000001c20b34dad0 Uncommon trap: reason=unstable_if action=reinterpret pc=0x000001c1bd9c1134 method=java.util.HashMap.getNode(Ljava/lang/Object;)Ljava/util/HashMap$Node; @ 131 c2
Event: 51.858 Thread 0x000001c20b34dad0 DEOPT PACKING pc=0x000001c1bd9c1134 sp=0x00000004ef1fee90

Classes loaded (20 events):
Event: 51.038 Loading class java/io/InterruptedIOException done
Event: 51.039 Loading class java/net/SocketTimeoutException done
Event: 51.039 Loading class java/net/SocketException
Event: 51.039 Loading class java/net/SocketException done
Event: 51.039 Loading class java/net/UnknownHostException
Event: 51.040 Loading class java/net/UnknownHostException done
Event: 51.040 Loading class java/net/ProtocolException
Event: 51.040 Loading class java/net/ProtocolException done
Event: 51.095 Loading class java/lang/ThreadLocal$SuppliedThreadLocal
Event: 51.095 Loading class java/lang/ThreadLocal$SuppliedThreadLocal done
Event: 51.103 Loading class java/io/FileWriter
Event: 51.103 Loading class java/io/FileWriter done
Event: 51.114 Loading class java/lang/NegativeArraySizeException
Event: 51.115 Loading class java/lang/NegativeArraySizeException done
Event: 51.375 Loading class java/io/DataOutputStream
Event: 51.375 Loading class java/io/DataOutputStream done
Event: 51.613 Loading class java/util/concurrent/locks/ReentrantReadWriteLock$Sync$HoldCounter
Event: 51.614 Loading class java/util/concurrent/locks/ReentrantReadWriteLock$Sync$HoldCounter done
Event: 51.663 Loading class java/util/RegularEnumSet$EnumSetIterator
Event: 51.671 Loading class java/util/RegularEnumSet$EnumSetIterator done

Classes unloaded (7 events):
Event: 50.533 Thread 0x000001c1b2d0a760 Unloading class 0x000001c1cb1ad400 'java/lang/invoke/LambdaForm$MH+0x000001c1cb1ad400'
Event: 50.534 Thread 0x000001c1b2d0a760 Unloading class 0x000001c1cb1ad000 'java/lang/invoke/LambdaForm$MH+0x000001c1cb1ad000'
Event: 50.534 Thread 0x000001c1b2d0a760 Unloading class 0x000001c1cb1acc00 'java/lang/invoke/LambdaForm$MH+0x000001c1cb1acc00'
Event: 50.534 Thread 0x000001c1b2d0a760 Unloading class 0x000001c1cb1ac800 'java/lang/invoke/LambdaForm$MH+0x000001c1cb1ac800'
Event: 50.534 Thread 0x000001c1b2d0a760 Unloading class 0x000001c1cb1ac400 'java/lang/invoke/LambdaForm$BMH+0x000001c1cb1ac400'
Event: 50.534 Thread 0x000001c1b2d0a760 Unloading class 0x000001c1cb1ac000 'java/lang/invoke/LambdaForm$DMH+0x000001c1cb1ac000'
Event: 50.534 Thread 0x000001c1b2d0a760 Unloading class 0x000001c1cb1aac00 'java/lang/invoke/LambdaForm$DMH+0x000001c1cb1aac00'

Classes redefined (0 events):
No events

Internal exceptions (20 events):
Event: 43.524 Thread 0x000001c20b909d30 Exception <a 'java/lang/NoSuchMethodError'{0x00000000d5cce158}: 'void java.lang.invoke.Invokers$Holder.invokeExact_MT(java.lang.Object, java.lang.Object, int, java.lang.Object)'> (0x00000000d5cce158) 
thrown [s\src\hotspot\share\interpreter\linkResolver.cpp, line 773]
Event: 43.628 Thread 0x000001c20b909d30 Exception <a 'java/lang/NoSuchMethodError'{0x00000000d5dd9168}: 'java.lang.Object java.lang.invoke.DirectMethodHandle$Holder.invokeSpecial(java.lang.Object, java.lang.Object, java.lang.Object, long, java.lang.Object)'> (0x00000000d5dd9168) 
thrown [s\src\hotspot\share\interpreter\linkResolver.cpp, line 773]
Event: 43.630 Thread 0x000001c20b909d30 Exception <a 'java/lang/NoSuchMethodError'{0x00000000d5de09b0}: 'java.lang.Object java.lang.invoke.DirectMethodHandle$Holder.newInvokeSpecial(java.lang.Object, java.lang.Object, java.lang.Object, long)'> (0x00000000d5de09b0) 
thrown [s\src\hotspot\share\interpreter\linkResolver.cpp, line 773]
Event: 43.631 Thread 0x000001c20b909d30 Exception <a 'java/lang/NoSuchMethodError'{0x00000000d5de4d60}: 'java.lang.Object java.lang.invoke.DirectMethodHandle$Holder.invokeSpecial(java.lang.Object, java.lang.Object, java.lang.Object, java.lang.Object, long)'> (0x00000000d5de4d60) 
thrown [s\src\hotspot\share\interpreter\linkResolver.cpp, line 773]
Event: 43.631 Thread 0x000001c20b909d30 Exception <a 'java/lang/NoSuchMethodError'{0x00000000d5de8980}: 'java.lang.Object java.lang.invoke.Invokers$Holder.linkToTargetMethod(java.lang.Object, java.lang.Object, long, java.lang.Object)'> (0x00000000d5de8980) 
thrown [s\src\hotspot\share\interpreter\linkResolver.cpp, line 773]
Event: 43.760 Thread 0x000001c20b909d30 Exception <a 'java/lang/NoSuchMethodError'{0x00000000d5e49b68}: 'int java.lang.invoke.DirectMethodHandle$Holder.invokeStaticInit(java.lang.Object, java.lang.Object, java.lang.Object)'> (0x00000000d5e49b68) 
thrown [s\src\hotspot\share\interpreter\linkResolver.cpp, line 773]
Event: 43.792 Thread 0x000001c20b909d30 Exception <a 'java/lang/IncompatibleClassChangeError'{0x00000000d5f0b040}: Found class java.lang.Object, but interface was expected> (0x00000000d5f0b040) 
thrown [s\src\hotspot\share\interpreter\linkResolver.cpp, line 840]
Event: 43.960 Thread 0x000001c20b909d30 Exception <a 'java/lang/NoSuchMethodError'{0x00000000d5f1b338}: 'java.lang.Object java.lang.invoke.DirectMethodHandle$Holder.invokeSpecial(java.lang.Object, java.lang.Object, java.lang.Object, int, java.lang.Object, java.lang.Object)'> (0x00000000d5f1b338) 
thrown [s\src\hotspot\share\interpreter\linkResolver.cpp, line 773]
Event: 43.961 Thread 0x000001c20b909d30 Exception <a 'java/lang/NoSuchMethodError'{0x00000000d5f22c40}: 'java.lang.Object java.lang.invoke.DirectMethodHandle$Holder.newInvokeSpecial(java.lang.Object, java.lang.Object, java.lang.Object, int, java.lang.Object)'> (0x00000000d5f22c40) 
thrown [s\src\hotspot\share\interpreter\linkResolver.cpp, line 773]
Event: 43.961 Thread 0x000001c20b909d30 Exception <a 'java/lang/NoSuchMethodError'{0x00000000d5f26b40}: 'java.lang.Object java.lang.invoke.DirectMethodHandle$Holder.invokeSpecial(java.lang.Object, java.lang.Object, java.lang.Object, java.lang.Object, int, java.lang.Object)'> (0x00000000d5f26b40) 
thrown [s\src\hotspot\share\interpreter\linkResolver.cpp, line 773]
Event: 43.962 Thread 0x000001c20b909d30 Exception <a 'java/lang/NoSuchMethodError'{0x00000000d5f2a670}: 'java.lang.Object java.lang.invoke.Invokers$Holder.linkToTargetMethod(java.lang.Object, java.lang.Object, int, java.lang.Object, java.lang.Object)'> (0x00000000d5f2a670) 
thrown [s\src\hotspot\share\interpreter\linkResolver.cpp, line 773]
Event: 43.963 Thread 0x000001c2101f3300 Exception <a 'java/lang/NoSuchMethodError'{0x00000000d5e5b0e0}: 'java.lang.Object java.lang.invoke.DirectMethodHandle$Holder.invokeSpecial(java.lang.Object, java.lang.Object, int, java.lang.Object, java.lang.Object)'> (0x00000000d5e5b0e0) 
thrown [s\src\hotspot\share\interpreter\linkResolver.cpp, line 773]
Event: 44.178 Thread 0x000001c20b909d30 Exception <a 'java/lang/NoSuchMethodError'{0x00000000d602e5f0}: 'void java.lang.invoke.DirectMethodHandle$Holder.invokeSpecial(java.lang.Object, java.lang.Object, java.lang.Object, java.lang.Object, java.lang.Object)'> (0x00000000d602e5f0) 
thrown [s\src\hotspot\share\interpreter\linkResolver.cpp, line 773]
Event: 45.309 Thread 0x000001c20b909d30 Exception <a 'java/lang/NoSuchMethodError'{0x00000000d67dfab8}: 'java.lang.Object java.lang.invoke.DirectMethodHandle$Holder.invokeInterface(java.lang.Object, java.lang.Object, java.lang.Object)'> (0x00000000d67dfab8) 
thrown [s\src\hotspot\share\interpreter\linkResolver.cpp, line 773]
Event: 47.215 Thread 0x000001c20b909d30 Exception <a 'java/lang/NoSuchMethodError'{0x00000000d6cf40f8}: 'java.lang.Object java.lang.invoke.Invokers$Holder.linkToTargetMethod(java.lang.Object, long, java.lang.Object, java.lang.Object)'> (0x00000000d6cf40f8) 
thrown [s\src\hotspot\share\interpreter\linkResolver.cpp, line 773]
Event: 48.357 Thread 0x000001c20b909d30 Exception <a 'java/io/FileNotFoundException'{0x00000000d5c8d9b8}> (0x00000000d5c8d9b8) 
thrown [s\src\hotspot\share\prims\jni.cpp, line 520]
Event: 48.360 Thread 0x000001c20b909d30 Exception <a 'java/lang/NoSuchMethodError'{0x00000000d5c95f60}: 'java.lang.Object java.lang.invoke.DirectMethodHandle$Holder.newInvokeSpecial(java.lang.Object, int, java.lang.Object, java.lang.Object)'> (0x00000000d5c95f60) 
thrown [s\src\hotspot\share\interpreter\linkResolver.cpp, line 773]
Event: 50.163 Thread 0x000001c20b909d30 Exception <a 'java/lang/NoSuchMethodError'{0x00000000d6507ca8}: 'long java.lang.invoke.Invokers$Holder.invokeExact_MT(java.lang.Object, java.lang.Object)'> (0x00000000d6507ca8) 
thrown [s\src\hotspot\share\interpreter\linkResolver.cpp, line 773]
Event: 50.837 Thread 0x000001c20b909d30 Exception <a 'java/lang/NoSuchMethodError'{0x00000000d587f030}: 'double java.lang.invoke.DirectMethodHandle$Holder.invokeStatic(java.lang.Object, java.lang.Object)'> (0x00000000d587f030) 
thrown [s\src\hotspot\share\interpreter\linkResolver.cpp, line 773]
Event: 50.840 Thread 0x000001c20b909d30 Exception <a 'java/lang/NoSuchMethodError'{0x00000000d58826c0}: 'double java.lang.invoke.DirectMethodHandle$Holder.invokeStaticInit(java.lang.Object, java.lang.Object)'> (0x00000000d58826c0) 
thrown [s\src\hotspot\share\interpreter\linkResolver.cpp, line 773]

ZGC Phase Switch (0 events):
No events

VM Operations (20 events):
Event: 44.815 Executing non-safepoint VM operation: HandshakeAllThreads (Deoptimize)
Event: 44.815 Executing non-safepoint VM operation: HandshakeAllThreads (Deoptimize) done
Event: 45.057 Executing non-safepoint VM operation: HandshakeAllThreads (Deoptimize)
Event: 45.057 Executing non-safepoint VM operation: HandshakeAllThreads (Deoptimize) done
Event: 46.058 Executing safepoint VM operation: Cleanup
Event: 46.074 Executing safepoint VM operation: Cleanup done
Event: 47.082 Executing safepoint VM operation: Cleanup
Event: 47.082 Executing safepoint VM operation: Cleanup done
Event: 47.248 Executing safepoint VM operation: ParallelGCFailedAllocation (Allocation Failure)
Event: 47.258 Executing safepoint VM operation: ParallelGCFailedAllocation (Allocation Failure) done
Event: 48.260 Executing safepoint VM operation: Cleanup
Event: 48.260 Executing safepoint VM operation: Cleanup done
Event: 49.261 Executing safepoint VM operation: Cleanup
Event: 49.376 Executing safepoint VM operation: Cleanup done
Event: 50.381 Executing safepoint VM operation: Cleanup
Event: 50.393 Executing safepoint VM operation: Cleanup done
Event: 50.507 Executing safepoint VM operation: CollectForMetadataAllocation (Metadata GC Threshold)
Event: 50.621 Executing safepoint VM operation: CollectForMetadataAllocation (Metadata GC Threshold) done
Event: 51.622 Executing safepoint VM operation: Cleanup
Event: 51.663 Executing safepoint VM operation: Cleanup done

Memory protections (0 events):
No events

Nmethod flushes (0 events):
No events

Events (20 events):
Event: 0.398 Thread 0x000001c1b2c4bb00 Thread added: 0x000001c1b2b3f110
Event: 0.398 Thread 0x000001c1b2c4bb00 Thread added: 0x000001c1b2b440a0
Event: 0.399 Thread 0x000001c1b2c4bb00 Thread added: 0x000001c1b2b45e30
Event: 0.399 Thread 0x000001c1b2c4bb00 Thread added: 0x000001c1b2b46a90
Event: 0.399 Thread 0x000001c1b2c4bb00 Thread added: 0x000001c1b2b49500
Event: 0.399 Thread 0x000001c1b2c4bb00 Thread added: 0x000001c1b2b49f60
Event: 0.399 Thread 0x000001c1b2c4bb00 Thread added: 0x000001c1b2b4cdb0
Event: 0.425 Thread 0x000001c1b2c4bb00 Thread added: 0x000001c1b2bbe990
Event: 1.588 Thread 0x000001c1b2c4bb00 Thread added: 0x000001c20b365ae0
Event: 4.278 Thread 0x000001c1b2c4bb00 Thread added: 0x000001c20b4b4830
Event: 21.155 Thread 0x000001c1b2c4bb00 Thread added: 0x000001c20b34dad0
Event: 24.404 Thread 0x000001c1b2c4bb00 Thread added: 0x000001c20b4e5090
Event: 24.941 Thread 0x000001c20b4e5090 Thread added: 0x000001c20b6fae90
Event: 24.966 Thread 0x000001c1b2c4bb00 Thread added: 0x000001c20b909d30
Event: 29.218 Thread 0x000001c20b909d30 Thread added: 0x000001c20bbf46b0
Event: 33.275 Thread 0x000001c20b909d30 Thread added: 0x000001c20b90f550
Event: 37.566 Thread 0x000001c20b909d30 Thread added: 0x000001c20ba4bf10
Event: 43.431 Thread 0x000001c20b909d30 Thread added: 0x000001c2101f25e0
Event: 43.644 Thread 0x000001c20b909d30 Thread added: 0x000001c2101f3300
Event: 43.966 Thread 0x000001c20b909d30 Thread added: 0x000001c2101f53d0


Dynamic libraries:
0x00007ff683e90000 - 0x00007ff683e9e000 	c:\Users\HP\.vscode\extensions\redhat.java-1.55.0-win32-x64\jre\21.0.11-win32-x86_64\bin\java.exe
0x00007fffd8e80000 - 0x00007fffd90e6000 	C:\WINDOWS\SYSTEM32\ntdll.dll
0x00007fffd7b10000 - 0x00007fffd7bd9000 	C:\WINDOWS\System32\KERNEL32.DLL
0x00007fffd65b0000 - 0x00007fffd69b0000 	C:\WINDOWS\System32\KERNELBASE.dll
0x00007fffd62a0000 - 0x00007fffd63ec000 	C:\WINDOWS\System32\ucrtbase.dll
0x00007fffd26a0000 - 0x00007fffd26b8000 	c:\Users\HP\.vscode\extensions\redhat.java-1.55.0-win32-x64\jre\21.0.11-win32-x86_64\bin\jli.dll
0x00007fffd7c70000 - 0x00007fffd7e37000 	C:\WINDOWS\System32\USER32.dll
0x00007fffd6400000 - 0x00007fffd6427000 	C:\WINDOWS\System32\win32u.dll
0x00007fffd8a60000 - 0x00007fffd8a8b000 	C:\WINDOWS\System32\GDI32.dll
0x00007fffd6a80000 - 0x00007fffd6ba9000 	C:\WINDOWS\System32\gdi32full.dll
0x00007fffd6160000 - 0x00007fffd6203000 	C:\WINDOWS\System32\msvcp_win.dll
0x00007fffd2680000 - 0x00007fffd269e000 	c:\Users\HP\.vscode\extensions\redhat.java-1.55.0-win32-x64\jre\21.0.11-win32-x86_64\bin\VCRUNTIME140.dll
0x00007fffc0eb0000 - 0x00007fffc1142000 	C:\WINDOWS\WinSxS\amd64_microsoft.windows.common-controls_6595b64144ccf1df_6.0.26100.8737_none_3e092eaee333b772\COMCTL32.dll
0x00007fffd6cc0000 - 0x00007fffd6d69000 	C:\WINDOWS\System32\msvcrt.dll
0x00007fffd8250000 - 0x00007fffd8282000 	C:\WINDOWS\System32\IMM32.DLL
0x00007fffd0f10000 - 0x00007fffd0f1c000 	c:\Users\HP\.vscode\extensions\redhat.java-1.55.0-win32-x64\jre\21.0.11-win32-x86_64\bin\vcruntime140_1.dll
0x00007fffa8280000 - 0x00007fffa830d000 	c:\Users\HP\.vscode\extensions\redhat.java-1.55.0-win32-x64\jre\21.0.11-win32-x86_64\bin\msvcp140.dll
0x00007fff73090000 - 0x00007fff73e32000 	c:\Users\HP\.vscode\extensions\redhat.java-1.55.0-win32-x64\jre\21.0.11-win32-x86_64\bin\server\jvm.dll
0x00007fffd6c00000 - 0x00007fffd6cb7000 	C:\WINDOWS\System32\ADVAPI32.dll
0x00007fffd7e40000 - 0x00007fffd7eea000 	C:\WINDOWS\System32\sechost.dll
0x00007fffd8130000 - 0x00007fffd8248000 	C:\WINDOWS\System32\RPCRT4.dll
0x00007fffd7be0000 - 0x00007fffd7c60000 	C:\WINDOWS\System32\WS2_32.dll
0x00007fffd5f20000 - 0x00007fffd5f7e000 	C:\WINDOWS\SYSTEM32\POWRPROF.dll
0x00007fffce9d0000 - 0x00007fffcea06000 	C:\WINDOWS\SYSTEM32\WINMM.dll
0x00007fffcea10000 - 0x00007fffcea1b000 	C:\WINDOWS\SYSTEM32\VERSION.dll
0x00007fffd5f00000 - 0x00007fffd5f14000 	C:\WINDOWS\SYSTEM32\UMPDC.dll
0x00007fffd4d40000 - 0x00007fffd4d5b000 	C:\WINDOWS\SYSTEM32\kernel.appcore.dll
0x00007fffd0ed0000 - 0x00007fffd0eda000 	c:\Users\HP\.vscode\extensions\redhat.java-1.55.0-win32-x64\jre\21.0.11-win32-x86_64\bin\jimage.dll
0x00007fffcb730000 - 0x00007fffcb972000 	C:\WINDOWS\SYSTEM32\DBGHELP.DLL
0x00007fffd8ab0000 - 0x00007fffd8e33000 	C:\WINDOWS\System32\combase.dll
0x00007fffd7a30000 - 0x00007fffd7b09000 	C:\WINDOWS\System32\OLEAUT32.dll
0x00007fffb91e0000 - 0x00007fffb921b000 	C:\WINDOWS\SYSTEM32\dbgcore.DLL
0x00007fffd69c0000 - 0x00007fffd6a6c000 	C:\WINDOWS\System32\bcryptPrimitives.dll
0x00007fffca030000 - 0x00007fffca03f000 	c:\Users\HP\.vscode\extensions\redhat.java-1.55.0-win32-x64\jre\21.0.11-win32-x86_64\bin\instrument.dll
0x00007fffd0400000 - 0x00007fffd0420000 	c:\Users\HP\.vscode\extensions\redhat.java-1.55.0-win32-x64\jre\21.0.11-win32-x86_64\bin\java.dll
0x00007fffd8290000 - 0x00007fffd8a22000 	C:\WINDOWS\System32\SHELL32.dll
0x00007fffd3b20000 - 0x00007fffd43b2000 	C:\WINDOWS\SYSTEM32\windows.storage.dll
0x00007fffd7490000 - 0x00007fffd7587000 	C:\WINDOWS\System32\SHCORE.dll
0x00007fffd7420000 - 0x00007fffd7487000 	C:\WINDOWS\System32\shlwapi.dll
0x00007fffd5fc0000 - 0x00007fffd5fe9000 	C:\WINDOWS\SYSTEM32\profapi.dll
0x00007fffcf880000 - 0x00007fffcf898000 	c:\Users\HP\.vscode\extensions\redhat.java-1.55.0-win32-x64\jre\21.0.11-win32-x86_64\bin\zip.dll
0x00007fffd03f0000 - 0x00007fffd0400000 	C:\Users\HP\.vscode\extensions\redhat.java-1.55.0-win32-x64\jre\21.0.11-win32-x86_64\bin\net.dll
0x00007fffcaf40000 - 0x00007fffcb069000 	C:\WINDOWS\SYSTEM32\WINHTTP.dll
0x00007fffd52d0000 - 0x00007fffd533c000 	C:\WINDOWS\system32\mswsock.dll
0x00007fffcf860000 - 0x00007fffcf876000 	C:\Users\HP\.vscode\extensions\redhat.java-1.55.0-win32-x64\jre\21.0.11-win32-x86_64\bin\nio.dll
0x00007fffcf850000 - 0x00007fffcf860000 	c:\Users\HP\.vscode\extensions\redhat.java-1.55.0-win32-x64\jre\21.0.11-win32-x86_64\bin\verify.dll
0x00007fffa8560000 - 0x00007fffa85a5000 	C:\Users\HP\AppData\Roaming\Code\User\globalStorage\redhat.java\1.55.0\config_win\org.eclipse.equinox.launcher\org.eclipse.equinox.launcher.win32.win32.x86_64_1.3.100.v20260613-0559\eclipse_11924.dll
0x00007fffd7ef0000 - 0x00007fffd8089000 	C:\WINDOWS\System32\ole32.dll
0x00007fffd5700000 - 0x00007fffd571b000 	C:\WINDOWS\SYSTEM32\CRYPTSP.dll
0x00007fffd4ca0000 - 0x00007fffd4cd9000 	C:\WINDOWS\system32\rsaenh.dll
0x00007fffd5390000 - 0x00007fffd53c2000 	C:\WINDOWS\SYSTEM32\USERENV.dll
0x00007fffd5f90000 - 0x00007fffd5fba000 	C:\WINDOWS\SYSTEM32\bcrypt.dll
0x00007fffd5540000 - 0x00007fffd554c000 	C:\WINDOWS\SYSTEM32\CRYPTBASE.dll
0x00007fffd46f0000 - 0x00007fffd4723000 	C:\WINDOWS\SYSTEM32\IPHLPAPI.DLL
0x00007fffd8aa0000 - 0x00007fffd8aaa000 	C:\WINDOWS\System32\NSI.dll
0x00007fffa7bf0000 - 0x00007fffa7c39000 	C:\Users\HP\AppData\Local\Temp\jna-2312\jna11683840267222850352.dll
0x00007fffd8a90000 - 0x00007fffd8a98000 	C:\WINDOWS\System32\PSAPI.DLL

JVMTI agents:
c:\Users\HP\.vscode\extensions\redhat.java-1.55.0-win32-x64\lombok\lombok-1.18.39-4050.jar path:c:\Users\HP\.vscode\extensions\redhat.java-1.55.0-win32-x64\jre\21.0.11-win32-x86_64\bin\instrument.dll, loaded, initialized, instrumentlib options:none

dbghelp: loaded successfully - version: 4.0.5 - missing functions: none
symbol engine: initialized successfully - sym options: 0x614 - pdb path: .;c:\Users\HP\.vscode\extensions\redhat.java-1.55.0-win32-x64\jre\21.0.11-win32-x86_64\bin;C:\WINDOWS\SYSTEM32;C:\WINDOWS\WinSxS\amd64_microsoft.windows.common-controls_6595b64144ccf1df_6.0.26100.8737_none_3e092eaee333b772;c:\Users\HP\.vscode\extensions\redhat.java-1.55.0-win32-x64\jre\21.0.11-win32-x86_64\bin\server;C:\Users\HP\AppData\Roaming\Code\User\globalStorage\redhat.java\1.55.0\config_win\org.eclipse.equinox.launcher\org.eclipse.equinox.launcher.win32.win32.x86_64_1.3.100.v20260613-0559;C:\Users\HP\AppData\Local\Temp\jna-2312

VM Arguments:
jvm_args: --add-modules=ALL-SYSTEM --add-opens=java.base/java.util=ALL-UNNAMED --add-opens=java.base/java.lang=ALL-UNNAMED --add-opens=java.base/sun.nio.fs=ALL-UNNAMED -Declipse.application=org.eclipse.jdt.ls.core.id1 -Dosgi.bundles.defaultStartLevel=4 -Declipse.product=org.eclipse.jdt.ls.core.product -Djava.import.generatesMetadataFilesAtProjectRoot=false -DDetectVMInstallationsJob.disabled=true -Dfile.encoding=utf8 -XX:+UseParallelGC -XX:GCTimeRatio=4 -XX:AdaptiveSizePolicyWeight=90 -Dsun.zip.disableMemoryMapping=true -Xmx2G -Xms100m -Xlog:disable -javaagent:c:\Users\HP\.vscode\extensions\redhat.java-1.55.0-win32-x64\lombok\lombok-1.18.39-4050.jar -XX:+HeapDumpOnOutOfMemoryError -XX:HeapDumpPath=c:\Users\HP\AppData\Roaming\Code\User\workspaceStorage\e5280a073425632b458db7cb4e1dbd94\redhat.java -Daether.dependencyCollector.impl=bf 
java_command: c:\Users\HP\.vscode\extensions\redhat.java-1.55.0-win32-x64\server\plugins\org.eclipse.equinox.launcher_1.7.200.v20260619-2039.jar -configuration c:\Users\HP\AppData\Roaming\Code\User\globalStorage\redhat.java\1.55.0\config_win -data c:\Users\HP\AppData\Roaming\Code\User\workspaceStorage\e5280a073425632b458db7cb4e1dbd94\redhat.java\jdt_ws --pipe=\\.\pipe\lsp-196d3e1fba264a52eda543fcce684e4c-sock
java_class_path (initial): c:\Users\HP\.vscode\extensions\redhat.java-1.55.0-win32-x64\server\plugins\org.eclipse.equinox.launcher_1.7.200.v20260619-2039.jar
Launcher Type: SUN_STANDARD

[Global flags]
    uintx AdaptiveSizePolicyWeight                 = 90                                        {product} {command line}
     intx CICompilerCount                          = 3                                         {product} {ergonomic}
    uintx GCTimeRatio                              = 4                                         {product} {command line}
     bool HeapDumpOnOutOfMemoryError               = true                                   {manageable} {command line}
    ccstr HeapDumpPath                             = c:\Users\HP\AppData\Roaming\Code\User\workspaceStorage\e5280a073425632b458db7cb4e1dbd94\redhat.java         {manageable} {command line}
   size_t InitialHeapSize                          = 104857600                                 {product} {command line}
   size_t MaxHeapSize                              = 2147483648                                {product} {command line}
   size_t MaxNewSize                               = 715653120                                 {product} {ergonomic}
   size_t MinHeapDeltaBytes                        = 524288                                    {product} {ergonomic}
   size_t MinHeapSize                              = 104857600                                 {product} {command line}
   size_t NewSize                                  = 34603008                                  {product} {ergonomic}
    uintx NonNMethodCodeHeapSize                   = 5832780                                {pd product} {ergonomic}
    uintx NonProfiledCodeHeapSize                  = 122912730                              {pd product} {ergonomic}
   size_t OldSize                                  = 70254592                                  {product} {ergonomic}
    uintx ProfiledCodeHeapSize                     = 122912730                              {pd product} {ergonomic}
    uintx ReservedCodeCacheSize                    = 251658240                              {pd product} {ergonomic}
     bool SegmentedCodeCache                       = true                                      {product} {ergonomic}
   size_t SoftMaxHeapSize                          = 2147483648                             {manageable} {ergonomic}
     bool UseCompressedOops                        = true                           {product lp64_product} {ergonomic}
     bool UseLargePagesIndividualAllocation        = false                                  {pd product} {ergonomic}
     bool UseParallelGC                            = true                                      {product} {command line}

Logging:
Log output configuration:
 #0: stdout all=off uptime,level,tags foldmultilines=false
 #1: stderr all=off uptime,level,tags foldmultilines=false

Release file:
JAVA_VERSION="21.0.11" 
MODULES="java.base java.compiler java.datatransfer java.xml java.prefs java.desktop java.instrument java.logging java.management java.security.sasl java.naming java.rmi java.management.rmi java.net.http java.scripting java.security.jgss java.transaction.xa java.sql java.sql.rowset java.xml.crypto java.se java.smartcardio jdk.accessibility jdk.internal.jvmstat jdk.attach jdk.charsets jdk.internal.opt jdk.zipfs jdk.compiler jdk.crypto.ec jdk.crypto.cryptoki jdk.crypto.mscapi jdk.dynalink jdk.internal.ed jdk.editpad jdk.hotspot.agent jdk.httpserver jdk.internal.le jdk.internal.vm.ci jdk.internal.vm.compiler jdk.internal.vm.compiler.management jdk.jartool jdk.javadoc jdk.jcmd jdk.management jdk.management.agent jdk.jconsole jdk.jdeps jdk.jdwp.agent jdk.jdi jdk.jfr jdk.jshell jdk.jsobject jdk.jstatd jdk.localedata jdk.management.jfr jdk.naming.dns jdk.naming.rmi jdk.net jdk.nio.mapmode jdk.random jdk.sctp jdk.security.auth jdk.security.jgss jdk.unsupported jdk.unsupported.desktop jdk.xml.dom" 

Environment Variables:
JAVA_HOME=C:\Program Files\Eclipse Adoptium\jdk-17.0.19.10-hotspot\
PATH=C:\Program Files\Eclipse Adoptium\jdk-17.0.19.10-hotspot\bin;C:\Python314\Scripts\;C:\Python314\;C:\WINDOWS\system32;C:\WINDOWS;C:\WINDOWS\System32\Wbem;C:\WINDOWS\System32\WindowsPowerShell\v1.0\;C:\WINDOWS\System32\OpenSSH\;C:\Program Files\Git\cmd;C:\Program Files\nodejs\;C:\ProgramData\chocolatey\bin;C:\Users\HP\AppData\Local\Microsoft\WindowsApps;C:\Users\HP\AppData\Roaming\npm;C:\Users\HP\AppData\Local\Programs\Microsoft VS Code\bin
USERNAME=HP
OS=Windows_NT
PROCESSOR_IDENTIFIER=AMD64 Family 23 Model 24 Stepping 1, AuthenticAMD
TMP=C:\Users\HP\AppData\Local\Temp
TEMP=C:\Users\HP\AppData\Local\Temp




Periodic native trim disabled

---------------  S Y S T E M  ---------------

OS:
 Windows 11 , 64 bit Build 26100 (10.0.26100.8737)
OS uptime: 0 days 23:00 hours
Hyper-V role detected

CPU: total 4 (initial active 4) (4 cores per cpu, 2 threads per core) family 23 model 24 stepping 1 microcode 0x8108109, cx8, cmov, fxsr, ht, mmx, 3dnowpref, sse, sse2, sse3, ssse3, sse4a, sse4.1, sse4.2, popcnt, lzcnt, tsc, tscinvbit, avx, avx2, aes, clmul, bmi1, bmi2, adx, sha, fma, vzeroupper, clflush, clflushopt, hv, rdtscp, f16c
Processor Information for the first 4 processors :
  Max Mhz: 2400, Current Mhz: 2400, Mhz Limit: 2400

Memory: 4k page, system-wide physical 3499M (51M free)
TotalPageFile size 14251M (AvailPageFile size 0M)
current process WorkingSet (physical memory assigned to process): 129M, peak: 129M
current process commit charge ("private bytes"): 261M, peak: 265M

vm_info: OpenJDK 64-Bit Server VM (21.0.11+10-LTS) for windows-amd64 JRE (21.0.11+10-LTS), built on 2026-04-21T00:00:00Z by "admin" with MS VC++ 17.12 (VS2022)

END.
