#
# There is insufficient memory for the Java Runtime Environment to continue.
# Native memory allocation (malloc) failed to allocate 1769872 bytes. Error detail: Chunk::new
# Possible reasons:
#   The system is out of physical RAM or swap space
#   This process is running with CompressedOops enabled, and the Java Heap may be blocking the growth of the native heap
# Possible solutions:
#   Reduce memory load on the system
#   Increase physical memory or swap space
#   Check if swap backing store is full
#   Decrease Java heap size (-Xmx/-Xms)
#   Decrease number of Java threads
#   Decrease Java thread stack sizes (-Xss)
#   Set larger code cache with -XX:ReservedCodeCacheSize=
#   JVM is running with Unscaled Compressed Oops mode in which the Java heap is
#     placed in the first 4GB address space. The Java Heap base address is the
#     maximum limit for the native heap growth. Please use -XX:HeapBaseMinAddress
#     to set the Java Heap base and to place the Java Heap above 4GB virtual address.
# This output file may be truncated or incomplete.
#
#  Out of Memory Error (arena.cpp:168), pid=17372, tid=15004
#
# JRE version: OpenJDK Runtime Environment Temurin-21.0.11+10 (21.0.11+10) (build 21.0.11+10-LTS)
# Java VM: OpenJDK 64-Bit Server VM Temurin-21.0.11+10 (21.0.11+10-LTS, mixed mode, sharing, tiered, compressed oops, compressed class ptrs, g1 gc, windows-amd64)
# No core dump will be written. Minidumps are not enabled by default on client versions of Windows
#

---------------  S U M M A R Y ------------

Command Line: --add-opens=java.base/java.lang=ALL-UNNAMED --add-opens=java.base/java.lang.invoke=ALL-UNNAMED --add-opens=java.base/java.util=ALL-UNNAMED --add-opens=java.prefs/java.util.prefs=ALL-UNNAMED --add-exports=jdk.compiler/com.sun.tools.javac.api=ALL-UNNAMED --add-exports=jdk.compiler/com.sun.tools.javac.util=ALL-UNNAMED --add-opens=java.base/java.util=ALL-UNNAMED --add-opens=java.prefs/java.util.prefs=ALL-UNNAMED --add-opens=java.base/java.nio.charset=ALL-UNNAMED --add-opens=java.base/java.net=ALL-UNNAMED --add-opens=java.base/java.util.concurrent.atomic=ALL-UNNAMED --add-opens=java.xml/javax.xml.namespace=ALL-UNNAMED -XX:MaxMetaspaceSize=512m -Xmx2048m -Dfile.encoding=UTF-8 -Duser.country=US -Duser.language=en -Duser.variant -javaagent:C:\Users\HP\.gradle\wrapper\dists\gradle-8.14.3-all\10utluxaxniiv4wxiphsi49nj\gradle-8.14.3\lib\agents\gradle-instrumentation-agent-8.14.3.jar org.gradle.launcher.daemon.bootstrap.GradleDaemon 8.14.3

Host: AMD Athlon Gold 3150U with Radeon Graphics     , 4 cores, 3G,  Windows 11 , 64 bit Build 26100 (10.0.26100.8737)
Time: Mon Jul 13 22:10:12 2026 Malay Peninsula Standard Time elapsed time: 87.087673 seconds (0d 0h 1m 27s)

---------------  T H R E A D  ---------------

Current thread (0x00000183d7069720):  JavaThread "C2 CompilerThread0" daemon [_thread_in_native, id=15004, stack(0x00000067bb100000,0x00000067bb200000) (1024K)]


Current CompileTask:
C2:87087 4232       4       java.lang.String::split (148 bytes)

Stack: [0x00000067bb100000,0x00000067bb200000]
Native frames: (J=compiled Java code, j=interpreted, Vv=VM code, C=native code)
V  [jvm.dll+0x6d7e19]
V  [jvm.dll+0x8b5096]
V  [jvm.dll+0x8b764e]
V  [jvm.dll+0x8b7d33]
V  [jvm.dll+0x284596]
V  [jvm.dll+0xc685d]
V  [jvm.dll+0xc6da1]
V  [jvm.dll+0x3bed6b]
V  [jvm.dll+0x38b2b2]
V  [jvm.dll+0x38a6fa]
V  [jvm.dll+0x24c700]
V  [jvm.dll+0x24bce0]
V  [jvm.dll+0x1cb4ae]
V  [jvm.dll+0x25baad]
V  [jvm.dll+0x25a03a]
V  [jvm.dll+0x3f868e]
V  [jvm.dll+0x85fb0d]
V  [jvm.dll+0x6d664d]
C  [ucrtbase.dll+0x2cd30]
C  [KERNEL32.DLL+0x2e957]
C  [ntdll.dll+0xaad6c]


---------------  P R O C E S S  ---------------

Threads class SMR info:
_java_thread_list=0x00000183f982c3e0, length=29, elements={
0x00000183be151570, 0x00000183d705fb50, 0x00000183d70652f0, 0x00000183d7066a70,
0x00000183d70674d0, 0x00000183d7067f30, 0x00000183d7068990, 0x00000183d7069720,
0x00000183d70732b0, 0x00000183d72a3100, 0x00000183d7326d10, 0x00000183d7440a30,
0x00000183f71617c0, 0x00000183f74229a0, 0x00000183f745f000, 0x00000183f7464aa0,
0x00000183d7552ec0, 0x00000183d7555620, 0x00000183d7553550, 0x00000183d7554f90,
0x00000183d7554270, 0x00000183d75521a0, 0x00000183d7552830, 0x00000183d7553be0,
0x00000183d7554900, 0x00000183f9b63df0, 0x00000183f9b623b0, 0x00000183f9b630d0,
0x00000183f9b64b10
}

Java Threads: ( => current thread )
  0x00000183be151570 JavaThread "main"                              [_thread_blocked, id=16024, stack(0x00000067ba300000,0x00000067ba400000) (1024K)]
  0x00000183d705fb50 JavaThread "Reference Handler"          daemon [_thread_blocked, id=16752, stack(0x00000067bab00000,0x00000067bac00000) (1024K)]
  0x00000183d70652f0 JavaThread "Finalizer"                  daemon [_thread_blocked, id=8272, stack(0x00000067bac00000,0x00000067bad00000) (1024K)]
  0x00000183d7066a70 JavaThread "Signal Dispatcher"          daemon [_thread_blocked, id=13012, stack(0x00000067bad00000,0x00000067bae00000) (1024K)]
  0x00000183d70674d0 JavaThread "Attach Listener"            daemon [_thread_blocked, id=2892, stack(0x00000067bae00000,0x00000067baf00000) (1024K)]
  0x00000183d7067f30 JavaThread "Service Thread"             daemon [_thread_blocked, id=12756, stack(0x00000067baf00000,0x00000067bb000000) (1024K)]
  0x00000183d7068990 JavaThread "Monitor Deflation Thread"   daemon [_thread_blocked, id=5208, stack(0x00000067bb000000,0x00000067bb100000) (1024K)]
=>0x00000183d7069720 JavaThread "C2 CompilerThread0"         daemon [_thread_in_native, id=15004, stack(0x00000067bb100000,0x00000067bb200000) (1024K)]
  0x00000183d70732b0 JavaThread "C1 CompilerThread0"         daemon [_thread_blocked, id=3556, stack(0x00000067bb200000,0x00000067bb300000) (1024K)]
  0x00000183d72a3100 JavaThread "Common-Cleaner"             daemon [_thread_blocked, id=17252, stack(0x00000067bb300000,0x00000067bb400000) (1024K)]
  0x00000183d7326d10 JavaThread "Notification Thread"        daemon [_thread_blocked, id=16888, stack(0x00000067bb400000,0x00000067bb500000) (1024K)]
  0x00000183d7440a30 JavaThread "Daemon health stats"               [_thread_blocked, id=8296, stack(0x00000067bb800000,0x00000067bb900000) (1024K)]
  0x00000183f71617c0 JavaThread "Incoming local TCP Connector on port 55190"        [_thread_in_native, id=16688, stack(0x00000067bb900000,0x00000067bba00000) (1024K)]
  0x00000183f74229a0 JavaThread "Daemon periodic checks"            [_thread_blocked, id=16764, stack(0x00000067bba00000,0x00000067bbb00000) (1024K)]
  0x00000183f745f000 JavaThread "Daemon"                            [_thread_blocked, id=17272, stack(0x00000067bbc00000,0x00000067bbd00000) (1024K)]
  0x00000183f7464aa0 JavaThread "Handler for socket connection from /127.0.0.1:55190 to /127.0.0.1:54937"        [_thread_in_native, id=10860, stack(0x00000067bbd00000,0x00000067bbe00000) (1024K)]
  0x00000183d7552ec0 JavaThread "Cancel handler"                    [_thread_blocked, id=13632, stack(0x00000067bbe00000,0x00000067bbf00000) (1024K)]
  0x00000183d7555620 JavaThread "Daemon worker"                     [_thread_in_Java, id=17364, stack(0x00000067bbf00000,0x00000067bc000000) (1024K)]
  0x00000183d7553550 JavaThread "Asynchronous log dispatcher for DefaultDaemonConnection: socket connection from /127.0.0.1:55190 to /127.0.0.1:54937"        [_thread_blocked, id=14552, stack(0x00000067bc000000,0x00000067bc100000) (1024K)]
  0x00000183d7554f90 JavaThread "Stdin handler"                     [_thread_blocked, id=6592, stack(0x00000067bc100000,0x00000067bc200000) (1024K)]
  0x00000183d7554270 JavaThread "Daemon client event forwarder"        [_thread_blocked, id=16552, stack(0x00000067bc200000,0x00000067bc300000) (1024K)]
  0x00000183d75521a0 JavaThread "Cache worker for journal cache (C:\Users\HP\.gradle\caches\journal-1)"        [_thread_blocked, id=16576, stack(0x00000067bc300000,0x00000067bc400000) (1024K)]
  0x00000183d7552830 JavaThread "File lock request listener"        [_thread_in_native, id=16840, stack(0x00000067bc400000,0x00000067bc500000) (1024K)]
  0x00000183d7553be0 JavaThread "Cache worker for file hash cache (C:\Users\HP\.gradle\caches\8.14.3\fileHashes)"        [_thread_blocked, id=6732, stack(0x00000067bc500000,0x00000067bc600000) (1024K)]
  0x00000183d7554900 JavaThread "File lock release action executor"        [_thread_blocked, id=16724, stack(0x00000067bc600000,0x00000067bc700000) (1024K)]
  0x00000183f9b63df0 JavaThread "Cache worker for file hash cache (D:\LSA 2025\LAST\PROJT\finance app\finance apps Ori\android\.gradle\8.14.3\fileHashes)"        [_thread_blocked, id=1724, stack(0x00000067bc700000,0x00000067bc800000) (1024K)]
  0x00000183f9b623b0 JavaThread "Cache worker for Build Output Cleanup Cache (D:\LSA 2025\LAST\PROJT\finance app\finance apps Ori\android\.gradle\buildOutputCleanup)"        [_thread_blocked, id=16248, stack(0x00000067bc800000,0x00000067bc900000) (1024K)]
  0x00000183f9b630d0 JavaThread "File watcher server"        daemon [_thread_in_native, id=6708, stack(0x00000067bc900000,0x00000067bca00000) (1024K)]
  0x00000183f9b64b10 JavaThread "File watcher consumer"      daemon [_thread_blocked, id=16580, stack(0x00000067bca00000,0x00000067bcb00000) (1024K)]
Total: 29

Other Threads:
  0x00000183d703e8f0 VMThread "VM Thread"                           [id=15892, stack(0x00000067baa00000,0x00000067bab00000) (1024K)]
  0x00000183d7031020 WatcherThread "VM Periodic Task Thread"        [id=11904, stack(0x00000067ba900000,0x00000067baa00000) (1024K)]
  0x00000183be0fe040 WorkerThread "GC Thread#0"                     [id=17024, stack(0x00000067ba400000,0x00000067ba500000) (1024K)]
  0x00000183d73d6660 WorkerThread "GC Thread#1"                     [id=16532, stack(0x00000067bb500000,0x00000067bb600000) (1024K)]
  0x00000183d7390340 WorkerThread "GC Thread#2"                     [id=11928, stack(0x00000067bb600000,0x00000067bb700000) (1024K)]
  0x00000183d7bbdb60 WorkerThread "GC Thread#3"                     [id=11500, stack(0x00000067bb700000,0x00000067bb800000) (1024K)]
  0x00000183be1b6ba0 ConcurrentGCThread "G1 Main Marker"            [id=12984, stack(0x00000067ba500000,0x00000067ba600000) (1024K)]
  0x00000183be1b75c0 WorkerThread "G1 Conc#0"                       [id=4976, stack(0x00000067ba600000,0x00000067ba700000) (1024K)]
  0x00000183be1ff320 ConcurrentGCThread "G1 Refine#0"               [id=15148, stack(0x00000067ba700000,0x00000067ba800000) (1024K)]
  0x00000183d6f110a0 ConcurrentGCThread "G1 Service"                [id=17092, stack(0x00000067ba800000,0x00000067ba900000) (1024K)]
Total: 10

Threads with active compile tasks:
C2 CompilerThread0  87183 4232       4       java.lang.String::split (148 bytes)
Total: 1

VM state: not at safepoint (normal execution)

VM Mutex/Monitor currently owned by a thread: None

Heap address: 0x0000000080000000, size: 2048 MB, Compressed Oops mode: 32-bit

CDS archive(s) mapped at: [0x00000183d8000000-0x00000183d8ba0000-0x00000183d8ba0000), size 12189696, SharedBaseAddress: 0x00000183d8000000, ArchiveRelocationMode: 1.
Compressed class space mapped at: 0x00000183d9000000-0x00000183f3000000, reserved size: 436207616
Narrow klass base: 0x00000183d8000000, Narrow klass shift: 0, Narrow klass range: 0x100000000

GC Precious Log:
 CardTable entry size: 512
 Card Set container configuration: InlinePtr #cards 5 size 8 Array Of Cards #cards 12 size 40 Howl #buckets 4 coarsen threshold 1843 Howl Bitmap #cards 512 size 80 coarsen threshold 460 Card regions per heap region 1 cards per card region 2048
 CPUs: 4 total, 4 available
 Memory: 3499M
 Large Page Support: Disabled
 NUMA Support: Disabled
 Compressed Oops: Enabled (32-bit)
 Heap Region Size: 1M
 Heap Min Capacity: 8M
 Heap Initial Capacity: 56M
 Heap Max Capacity: 2G
 Pre-touch: Disabled
 Parallel Workers: 4
 Concurrent Workers: 1
 Concurrent Refinement Workers: 4
 Periodic GC: Disabled

Heap:
 garbage-first heap   total 57344K, used 45747K [0x0000000080000000, 0x0000000100000000)
  region size 1024K, 20 young (20480K), 4 survivors (4096K)
 Metaspace       used 32407K, committed 33408K, reserved 491520K
  class space    used 4607K, committed 5120K, reserved 425984K

Heap Regions: E=young(eden), S=young(survivor), O=old, HS=humongous(starts), HC=humongous(continues), CS=collection set, F=free, TAMS=top-at-mark-start, PB=parsable bottom
|   0|0x0000000080000000, 0x0000000080100000, 0x0000000080100000|100%|HS|  |TAMS 0x0000000080000000| PB 0x0000000080000000| Complete 
|   1|0x0000000080100000, 0x0000000080200000, 0x0000000080200000|100%|HC|  |TAMS 0x0000000080100000| PB 0x0000000080100000| Complete 
|   2|0x0000000080200000, 0x0000000080300000, 0x0000000080300000|100%|HC|  |TAMS 0x0000000080200000| PB 0x0000000080200000| Complete 
|   3|0x0000000080300000, 0x0000000080400000, 0x0000000080400000|100%| O|  |TAMS 0x0000000080300000| PB 0x0000000080300000| Untracked 
|   4|0x0000000080400000, 0x0000000080500000, 0x0000000080500000|100%| O|  |TAMS 0x0000000080400000| PB 0x0000000080400000| Untracked 
|   5|0x0000000080500000, 0x0000000080600000, 0x0000000080600000|100%| O|  |TAMS 0x0000000080500000| PB 0x0000000080500000| Untracked 
|   6|0x0000000080600000, 0x0000000080700000, 0x0000000080700000|100%| O|  |TAMS 0x0000000080600000| PB 0x0000000080600000| Untracked 
|   7|0x0000000080700000, 0x0000000080800000, 0x0000000080800000|100%| O|  |TAMS 0x0000000080700000| PB 0x0000000080700000| Untracked 
|   8|0x0000000080800000, 0x0000000080900000, 0x0000000080900000|100%| O|  |TAMS 0x0000000080800000| PB 0x0000000080800000| Untracked 
|   9|0x0000000080900000, 0x0000000080a00000, 0x0000000080a00000|100%| O|  |TAMS 0x0000000080900000| PB 0x0000000080900000| Untracked 
|  10|0x0000000080a00000, 0x0000000080b00000, 0x0000000080b00000|100%|HS|  |TAMS 0x0000000080a00000| PB 0x0000000080a00000| Complete 
|  11|0x0000000080b00000, 0x0000000080c00000, 0x0000000080c00000|100%| O|  |TAMS 0x0000000080b00000| PB 0x0000000080b00000| Untracked 
|  12|0x0000000080c00000, 0x0000000080d00000, 0x0000000080d00000|100%| O|  |TAMS 0x0000000080c00000| PB 0x0000000080c00000| Untracked 
|  13|0x0000000080d00000, 0x0000000080e00000, 0x0000000080e00000|100%| O|  |TAMS 0x0000000080d00000| PB 0x0000000080d00000| Untracked 
|  14|0x0000000080e00000, 0x0000000080f00000, 0x0000000080f00000|100%| O|  |TAMS 0x0000000080e00000| PB 0x0000000080e00000| Untracked 
|  15|0x0000000080f00000, 0x0000000081000000, 0x0000000081000000|100%| O|  |TAMS 0x0000000080f00000| PB 0x0000000080f00000| Untracked 
|  16|0x0000000081000000, 0x0000000081100000, 0x0000000081100000|100%| O|  |TAMS 0x0000000081000000| PB 0x0000000081000000| Untracked 
|  17|0x0000000081100000, 0x0000000081200000, 0x0000000081200000|100%| O|  |TAMS 0x0000000081100000| PB 0x0000000081100000| Untracked 
|  18|0x0000000081200000, 0x0000000081300000, 0x0000000081300000|100%| O|  |TAMS 0x0000000081200000| PB 0x0000000081200000| Untracked 
|  19|0x0000000081300000, 0x0000000081400000, 0x0000000081400000|100%| O|  |TAMS 0x0000000081300000| PB 0x0000000081300000| Untracked 
|  20|0x0000000081400000, 0x0000000081500000, 0x0000000081500000|100%| O|  |TAMS 0x0000000081400000| PB 0x0000000081400000| Untracked 
|  21|0x0000000081500000, 0x0000000081600000, 0x0000000081600000|100%| O|  |TAMS 0x0000000081500000| PB 0x0000000081500000| Untracked 
|  22|0x0000000081600000, 0x0000000081700000, 0x0000000081700000|100%| O|  |TAMS 0x0000000081600000| PB 0x0000000081600000| Untracked 
|  23|0x0000000081700000, 0x0000000081800000, 0x0000000081800000|100%| O|  |TAMS 0x0000000081700000| PB 0x0000000081700000| Untracked 
|  24|0x0000000081800000, 0x0000000081900000, 0x0000000081900000|100%| O|  |TAMS 0x0000000081800000| PB 0x0000000081800000| Untracked 
|  25|0x0000000081900000, 0x00000000819ace00, 0x0000000081a00000| 67%| O|  |TAMS 0x0000000081900000| PB 0x0000000081900000| Untracked 
|  26|0x0000000081a00000, 0x0000000081b00000, 0x0000000081b00000|100%| S|CS|TAMS 0x0000000081a00000| PB 0x0000000081a00000| Complete 
|  27|0x0000000081b00000, 0x0000000081c00000, 0x0000000081c00000|100%| S|CS|TAMS 0x0000000081b00000| PB 0x0000000081b00000| Complete 
|  28|0x0000000081c00000, 0x0000000081d00000, 0x0000000081d00000|100%| S|CS|TAMS 0x0000000081c00000| PB 0x0000000081c00000| Complete 
|  29|0x0000000081d00000, 0x0000000081e00000, 0x0000000081e00000|100%| S|CS|TAMS 0x0000000081d00000| PB 0x0000000081d00000| Complete 
|  30|0x0000000081e00000, 0x0000000081e00000, 0x0000000081f00000|  0%| F|  |TAMS 0x0000000081e00000| PB 0x0000000081e00000| Untracked 
|  31|0x0000000081f00000, 0x0000000081f00000, 0x0000000082000000|  0%| F|  |TAMS 0x0000000081f00000| PB 0x0000000081f00000| Untracked 
|  32|0x0000000082000000, 0x0000000082000000, 0x0000000082100000|  0%| F|  |TAMS 0x0000000082000000| PB 0x0000000082000000| Untracked 
|  33|0x0000000082100000, 0x0000000082100000, 0x0000000082200000|  0%| F|  |TAMS 0x0000000082100000| PB 0x0000000082100000| Untracked 
|  34|0x0000000082200000, 0x0000000082200000, 0x0000000082300000|  0%| F|  |TAMS 0x0000000082200000| PB 0x0000000082200000| Untracked 
|  35|0x0000000082300000, 0x0000000082300000, 0x0000000082400000|  0%| F|  |TAMS 0x0000000082300000| PB 0x0000000082300000| Untracked 
|  36|0x0000000082400000, 0x0000000082400000, 0x0000000082500000|  0%| F|  |TAMS 0x0000000082400000| PB 0x0000000082400000| Untracked 
|  37|0x0000000082500000, 0x0000000082500000, 0x0000000082600000|  0%| F|  |TAMS 0x0000000082500000| PB 0x0000000082500000| Untracked 
|  38|0x0000000082600000, 0x0000000082600000, 0x0000000082700000|  0%| F|  |TAMS 0x0000000082600000| PB 0x0000000082600000| Untracked 
|  39|0x0000000082700000, 0x0000000082700000, 0x0000000082800000|  0%| F|  |TAMS 0x0000000082700000| PB 0x0000000082700000| Untracked 
|  40|0x0000000082800000, 0x00000000828691d8, 0x0000000082900000| 41%| E|  |TAMS 0x0000000082800000| PB 0x0000000082800000| Complete 
|  41|0x0000000082900000, 0x0000000082a00000, 0x0000000082a00000|100%| E|CS|TAMS 0x0000000082900000| PB 0x0000000082900000| Complete 
|  42|0x0000000082a00000, 0x0000000082b00000, 0x0000000082b00000|100%| E|CS|TAMS 0x0000000082a00000| PB 0x0000000082a00000| Complete 
|  43|0x0000000082b00000, 0x0000000082c00000, 0x0000000082c00000|100%| E|CS|TAMS 0x0000000082b00000| PB 0x0000000082b00000| Complete 
|  44|0x0000000082c00000, 0x0000000082d00000, 0x0000000082d00000|100%| E|CS|TAMS 0x0000000082c00000| PB 0x0000000082c00000| Complete 
|  45|0x0000000082d00000, 0x0000000082e00000, 0x0000000082e00000|100%| E|CS|TAMS 0x0000000082d00000| PB 0x0000000082d00000| Complete 
|  46|0x0000000082e00000, 0x0000000082f00000, 0x0000000082f00000|100%| E|CS|TAMS 0x0000000082e00000| PB 0x0000000082e00000| Complete 
|  47|0x0000000082f00000, 0x0000000083000000, 0x0000000083000000|100%| E|CS|TAMS 0x0000000082f00000| PB 0x0000000082f00000| Complete 
|  48|0x0000000083000000, 0x0000000083100000, 0x0000000083100000|100%| E|CS|TAMS 0x0000000083000000| PB 0x0000000083000000| Complete 
|  49|0x0000000083100000, 0x0000000083200000, 0x0000000083200000|100%| E|CS|TAMS 0x0000000083100000| PB 0x0000000083100000| Complete 
|  50|0x0000000083200000, 0x0000000083300000, 0x0000000083300000|100%| E|CS|TAMS 0x0000000083200000| PB 0x0000000083200000| Complete 
|  51|0x0000000083300000, 0x0000000083400000, 0x0000000083400000|100%| E|CS|TAMS 0x0000000083300000| PB 0x0000000083300000| Complete 
|  52|0x0000000083400000, 0x0000000083500000, 0x0000000083500000|100%| E|CS|TAMS 0x0000000083400000| PB 0x0000000083400000| Complete 
|  53|0x0000000083500000, 0x0000000083600000, 0x0000000083600000|100%| E|CS|TAMS 0x0000000083500000| PB 0x0000000083500000| Complete 
|  54|0x0000000083600000, 0x0000000083700000, 0x0000000083700000|100%| E|CS|TAMS 0x0000000083600000| PB 0x0000000083600000| Complete 
|  55|0x0000000083700000, 0x0000000083800000, 0x0000000083800000|100%| E|CS|TAMS 0x0000000083700000| PB 0x0000000083700000| Complete 

Card table byte_map: [0x00000183d2670000,0x00000183d2a70000] _byte_map_base: 0x00000183d2270000

Marking Bits: (CMBitMap*) 0x00000183be0fe660
 Bits: [0x00000183d2a70000, 0x00000183d4a70000)

Polling page: 0x00000183c2c20000

Metaspace:

Usage:
  Non-class:     27.15 MB used.
      Class:      4.50 MB used.
       Both:     31.65 MB used.

Virtual space:
  Non-class space:       64.00 MB reserved,      27.62 MB ( 43%) committed,  1 nodes.
      Class space:      416.00 MB reserved,       5.00 MB (  1%) committed,  1 nodes.
             Both:      480.00 MB reserved,      32.62 MB (  7%) committed. 

Chunk freelists:
   Non-Class:  3.77 MB
       Class:  11.05 MB
        Both:  14.81 MB

MaxMetaspaceSize: 512.00 MB
CompressedClassSpaceSize: 416.00 MB
Initial GC threshold: 21.00 MB
Current GC threshold: 35.25 MB
CDS: on
 - commit_granule_bytes: 65536.
 - commit_granule_words: 8192.
 - virtual_space_node_default_size: 8388608.
 - enlarge_chunks_in_place: 1.
 - use_allocation_guard: 0.


Internal statistics:

num_allocs_failed_limit: 3.
num_arena_births: 1568.
num_arena_deaths: 0.
num_vsnodes_births: 2.
num_vsnodes_deaths: 0.
num_space_committed: 522.
num_space_uncommitted: 0.
num_chunks_returned_to_freelist: 3.
num_chunks_taken_from_freelist: 2951.
num_chunk_merges: 3.
num_chunk_splits: 1879.
num_chunks_enlarged: 1154.
num_inconsistent_stats: 0.

CodeHeap 'non-profiled nmethods': size=120000Kb used=2248Kb max_used=2248Kb free=117751Kb
 bounds [0x00000183ca710000, 0x00000183ca980000, 0x00000183d1c40000]
CodeHeap 'profiled nmethods': size=120000Kb used=8625Kb max_used=8625Kb free=111374Kb
 bounds [0x00000183c2c40000, 0x00000183c34b0000, 0x00000183ca170000]
CodeHeap 'non-nmethods': size=5760Kb used=1806Kb max_used=1831Kb free=3953Kb
 bounds [0x00000183ca170000, 0x00000183ca3e0000, 0x00000183ca710000]
CodeCache: size=245760Kb, used=12679Kb, max_used=12704Kb, free=233078Kb
 total_blobs=4936, nmethods=4253, adapters=587, full_count=0
Compilation: enabled, stopped_count=0, restarted_count=0

Compilation events (20 events):
Event: 86.904 Thread 0x00000183d70732b0 4248       3       org.codehaus.groovy.vmplugin.v9.Java9$$Lambda/0x00000183d94a78d0::test (12 bytes)
Event: 86.905 Thread 0x00000183d70732b0 nmethod 4248 0x00000183c34a7090 code [0x00000183c34a7260, 0x00000183c34a7588]
Event: 86.905 Thread 0x00000183d70732b0 4249       3       org.codehaus.groovy.vmplugin.v9.Java9::lambda$doFindClasses$1 (8 bytes)
Event: 86.905 Thread 0x00000183d70732b0 nmethod 4249 0x00000183c34a7690 code [0x00000183c34a7840, 0x00000183c34a79f8]
Event: 86.905 Thread 0x00000183d70732b0 4250       3       java.util.stream.Collectors$$Lambda/0x00000183d93714c8::accept (17 bytes)
Event: 86.905 Thread 0x00000183d70732b0 nmethod 4250 0x00000183c34a7b10 code [0x00000183c34a7cc0, 0x00000183c34a7f20]
Event: 86.905 Thread 0x00000183d70732b0 4251       3       java.util.stream.Collectors::lambda$uniqKeysMapAccumulator$1 (49 bytes)
Event: 86.905 Thread 0x00000183d70732b0 nmethod 4251 0x00000183c34a8010 code [0x00000183c34a8220, 0x00000183c34a8770]
Event: 86.905 Thread 0x00000183d70732b0 4252       3       org.codehaus.groovy.vmplugin.v9.Java9$$Lambda/0x00000183d94a71f0::apply (10 bytes)
Event: 86.905 Thread 0x00000183d70732b0 nmethod 4252 0x00000183c34a8990 code [0x00000183c34a8b40, 0x00000183c34a8e28]
Event: 86.906 Thread 0x00000183d70732b0 4253       3       org.codehaus.groovy.vmplugin.v9.Java9$$Lambda/0x00000183d94a7430::apply (12 bytes)
Event: 86.906 Thread 0x00000183d70732b0 nmethod 4253 0x00000183c34a8f10 code [0x00000183c34a90c0, 0x00000183c34a9308]
Event: 86.906 Thread 0x00000183d70732b0 4254       3       org.codehaus.groovy.vmplugin.v9.Java9::lambda$doFindClasses$3 (47 bytes)
Event: 86.907 Thread 0x00000183d70732b0 nmethod 4254 0x00000183c34a9410 code [0x00000183c34a96c0, 0x00000183c34aa4b0]
Event: 86.907 Thread 0x00000183d70732b0 4255       3       org.codehaus.groovy.vmplugin.v9.Java9$$Lambda/0x00000183d94a78d0::<init> (10 bytes)
Event: 86.907 Thread 0x00000183d70732b0 nmethod 4255 0x00000183c34aa910 code [0x00000183c34aaac0, 0x00000183c34aac78]
Event: 86.907 Thread 0x00000183d70732b0 4256       3       org.codehaus.groovy.vmplugin.v9.Java9$$Lambda/0x00000183d94a7b28::apply (8 bytes)
Event: 86.908 Thread 0x00000183d70732b0 nmethod 4256 0x00000183c34aad10 code [0x00000183c34aaf40, 0x00000183c34ab5e0]
Event: 86.908 Thread 0x00000183d70732b0 4257       3       org.codehaus.groovy.vmplugin.v9.Java9::lambda$doFindClasses$2 (28 bytes)
Event: 86.909 Thread 0x00000183d70732b0 nmethod 4257 0x00000183c34ab890 code [0x00000183c34abaa0, 0x00000183c34abfa0]

GC Heap History (20 events):
Event: 5.940 GC heap before
{Heap before GC invocations=1 (full 0):
 garbage-first heap   total 57344K, used 27968K [0x0000000080000000, 0x0000000100000000)
  region size 1024K, 26 young (26624K), 2 survivors (2048K)
 Metaspace       used 3357K, committed 3584K, reserved 491520K
  class space    used 432K, committed 576K, reserved 425984K
}
Event: 5.955 GC heap after
{Heap after GC invocations=2 (full 0):
 garbage-first heap   total 57344K, used 10240K [0x0000000080000000, 0x0000000100000000)
  region size 1024K, 4 young (4096K), 4 survivors (4096K)
 Metaspace       used 3357K, committed 3584K, reserved 491520K
  class space    used 432K, committed 576K, reserved 425984K
}
Event: 9.417 GC heap before
{Heap before GC invocations=2 (full 0):
 garbage-first heap   total 57344K, used 39936K [0x0000000080000000, 0x0000000100000000)
  region size 1024K, 33 young (33792K), 4 survivors (4096K)
 Metaspace       used 4457K, committed 4608K, reserved 491520K
  class space    used 561K, committed 640K, reserved 425984K
}
Event: 9.432 GC heap after
{Heap after GC invocations=3 (full 0):
 garbage-first heap   total 57344K, used 11138K [0x0000000080000000, 0x0000000100000000)
  region size 1024K, 1 young (1024K), 1 survivors (1024K)
 Metaspace       used 4457K, committed 4608K, reserved 491520K
  class space    used 561K, committed 640K, reserved 425984K
}
Event: 15.169 GC heap before
{Heap before GC invocations=3 (full 0):
 garbage-first heap   total 57344K, used 44930K [0x0000000080000000, 0x0000000100000000)
  region size 1024K, 33 young (33792K), 1 survivors (1024K)
 Metaspace       used 4520K, committed 4672K, reserved 491520K
  class space    used 562K, committed 640K, reserved 425984K
}
Event: 15.182 GC heap after
{Heap after GC invocations=4 (full 0):
 garbage-first heap   total 57344K, used 15923K [0x0000000080000000, 0x0000000100000000)
  region size 1024K, 5 young (5120K), 5 survivors (5120K)
 Metaspace       used 4520K, committed 4672K, reserved 491520K
  class space    used 562K, committed 640K, reserved 425984K
}
Event: 38.242 GC heap before
{Heap before GC invocations=4 (full 0):
 garbage-first heap   total 57344K, used 44595K [0x0000000080000000, 0x0000000100000000)
  region size 1024K, 33 young (33792K), 5 survivors (5120K)
 Metaspace       used 10359K, committed 10624K, reserved 491520K
  class space    used 1414K, committed 1536K, reserved 425984K
}
Event: 38.307 GC heap after
{Heap after GC invocations=5 (full 0):
 garbage-first heap   total 57344K, used 19860K [0x0000000080000000, 0x0000000100000000)
  region size 1024K, 4 young (4096K), 4 survivors (4096K)
 Metaspace       used 10359K, committed 10624K, reserved 491520K
  class space    used 1414K, committed 1536K, reserved 425984K
}
Event: 48.095 GC heap before
{Heap before GC invocations=5 (full 0):
 garbage-first heap   total 57344K, used 44436K [0x0000000080000000, 0x0000000100000000)
  region size 1024K, 29 young (29696K), 4 survivors (4096K)
 Metaspace       used 14978K, committed 15424K, reserved 491520K
  class space    used 2085K, committed 2304K, reserved 425984K
}
Event: 48.114 GC heap after
{Heap after GC invocations=6 (full 0):
 garbage-first heap   total 57344K, used 21728K [0x0000000080000000, 0x0000000100000000)
  region size 1024K, 2 young (2048K), 2 survivors (2048K)
 Metaspace       used 14978K, committed 15424K, reserved 491520K
  class space    used 2085K, committed 2304K, reserved 425984K
}
Event: 62.913 GC heap before
{Heap before GC invocations=6 (full 0):
 garbage-first heap   total 57344K, used 45280K [0x0000000080000000, 0x0000000100000000)
  region size 1024K, 26 young (26624K), 2 survivors (2048K)
 Metaspace       used 18368K, committed 18944K, reserved 491520K
  class space    used 2637K, committed 2880K, reserved 425984K
}
Event: 62.931 GC heap after
{Heap after GC invocations=7 (full 0):
 garbage-first heap   total 57344K, used 22866K [0x0000000080000000, 0x0000000100000000)
  region size 1024K, 3 young (3072K), 3 survivors (3072K)
 Metaspace       used 18368K, committed 18944K, reserved 491520K
  class space    used 2637K, committed 2880K, reserved 425984K
}
Event: 69.510 GC heap before
{Heap before GC invocations=7 (full 0):
 garbage-first heap   total 57344K, used 42322K [0x0000000080000000, 0x0000000100000000)
  region size 1024K, 23 young (23552K), 3 survivors (3072K)
 Metaspace       used 20877K, committed 21504K, reserved 491520K
  class space    used 3066K, committed 3392K, reserved 425984K
}
Event: 69.532 GC heap after
{Heap after GC invocations=8 (full 0):
 garbage-first heap   total 57344K, used 24299K [0x0000000080000000, 0x0000000100000000)
  region size 1024K, 3 young (3072K), 3 survivors (3072K)
 Metaspace       used 20877K, committed 21504K, reserved 491520K
  class space    used 3066K, committed 3392K, reserved 425984K
}
Event: 74.137 GC heap before
{Heap before GC invocations=9 (full 0):
 garbage-first heap   total 57344K, used 48875K [0x0000000080000000, 0x0000000100000000)
  region size 1024K, 27 young (27648K), 3 survivors (3072K)
 Metaspace       used 24074K, committed 25024K, reserved 491520K
  class space    used 3627K, committed 4096K, reserved 425984K
}
Event: 74.157 GC heap after
{Heap after GC invocations=10 (full 0):
 garbage-first heap   total 57344K, used 25933K [0x0000000080000000, 0x0000000100000000)
  region size 1024K, 3 young (3072K), 3 survivors (3072K)
 Metaspace       used 24074K, committed 25024K, reserved 491520K
  class space    used 3627K, committed 4096K, reserved 425984K
}
Event: 77.459 GC heap before
{Heap before GC invocations=10 (full 0):
 garbage-first heap   total 57344K, used 49485K [0x0000000080000000, 0x0000000100000000)
  region size 1024K, 26 young (26624K), 3 survivors (3072K)
 Metaspace       used 27672K, committed 28672K, reserved 491520K
  class space    used 4120K, committed 4608K, reserved 425984K
}
Event: 77.482 GC heap after
{Heap after GC invocations=11 (full 0):
 garbage-first heap   total 57344K, used 27076K [0x0000000080000000, 0x0000000100000000)
  region size 1024K, 3 young (3072K), 3 survivors (3072K)
 Metaspace       used 27672K, committed 28672K, reserved 491520K
  class space    used 4120K, committed 4608K, reserved 425984K
}
Event: 84.996 GC heap before
{Heap before GC invocations=11 (full 0):
 garbage-first heap   total 57344K, used 49604K [0x0000000080000000, 0x0000000100000000)
  region size 1024K, 26 young (26624K), 3 survivors (3072K)
 Metaspace       used 32382K, committed 33408K, reserved 491520K
  class space    used 4604K, committed 5120K, reserved 425984K
}
Event: 85.104 GC heap after
{Heap after GC invocations=12 (full 0):
 garbage-first heap   total 57344K, used 30387K [0x0000000080000000, 0x0000000100000000)
  region size 1024K, 4 young (4096K), 4 survivors (4096K)
 Metaspace       used 32382K, committed 33408K, reserved 491520K
  class space    used 4604K, committed 5120K, reserved 425984K
}

Dll operation events (14 events):
Event: 0.109 Loaded shared library C:\Users\HP\.vscode\extensions\redhat.java-1.55.0-win32-x64\jre\21.0.11-win32-x86_64\bin\java.dll
Event: 0.680 Loaded shared library C:\Users\HP\.vscode\extensions\redhat.java-1.55.0-win32-x64\jre\21.0.11-win32-x86_64\bin\zip.dll
Event: 0.877 Loaded shared library C:\Users\HP\.vscode\extensions\redhat.java-1.55.0-win32-x64\jre\21.0.11-win32-x86_64\bin\instrument.dll
Event: 0.938 Loaded shared library C:\Users\HP\.vscode\extensions\redhat.java-1.55.0-win32-x64\jre\21.0.11-win32-x86_64\bin\net.dll
Event: 0.955 Loaded shared library C:\Users\HP\.vscode\extensions\redhat.java-1.55.0-win32-x64\jre\21.0.11-win32-x86_64\bin\nio.dll
Event: 0.972 Loaded shared library C:\Users\HP\.vscode\extensions\redhat.java-1.55.0-win32-x64\jre\21.0.11-win32-x86_64\bin\zip.dll
Event: 2.417 Loaded shared library C:\Users\HP\.vscode\extensions\redhat.java-1.55.0-win32-x64\jre\21.0.11-win32-x86_64\bin\jimage.dll
Event: 3.940 Loaded shared library C:\Users\HP\.vscode\extensions\redhat.java-1.55.0-win32-x64\jre\21.0.11-win32-x86_64\bin\verify.dll
Event: 4.857 Loaded shared library C:\Users\HP\.gradle\native\1def1411415f61bf3af743bc5b6707747c0891f09f0c88961ee8f79bc544acac\windows-amd64\native-platform.dll
Event: 4.910 Loaded shared library C:\Users\HP\.gradle\native\0.2.7\x86_64-windows-gnu\gradle-fileevents.dll
Event: 24.110 Loaded shared library C:\Users\HP\.vscode\extensions\redhat.java-1.55.0-win32-x64\jre\21.0.11-win32-x86_64\bin\management.dll
Event: 24.294 Loaded shared library C:\Users\HP\.vscode\extensions\redhat.java-1.55.0-win32-x64\jre\21.0.11-win32-x86_64\bin\management_ext.dll
Event: 27.701 Loaded shared library C:\Users\HP\.vscode\extensions\redhat.java-1.55.0-win32-x64\jre\21.0.11-win32-x86_64\bin\extnet.dll
Event: 36.395 Loaded shared library C:\Users\HP\.vscode\extensions\redhat.java-1.55.0-win32-x64\jre\21.0.11-win32-x86_64\bin\sunmscapi.dll

Deoptimization events (20 events):
Event: 83.529 Thread 0x00000183d7555620 Uncommon trap: trap_request=0xffffffc6 fr.pc=0x00000183ca918578 relative=0x0000000000000118
Event: 83.529 Thread 0x00000183d7555620 Uncommon trap: reason=bimorphic_or_optimized_type_check action=maybe_recompile pc=0x00000183ca918578 method=java.util.stream.MatchOps$1MatchSink.accept(Ljava/lang/Object;)V @ 12 c2
Event: 83.529 Thread 0x00000183d7555620 DEOPT PACKING pc=0x00000183ca918578 sp=0x00000067bbff86a0
Event: 83.529 Thread 0x00000183d7555620 DEOPT UNPACKING pc=0x00000183ca1c4422 sp=0x00000067bbff8638 mode 2
Event: 83.529 Thread 0x00000183d7555620 Uncommon trap: trap_request=0xffffffc6 fr.pc=0x00000183ca918578 relative=0x0000000000000118
Event: 83.529 Thread 0x00000183d7555620 Uncommon trap: reason=bimorphic_or_optimized_type_check action=maybe_recompile pc=0x00000183ca918578 method=java.util.stream.MatchOps$1MatchSink.accept(Ljava/lang/Object;)V @ 12 c2
Event: 83.529 Thread 0x00000183d7555620 DEOPT PACKING pc=0x00000183ca918578 sp=0x00000067bbff86a0
Event: 83.538 Thread 0x00000183d7555620 DEOPT UNPACKING pc=0x00000183ca1c4422 sp=0x00000067bbff8638 mode 2
Event: 83.538 Thread 0x00000183d7555620 Uncommon trap: trap_request=0xffffffc6 fr.pc=0x00000183ca918578 relative=0x0000000000000118
Event: 83.538 Thread 0x00000183d7555620 Uncommon trap: reason=bimorphic_or_optimized_type_check action=maybe_recompile pc=0x00000183ca918578 method=java.util.stream.MatchOps$1MatchSink.accept(Ljava/lang/Object;)V @ 12 c2
Event: 83.538 Thread 0x00000183d7555620 DEOPT PACKING pc=0x00000183ca918578 sp=0x00000067bbff86a0
Event: 83.538 Thread 0x00000183d7555620 DEOPT UNPACKING pc=0x00000183ca1c4422 sp=0x00000067bbff8638 mode 2
Event: 83.692 Thread 0x00000183d7555620 Uncommon trap: trap_request=0xffffff6e fr.pc=0x00000183ca92eb88 relative=0x0000000000000848
Event: 83.692 Thread 0x00000183d7555620 Uncommon trap: reason=loop_limit_check action=maybe_recompile pc=0x00000183ca92eb88 method=java.util.regex.Pattern$Start.match(Ljava/util/regex/Matcher;ILjava/lang/CharSequence;)Z @ 34 c2
Event: 83.692 Thread 0x00000183d7555620 DEOPT PACKING pc=0x00000183ca92eb88 sp=0x00000067bbff89f0
Event: 83.692 Thread 0x00000183d7555620 DEOPT UNPACKING pc=0x00000183ca1c4422 sp=0x00000067bbff8940 mode 2
Event: 85.761 Thread 0x00000183d7555620 DEOPT PACKING pc=0x00000183c347de40 sp=0x00000067bbff8740
Event: 85.762 Thread 0x00000183d7555620 DEOPT UNPACKING pc=0x00000183ca1c4bc2 sp=0x00000067bbff7c30 mode 0
Event: 85.865 Thread 0x00000183d7555620 DEOPT PACKING pc=0x00000183c347de40 sp=0x00000067bbff8740
Event: 85.865 Thread 0x00000183d7555620 DEOPT UNPACKING pc=0x00000183ca1c4bc2 sp=0x00000067bbff7c30 mode 0

Classes loaded (20 events):
Event: 83.851 Loading class jdk/internal/jrtfs/SystemImage$1
Event: 83.851 Loading class jdk/internal/jrtfs/SystemImage$1 done
Event: 83.855 Loading class jdk/internal/jimage/ImageReader$SharedImageReader$LocationVisitor
Event: 83.855 Loading class jdk/internal/jimage/ImageReader$SharedImageReader$LocationVisitor done
Event: 83.878 Loading class java/nio/ByteBufferAsIntBufferL
Event: 83.904 Loading class java/nio/ByteBufferAsIntBufferL done
Event: 84.170 Loading class jdk/internal/jrtfs/JrtFileAttributes
Event: 84.293 Loading class jdk/internal/jrtfs/JrtFileAttributes done
Event: 84.293 Loading class jdk/internal/jrtfs/JrtDirectoryStream
Event: 84.295 Loading class jdk/internal/jrtfs/JrtDirectoryStream done
Event: 84.470 Loading class jdk/internal/jrtfs/JrtDirectoryStream$1
Event: 84.489 Loading class jdk/internal/jrtfs/JrtDirectoryStream$1 done
Event: 84.490 Loading class java/util/function/BooleanSupplier
Event: 84.516 Loading class java/util/function/BooleanSupplier done
Event: 84.576 Loading class jdk/internal/jimage/ImageReader$Resource
Event: 84.577 Loading class jdk/internal/jimage/ImageReader$Resource done
Event: 86.916 Loading class java/util/WeakHashMap$KeyIterator
Event: 86.932 Loading class java/util/WeakHashMap$HashIterator
Event: 87.072 Loading class java/util/WeakHashMap$HashIterator done
Event: 87.073 Loading class java/util/WeakHashMap$KeyIterator done

Classes unloaded (0 events):
No events

Classes redefined (0 events):
No events

Internal exceptions (20 events):
Event: 75.409 Thread 0x00000183d7555620 Exception <a 'java/lang/NoSuchMethodError'{0x00000000831f5818}: 'void java.lang.invoke.DirectMethodHandle$Holder.invokeInterface(java.lang.Object, java.lang.Object, java.lang.Object, java.lang.Object, java.lang.Object)'> (0x00000000831f5818) 
thrown [s\src\hotspot\share\interpreter\linkResolver.cpp, line 773]
Event: 75.437 Thread 0x00000183d7555620 Exception <a 'java/lang/NoSuchMethodError'{0x0000000083050f48}: 'void java.lang.invoke.DirectMethodHandle$Holder.invokeStatic(java.lang.Object, java.lang.Object, java.lang.Object, java.lang.Object, java.lang.Object, java.lang.Object)'> (0x0000000083050f48) 
thrown [s\src\hotspot\share\interpreter\linkResolver.cpp, line 773]
Event: 76.741 Thread 0x00000183d7555620 Exception <a 'java/lang/NoSuchMethodError'{0x0000000082591760}: 'java.lang.Object java.lang.invoke.DirectMethodHandle$Holder.newInvokeSpecial(java.lang.Object, java.lang.Object, int, int)'> (0x0000000082591760) 
thrown [s\src\hotspot\share\interpreter\linkResolver.cpp, line 773]
Event: 76.776 Thread 0x00000183d7555620 Exception <a 'java/lang/NoSuchMethodError'{0x00000000825cc4d8}: 'void java.lang.invoke.DirectMethodHandle$Holder.invokeSpecial(java.lang.Object, java.lang.Object, int)'> (0x00000000825cc4d8) 
thrown [s\src\hotspot\share\interpreter\linkResolver.cpp, line 773]
Event: 76.778 Thread 0x00000183d7555620 Exception <a 'java/lang/NoSuchMethodError'{0x00000000825d07c8}: 'void java.lang.invoke.Invokers$Holder.invokeExact_MT(java.lang.Object, int, java.lang.Object)'> (0x00000000825d07c8) 
thrown [s\src\hotspot\share\interpreter\linkResolver.cpp, line 773]
Event: 77.731 Thread 0x00000183d7555620 Implicit null exception at 0x00000183ca8409b4 to 0x00000183ca840ed0
Event: 77.731 Thread 0x00000183d7555620 Implicit null exception at 0x00000183ca8d9598 to 0x00000183ca8d9914
Event: 77.731 Thread 0x00000183d7555620 Implicit null exception at 0x00000183ca8db530 to 0x00000183ca8dbdf4
Event: 77.732 Thread 0x00000183d7555620 Exception <a 'java/lang/NoSuchMethodError'{0x00000000837f9080}: 'java.lang.reflect.Method[] java.lang.Class.getDeclaredMethods(java.lang.Class)'> (0x00000000837f9080) 
thrown [s\src\hotspot\share\interpreter\linkResolver.cpp, line 773]
Event: 77.859 Thread 0x00000183d7555620 Exception <a 'java/lang/NoSuchMethodError'{0x000000008365ad48}: 'java.lang.Object java.lang.invoke.DirectMethodHandle$Holder.invokeStaticInit(java.lang.Object, java.lang.Object, java.lang.Object)'> (0x000000008365ad48) 
thrown [s\src\hotspot\share\interpreter\linkResolver.cpp, line 773]
Event: 78.199 Thread 0x00000183d7555620 Exception <a 'java/lang/NoSuchMethodError'{0x00000000835460e0}: 'void java.lang.invoke.DirectMethodHandle$Holder.invokeStaticInit(java.lang.Object, java.lang.Object, java.lang.Object)'> (0x00000000835460e0) 
thrown [s\src\hotspot\share\interpreter\linkResolver.cpp, line 773]
Event: 78.223 Thread 0x00000183d7555620 Exception <a 'java/lang/NoSuchMethodError'{0x000000008356a278}: 'void java.lang.invoke.DirectMethodHandle$Holder.invokeStaticInit(java.lang.Object, java.lang.Object, java.lang.Object, java.lang.Object, java.lang.Object)'> (0x000000008356a278) 
thrown [s\src\hotspot\share\interpreter\linkResolver.cpp, line 773]
Event: 78.263 Thread 0x00000183d7555620 Exception <a 'java/lang/NoSuchMethodError'{0x00000000835c33e8}: 'int java.lang.invoke.DirectMethodHandle$Holder.invokeStaticInit(java.lang.Object, java.lang.Object, java.lang.Object, java.lang.Object)'> (0x00000000835c33e8) 
thrown [s\src\hotspot\share\interpreter\linkResolver.cpp, line 773]
Event: 81.042 Thread 0x00000183d7555620 Exception <a 'java/lang/ClassNotFoundException'{0x0000000082ce6798}: groovy/lang/ExpandoMetaClassBeanInfo> (0x0000000082ce6798) 
thrown [s\src\hotspot\share\classfile\systemDictionary.cpp, line 313]
Event: 81.043 Thread 0x00000183d7555620 Exception <a 'java/lang/ClassNotFoundException'{0x0000000082ceefb0}: groovy/lang/MetaClassImplBeanInfo> (0x0000000082ceefb0) 
thrown [s\src\hotspot\share\classfile\systemDictionary.cpp, line 313]
Event: 81.044 Thread 0x00000183d7555620 Exception <a 'java/lang/ClassNotFoundException'{0x0000000082cf3b98}: java/lang/ObjectBeanInfo> (0x0000000082cf3b98) 
thrown [s\src\hotspot\share\classfile\systemDictionary.cpp, line 313]
Event: 81.048 Thread 0x00000183d7555620 Exception <a 'java/lang/ClassNotFoundException'{0x0000000082cf9790}: java/lang/ObjectCustomizer> (0x0000000082cf9790) 
thrown [s\src\hotspot\share\classfile\systemDictionary.cpp, line 313]
Event: 81.075 Thread 0x00000183d7555620 Exception <a 'java/lang/IncompatibleClassChangeError'{0x0000000082b0a370}: Found class java.lang.Object, but interface was expected> (0x0000000082b0a370) 
thrown [s\src\hotspot\share\interpreter\linkResolver.cpp, line 840]
Event: 81.112 Thread 0x00000183d7555620 Exception <a 'java/lang/ClassNotFoundException'{0x0000000082b24a50}: groovy/lang/MetaClassImplCustomizer> (0x0000000082b24a50) 
thrown [s\src\hotspot\share\classfile\systemDictionary.cpp, line 313]
Event: 81.129 Thread 0x00000183d7555620 Exception <a 'java/lang/ClassNotFoundException'{0x0000000082b4e7e0}: groovy/lang/ExpandoMetaClassCustomizer> (0x0000000082b4e7e0) 
thrown [s\src\hotspot\share\classfile\systemDictionary.cpp, line 313]

ZGC Phase Switch (0 events):
No events

VM Operations (20 events):
Event: 79.894 Executing safepoint VM operation: Cleanup
Event: 79.894 Executing safepoint VM operation: Cleanup done
Event: 80.903 Executing safepoint VM operation: Cleanup
Event: 80.903 Executing safepoint VM operation: Cleanup done
Event: 81.698 Executing non-safepoint VM operation: HandshakeAllThreads (Deoptimize)
Event: 81.698 Executing non-safepoint VM operation: HandshakeAllThreads (Deoptimize) done
Event: 81.704 Executing non-safepoint VM operation: HandshakeAllThreads (Deoptimize)
Event: 81.704 Executing non-safepoint VM operation: HandshakeAllThreads (Deoptimize) done
Event: 81.873 Executing non-safepoint VM operation: HandshakeAllThreads (Deoptimize)
Event: 81.873 Executing non-safepoint VM operation: HandshakeAllThreads (Deoptimize) done
Event: 82.876 Executing safepoint VM operation: Cleanup
Event: 82.877 Executing safepoint VM operation: Cleanup done
Event: 83.884 Executing safepoint VM operation: Cleanup
Event: 83.895 Executing safepoint VM operation: Cleanup done
Event: 84.104 Executing non-safepoint VM operation: HandshakeAllThreads (Deoptimize)
Event: 84.104 Executing non-safepoint VM operation: HandshakeAllThreads (Deoptimize) done
Event: 84.996 Executing safepoint VM operation: G1CollectForAllocation (G1 Evacuation Pause)
Event: 85.104 Executing safepoint VM operation: G1CollectForAllocation (G1 Evacuation Pause) done
Event: 86.108 Executing safepoint VM operation: Cleanup
Event: 86.117 Executing safepoint VM operation: Cleanup done

Memory protections (0 events):
No events

Nmethod flushes (0 events):
No events

Events (20 events):
Event: 0.900 Thread 0x00000183be151570 Thread added: 0x00000183d72a3100
Event: 1.104 Thread 0x00000183be151570 Thread added: 0x00000183d7326d10
Event: 24.767 Thread 0x00000183be151570 Thread added: 0x00000183d7440a30
Event: 30.245 Thread 0x00000183be151570 Thread added: 0x00000183f71617c0
Event: 32.723 Thread 0x00000183be151570 Thread added: 0x00000183f74229a0
Event: 37.340 Thread 0x00000183f71617c0 Thread added: 0x00000183f745f000
Event: 37.392 Thread 0x00000183f745f000 Thread added: 0x00000183f7464aa0
Event: 39.359 Thread 0x00000183f745f000 Thread added: 0x00000183d7552ec0
Event: 39.466 Thread 0x00000183f745f000 Thread added: 0x00000183d7555620
Event: 39.623 Thread 0x00000183d7555620 Thread added: 0x00000183d7553550
Event: 39.676 Thread 0x00000183d7555620 Thread added: 0x00000183d7554f90
Event: 39.710 Thread 0x00000183d7555620 Thread added: 0x00000183d7554270
Event: 47.907 Thread 0x00000183d7555620 Thread added: 0x00000183d75521a0
Event: 48.091 Thread 0x00000183d7555620 Thread added: 0x00000183d7552830
Event: 49.749 Thread 0x00000183d7555620 Thread added: 0x00000183d7553be0
Event: 51.697 Thread 0x00000183d7552830 Thread added: 0x00000183d7554900
Event: 71.386 Thread 0x00000183d7555620 Thread added: 0x00000183f9b63df0
Event: 71.725 Thread 0x00000183d7555620 Thread added: 0x00000183f9b623b0
Event: 73.668 Thread 0x00000183d7555620 Thread added: 0x00000183f9b630d0
Event: 73.713 Thread 0x00000183d7555620 Thread added: 0x00000183f9b64b10


Dynamic libraries:
0x00007ff63ba90000 - 0x00007ff63ba9e000 	C:\Users\HP\.vscode\extensions\redhat.java-1.55.0-win32-x64\jre\21.0.11-win32-x86_64\bin\java.exe
0x00007ff8cf5a0000 - 0x00007ff8cf806000 	C:\WINDOWS\SYSTEM32\ntdll.dll
0x00007ff8cd6f0000 - 0x00007ff8cd7b9000 	C:\WINDOWS\System32\KERNEL32.DLL
0x00007ff8cc7c0000 - 0x00007ff8ccbc0000 	C:\WINDOWS\System32\KERNELBASE.dll
0x00007ff8cd040000 - 0x00007ff8cd18c000 	C:\WINDOWS\System32\ucrtbase.dll
0x00007ff8a93f0000 - 0x00007ff8a9408000 	C:\Users\HP\.vscode\extensions\redhat.java-1.55.0-win32-x64\jre\21.0.11-win32-x86_64\bin\jli.dll
0x00007ff8ce620000 - 0x00007ff8ce7e7000 	C:\WINDOWS\System32\USER32.dll
0x00007ff8cced0000 - 0x00007ff8ccef7000 	C:\WINDOWS\System32\win32u.dll
0x00007ff8cf430000 - 0x00007ff8cf45b000 	C:\WINDOWS\System32\GDI32.dll
0x00007ff8cd1a0000 - 0x00007ff8cd2c9000 	C:\WINDOWS\System32\gdi32full.dll
0x00007ff8ccf00000 - 0x00007ff8ccfa3000 	C:\WINDOWS\System32\msvcp_win.dll
0x00007ff8a9410000 - 0x00007ff8a942e000 	C:\Users\HP\.vscode\extensions\redhat.java-1.55.0-win32-x64\jre\21.0.11-win32-x86_64\bin\VCRUNTIME140.dll
0x00007ff8b7e90000 - 0x00007ff8b8122000 	C:\WINDOWS\WinSxS\amd64_microsoft.windows.common-controls_6595b64144ccf1df_6.0.26100.8737_none_3e092eaee333b772\COMCTL32.dll
0x00007ff8cda90000 - 0x00007ff8cdb39000 	C:\WINDOWS\System32\msvcrt.dll
0x00007ff8ce1a0000 - 0x00007ff8ce1d2000 	C:\WINDOWS\System32\IMM32.DLL
0x00007ff8c7550000 - 0x00007ff8c755c000 	C:\Users\HP\.vscode\extensions\redhat.java-1.55.0-win32-x64\jre\21.0.11-win32-x86_64\bin\vcruntime140_1.dll
0x00007ff8715f0000 - 0x00007ff87167d000 	C:\Users\HP\.vscode\extensions\redhat.java-1.55.0-win32-x64\jre\21.0.11-win32-x86_64\bin\msvcp140.dll
0x00007ff820ec0000 - 0x00007ff821c62000 	C:\Users\HP\.vscode\extensions\redhat.java-1.55.0-win32-x64\jre\21.0.11-win32-x86_64\bin\server\jvm.dll
0x00007ff8ce7f0000 - 0x00007ff8ce8a7000 	C:\WINDOWS\System32\ADVAPI32.dll
0x00007ff8cd9e0000 - 0x00007ff8cda8a000 	C:\WINDOWS\System32\sechost.dll
0x00007ff8ce1e0000 - 0x00007ff8ce2f8000 	C:\WINDOWS\System32\RPCRT4.dll
0x00007ff8cd2d0000 - 0x00007ff8cd350000 	C:\WINDOWS\System32\WS2_32.dll
0x00007ff8cc640000 - 0x00007ff8cc69e000 	C:\WINDOWS\SYSTEM32\POWRPROF.dll
0x00007ff8c5a80000 - 0x00007ff8c5ab6000 	C:\WINDOWS\SYSTEM32\WINMM.dll
0x00007ff8c5ac0000 - 0x00007ff8c5acb000 	C:\WINDOWS\SYSTEM32\VERSION.dll
0x00007ff8cc620000 - 0x00007ff8cc634000 	C:\WINDOWS\SYSTEM32\UMPDC.dll
0x00007ff8cb460000 - 0x00007ff8cb47b000 	C:\WINDOWS\SYSTEM32\kernel.appcore.dll
0x00007ff8c6b10000 - 0x00007ff8c6b1a000 	C:\Users\HP\.vscode\extensions\redhat.java-1.55.0-win32-x64\jre\21.0.11-win32-x86_64\bin\jimage.dll
0x00007ff8c1d90000 - 0x00007ff8c1fd2000 	C:\WINDOWS\SYSTEM32\DBGHELP.DLL
0x00007ff8cd360000 - 0x00007ff8cd6e3000 	C:\WINDOWS\System32\combase.dll
0x00007ff8ce410000 - 0x00007ff8ce4e9000 	C:\WINDOWS\System32\OLEAUT32.dll
0x00007ff8b0860000 - 0x00007ff8b089b000 	C:\WINDOWS\SYSTEM32\dbgcore.DLL
0x00007ff8cce10000 - 0x00007ff8ccebc000 	C:\WINDOWS\System32\bcryptPrimitives.dll
0x00007ff8a4110000 - 0x00007ff8a411f000 	C:\Users\HP\.vscode\extensions\redhat.java-1.55.0-win32-x64\jre\21.0.11-win32-x86_64\bin\instrument.dll
0x00007ff8a93d0000 - 0x00007ff8a93f0000 	C:\Users\HP\.vscode\extensions\redhat.java-1.55.0-win32-x64\jre\21.0.11-win32-x86_64\bin\java.dll
0x00007ff8ce8b0000 - 0x00007ff8cf042000 	C:\WINDOWS\System32\SHELL32.dll
0x00007ff8ca240000 - 0x00007ff8caad2000 	C:\WINDOWS\SYSTEM32\windows.storage.dll
0x00007ff8ce310000 - 0x00007ff8ce407000 	C:\WINDOWS\System32\SHCORE.dll
0x00007ff8ce5b0000 - 0x00007ff8ce617000 	C:\WINDOWS\System32\shlwapi.dll
0x00007ff8cc6e0000 - 0x00007ff8cc709000 	C:\WINDOWS\SYSTEM32\profapi.dll
0x00007ff8a40d0000 - 0x00007ff8a40e8000 	C:\Users\HP\.vscode\extensions\redhat.java-1.55.0-win32-x64\jre\21.0.11-win32-x86_64\bin\zip.dll
0x00007ff8bfc80000 - 0x00007ff8bfc90000 	C:\Users\HP\.vscode\extensions\redhat.java-1.55.0-win32-x64\jre\21.0.11-win32-x86_64\bin\net.dll
0x00007ff8c2290000 - 0x00007ff8c23b9000 	C:\WINDOWS\SYSTEM32\WINHTTP.dll
0x00007ff8cb9f0000 - 0x00007ff8cba5c000 	C:\WINDOWS\system32\mswsock.dll
0x00007ff8a2180000 - 0x00007ff8a2196000 	C:\Users\HP\.vscode\extensions\redhat.java-1.55.0-win32-x64\jre\21.0.11-win32-x86_64\bin\nio.dll
0x00007ff8bfb20000 - 0x00007ff8bfb30000 	C:\Users\HP\.vscode\extensions\redhat.java-1.55.0-win32-x64\jre\21.0.11-win32-x86_64\bin\verify.dll
0x00007ff871990000 - 0x00007ff8719b7000 	C:\Users\HP\.gradle\native\1def1411415f61bf3af743bc5b6707747c0891f09f0c88961ee8f79bc544acac\windows-amd64\native-platform.dll
0x00007ff86fe20000 - 0x00007ff86fe98000 	C:\Users\HP\.gradle\native\0.2.7\x86_64-windows-gnu\gradle-fileevents.dll
0x00007ff8b5b70000 - 0x00007ff8b5b7a000 	C:\Users\HP\.vscode\extensions\redhat.java-1.55.0-win32-x64\jre\21.0.11-win32-x86_64\bin\management.dll
0x00007ff8a9690000 - 0x00007ff8a969c000 	C:\Users\HP\.vscode\extensions\redhat.java-1.55.0-win32-x64\jre\21.0.11-win32-x86_64\bin\management_ext.dll
0x00007ff8cd930000 - 0x00007ff8cd938000 	C:\WINDOWS\System32\PSAPI.DLL
0x00007ff8cae10000 - 0x00007ff8cae43000 	C:\WINDOWS\SYSTEM32\IPHLPAPI.DLL
0x00007ff8ce300000 - 0x00007ff8ce30a000 	C:\WINDOWS\System32\NSI.dll
0x00007ff8a5840000 - 0x00007ff8a5849000 	C:\Users\HP\.vscode\extensions\redhat.java-1.55.0-win32-x64\jre\21.0.11-win32-x86_64\bin\extnet.dll
0x00007ff8cbe20000 - 0x00007ff8cbe3b000 	C:\WINDOWS\SYSTEM32\CRYPTSP.dll
0x00007ff8cb3c0000 - 0x00007ff8cb3f9000 	C:\WINDOWS\system32\rsaenh.dll
0x00007ff8cbab0000 - 0x00007ff8cbae2000 	C:\WINDOWS\SYSTEM32\USERENV.dll
0x00007ff8cc6b0000 - 0x00007ff8cc6da000 	C:\WINDOWS\SYSTEM32\bcrypt.dll
0x00007ff8cbc60000 - 0x00007ff8cbc6c000 	C:\WINDOWS\SYSTEM32\CRYPTBASE.dll
0x00007ff8af7c0000 - 0x00007ff8af7ce000 	C:\Users\HP\.vscode\extensions\redhat.java-1.55.0-win32-x64\jre\21.0.11-win32-x86_64\bin\sunmscapi.dll
0x00007ff8ccc90000 - 0x00007ff8cce08000 	C:\WINDOWS\System32\CRYPT32.dll
0x00007ff8cbf90000 - 0x00007ff8cbfc0000 	C:\WINDOWS\SYSTEM32\ncrypt.dll
0x00007ff8cbf40000 - 0x00007ff8cbf7f000 	C:\WINDOWS\SYSTEM32\NTASN1.dll
0x00007ff89d080000 - 0x00007ff89d088000 	C:\WINDOWS\system32\wshunix.dll

JVMTI agents:
C:\Users\HP\.gradle\wrapper\dists\gradle-8.14.3-all\10utluxaxniiv4wxiphsi49nj\gradle-8.14.3\lib\agents\gradle-instrumentation-agent-8.14.3.jar path:C:\Users\HP\.vscode\extensions\redhat.java-1.55.0-win32-x64\jre\21.0.11-win32-x86_64\bin\instrument.dll, loaded, initialized, instrumentlib options:none

dbghelp: loaded successfully - version: 4.0.5 - missing functions: none
symbol engine: initialized successfully - sym options: 0x614 - pdb path: .;C:\Users\HP\.vscode\extensions\redhat.java-1.55.0-win32-x64\jre\21.0.11-win32-x86_64\bin;C:\WINDOWS\SYSTEM32;C:\WINDOWS\WinSxS\amd64_microsoft.windows.common-controls_6595b64144ccf1df_6.0.26100.8737_none_3e092eaee333b772;C:\Users\HP\.vscode\extensions\redhat.java-1.55.0-win32-x64\jre\21.0.11-win32-x86_64\bin\server;C:\Users\HP\.gradle\native\1def1411415f61bf3af743bc5b6707747c0891f09f0c88961ee8f79bc544acac\windows-amd64;C:\Users\HP\.gradle\native\0.2.7\x86_64-windows-gnu

VM Arguments:
jvm_args: --add-opens=java.base/java.lang=ALL-UNNAMED --add-opens=java.base/java.lang.invoke=ALL-UNNAMED --add-opens=java.base/java.util=ALL-UNNAMED --add-opens=java.prefs/java.util.prefs=ALL-UNNAMED --add-exports=jdk.compiler/com.sun.tools.javac.api=ALL-UNNAMED --add-exports=jdk.compiler/com.sun.tools.javac.util=ALL-UNNAMED --add-opens=java.base/java.util=ALL-UNNAMED --add-opens=java.prefs/java.util.prefs=ALL-UNNAMED --add-opens=java.base/java.nio.charset=ALL-UNNAMED --add-opens=java.base/java.net=ALL-UNNAMED --add-opens=java.base/java.util.concurrent.atomic=ALL-UNNAMED --add-opens=java.xml/javax.xml.namespace=ALL-UNNAMED -XX:MaxMetaspaceSize=512m -Xmx2048m -Dfile.encoding=UTF-8 -Duser.country=US -Duser.language=en -Duser.variant -javaagent:C:\Users\HP\.gradle\wrapper\dists\gradle-8.14.3-all\10utluxaxniiv4wxiphsi49nj\gradle-8.14.3\lib\agents\gradle-instrumentation-agent-8.14.3.jar 
java_command: org.gradle.launcher.daemon.bootstrap.GradleDaemon 8.14.3
java_class_path (initial): C:\Users\HP\.gradle\wrapper\dists\gradle-8.14.3-all\10utluxaxniiv4wxiphsi49nj\gradle-8.14.3\lib\gradle-daemon-main-8.14.3.jar
Launcher Type: SUN_STANDARD

[Global flags]
     intx CICompilerCount                          = 3                                         {product} {ergonomic}
   size_t CompressedClassSpaceSize                 = 436207616                                 {product} {ergonomic}
     uint ConcGCThreads                            = 1                                         {product} {ergonomic}
     uint G1ConcRefinementThreads                  = 4                                         {product} {ergonomic}
   size_t G1HeapRegionSize                         = 1048576                                   {product} {ergonomic}
    uintx GCDrainStackTargetSize                   = 64                                        {product} {ergonomic}
   size_t InitialHeapSize                          = 58720256                                  {product} {ergonomic}
   size_t MarkStackSize                            = 4194304                                   {product} {ergonomic}
   size_t MaxHeapSize                              = 2147483648                                {product} {command line}
   size_t MaxMetaspaceSize                         = 536870912                                 {product} {command line}
   size_t MaxNewSize                               = 1287651328                                {product} {ergonomic}
   size_t MinHeapDeltaBytes                        = 1048576                                   {product} {ergonomic}
   size_t MinHeapSize                              = 8388608                                   {product} {ergonomic}
    uintx NonNMethodCodeHeapSize                   = 5832780                                {pd product} {ergonomic}
    uintx NonProfiledCodeHeapSize                  = 122912730                              {pd product} {ergonomic}
    uintx ProfiledCodeHeapSize                     = 122912730                              {pd product} {ergonomic}
    uintx ReservedCodeCacheSize                    = 251658240                              {pd product} {ergonomic}
     bool SegmentedCodeCache                       = true                                      {product} {ergonomic}
   size_t SoftMaxHeapSize                          = 2147483648                             {manageable} {ergonomic}
     bool UseCompressedOops                        = true                           {product lp64_product} {ergonomic}
     bool UseG1GC                                  = true                                      {product} {ergonomic}
     bool UseLargePagesIndividualAllocation        = false                                  {pd product} {ergonomic}

Logging:
Log output configuration:
 #0: stdout all=warning uptime,level,tags foldmultilines=false
 #1: stderr all=off uptime,level,tags foldmultilines=false

Release file:
JAVA_VERSION="21.0.11" 
MODULES="java.base java.compiler java.datatransfer java.xml java.prefs java.desktop java.instrument java.logging java.management java.security.sasl java.naming java.rmi java.management.rmi java.net.http java.scripting java.security.jgss java.transaction.xa java.sql java.sql.rowset java.xml.crypto java.se java.smartcardio jdk.accessibility jdk.internal.jvmstat jdk.attach jdk.charsets jdk.internal.opt jdk.zipfs jdk.compiler jdk.crypto.ec jdk.crypto.cryptoki jdk.crypto.mscapi jdk.dynalink jdk.internal.ed jdk.editpad jdk.hotspot.agent jdk.httpserver jdk.internal.le jdk.internal.vm.ci jdk.internal.vm.compiler jdk.internal.vm.compiler.management jdk.jartool jdk.javadoc jdk.jcmd jdk.management jdk.management.agent jdk.jconsole jdk.jdeps jdk.jdwp.agent jdk.jdi jdk.jfr jdk.jshell jdk.jsobject jdk.jstatd jdk.localedata jdk.management.jfr jdk.naming.dns jdk.naming.rmi jdk.net jdk.nio.mapmode jdk.random jdk.sctp jdk.security.auth jdk.security.jgss jdk.unsupported jdk.unsupported.desktop jdk.xml.dom" 

Environment Variables:
JAVA_HOME=C:\Program Files\Eclipse Adoptium\jdk-17.0.19.10-hotspot\
PATH=C:\Program Files\Eclipse Adoptium\jdk-17.0.19.10-hotspot\bin;C:\Python314\Scripts\;C:\Python314\;C:\WINDOWS\system32;C:\WINDOWS;C:\WINDOWS\System32\Wbem;C:\WINDOWS\System32\WindowsPowerShell\v1.0\;C:\WINDOWS\System32\OpenSSH\;C:\Program Files\Git\cmd;C:\Program Files\nodejs\;C:\ProgramData\chocolatey\bin;C:\Users\HP\AppData\Local\Microsoft\WindowsApps;C:\Users\HP\AppData\Roaming\npm;C:\Users\HP\AppData\Local\Programs\Microsoft VS Code\bin
USERNAME=HP
OS=Windows_NT
PROCESSOR_IDENTIFIER=AMD64 Family 23 Model 24 Stepping 1, AuthenticAMD
TMP=C:\Users\HP\AppData\Local\Temp
TEMP=C:\Users\HP\AppData\Local\Temp




Periodic native trim disabled

---------------  S Y S T E M  ---------------

OS:
 Windows 11 , 64 bit Build 26100 (10.0.26100.8737)
OS uptime: 0 days 20:59 hours
Hyper-V role detected

CPU: total 4 (initial active 4) (4 cores per cpu, 2 threads per core) family 23 model 24 stepping 1 microcode 0x8108109, cx8, cmov, fxsr, ht, mmx, 3dnowpref, sse, sse2, sse3, ssse3, sse4a, sse4.1, sse4.2, popcnt, lzcnt, tsc, tscinvbit, avx, avx2, aes, clmul, bmi1, bmi2, adx, sha, fma, vzeroupper, clflush, clflushopt, hv, rdtscp, f16c
Processor Information for the first 4 processors :
  Max Mhz: 2400, Current Mhz: 2400, Mhz Limit: 2400

Memory: 4k page, system-wide physical 3499M (46M free)
TotalPageFile size 14251M (AvailPageFile size 21M)
current process WorkingSet (physical memory assigned to process): 121M, peak: 141M
current process commit charge ("private bytes"): 217M, peak: 222M

vm_info: OpenJDK 64-Bit Server VM (21.0.11+10-LTS) for windows-amd64 JRE (21.0.11+10-LTS), built on 2026-04-21T00:00:00Z by "admin" with MS VC++ 17.12 (VS2022)

END.
