#
# There is insufficient memory for the Java Runtime Environment to continue.
# Native memory allocation (malloc) failed to allocate 1580320 bytes. Error detail: Chunk::new
# Possible reasons:
#   The system is out of physical RAM or swap space
#   This process is running with CompressedOops enabled, and the Java Heap may be blocking the growth of the native heap
# Possible solutions:
#   Reduce memory load on the system
#   Increase physical memory or swap space
#   Check if swap backing store is full
#   Decrease Java heap size (-Xmx/-Xms)
#   Decrease number of Java threads
#   Decrease Java thread stack sizes (-Xss)
#   Set larger code cache with -XX:ReservedCodeCacheSize=
#   JVM is running with Unscaled Compressed Oops mode in which the Java heap is
#     placed in the first 4GB address space. The Java Heap base address is the
#     maximum limit for the native heap growth. Please use -XX:HeapBaseMinAddress
#     to set the Java Heap base and to place the Java Heap above 4GB virtual address.
# This output file may be truncated or incomplete.
#
#  Out of Memory Error (arena.cpp:191), pid=16076, tid=9060
#
# JRE version: OpenJDK Runtime Environment Temurin-17.0.19+10 (17.0.19+10) (build 17.0.19+10)
# Java VM: OpenJDK 64-Bit Server VM Temurin-17.0.19+10 (17.0.19+10, mixed mode, sharing, tiered, compressed oops, compressed class ptrs, g1 gc, windows-amd64)
# No core dump will be written. Minidumps are not enabled by default on client versions of Windows
#

---------------  S U M M A R Y ------------

Command Line: --add-opens=java.base/java.lang=ALL-UNNAMED --add-opens=java.base/java.lang.invoke=ALL-UNNAMED --add-opens=java.base/java.util=ALL-UNNAMED --add-opens=java.prefs/java.util.prefs=ALL-UNNAMED --add-exports=jdk.compiler/com.sun.tools.javac.api=ALL-UNNAMED --add-exports=jdk.compiler/com.sun.tools.javac.util=ALL-UNNAMED --add-opens=java.base/java.util=ALL-UNNAMED --add-opens=java.prefs/java.util.prefs=ALL-UNNAMED --add-opens=java.base/java.nio.charset=ALL-UNNAMED --add-opens=java.base/java.net=ALL-UNNAMED --add-opens=java.base/java.util.concurrent.atomic=ALL-UNNAMED --add-opens=java.xml/javax.xml.namespace=ALL-UNNAMED -XX:MaxMetaspaceSize=512m -Xmx2048m -Dfile.encoding=UTF-8 -Duser.country=US -Duser.language=en -Duser.variant -javaagent:C:\Users\HP\.gradle\wrapper\dists\gradle-8.14.3-all\10utluxaxniiv4wxiphsi49nj\gradle-8.14.3\lib\agents\gradle-instrumentation-agent-8.14.3.jar org.gradle.launcher.daemon.bootstrap.GradleDaemon 8.14.3

Host: AMD Athlon Gold 3150U with Radeon Graphics     , 4 cores, 3G,  Windows 11 , 64 bit Build 26100 (10.0.26100.8737)
Time: Sat Jul 11 13:54:06 2026 Malay Peninsula Standard Time elapsed time: 182.390989 seconds (0d 0h 3m 2s)

---------------  T H R E A D  ---------------

Current thread (0x00000242bbe03e10):  JavaThread "C2 CompilerThread0" daemon [_thread_in_native, id=9060, stack(0x000000b18aa00000,0x000000b18ab00000)]


Current CompileTask:
C2:182391 10994       4       org.gradle.internal.operations.DefaultBuildOperationRunner::execute (147 bytes)

Stack: [0x000000b18aa00000,0x000000b18ab00000]
Native frames: (J=compiled Java code, j=interpreted, Vv=VM code, C=native code)
V  [jvm.dll+0x684b29]
V  [jvm.dll+0x83a2d5]
V  [jvm.dll+0x83bd4e]
V  [jvm.dll+0x83c3d3]
V  [jvm.dll+0x24905f]
V  [jvm.dll+0xad536]
V  [jvm.dll+0xadbdc]
V  [jvm.dll+0x368d9e]
V  [jvm.dll+0x1bc4c9]
V  [jvm.dll+0x219fc0]
V  [jvm.dll+0x2192af]
V  [jvm.dll+0x1a49f0]
V  [jvm.dll+0x2299fa]
V  [jvm.dll+0x227bab]
V  [jvm.dll+0x7f0a88]
V  [jvm.dll+0x7eaf1c]
V  [jvm.dll+0x6839f7]
C  [ucrtbase.dll+0x2cd30]
C  [KERNEL32.DLL+0x2e957]
C  [ntdll.dll+0xaad6c]


---------------  P R O C E S S  ---------------

Threads class SMR info:
_java_thread_list=0x00000242dffa1190, length=57, elements={
0x000002429e1e9680, 0x00000242bbde44f0, 0x00000242bbde5b30, 0x00000242bbdfe380,
0x00000242bbe01060, 0x00000242bbe01930, 0x00000242bbe02200, 0x00000242bbe03e10,
0x00000242bbe0a800, 0x00000242bbe71340, 0x00000242bbdd1f70, 0x00000242db144d50,
0x00000242db22e2a0, 0x00000242dc827810, 0x00000242db0cd520, 0x00000242db0ccbc0,
0x00000242dc019040, 0x00000242dbc82830, 0x00000242dbc82320, 0x00000242dbc80ee0,
0x00000242dbc7f080, 0x00000242dbc7faa0, 0x00000242dbc813f0, 0x00000242dbc804c0,
0x00000242dbc7f590, 0x00000242dbc81900, 0x00000242dbc81e10, 0x00000242de2b5d90,
0x00000242de2b3510, 0x00000242de2b4950, 0x00000242de2b4e60, 0x00000242de2b3f30,
0x00000242de2b25e0, 0x00000242de2b3a20, 0x00000242de2b5880, 0x00000242de2b9030,
0x00000242de2b9540, 0x00000242de2b62a0, 0x00000242de2b71d0, 0x00000242de2b8b20,
0x00000242de2b76e0, 0x00000242de2b7bf0, 0x00000242de2b8100, 0x00000242de2b67b0,
0x00000242de2b8610, 0x00000242de2b9f60, 0x00000242de2b6cc0, 0x00000242dd2ac1b0,
0x00000242dd2ac6c0, 0x00000242dd2abca0, 0x00000242dd2acbd0, 0x00000242dd2ad0e0,
0x00000242dd2ad5f0, 0x00000242dd2adb00, 0x00000242dd2aa350, 0x00000242dd2ae010,
0x00000242dd2af450
}

Java Threads: ( => current thread )
  0x000002429e1e9680 JavaThread "main" [_thread_blocked, id=15268, stack(0x000000b189d00000,0x000000b189e00000)]
  0x00000242bbde44f0 JavaThread "Reference Handler" daemon [_thread_blocked, id=2416, stack(0x000000b18a400000,0x000000b18a500000)]
  0x00000242bbde5b30 JavaThread "Finalizer" daemon [_thread_blocked, id=6648, stack(0x000000b18a500000,0x000000b18a600000)]
  0x00000242bbdfe380 JavaThread "Signal Dispatcher" daemon [_thread_blocked, id=15692, stack(0x000000b18a600000,0x000000b18a700000)]
  0x00000242bbe01060 JavaThread "Attach Listener" daemon [_thread_blocked, id=3976, stack(0x000000b18a700000,0x000000b18a800000)]
  0x00000242bbe01930 JavaThread "Service Thread" daemon [_thread_blocked, id=13220, stack(0x000000b18a800000,0x000000b18a900000)]
  0x00000242bbe02200 JavaThread "Monitor Deflation Thread" daemon [_thread_blocked, id=15696, stack(0x000000b18a900000,0x000000b18aa00000)]
=>0x00000242bbe03e10 JavaThread "C2 CompilerThread0" daemon [_thread_in_native, id=9060, stack(0x000000b18aa00000,0x000000b18ab00000)]
  0x00000242bbe0a800 JavaThread "C1 CompilerThread0" daemon [_thread_blocked, id=17000, stack(0x000000b18ab00000,0x000000b18ac00000)]
  0x00000242bbe71340 JavaThread "Sweeper thread" daemon [_thread_blocked, id=16952, stack(0x000000b18ac00000,0x000000b18ad00000)]
  0x00000242bbdd1f70 JavaThread "Common-Cleaner" daemon [_thread_blocked, id=2360, stack(0x000000b18ad00000,0x000000b18ae00000)]
  0x00000242db144d50 JavaThread "Notification Thread" daemon [_thread_blocked, id=13068, stack(0x000000b18ae00000,0x000000b18af00000)]
  0x00000242db22e2a0 JavaThread "Daemon health stats" [_thread_blocked, id=15708, stack(0x000000b18b400000,0x000000b18b500000)]
  0x00000242dc827810 JavaThread "Incoming local TCP Connector on port 50499" [_thread_in_native, id=1328, stack(0x000000b18b500000,0x000000b18b600000)]
  0x00000242db0cd520 JavaThread "Daemon periodic checks" [_thread_blocked, id=16864, stack(0x000000b18b600000,0x000000b18b700000)]
  0x00000242db0ccbc0 JavaThread "Daemon" [_thread_blocked, id=2560, stack(0x000000b18b700000,0x000000b18b800000)]
  0x00000242dc019040 JavaThread "Handler for socket connection from /127.0.0.1:50499 to /127.0.0.1:50500" [_thread_in_native, id=16700, stack(0x000000b18b800000,0x000000b18b900000)]
  0x00000242dbc82830 JavaThread "Cancel handler" [_thread_blocked, id=6140, stack(0x000000b18b900000,0x000000b18ba00000)]
  0x00000242dbc82320 JavaThread "Daemon worker" [_thread_in_vm, id=17272, stack(0x000000b18ba00000,0x000000b18bb00000)]
  0x00000242dbc80ee0 JavaThread "Asynchronous log dispatcher for DefaultDaemonConnection: socket connection from /127.0.0.1:50499 to /127.0.0.1:50500" [_thread_blocked, id=16540, stack(0x000000b18bb00000,0x000000b18bc00000)]
  0x00000242dbc7f080 JavaThread "Stdin handler" [_thread_blocked, id=10768, stack(0x000000b18bc00000,0x000000b18bd00000)]
  0x00000242dbc7faa0 JavaThread "Daemon client event forwarder" [_thread_blocked, id=17304, stack(0x000000b18bd00000,0x000000b18be00000)]
  0x00000242dbc813f0 JavaThread "Cache worker for journal cache (C:\Users\HP\.gradle\caches\journal-1)" [_thread_blocked, id=16484, stack(0x000000b18be00000,0x000000b18bf00000)]
  0x00000242dbc804c0 JavaThread "File lock request listener" [_thread_in_native, id=10504, stack(0x000000b18bf00000,0x000000b18c000000)]
  0x00000242dbc7f590 JavaThread "Cache worker for file hash cache (C:\Users\HP\.gradle\caches\8.14.3\fileHashes)" [_thread_blocked, id=17264, stack(0x000000b18c000000,0x000000b18c100000)]
  0x00000242dbc81900 JavaThread "Cache worker for file hash cache (D:\LSA 2025\LAST\PROJT\finance app\finance apps Ori\android\.gradle\8.14.3\fileHashes)" [_thread_blocked, id=15608, stack(0x000000b18c200000,0x000000b18c300000)]
  0x00000242dbc81e10 JavaThread "Cache worker for Build Output Cleanup Cache (D:\LSA 2025\LAST\PROJT\finance app\finance apps Ori\android\.gradle\buildOutputCleanup)" [_thread_blocked, id=15604, stack(0x000000b18c300000,0x000000b18c400000)]
  0x00000242de2b5d90 JavaThread "File watcher server" daemon [_thread_in_native, id=15632, stack(0x000000b18c400000,0x000000b18c500000)]
  0x00000242de2b3510 JavaThread "File watcher consumer" daemon [_thread_blocked, id=16696, stack(0x000000b18c500000,0x000000b18c600000)]
  0x00000242de2b4950 JavaThread "jar transforms" [_thread_blocked, id=16040, stack(0x000000b18c600000,0x000000b18c700000)]
  0x00000242de2b4e60 JavaThread "jar transforms Thread 2" [_thread_blocked, id=16044, stack(0x000000b18c700000,0x000000b18c800000)]
  0x00000242de2b3f30 JavaThread "jar transforms Thread 3" [_thread_blocked, id=16240, stack(0x000000b18c800000,0x000000b18c900000)]
  0x00000242de2b25e0 JavaThread "jar transforms Thread 4" [_thread_blocked, id=14612, stack(0x000000b18c900000,0x000000b18ca00000)]
  0x00000242de2b3a20 JavaThread "Cache worker for checksums cache (D:\LSA 2025\LAST\PROJT\finance app\finance apps Ori\android\.gradle\8.14.3\checksums)" [_thread_blocked, id=15872, stack(0x000000b18cc00000,0x000000b18cd00000)]
  0x00000242de2b5880 JavaThread "Cache worker for file content cache (C:\Users\HP\.gradle\caches\8.14.3\fileContent)" [_thread_blocked, id=2816, stack(0x000000b18cd00000,0x000000b18ce00000)]
  0x00000242de2b9030 JavaThread "Cache worker for cache directory md-supplier (C:\Users\HP\.gradle\caches\8.14.3\md-supplier)" [_thread_blocked, id=1804, stack(0x000000b18ce00000,0x000000b18cf00000)]
  0x00000242de2b9540 JavaThread "Cache worker for cache directory md-rule (C:\Users\HP\.gradle\caches\8.14.3\md-rule)" [_thread_blocked, id=3292, stack(0x000000b18cf00000,0x000000b18d000000)]
  0x00000242de2b62a0 JavaThread "Unconstrained build operations" [_thread_blocked, id=3100, stack(0x000000b189b00000,0x000000b189c00000)]
  0x00000242de2b71d0 JavaThread "Unconstrained build operations Thread 2" [_thread_blocked, id=3752, stack(0x000000b189c00000,0x000000b189d00000)]
  0x00000242de2b8b20 JavaThread "Unconstrained build operations Thread 3" [_thread_blocked, id=6020, stack(0x000000b18d000000,0x000000b18d100000)]
  0x00000242de2b76e0 JavaThread "Unconstrained build operations Thread 4" [_thread_blocked, id=14128, stack(0x000000b18d100000,0x000000b18d200000)]
  0x00000242de2b7bf0 JavaThread "Unconstrained build operations Thread 5" [_thread_blocked, id=2756, stack(0x000000b18d200000,0x000000b18d300000)]
  0x00000242de2b8100 JavaThread "Unconstrained build operations Thread 6" [_thread_blocked, id=12784, stack(0x000000b18d300000,0x000000b18d400000)]
  0x00000242de2b67b0 JavaThread "Unconstrained build operations Thread 7" [_thread_blocked, id=7504, stack(0x000000b18d400000,0x000000b18d500000)]
  0x00000242de2b8610 JavaThread "Unconstrained build operations Thread 8" [_thread_blocked, id=12124, stack(0x000000b18d500000,0x000000b18d600000)]
  0x00000242de2b9f60 JavaThread "Unconstrained build operations Thread 9" [_thread_blocked, id=11156, stack(0x000000b18d600000,0x000000b18d700000)]
  0x00000242de2b6cc0 JavaThread "Unconstrained build operations Thread 10" [_thread_blocked, id=16912, stack(0x000000b18d700000,0x000000b18d800000)]
  0x00000242dd2ac1b0 JavaThread "Unconstrained build operations Thread 11" [_thread_blocked, id=13940, stack(0x000000b18d800000,0x000000b18d900000)]
  0x00000242dd2ac6c0 JavaThread "Unconstrained build operations Thread 12" [_thread_blocked, id=6352, stack(0x000000b18d900000,0x000000b18da00000)]
  0x00000242dd2abca0 JavaThread "Unconstrained build operations Thread 13" [_thread_blocked, id=8876, stack(0x000000b18da00000,0x000000b18db00000)]
  0x00000242dd2acbd0 JavaThread "Unconstrained build operations Thread 14" [_thread_blocked, id=15624, stack(0x000000b18db00000,0x000000b18dc00000)]
  0x00000242dd2ad0e0 JavaThread "Unconstrained build operations Thread 15" [_thread_blocked, id=904, stack(0x000000b18dc00000,0x000000b18dd00000)]
  0x00000242dd2ad5f0 JavaThread "Unconstrained build operations Thread 16" [_thread_blocked, id=15440, stack(0x000000b18dd00000,0x000000b18de00000)]
  0x00000242dd2adb00 JavaThread "Unconstrained build operations Thread 17" [_thread_blocked, id=13980, stack(0x000000b18de00000,0x000000b18df00000)]
  0x00000242dd2aa350 JavaThread "Unconstrained build operations Thread 18" [_thread_blocked, id=15312, stack(0x000000b18df00000,0x000000b18e000000)]
  0x00000242dd2ae010 JavaThread "Memory manager" [_thread_blocked, id=16500, stack(0x000000b18e000000,0x000000b18e100000)]
  0x00000242dd2af450 JavaThread "Problems report writer" [_thread_blocked, id=16732, stack(0x000000b18c100000,0x000000b18c200000)]

Other Threads:
  0x00000242bbddfd00 VMThread "VM Thread" [stack: 0x000000b18a300000,0x000000b18a400000] [id=11080]
  0x00000242db145230 WatcherThread [stack: 0x000000b18af00000,0x000000b18b000000] [id=7136]
  0x000002429e2499a0 GCTaskThread "GC Thread#0" [stack: 0x000000b189e00000,0x000000b189f00000] [id=8168]
  0x00000242db3076a0 GCTaskThread "GC Thread#1" [stack: 0x000000b18b000000,0x000000b18b100000] [id=12336]
  0x00000242db39fb80 GCTaskThread "GC Thread#2" [stack: 0x000000b18b100000,0x000000b18b200000] [id=13076]
  0x00000242db61f4b0 GCTaskThread "GC Thread#3" [stack: 0x000000b18b200000,0x000000b18b300000] [id=3128]
  0x000002429e25a800 ConcurrentGCThread "G1 Main Marker" [stack: 0x000000b189f00000,0x000000b18a000000] [id=3860]
  0x000002429e25b130 ConcurrentGCThread "G1 Conc#0" [stack: 0x000000b18a000000,0x000000b18a100000] [id=15700]
  0x000002429e296b50 ConcurrentGCThread "G1 Refine#0" [stack: 0x000000b18a100000,0x000000b18a200000] [id=13444]
  0x00000242db0c21c0 ConcurrentGCThread "G1 Refine#1" [stack: 0x000000b18b300000,0x000000b18b400000] [id=4332]
  0x000002429e297490 ConcurrentGCThread "G1 Service" [stack: 0x000000b18a200000,0x000000b18a300000] [id=14796]

Threads with active compile tasks:
C2 CompilerThread0  182484 10994       4       org.gradle.internal.operations.DefaultBuildOperationRunner::execute (147 bytes)

VM state: not at safepoint (normal execution)

VM Mutex/Monitor currently owned by a thread: None

Heap address: 0x0000000080000000, size: 2048 MB, Compressed Oops mode: 32-bit

CDS archive(s) mapped at: [0x00000242bc000000-0x00000242bcbb0000-0x00000242bcbb0000), size 12255232, SharedBaseAddress: 0x00000242bc000000, ArchiveRelocationMode: 1.
Compressed class space mapped at: 0x00000242bd000000-0x00000242d7000000, reserved size: 436207616
Narrow klass base: 0x00000242bc000000, Narrow klass shift: 0, Narrow klass range: 0x100000000

GC Precious Log:
 CPUs: 4 total, 4 available
 Memory: 3499M
 Large Page Support: Disabled
 NUMA Support: Disabled
 Compressed Oops: Enabled (32-bit)
 Heap Region Size: 1M
 Heap Min Capacity: 8M
 Heap Initial Capacity: 56M
 Heap Max Capacity: 2G
 Pre-touch: Disabled
 Parallel Workers: 4
 Concurrent Workers: 1
 Concurrent Refinement Workers: 4
 Periodic GC: Disabled

Heap:
 garbage-first heap   total 151552K, used 117292K [0x0000000080000000, 0x0000000100000000)
  region size 1024K, 31 young (31744K), 6 survivors (6144K)
 Metaspace       used 77895K, committed 78720K, reserved 557056K
  class space    used 10631K, committed 11008K, reserved 425984K

Heap Regions: E=young(eden), S=young(survivor), O=old, HS=humongous(starts), HC=humongous(continues), CS=collection set, F=free, OA=open archive, CA=closed archive, TAMS=top-at-mark-start (previous, next)
|   0|0x0000000080000000, 0x0000000080100000, 0x0000000080100000|100%|HS|  |TAMS 0x0000000080100000, 0x0000000080000000| Complete 
|   1|0x0000000080100000, 0x0000000080200000, 0x0000000080200000|100%|HC|  |TAMS 0x0000000080200000, 0x0000000080100000| Complete 
|   2|0x0000000080200000, 0x0000000080300000, 0x0000000080300000|100%|HC|  |TAMS 0x0000000080300000, 0x0000000080200000| Complete 
|   3|0x0000000080300000, 0x0000000080400000, 0x0000000080400000|100%| O|  |TAMS 0x0000000080400000, 0x0000000080300000| Untracked 
|   4|0x0000000080400000, 0x0000000080500000, 0x0000000080500000|100%| O|  |TAMS 0x0000000080500000, 0x0000000080400000| Untracked 
|   5|0x0000000080500000, 0x0000000080600000, 0x0000000080600000|100%| O|  |TAMS 0x0000000080600000, 0x0000000080500000| Untracked 
|   6|0x0000000080600000, 0x0000000080700000, 0x0000000080700000|100%| O|  |TAMS 0x0000000080700000, 0x0000000080600000| Untracked 
|   7|0x0000000080700000, 0x0000000080800000, 0x0000000080800000|100%| O|  |TAMS 0x0000000080800000, 0x0000000080700000| Untracked 
|   8|0x0000000080800000, 0x0000000080900000, 0x0000000080900000|100%| O|  |TAMS 0x0000000080900000, 0x0000000080800000| Untracked 
|   9|0x0000000080900000, 0x0000000080a00000, 0x0000000080a00000|100%| O|  |TAMS 0x0000000080a00000, 0x0000000080900000| Untracked 
|  10|0x0000000080a00000, 0x0000000080b00000, 0x0000000080b00000|100%|HS|  |TAMS 0x0000000080b00000, 0x0000000080a00000| Complete 
|  11|0x0000000080b00000, 0x0000000080c00000, 0x0000000080c00000|100%| O|  |TAMS 0x0000000080c00000, 0x0000000080b00000| Untracked 
|  12|0x0000000080c00000, 0x0000000080d00000, 0x0000000080d00000|100%| O|  |TAMS 0x0000000080d00000, 0x0000000080c00000| Untracked 
|  13|0x0000000080d00000, 0x0000000080e00000, 0x0000000080e00000|100%| O|  |TAMS 0x0000000080e00000, 0x0000000080d00000| Untracked 
|  14|0x0000000080e00000, 0x0000000080f00000, 0x0000000080f00000|100%| O|  |TAMS 0x0000000080f00000, 0x0000000080e00000| Untracked 
|  15|0x0000000080f00000, 0x0000000081000000, 0x0000000081000000|100%| O|  |TAMS 0x0000000081000000, 0x0000000080f00000| Untracked 
|  16|0x0000000081000000, 0x0000000081100000, 0x0000000081100000|100%| O|  |TAMS 0x0000000081100000, 0x0000000081000000| Untracked 
|  17|0x0000000081100000, 0x0000000081200000, 0x0000000081200000|100%| O|  |TAMS 0x0000000081200000, 0x0000000081100000| Untracked 
|  18|0x0000000081200000, 0x0000000081300000, 0x0000000081300000|100%| O|  |TAMS 0x0000000081300000, 0x0000000081200000| Untracked 
|  19|0x0000000081300000, 0x0000000081400000, 0x0000000081400000|100%|HS|  |TAMS 0x0000000081400000, 0x0000000081300000| Complete 
|  20|0x0000000081400000, 0x0000000081500000, 0x0000000081500000|100%| O|  |TAMS 0x0000000081500000, 0x0000000081400000| Untracked 
|  21|0x0000000081500000, 0x0000000081600000, 0x0000000081600000|100%| O|  |TAMS 0x0000000081600000, 0x0000000081500000| Untracked 
|  22|0x0000000081600000, 0x0000000081700000, 0x0000000081700000|100%| O|  |TAMS 0x0000000081700000, 0x0000000081600000| Untracked 
|  23|0x0000000081700000, 0x0000000081800000, 0x0000000081800000|100%| O|  |TAMS 0x0000000081800000, 0x0000000081700000| Untracked 
|  24|0x0000000081800000, 0x0000000081900000, 0x0000000081900000|100%| O|  |TAMS 0x0000000081900000, 0x0000000081800000| Untracked 
|  25|0x0000000081900000, 0x0000000081a00000, 0x0000000081a00000|100%| O|  |TAMS 0x0000000081a00000, 0x0000000081900000| Untracked 
|  26|0x0000000081a00000, 0x0000000081b00000, 0x0000000081b00000|100%| O|  |TAMS 0x0000000081b00000, 0x0000000081a00000| Untracked 
|  27|0x0000000081b00000, 0x0000000081c00000, 0x0000000081c00000|100%| O|  |TAMS 0x0000000081c00000, 0x0000000081b00000| Untracked 
|  28|0x0000000081c00000, 0x0000000081d00000, 0x0000000081d00000|100%| O|  |TAMS 0x0000000081d00000, 0x0000000081c00000| Untracked 
|  29|0x0000000081d00000, 0x0000000081e00000, 0x0000000081e00000|100%| O|  |TAMS 0x0000000081e00000, 0x0000000081d00000| Untracked 
|  30|0x0000000081e00000, 0x0000000081f00000, 0x0000000081f00000|100%| O|  |TAMS 0x0000000081f00000, 0x0000000081e00000| Untracked 
|  31|0x0000000081f00000, 0x0000000082000000, 0x0000000082000000|100%| O|  |TAMS 0x0000000082000000, 0x0000000081f00000| Untracked 
|  32|0x0000000082000000, 0x0000000082100000, 0x0000000082100000|100%| O|  |TAMS 0x0000000082100000, 0x0000000082000000| Untracked 
|  33|0x0000000082100000, 0x0000000082200000, 0x0000000082200000|100%| O|  |TAMS 0x0000000082200000, 0x0000000082100000| Untracked 
|  34|0x0000000082200000, 0x0000000082300000, 0x0000000082300000|100%| O|  |TAMS 0x0000000082300000, 0x0000000082200000| Untracked 
|  35|0x0000000082300000, 0x0000000082400000, 0x0000000082400000|100%| O|  |TAMS 0x0000000082400000, 0x0000000082300000| Untracked 
|  36|0x0000000082400000, 0x0000000082500000, 0x0000000082500000|100%| O|  |TAMS 0x0000000082500000, 0x0000000082400000| Untracked 
|  37|0x0000000082500000, 0x0000000082600000, 0x0000000082600000|100%| O|  |TAMS 0x0000000082600000, 0x0000000082500000| Untracked 
|  38|0x0000000082600000, 0x0000000082700000, 0x0000000082700000|100%| O|  |TAMS 0x0000000082700000, 0x0000000082600000| Untracked 
|  39|0x0000000082700000, 0x0000000082800000, 0x0000000082800000|100%| O|  |TAMS 0x0000000082800000, 0x0000000082700000| Untracked 
|  40|0x0000000082800000, 0x0000000082900000, 0x0000000082900000|100%| O|  |TAMS 0x0000000082900000, 0x0000000082800000| Untracked 
|  41|0x0000000082900000, 0x0000000082a00000, 0x0000000082a00000|100%| O|  |TAMS 0x0000000082a00000, 0x0000000082900000| Untracked 
|  42|0x0000000082a00000, 0x0000000082b00000, 0x0000000082b00000|100%| O|  |TAMS 0x0000000082b00000, 0x0000000082a00000| Untracked 
|  43|0x0000000082b00000, 0x0000000082c00000, 0x0000000082c00000|100%| O|  |TAMS 0x0000000082c00000, 0x0000000082b00000| Untracked 
|  44|0x0000000082c00000, 0x0000000082d00000, 0x0000000082d00000|100%| O|  |TAMS 0x0000000082d00000, 0x0000000082c00000| Untracked 
|  45|0x0000000082d00000, 0x0000000082e00000, 0x0000000082e00000|100%| O|  |TAMS 0x0000000082e00000, 0x0000000082d00000| Untracked 
|  46|0x0000000082e00000, 0x0000000082f00000, 0x0000000082f00000|100%| O|  |TAMS 0x0000000082f00000, 0x0000000082e00000| Untracked 
|  47|0x0000000082f00000, 0x0000000083000000, 0x0000000083000000|100%| O|  |TAMS 0x0000000083000000, 0x0000000082f00000| Untracked 
|  48|0x0000000083000000, 0x0000000083100000, 0x0000000083100000|100%|HS|  |TAMS 0x0000000083100000, 0x0000000083000000| Complete 
|  49|0x0000000083100000, 0x0000000083200000, 0x0000000083200000|100%|HS|  |TAMS 0x0000000083200000, 0x0000000083100000| Complete 
|  50|0x0000000083200000, 0x0000000083300000, 0x0000000083300000|100%|HS|  |TAMS 0x0000000083300000, 0x0000000083200000| Complete 
|  51|0x0000000083300000, 0x0000000083400000, 0x0000000083400000|100%|HS|  |TAMS 0x0000000083400000, 0x0000000083300000| Complete 
|  52|0x0000000083400000, 0x0000000083500000, 0x0000000083500000|100%| O|  |TAMS 0x0000000083500000, 0x0000000083400000| Untracked 
|  53|0x0000000083500000, 0x0000000083600000, 0x0000000083600000|100%| O|  |TAMS 0x0000000083600000, 0x0000000083500000| Untracked 
|  54|0x0000000083600000, 0x0000000083700000, 0x0000000083700000|100%|HS|  |TAMS 0x0000000083700000, 0x0000000083600000| Complete 
|  55|0x0000000083700000, 0x0000000083800000, 0x0000000083800000|100%| O|  |TAMS 0x0000000083800000, 0x0000000083700000| Untracked 
|  56|0x0000000083800000, 0x0000000083900000, 0x0000000083900000|100%| O|  |TAMS 0x0000000083900000, 0x0000000083800000| Untracked 
|  57|0x0000000083900000, 0x0000000083a00000, 0x0000000083a00000|100%| O|  |TAMS 0x0000000083a00000, 0x0000000083900000| Untracked 
|  58|0x0000000083a00000, 0x0000000083b00000, 0x0000000083b00000|100%| O|  |TAMS 0x0000000083b00000, 0x0000000083a00000| Untracked 
|  59|0x0000000083b00000, 0x0000000083c00000, 0x0000000083c00000|100%| O|  |TAMS 0x0000000083c00000, 0x0000000083b00000| Untracked 
|  60|0x0000000083c00000, 0x0000000083d00000, 0x0000000083d00000|100%| O|  |TAMS 0x0000000083d00000, 0x0000000083c00000| Untracked 
|  61|0x0000000083d00000, 0x0000000083e00000, 0x0000000083e00000|100%| O|  |TAMS 0x0000000083e00000, 0x0000000083d00000| Untracked 
|  62|0x0000000083e00000, 0x0000000083f00000, 0x0000000083f00000|100%| O|  |TAMS 0x0000000083e00000, 0x0000000083e00000| Untracked 
|  63|0x0000000083f00000, 0x0000000084000000, 0x0000000084000000|100%|HS|  |TAMS 0x0000000084000000, 0x0000000083f00000| Complete 
|  64|0x0000000084000000, 0x0000000084100000, 0x0000000084100000|100%|HS|  |TAMS 0x0000000084100000, 0x0000000084000000| Complete 
|  65|0x0000000084100000, 0x0000000084200000, 0x0000000084200000|100%| O|  |TAMS 0x0000000084200000, 0x0000000084100000| Untracked 
|  66|0x0000000084200000, 0x0000000084300000, 0x0000000084300000|100%| O|  |TAMS 0x0000000084300000, 0x0000000084200000| Untracked 
|  67|0x0000000084300000, 0x0000000084400000, 0x0000000084400000|100%| O|  |TAMS 0x0000000084400000, 0x0000000084300000| Untracked 
|  68|0x0000000084400000, 0x0000000084500000, 0x0000000084500000|100%| O|  |TAMS 0x00000000844a8600, 0x0000000084400000| Untracked 
|  69|0x0000000084500000, 0x0000000084600000, 0x0000000084600000|100%| O|  |TAMS 0x0000000084500000, 0x0000000084500000| Untracked 
|  70|0x0000000084600000, 0x0000000084700000, 0x0000000084700000|100%| O|  |TAMS 0x0000000084600000, 0x0000000084600000| Untracked 
|  71|0x0000000084700000, 0x0000000084800000, 0x0000000084800000|100%| O|  |TAMS 0x0000000084700000, 0x0000000084700000| Untracked 
|  72|0x0000000084800000, 0x0000000084900000, 0x0000000084900000|100%| O|  |TAMS 0x0000000084800000, 0x0000000084800000| Untracked 
|  73|0x0000000084900000, 0x0000000084a00000, 0x0000000084a00000|100%| O|  |TAMS 0x0000000084900000, 0x0000000084900000| Untracked 
|  74|0x0000000084a00000, 0x0000000084b00000, 0x0000000084b00000|100%| O|  |TAMS 0x0000000084a00000, 0x0000000084a00000| Untracked 
|  75|0x0000000084b00000, 0x0000000084c00000, 0x0000000084c00000|100%| O|  |TAMS 0x0000000084b00000, 0x0000000084b00000| Untracked 
|  76|0x0000000084c00000, 0x0000000084d00000, 0x0000000084d00000|100%|HS|  |TAMS 0x0000000084c00000, 0x0000000084c00000| Complete 
|  77|0x0000000084d00000, 0x0000000084e00000, 0x0000000084e00000|100%| O|  |TAMS 0x0000000084d00000, 0x0000000084d00000| Untracked 
|  78|0x0000000084e00000, 0x0000000084f00000, 0x0000000084f00000|100%| O|  |TAMS 0x0000000084e00000, 0x0000000084e00000| Untracked 
|  79|0x0000000084f00000, 0x0000000085000000, 0x0000000085000000|100%| O|  |TAMS 0x0000000084f00000, 0x0000000084f00000| Untracked 
|  80|0x0000000085000000, 0x0000000085100000, 0x0000000085100000|100%| O|  |TAMS 0x0000000085000000, 0x0000000085000000| Untracked 
|  81|0x0000000085100000, 0x0000000085200000, 0x0000000085200000|100%| O|  |TAMS 0x0000000085100000, 0x0000000085100000| Untracked 
|  82|0x0000000085200000, 0x0000000085300000, 0x0000000085300000|100%| O|  |TAMS 0x0000000085200000, 0x0000000085200000| Untracked 
|  83|0x0000000085300000, 0x0000000085400000, 0x0000000085400000|100%| O|  |TAMS 0x0000000085300000, 0x0000000085300000| Untracked 
|  84|0x0000000085400000, 0x000000008548b200, 0x0000000085500000| 54%| O|  |TAMS 0x0000000085400000, 0x0000000085400000| Untracked 
|  85|0x0000000085500000, 0x0000000085500000, 0x0000000085600000|  0%| F|  |TAMS 0x0000000085500000, 0x0000000085500000| Untracked 
|  86|0x0000000085600000, 0x0000000085600000, 0x0000000085700000|  0%| F|  |TAMS 0x0000000085600000, 0x0000000085600000| Untracked 
|  87|0x0000000085700000, 0x0000000085700000, 0x0000000085800000|  0%| F|  |TAMS 0x0000000085700000, 0x0000000085700000| Untracked 
|  88|0x0000000085800000, 0x0000000085800000, 0x0000000085900000|  0%| F|  |TAMS 0x0000000085800000, 0x0000000085800000| Untracked 
|  89|0x0000000085900000, 0x0000000085900000, 0x0000000085a00000|  0%| F|  |TAMS 0x0000000085900000, 0x0000000085900000| Untracked 
|  90|0x0000000085a00000, 0x0000000085a00000, 0x0000000085b00000|  0%| F|  |TAMS 0x0000000085a00000, 0x0000000085a00000| Untracked 
|  91|0x0000000085b00000, 0x0000000085b00000, 0x0000000085c00000|  0%| F|  |TAMS 0x0000000085b00000, 0x0000000085b00000| Untracked 
|  92|0x0000000085c00000, 0x0000000085c00000, 0x0000000085d00000|  0%| F|  |TAMS 0x0000000085c00000, 0x0000000085c00000| Untracked 
|  93|0x0000000085d00000, 0x0000000085d00000, 0x0000000085e00000|  0%| F|  |TAMS 0x0000000085d00000, 0x0000000085d00000| Untracked 
|  94|0x0000000085e00000, 0x0000000085e00000, 0x0000000085f00000|  0%| F|  |TAMS 0x0000000085e00000, 0x0000000085e00000| Untracked 
|  95|0x0000000085f00000, 0x0000000085f00000, 0x0000000086000000|  0%| F|  |TAMS 0x0000000085f00000, 0x0000000085f00000| Untracked 
|  96|0x0000000086000000, 0x0000000086000000, 0x0000000086100000|  0%| F|  |TAMS 0x0000000086000000, 0x0000000086000000| Untracked 
|  97|0x0000000086100000, 0x0000000086100000, 0x0000000086200000|  0%| F|  |TAMS 0x0000000086100000, 0x0000000086100000| Untracked 
|  98|0x0000000086200000, 0x0000000086200000, 0x0000000086300000|  0%| F|  |TAMS 0x0000000086200000, 0x0000000086200000| Untracked 
|  99|0x0000000086300000, 0x0000000086400000, 0x0000000086400000|100%| S|CS|TAMS 0x0000000086300000, 0x0000000086300000| Complete 
| 100|0x0000000086400000, 0x0000000086500000, 0x0000000086500000|100%| S|CS|TAMS 0x0000000086400000, 0x0000000086400000| Complete 
| 101|0x0000000086500000, 0x0000000086500000, 0x0000000086600000|  0%| F|  |TAMS 0x0000000086500000, 0x0000000086500000| Untracked 
| 102|0x0000000086600000, 0x0000000086600000, 0x0000000086700000|  0%| F|  |TAMS 0x0000000086600000, 0x0000000086600000| Untracked 
| 103|0x0000000086700000, 0x0000000086700000, 0x0000000086800000|  0%| F|  |TAMS 0x0000000086700000, 0x0000000086700000| Untracked 
| 104|0x0000000086800000, 0x0000000086900000, 0x0000000086900000|100%| S|CS|TAMS 0x0000000086800000, 0x0000000086800000| Complete 
| 105|0x0000000086900000, 0x0000000086a00000, 0x0000000086a00000|100%| S|CS|TAMS 0x0000000086900000, 0x0000000086900000| Complete 
| 106|0x0000000086a00000, 0x0000000086b00000, 0x0000000086b00000|100%| S|CS|TAMS 0x0000000086a00000, 0x0000000086a00000| Complete 
| 107|0x0000000086b00000, 0x0000000086b00000, 0x0000000086c00000|  0%| F|  |TAMS 0x0000000086b00000, 0x0000000086b00000| Untracked 
| 108|0x0000000086c00000, 0x0000000086c00000, 0x0000000086d00000|  0%| F|  |TAMS 0x0000000086c00000, 0x0000000086c00000| Untracked 
| 109|0x0000000086d00000, 0x0000000086e00000, 0x0000000086e00000|100%| S|CS|TAMS 0x0000000086d00000, 0x0000000086d00000| Complete 
| 110|0x0000000086e00000, 0x0000000086e00000, 0x0000000086f00000|  0%| F|  |TAMS 0x0000000086e00000, 0x0000000086e00000| Untracked 
| 111|0x0000000086f00000, 0x0000000086f00000, 0x0000000087000000|  0%| F|  |TAMS 0x0000000086f00000, 0x0000000086f00000| Untracked 
| 112|0x0000000087000000, 0x0000000087000000, 0x0000000087100000|  0%| F|  |TAMS 0x0000000087000000, 0x0000000087000000| Untracked 
| 113|0x0000000087100000, 0x0000000087100000, 0x0000000087200000|  0%| F|  |TAMS 0x0000000087100000, 0x0000000087100000| Untracked 
| 114|0x0000000087200000, 0x0000000087200000, 0x0000000087300000|  0%| F|  |TAMS 0x0000000087200000, 0x0000000087200000| Untracked 
| 115|0x0000000087300000, 0x0000000087300000, 0x0000000087400000|  0%| F|  |TAMS 0x0000000087300000, 0x0000000087300000| Untracked 
| 116|0x0000000087400000, 0x0000000087400000, 0x0000000087500000|  0%| F|  |TAMS 0x0000000087400000, 0x0000000087400000| Untracked 
| 117|0x0000000087500000, 0x0000000087500000, 0x0000000087600000|  0%| F|  |TAMS 0x0000000087500000, 0x0000000087500000| Untracked 
| 118|0x0000000087600000, 0x0000000087600000, 0x0000000087700000|  0%| F|  |TAMS 0x0000000087600000, 0x0000000087600000| Untracked 
| 119|0x0000000087700000, 0x0000000087700000, 0x0000000087800000|  0%| F|  |TAMS 0x0000000087700000, 0x0000000087700000| Untracked 
| 120|0x0000000087800000, 0x0000000087800000, 0x0000000087900000|  0%| F|  |TAMS 0x0000000087800000, 0x0000000087800000| Untracked 
| 121|0x0000000087900000, 0x0000000087900000, 0x0000000087a00000|  0%| F|  |TAMS 0x0000000087900000, 0x0000000087900000| Untracked 
| 122|0x0000000087a00000, 0x0000000087a00000, 0x0000000087b00000|  0%| F|  |TAMS 0x0000000087a00000, 0x0000000087a00000| Untracked 
| 123|0x0000000087b00000, 0x0000000087b98358, 0x0000000087c00000| 59%| E|  |TAMS 0x0000000087b00000, 0x0000000087b00000| Complete 
| 124|0x0000000087c00000, 0x0000000087d00000, 0x0000000087d00000|100%| E|CS|TAMS 0x0000000087c00000, 0x0000000087c00000| Complete 
| 125|0x0000000087d00000, 0x0000000087e00000, 0x0000000087e00000|100%| E|CS|TAMS 0x0000000087d00000, 0x0000000087d00000| Complete 
| 126|0x0000000087e00000, 0x0000000087f00000, 0x0000000087f00000|100%| E|CS|TAMS 0x0000000087e00000, 0x0000000087e00000| Complete 
| 127|0x0000000087f00000, 0x0000000088000000, 0x0000000088000000|100%| E|CS|TAMS 0x0000000087f00000, 0x0000000087f00000| Complete 
| 128|0x0000000088000000, 0x0000000088100000, 0x0000000088100000|100%| E|CS|TAMS 0x0000000088000000, 0x0000000088000000| Complete 
| 129|0x0000000088100000, 0x0000000088200000, 0x0000000088200000|100%| E|CS|TAMS 0x0000000088100000, 0x0000000088100000| Complete 
| 130|0x0000000088200000, 0x0000000088300000, 0x0000000088300000|100%| E|CS|TAMS 0x0000000088200000, 0x0000000088200000| Complete 
| 131|0x0000000088300000, 0x0000000088400000, 0x0000000088400000|100%| E|CS|TAMS 0x0000000088300000, 0x0000000088300000| Complete 
| 132|0x0000000088400000, 0x0000000088500000, 0x0000000088500000|100%| E|CS|TAMS 0x0000000088400000, 0x0000000088400000| Complete 
| 133|0x0000000088500000, 0x0000000088600000, 0x0000000088600000|100%| E|CS|TAMS 0x0000000088500000, 0x0000000088500000| Complete 
| 134|0x0000000088600000, 0x0000000088700000, 0x0000000088700000|100%| E|CS|TAMS 0x0000000088600000, 0x0000000088600000| Complete 
| 135|0x0000000088700000, 0x0000000088800000, 0x0000000088800000|100%| E|CS|TAMS 0x0000000088700000, 0x0000000088700000| Complete 
| 136|0x0000000088800000, 0x0000000088900000, 0x0000000088900000|100%| E|CS|TAMS 0x0000000088800000, 0x0000000088800000| Complete 
| 137|0x0000000088900000, 0x0000000088a00000, 0x0000000088a00000|100%| E|CS|TAMS 0x0000000088900000, 0x0000000088900000| Complete 
| 138|0x0000000088a00000, 0x0000000088b00000, 0x0000000088b00000|100%| E|CS|TAMS 0x0000000088a00000, 0x0000000088a00000| Complete 
| 139|0x0000000088b00000, 0x0000000088c00000, 0x0000000088c00000|100%| E|CS|TAMS 0x0000000088b00000, 0x0000000088b00000| Complete 
| 140|0x0000000088c00000, 0x0000000088d00000, 0x0000000088d00000|100%| E|CS|TAMS 0x0000000088c00000, 0x0000000088c00000| Complete 
| 141|0x0000000088d00000, 0x0000000088e00000, 0x0000000088e00000|100%| E|CS|TAMS 0x0000000088d00000, 0x0000000088d00000| Complete 
| 142|0x0000000088e00000, 0x0000000088f00000, 0x0000000088f00000|100%| E|CS|TAMS 0x0000000088e00000, 0x0000000088e00000| Complete 
| 143|0x0000000088f00000, 0x0000000089000000, 0x0000000089000000|100%| E|CS|TAMS 0x0000000088f00000, 0x0000000088f00000| Complete 
| 144|0x0000000089000000, 0x0000000089100000, 0x0000000089100000|100%| E|CS|TAMS 0x0000000089000000, 0x0000000089000000| Complete 
| 145|0x0000000089100000, 0x0000000089200000, 0x0000000089200000|100%| E|CS|TAMS 0x0000000089100000, 0x0000000089100000| Complete 
| 146|0x0000000089200000, 0x0000000089300000, 0x0000000089300000|100%| E|CS|TAMS 0x0000000089200000, 0x0000000089200000| Complete 
| 147|0x0000000089300000, 0x0000000089400000, 0x0000000089400000|100%| E|CS|TAMS 0x0000000089300000, 0x0000000089300000| Complete 

Card table byte_map: [0x00000242b5170000,0x00000242b5570000] _byte_map_base: 0x00000242b4d70000

Marking Bits (Prev, Next): (CMBitMap*) 0x000002429e249f10, (CMBitMap*) 0x000002429e249ed0
 Prev Bits: [0x00000242b7970000, 0x00000242b9970000)
 Next Bits: [0x00000242b5970000, 0x00000242b7970000)

Polling page: 0x000002429c3a0000

Metaspace:

Usage:
  Non-class:     65.69 MB used.
      Class:     10.38 MB used.
       Both:     76.07 MB used.

Virtual space:
  Non-class space:      128.00 MB reserved,      66.12 MB ( 52%) committed,  2 nodes.
      Class space:      416.00 MB reserved,      10.75 MB (  3%) committed,  1 nodes.
             Both:      544.00 MB reserved,      76.88 MB ( 14%) committed. 

Chunk freelists:
   Non-Class:  13.16 MB
       Class:  5.31 MB
        Both:  18.47 MB

MaxMetaspaceSize: 512.00 MB
CompressedClassSpaceSize: 416.00 MB
Initial GC threshold: 21.00 MB
Current GC threshold: 88.38 MB
CDS: on
MetaspaceReclaimPolicy: balanced
 - commit_granule_bytes: 65536.
 - commit_granule_words: 8192.
 - virtual_space_node_default_size: 8388608.
 - enlarge_chunks_in_place: 1.
 - new_chunks_are_fully_committed: 0.
 - uncommit_free_chunks: 1.
 - use_allocation_guard: 0.
 - handle_deallocations: 1.


Internal statistics:

num_allocs_failed_limit: 3.
num_arena_births: 1024.
num_arena_deaths: 0.
num_vsnodes_births: 3.
num_vsnodes_deaths: 0.
num_space_committed: 1230.
num_space_uncommitted: 0.
num_chunks_returned_to_freelist: 3.
num_chunks_taken_from_freelist: 4380.
num_chunk_merges: 0.
num_chunk_splits: 2853.
num_chunks_enlarged: 1862.
num_inconsistent_stats: 0.

CodeHeap 'non-profiled nmethods': size=120000Kb used=6968Kb max_used=6968Kb free=113031Kb
 bounds [0x00000242ad840000, 0x00000242adf10000, 0x00000242b4d70000]
CodeHeap 'profiled nmethods': size=120000Kb used=18462Kb max_used=18462Kb free=101538Kb
 bounds [0x00000242a5d70000, 0x00000242a6f80000, 0x00000242ad2a0000]
CodeHeap 'non-nmethods': size=5760Kb used=2382Kb max_used=2432Kb free=3377Kb
 bounds [0x00000242ad2a0000, 0x00000242ad520000, 0x00000242ad840000]
 total_blobs=10416 nmethods=9505 adapters=822
 compilation: enabled
              stopped_count=0, restarted_count=0
 full_count=0

Compilation events (20 events):
Event: 182.051 Thread 0x00000242bbe0a800 11036   !   3       org.gradle.api.internal.attributes.DefaultMutableAttributeContainer::realizeAllLazyAttributes (63 bytes)
Event: 182.052 Thread 0x00000242bbe0a800 nmethod 11036 0x00000242a6f73510 code [0x00000242a6f73760, 0x00000242a6f73f68]
Event: 182.066 Thread 0x00000242bbe0a800 11037       3       org.gradle.api.internal.attributes.DefaultAttributesFactory::fromMap (67 bytes)
Event: 182.067 Thread 0x00000242bbe0a800 nmethod 11037 0x00000242a6f74210 code [0x00000242a6f74440, 0x00000242a6f74e28]
Event: 182.092 Thread 0x00000242bbe0a800 11038       3       java.lang.System$2::defineClass (14 bytes)
Event: 182.092 Thread 0x00000242bbe0a800 nmethod 11038 0x00000242a6f75090 code [0x00000242a6f75240, 0x00000242a6f753a8]
Event: 182.270 Thread 0x00000242bbe0a800 11039       3       org.gradle.api.internal.provider.AbstractProperty::disallowChanges (8 bytes)
Event: 182.270 Thread 0x00000242bbe0a800 nmethod 11039 0x00000242a6f75490 code [0x00000242a6f75640, 0x00000242a6f75808]
Event: 182.287 Thread 0x00000242bbe0a800 11040       3       org.gradle.api.internal.provider.ValueState$NonFinalizedValue::disallowChanges (6 bytes)
Event: 182.288 Thread 0x00000242bbe0a800 nmethod 11040 0x00000242a6aab790 code [0x00000242a6aab920, 0x00000242a6aaba38]
Event: 182.290 Thread 0x00000242bbe0a800 11041       1       org.gradle.api.internal.artifacts.transform.DefaultVariantTransformRegistry$TypedRegistration::getFrom (5 bytes)
Event: 182.290 Thread 0x00000242bbe0a800 nmethod 11041 0x00000242adf0d390 code [0x00000242adf0d520, 0x00000242adf0d5f8]
Event: 182.297 Thread 0x00000242bbe0a800 11042       1       org.gradle.api.internal.artifacts.transform.DefaultVariantTransformRegistry$TypedRegistration::getTo (5 bytes)
Event: 182.297 Thread 0x00000242bbe0a800 nmethod 11042 0x00000242adf0d690 code [0x00000242adf0d820, 0x00000242adf0d8f8]
Event: 182.306 Thread 0x00000242bbe0a800 11043       2       org.gradle.internal.snapshot.impl.AbstractValueProcessor::processValue (402 bytes)
Event: 182.310 Thread 0x00000242bbe0a800 nmethod 11043 0x00000242a6f75910 code [0x00000242a6f75da0, 0x00000242a6f772d8]
Event: 182.315 Thread 0x00000242bbe0a800 11044       1       org.gradle.api.internal.project.DefaultProject::getName (5 bytes)
Event: 182.315 Thread 0x00000242bbe0a800 nmethod 11044 0x00000242adf0d990 code [0x00000242adf0db20, 0x00000242adf0dbf8]
Event: 182.315 Thread 0x00000242bbe0a800 11045       1       com.android.build.gradle.internal.dependency.AarTransform$Parameters_Decorated::getModelIdentityDisplayName (5 bytes)
Event: 182.315 Thread 0x00000242bbe0a800 nmethod 11045 0x00000242adf0dc90 code [0x00000242adf0de20, 0x00000242adf0def8]

GC Heap History (20 events):
Event: 90.963 GC heap before
{Heap before GC invocations=55 (full 0):
 garbage-first heap   total 114688K, used 92126K [0x0000000080000000, 0x0000000100000000)
  region size 1024K, 23 young (23552K), 1 survivors (1024K)
 Metaspace       used 53235K, committed 53824K, reserved 491520K
  class space    used 7266K, committed 7488K, reserved 425984K
}
Event: 90.967 GC heap after
{Heap after GC invocations=56 (full 0):
 garbage-first heap   total 151552K, used 71866K [0x0000000080000000, 0x0000000100000000)
  region size 1024K, 2 young (2048K), 2 survivors (2048K)
 Metaspace       used 53235K, committed 53824K, reserved 491520K
  class space    used 7266K, committed 7488K, reserved 425984K
}
Event: 95.864 GC heap before
{Heap before GC invocations=57 (full 0):
 garbage-first heap   total 151552K, used 117946K [0x0000000080000000, 0x0000000100000000)
  region size 1024K, 47 young (48128K), 2 survivors (2048K)
 Metaspace       used 58265K, committed 59008K, reserved 491520K
  class space    used 7775K, committed 8128K, reserved 425984K
}
Event: 95.878 GC heap after
{Heap after GC invocations=58 (full 0):
 garbage-first heap   total 151552K, used 73542K [0x0000000080000000, 0x0000000100000000)
  region size 1024K, 4 young (4096K), 4 survivors (4096K)
 Metaspace       used 58265K, committed 59008K, reserved 491520K
  class space    used 7775K, committed 8128K, reserved 425984K
}
Event: 96.163 GC heap before
{Heap before GC invocations=58 (full 0):
 garbage-first heap   total 151552K, used 76614K [0x0000000080000000, 0x0000000100000000)
  region size 1024K, 7 young (7168K), 4 survivors (4096K)
 Metaspace       used 58482K, committed 59200K, reserved 491520K
  class space    used 7808K, committed 8128K, reserved 425984K
}
Event: 96.203 GC heap after
{Heap after GC invocations=59 (full 0):
 garbage-first heap   total 151552K, used 73368K [0x0000000080000000, 0x0000000100000000)
  region size 1024K, 1 young (1024K), 1 survivors (1024K)
 Metaspace       used 58482K, committed 59200K, reserved 491520K
  class space    used 7808K, committed 8128K, reserved 425984K
}
Event: 107.330 GC heap before
{Heap before GC invocations=59 (full 0):
 garbage-first heap   total 151552K, used 127640K [0x0000000080000000, 0x0000000100000000)
  region size 1024K, 49 young (50176K), 1 survivors (1024K)
 Metaspace       used 61569K, committed 62272K, reserved 491520K
  class space    used 8298K, committed 8640K, reserved 425984K
}
Event: 107.361 GC heap after
{Heap after GC invocations=60 (full 0):
 garbage-first heap   total 151552K, used 78777K [0x0000000080000000, 0x0000000100000000)
  region size 1024K, 5 young (5120K), 5 survivors (5120K)
 Metaspace       used 61569K, committed 62272K, reserved 491520K
  class space    used 8298K, committed 8640K, reserved 425984K
}
Event: 127.056 GC heap before
{Heap before GC invocations=60 (full 0):
 garbage-first heap   total 151552K, used 122809K [0x0000000080000000, 0x0000000100000000)
  region size 1024K, 48 young (49152K), 5 survivors (5120K)
 Metaspace       used 64800K, committed 65536K, reserved 491520K
  class space    used 8690K, committed 9024K, reserved 425984K
}
Event: 127.305 GC heap after
{Heap after GC invocations=61 (full 0):
 garbage-first heap   total 151552K, used 81251K [0x0000000080000000, 0x0000000100000000)
  region size 1024K, 3 young (3072K), 3 survivors (3072K)
 Metaspace       used 64800K, committed 65536K, reserved 491520K
  class space    used 8690K, committed 9024K, reserved 425984K
}
Event: 141.029 GC heap before
{Heap before GC invocations=61 (full 0):
 garbage-first heap   total 151552K, used 124259K [0x0000000080000000, 0x0000000100000000)
  region size 1024K, 45 young (46080K), 3 survivors (3072K)
 Metaspace       used 65332K, committed 66048K, reserved 491520K
  class space    used 8779K, committed 9088K, reserved 425984K
}
Event: 141.099 GC heap after
{Heap after GC invocations=62 (full 0):
 garbage-first heap   total 151552K, used 84861K [0x0000000080000000, 0x0000000100000000)
  region size 1024K, 6 young (6144K), 6 survivors (6144K)
 Metaspace       used 65332K, committed 66048K, reserved 491520K
  class space    used 8779K, committed 9088K, reserved 425984K
}
Event: 157.210 GC heap before
{Heap before GC invocations=62 (full 0):
 garbage-first heap   total 151552K, used 124797K [0x0000000080000000, 0x0000000100000000)
  region size 1024K, 45 young (46080K), 6 survivors (6144K)
 Metaspace       used 67940K, committed 68672K, reserved 491520K
  class space    used 9113K, committed 9408K, reserved 425984K
}
Event: 157.275 GC heap after
{Heap after GC invocations=63 (full 0):
 garbage-first heap   total 151552K, used 86646K [0x0000000080000000, 0x0000000100000000)
  region size 1024K, 2 young (2048K), 2 survivors (2048K)
 Metaspace       used 67940K, committed 68672K, reserved 491520K
  class space    used 9113K, committed 9408K, reserved 425984K
}
Event: 163.900 GC heap before
{Heap before GC invocations=63 (full 0):
 garbage-first heap   total 151552K, used 127606K [0x0000000080000000, 0x0000000100000000)
  region size 1024K, 41 young (41984K), 2 survivors (2048K)
 Metaspace       used 70958K, committed 71680K, reserved 491520K
  class space    used 9641K, committed 9920K, reserved 425984K
}
Event: 163.917 GC heap after
{Heap after GC invocations=64 (full 0):
 garbage-first heap   total 151552K, used 87517K [0x0000000080000000, 0x0000000100000000)
  region size 1024K, 3 young (3072K), 3 survivors (3072K)
 Metaspace       used 70958K, committed 71680K, reserved 491520K
  class space    used 9641K, committed 9920K, reserved 425984K
}
Event: 168.163 GC heap before
{Heap before GC invocations=64 (full 0):
 garbage-first heap   total 151552K, used 127453K [0x0000000080000000, 0x0000000100000000)
  region size 1024K, 42 young (43008K), 3 survivors (3072K)
 Metaspace       used 74022K, committed 74816K, reserved 491520K
  class space    used 10065K, committed 10368K, reserved 425984K
}
Event: 168.189 GC heap after
{Heap after GC invocations=65 (full 0):
 garbage-first heap   total 151552K, used 89212K [0x0000000080000000, 0x0000000100000000)
  region size 1024K, 5 young (5120K), 5 survivors (5120K)
 Metaspace       used 74022K, committed 74816K, reserved 491520K
  class space    used 10065K, committed 10368K, reserved 425984K
}
Event: 178.572 GC heap before
{Heap before GC invocations=65 (full 0):
 garbage-first heap   total 151552K, used 128124K [0x0000000080000000, 0x0000000100000000)
  region size 1024K, 43 young (44032K), 5 survivors (5120K)
 Metaspace       used 76326K, committed 77120K, reserved 557056K
  class space    used 10352K, committed 10688K, reserved 425984K
}
Event: 178.629 GC heap after
{Heap after GC invocations=66 (full 0):
 garbage-first heap   total 151552K, used 92716K [0x0000000080000000, 0x0000000100000000)
  region size 1024K, 6 young (6144K), 6 survivors (6144K)
 Metaspace       used 76326K, committed 77120K, reserved 557056K
  class space    used 10352K, committed 10688K, reserved 425984K
}

Dll operation events (15 events):
Event: 0.131 Loaded shared library C:\Program Files\Eclipse Adoptium\jdk-17.0.19.10-hotspot\bin\java.dll
Event: 0.349 Loaded shared library C:\Program Files\Eclipse Adoptium\jdk-17.0.19.10-hotspot\bin\jsvml.dll
Event: 1.578 Loaded shared library C:\Program Files\Eclipse Adoptium\jdk-17.0.19.10-hotspot\bin\zip.dll
Event: 1.594 Loaded shared library C:\Program Files\Eclipse Adoptium\jdk-17.0.19.10-hotspot\bin\instrument.dll
Event: 1.678 Loaded shared library C:\Program Files\Eclipse Adoptium\jdk-17.0.19.10-hotspot\bin\net.dll
Event: 1.699 Loaded shared library C:\Program Files\Eclipse Adoptium\jdk-17.0.19.10-hotspot\bin\nio.dll
Event: 1.709 Loaded shared library C:\Program Files\Eclipse Adoptium\jdk-17.0.19.10-hotspot\bin\zip.dll
Event: 4.886 Loaded shared library C:\Program Files\Eclipse Adoptium\jdk-17.0.19.10-hotspot\bin\jimage.dll
Event: 6.354 Loaded shared library C:\Program Files\Eclipse Adoptium\jdk-17.0.19.10-hotspot\bin\verify.dll
Event: 7.429 Loaded shared library C:\Users\HP\.gradle\native\1def1411415f61bf3af743bc5b6707747c0891f09f0c88961ee8f79bc544acac\windows-amd64\native-platform.dll
Event: 7.518 Loaded shared library C:\Users\HP\.gradle\native\0.2.7\x86_64-windows-gnu\gradle-fileevents.dll
Event: 15.087 Loaded shared library C:\Program Files\Eclipse Adoptium\jdk-17.0.19.10-hotspot\bin\management.dll
Event: 15.102 Loaded shared library C:\Program Files\Eclipse Adoptium\jdk-17.0.19.10-hotspot\bin\management_ext.dll
Event: 16.433 Loaded shared library C:\Program Files\Eclipse Adoptium\jdk-17.0.19.10-hotspot\bin\extnet.dll
Event: 18.005 Loaded shared library C:\Program Files\Eclipse Adoptium\jdk-17.0.19.10-hotspot\bin\sunmscapi.dll

Deoptimization events (20 events):
Event: 178.753 Thread 0x00000242dbc82320 Uncommon trap: trap_request=0xffffff45 fr.pc=0x00000242adc27214 relative=0x0000000000000074
Event: 178.753 Thread 0x00000242dbc82320 Uncommon trap: reason=unstable_if action=reinterpret pc=0x00000242adc27214 method=org.gradle.internal.logging.slf4j.OutputEventListenerBackedLogger.isLevelAtMost(Lorg/gradle/api/logging/LogLevel;)Z @ 11 c2
Event: 178.753 Thread 0x00000242dbc82320 DEOPT PACKING pc=0x00000242adc27214 sp=0x000000b18baf8320
Event: 178.753 Thread 0x00000242dbc82320 DEOPT UNPACKING pc=0x00000242ad2f69a3 sp=0x000000b18baf82c0 mode 2
Event: 178.754 Thread 0x00000242dbc82320 Uncommon trap: trap_request=0xffffffc6 fr.pc=0x00000242add54ce4 relative=0x0000000000000084
Event: 178.754 Thread 0x00000242dbc82320 Uncommon trap: reason=bimorphic_or_optimized_type_check action=maybe_recompile pc=0x00000242add54ce4 method=org.gradle.internal.logging.sink.OutputEventRenderer.onOutput(Lorg/gradle/internal/logging/events/OutputEvent;)V @ 1 c2
Event: 178.754 Thread 0x00000242dbc82320 DEOPT PACKING pc=0x00000242add54ce4 sp=0x000000b18baf82b0
Event: 178.754 Thread 0x00000242dbc82320 DEOPT UNPACKING pc=0x00000242ad2f69a3 sp=0x000000b18baf81f0 mode 2
Event: 178.754 Thread 0x00000242dbc82320 Uncommon trap: trap_request=0xffffffde fr.pc=0x00000242add53894 relative=0x0000000000000754
Event: 178.754 Thread 0x00000242dbc82320 Uncommon trap: reason=class_check action=maybe_recompile pc=0x00000242add53894 method=org.gradle.internal.logging.sink.OutputEventTransformer.onOutput(Lorg/gradle/internal/logging/events/OutputEvent;)V @ 215 c2
Event: 178.754 Thread 0x00000242dbc82320 DEOPT PACKING pc=0x00000242add53894 sp=0x000000b18baf81c0
Event: 178.754 Thread 0x00000242dbc82320 DEOPT UNPACKING pc=0x00000242ad2f69a3 sp=0x000000b18baf8168 mode 2
Event: 178.771 Thread 0x00000242dbc82320 Uncommon trap: trap_request=0xffffff45 fr.pc=0x00000242add57f28 relative=0x0000000000000088
Event: 178.771 Thread 0x00000242dbc82320 Uncommon trap: reason=unstable_if action=reinterpret pc=0x00000242add57f28 method=org.gradle.internal.operations.logging.LoggingBuildOperationProgressBroadcaster.onOutput(Lorg/gradle/internal/logging/events/OutputEvent;)V @ 4 c2
Event: 178.771 Thread 0x00000242dbc82320 DEOPT PACKING pc=0x00000242add57f28 sp=0x000000b18baf8250
Event: 178.771 Thread 0x00000242dbc82320 DEOPT UNPACKING pc=0x00000242ad2f69a3 sp=0x000000b18baf81e0 mode 2
Event: 181.203 Thread 0x00000242dbc82320 DEOPT PACKING pc=0x00000242a6efbe55 sp=0x000000b18baf7a30
Event: 181.203 Thread 0x00000242dbc82320 DEOPT UNPACKING pc=0x00000242ad2f7143 sp=0x000000b18baf6f68 mode 0
Event: 181.621 Thread 0x00000242dbc82320 DEOPT PACKING pc=0x00000242a6efbdee sp=0x000000b18baf7530
Event: 181.621 Thread 0x00000242dbc82320 DEOPT UNPACKING pc=0x00000242ad2f7143 sp=0x000000b18baf6a68 mode 0

Classes loaded (20 events):
Event: 139.255 Loading class java/lang/EnumCustomizer
Event: 139.255 Loading class java/lang/EnumCustomizer done
Event: 157.376 Loading class java/util/concurrent/atomic/AtomicIntegerArray
Event: 157.378 Loading class java/util/concurrent/atomic/AtomicIntegerArray done
Event: 157.384 Loading class java/util/Currency
Event: 157.386 Loading class java/util/Currency done
Event: 157.402 Loading class java/util/concurrent/atomic/AtomicLongArray
Event: 157.402 Loading class java/util/concurrent/atomic/AtomicLongArray done
Event: 157.662 Loading class sun/reflect/generics/repository/FieldRepository
Event: 157.663 Loading class sun/reflect/generics/repository/FieldRepository done
Event: 157.777 Loading class jdk/internal/vm/annotation/ForceInline
Event: 157.781 Loading class jdk/internal/vm/annotation/ForceInline done
Event: 158.822 Loading class java/util/regex/Pattern$Caret
Event: 158.827 Loading class java/util/regex/Pattern$Caret done
Event: 176.874 Loading class java/lang/StackTraceElement$HashedModules
Event: 176.882 Loading class java/lang/StackTraceElement$HashedModules done
Event: 177.506 Loading class java/io/CharArrayReader
Event: 177.507 Loading class java/io/CharArrayReader done
Event: 178.501 Loading class java/io/LineNumberReader
Event: 178.502 Loading class java/io/LineNumberReader done

Classes unloaded (0 events):
No events

Classes redefined (0 events):
No events

Internal exceptions (20 events):
Event: 177.987 Thread 0x00000242dbc82320 Exception <a 'java/lang/ClassNotFoundException'{0x0000000087133e38}: org/gradle/api/internal/artifacts/repositories/AbstractArtifactRepositoryBeanInfo> (0x0000000087133e38) 
thrown [s\src\hotspot\share\classfile\systemDictionary.cpp, line 256]
Event: 178.003 Thread 0x00000242dbc82320 Exception <a 'java/lang/ClassNotFoundException'{0x00000000871505e0}: org/gradle/api/internal/artifacts/repositories/AbstractArtifactRepositoryCustomizer> (0x00000000871505e0) 
thrown [s\src\hotspot\share\classfile\systemDictionary.cpp, line 256]
Event: 178.020 Thread 0x00000242dbc82320 Exception <a 'java/lang/ClassNotFoundException'{0x000000008718f980}: org/gradle/api/internal/artifacts/repositories/AbstractResolutionAwareArtifactRepositoryCustomizer> (0x000000008718f980) 
thrown [s\src\hotspot\share\classfile\systemDictionary.cpp, line 256]
Event: 178.033 Thread 0x00000242dbc82320 Exception <a 'java/lang/ClassNotFoundException'{0x00000000871b7898}: org/gradle/api/internal/artifacts/repositories/DefaultFlatDirArtifactRepositoryCustomizer> (0x00000000871b7898) 
thrown [s\src\hotspot\share\classfile\systemDictionary.cpp, line 256]
Event: 178.040 Thread 0x00000242dbc82320 Exception <a 'java/lang/ClassNotFoundException'{0x00000000871e31f8}: org/gradle/api/internal/artifacts/repositories/DefaultFlatDirArtifactRepository_DecoratedCustomizer> (0x00000000871e31f8) 
thrown [s\src\hotspot\share\classfile\systemDictionary.cpp, line 256]
Event: 178.204 Thread 0x00000242dbc82320 Exception <a 'java/lang/ClassNotFoundException'{0x00000000870dbf70}: capacitor_build_mzts6joom86c9tgch022f6qbBeanInfo> (0x00000000870dbf70) 
thrown [s\src\hotspot\share\classfile\systemDictionary.cpp, line 256]
Event: 178.206 Thread 0x00000242dbc82320 Exception <a 'java/lang/ClassNotFoundException'{0x00000000870e5810}: capacitor_build_mzts6joom86c9tgch022f6qbCustomizer> (0x00000000870e5810) 
thrown [s\src\hotspot\share\classfile\systemDictionary.cpp, line 256]
Event: 178.305 Thread 0x00000242dbc82320 Exception <a 'java/lang/ClassNotFoundException'{0x0000000086fcb6a0}: cordova_variables_ase0bmq4nr8d6ho9jtzagyzlpBeanInfo> (0x0000000086fcb6a0) 
thrown [s\src\hotspot\share\classfile\systemDictionary.cpp, line 256]
Event: 178.305 Thread 0x00000242dbc82320 Exception <a 'java/lang/ClassNotFoundException'{0x0000000086fd3990}: cordova_variables_ase0bmq4nr8d6ho9jtzagyzlpCustomizer> (0x0000000086fd3990) 
thrown [s\src\hotspot\share\classfile\systemDictionary.cpp, line 256]
Event: 178.538 Thread 0x00000242dbc82320 Exception <a 'java/io/FileNotFoundException'{0x0000000086e6e818}> (0x0000000086e6e818) 
thrown [s\src\hotspot\share\prims\jni.cpp, line 516]
Event: 178.564 Thread 0x00000242dbc82320 Exception <a 'java/lang/ClassNotFoundException'{0x0000000086ec09a8}: org/gradle/internal/logging/slf4j/OutputEventListenerBackedLoggerBeanInfo> (0x0000000086ec09a8) 
thrown [s\src\hotspot\share\classfile\systemDictionary.cpp, line 256]
Event: 178.567 Thread 0x00000242dbc82320 Exception <a 'java/lang/ClassNotFoundException'{0x0000000086ed4a20}: org/gradle/internal/logging/slf4j/BuildOperationAwareLoggerBeanInfo> (0x0000000086ed4a20) 
thrown [s\src\hotspot\share\classfile\systemDictionary.cpp, line 256]
Event: 178.570 Thread 0x00000242dbc82320 Exception <a 'java/lang/ClassNotFoundException'{0x0000000086ee8518}: org/gradle/internal/logging/slf4j/BuildOperationAwareLoggerCustomizer> (0x0000000086ee8518) 
thrown [s\src\hotspot\share\classfile\systemDictionary.cpp, line 256]
Event: 178.633 Thread 0x00000242dbc82320 Exception <a 'java/lang/ClassNotFoundException'{0x000000008932db90}: org/gradle/internal/logging/slf4j/OutputEventListenerBackedLoggerCustomizer> (0x000000008932db90) 
thrown [s\src\hotspot\share\classfile\systemDictionary.cpp, line 256]
Event: 178.789 Thread 0x00000242dbc82320 Exception <a 'java/lang/NoClassDefFoundError'{0x0000000089244698}: org/jetbrains/kotlin/gradle/plugin/KotlinBaseApiPlugin> (0x0000000089244698) 
thrown [s\src\hotspot\share\oops\constantPool.cpp, line 837]
Event: 178.934 Thread 0x00000242dbc82320 Exception <a 'java/lang/NoClassDefFoundError'{0x000000008909e818}: org/jetbrains/kotlin/gradle/plugin/KotlinBasePluginWrapper> (0x000000008909e818) 
thrown [s\src\hotspot\share\oops\constantPool.cpp, line 837]
Event: 179.137 Thread 0x00000242dbc82320 Exception <a 'java/lang/NoClassDefFoundError'{0x0000000088db2b00}: org/jetbrains/kotlin/gradle/plugin/KotlinBasePluginWrapper> (0x0000000088db2b00) 
thrown [s\src\hotspot\share\oops\constantPool.cpp, line 837]
Event: 179.200 Thread 0x00000242dbc82320 Exception <a 'java/lang/NoClassDefFoundError'{0x0000000088dec238}: org/jetbrains/kotlin/gradle/plugin/KotlinBasePluginWrapper> (0x0000000088dec238) 
thrown [s\src\hotspot\share\oops\constantPool.cpp, line 837]
Event: 179.302 Thread 0x00000242dbc82320 Exception <a 'java/lang/NoClassDefFoundError'{0x0000000088b3ce68}: org/jetbrains/kotlin/gradle/plugin/KotlinBasePluginWrapper> (0x0000000088b3ce68) 
thrown [s\src\hotspot\share\oops\constantPool.cpp, line 837]
Event: 179.354 Thread 0x00000242dbc82320 Exception <a 'java/lang/NoClassDefFoundError'{0x0000000088b5ce90}: org/jetbrains/kotlin/gradle/plugin/KotlinBasePluginWrapper> (0x0000000088b5ce90) 
thrown [s\src\hotspot\share\oops\constantPool.cpp, line 837]

VM Operations (20 events):
Event: 176.478 Executing VM operation: Cleanup
Event: 176.494 Executing VM operation: Cleanup done
Event: 177.512 Executing VM operation: Cleanup
Event: 177.524 Executing VM operation: Cleanup done
Event: 178.474 Executing VM operation: HandshakeAllThreads
Event: 178.475 Executing VM operation: HandshakeAllThreads done
Event: 178.491 Executing VM operation: HandshakeAllThreads
Event: 178.491 Executing VM operation: HandshakeAllThreads done
Event: 178.491 Executing VM operation: HandshakeAllThreads
Event: 178.497 Executing VM operation: HandshakeAllThreads done
Event: 178.504 Executing VM operation: HandshakeAllThreads
Event: 178.504 Executing VM operation: HandshakeAllThreads done
Event: 178.571 Executing VM operation: G1CollectForAllocation
Event: 178.629 Executing VM operation: G1CollectForAllocation done
Event: 179.638 Executing VM operation: Cleanup
Event: 179.638 Executing VM operation: Cleanup done
Event: 180.543 Executing VM operation: HandshakeAllThreads
Event: 180.543 Executing VM operation: HandshakeAllThreads done
Event: 181.549 Executing VM operation: Cleanup
Event: 181.550 Executing VM operation: Cleanup done

Memory protections (0 events):
No events

Nmethod flushes (20 events):
Event: 103.145 Thread 0x00000242bbe71340 flushing  nmethod 0x00000242a6aab790
Event: 103.145 Thread 0x00000242bbe71340 flushing  nmethod 0x00000242a6ab1d90
Event: 103.146 Thread 0x00000242bbe71340 flushing  nmethod 0x00000242a6b9cc10
Event: 103.146 Thread 0x00000242bbe71340 flushing  nmethod 0x00000242a6bbe990
Event: 103.146 Thread 0x00000242bbe71340 flushing  nmethod 0x00000242a6be8510
Event: 103.146 Thread 0x00000242bbe71340 flushing  nmethod 0x00000242a6be9110
Event: 103.146 Thread 0x00000242bbe71340 flushing  nmethod 0x00000242a6beaf10
Event: 103.146 Thread 0x00000242bbe71340 flushing  nmethod 0x00000242a6bf0890
Event: 103.146 Thread 0x00000242bbe71340 flushing  nmethod 0x00000242a6c0d090
Event: 103.147 Thread 0x00000242bbe71340 flushing  nmethod 0x00000242a6c6ab90
Event: 103.147 Thread 0x00000242bbe71340 flushing  nmethod 0x00000242a6c6b610
Event: 103.148 Thread 0x00000242bbe71340 flushing  nmethod 0x00000242a6d01c90
Event: 103.149 Thread 0x00000242bbe71340 flushing  nmethod 0x00000242a6d6dc10
Event: 103.149 Thread 0x00000242bbe71340 flushing  nmethod 0x00000242a6da3410
Event: 103.149 Thread 0x00000242bbe71340 flushing  nmethod 0x00000242a6dc9990
Event: 103.149 Thread 0x00000242bbe71340 flushing  nmethod 0x00000242a6ddf890
Event: 103.149 Thread 0x00000242bbe71340 flushing  nmethod 0x00000242a6de0190
Event: 178.666 Thread 0x00000242bbe71340 flushing  nmethod 0x00000242a6022d90
Event: 178.700 Thread 0x00000242bbe71340 flushing  nmethod 0x00000242a637bf10
Event: 178.718 Thread 0x00000242bbe71340 flushing  nmethod 0x00000242a65d4990

Events (20 events):
Event: 69.023 Thread 0x00000242dbc82320 Thread added: 0x00000242de2b71d0
Event: 69.023 Thread 0x00000242dbc82320 Thread added: 0x00000242de2b8b20
Event: 72.264 Thread 0x00000242dbc82320 Thread added: 0x00000242de2b76e0
Event: 72.269 Thread 0x00000242dbc82320 Thread added: 0x00000242de2b7bf0
Event: 72.272 Thread 0x00000242dbc82320 Thread added: 0x00000242de2b8100
Event: 74.723 Thread 0x00000242dbc82320 Thread added: 0x00000242de2b67b0
Event: 74.725 Thread 0x00000242dbc82320 Thread added: 0x00000242de2b8610
Event: 74.726 Thread 0x00000242dbc82320 Thread added: 0x00000242de2b9f60
Event: 83.584 Thread 0x00000242dbc82320 Thread added: 0x00000242de2b6cc0
Event: 83.586 Thread 0x00000242dbc82320 Thread added: 0x00000242dd2ac1b0
Event: 83.587 Thread 0x00000242dbc82320 Thread added: 0x00000242dd2ac6c0
Event: 83.874 Thread 0x00000242dbc82320 Thread added: 0x00000242dd2abca0
Event: 83.876 Thread 0x00000242dbc82320 Thread added: 0x00000242dd2acbd0
Event: 83.877 Thread 0x00000242dbc82320 Thread added: 0x00000242dd2ad0e0
Event: 84.194 Thread 0x00000242dbc82320 Thread added: 0x00000242dd2ad5f0
Event: 84.194 Thread 0x00000242dbc82320 Thread added: 0x00000242dd2adb00
Event: 84.195 Thread 0x00000242dbc82320 Thread added: 0x00000242dd2aa350
Event: 100.438 Thread 0x00000242dbc82320 Thread added: 0x00000242dd2ae010
Event: 132.094 Thread 0x00000242dbc809d0 Thread exited: 0x00000242dbc809d0
Event: 177.714 Thread 0x00000242dbc82320 Thread added: 0x00000242dd2af450


Dynamic libraries:
0x00007ff7d31a0000 - 0x00007ff7d31ae000 	C:\Program Files\Eclipse Adoptium\jdk-17.0.19.10-hotspot\bin\java.exe
0x00007ff8d8840000 - 0x00007ff8d8aa6000 	C:\WINDOWS\SYSTEM32\ntdll.dll
0x00007ff8d70f0000 - 0x00007ff8d71b9000 	C:\WINDOWS\System32\KERNEL32.DLL
0x00007ff8d5fe0000 - 0x00007ff8d63e0000 	C:\WINDOWS\System32\KERNELBASE.dll
0x00007ff8d5df0000 - 0x00007ff8d5f3c000 	C:\WINDOWS\System32\ucrtbase.dll
0x00007ff8afd40000 - 0x00007ff8afd58000 	C:\Program Files\Eclipse Adoptium\jdk-17.0.19.10-hotspot\bin\jli.dll
0x00007ff8d6840000 - 0x00007ff8d6a07000 	C:\WINDOWS\System32\USER32.dll
0x00007ff8d5a60000 - 0x00007ff8d5a87000 	C:\WINDOWS\System32\win32u.dll
0x00007ff8d6570000 - 0x00007ff8d659b000 	C:\WINDOWS\System32\GDI32.dll
0x00007ff8d5cc0000 - 0x00007ff8d5de9000 	C:\WINDOWS\System32\gdi32full.dll
0x00007ff8d5c10000 - 0x00007ff8d5cb3000 	C:\WINDOWS\System32\msvcp_win.dll
0x00007ff8af410000 - 0x00007ff8af42e000 	C:\Program Files\Eclipse Adoptium\jdk-17.0.19.10-hotspot\bin\VCRUNTIME140.dll
0x00007ff8c13b0000 - 0x00007ff8c1642000 	C:\WINDOWS\WinSxS\amd64_microsoft.windows.common-controls_6595b64144ccf1df_6.0.26100.8737_none_3e092eaee333b772\COMCTL32.dll
0x00007ff8d6fb0000 - 0x00007ff8d7059000 	C:\WINDOWS\System32\msvcrt.dll
0x00007ff8d6b30000 - 0x00007ff8d6b62000 	C:\WINDOWS\System32\IMM32.DLL
0x00007ff8ce650000 - 0x00007ff8ce65c000 	C:\Program Files\Eclipse Adoptium\jdk-17.0.19.10-hotspot\bin\vcruntime140_1.dll
0x00007ff873a30000 - 0x00007ff873abd000 	C:\Program Files\Eclipse Adoptium\jdk-17.0.19.10-hotspot\bin\msvcp140.dll
0x00007ff84bc50000 - 0x00007ff84c8bc000 	C:\Program Files\Eclipse Adoptium\jdk-17.0.19.10-hotspot\bin\server\jvm.dll
0x00007ff8d6b70000 - 0x00007ff8d6c27000 	C:\WINDOWS\System32\ADVAPI32.dll
0x00007ff8d72b0000 - 0x00007ff8d735a000 	C:\WINDOWS\System32\sechost.dll
0x00007ff8d6640000 - 0x00007ff8d6758000 	C:\WINDOWS\System32\RPCRT4.dll
0x00007ff8d6760000 - 0x00007ff8d67e0000 	C:\WINDOWS\System32\WS2_32.dll
0x00007ff8d58e0000 - 0x00007ff8d593e000 	C:\WINDOWS\SYSTEM32\POWRPROF.dll
0x00007ff8ce9b0000 - 0x00007ff8ce9e6000 	C:\WINDOWS\SYSTEM32\WINMM.dll
0x00007ff8ce9f0000 - 0x00007ff8ce9fb000 	C:\WINDOWS\SYSTEM32\VERSION.dll
0x00007ff8d58c0000 - 0x00007ff8d58d4000 	C:\WINDOWS\SYSTEM32\UMPDC.dll
0x00007ff8d4700000 - 0x00007ff8d471b000 	C:\WINDOWS\SYSTEM32\kernel.appcore.dll
0x00007ff8c7550000 - 0x00007ff8c755a000 	C:\Program Files\Eclipse Adoptium\jdk-17.0.19.10-hotspot\bin\jimage.dll
0x00007ff8cb060000 - 0x00007ff8cb2a2000 	C:\WINDOWS\SYSTEM32\DBGHELP.DLL
0x00007ff8d7c50000 - 0x00007ff8d7fd3000 	C:\WINDOWS\System32\combase.dll
0x00007ff8d71c0000 - 0x00007ff8d7299000 	C:\WINDOWS\System32\OLEAUT32.dll
0x00007ff8b96e0000 - 0x00007ff8b971b000 	C:\WINDOWS\SYSTEM32\dbgcore.DLL
0x00007ff8d5b50000 - 0x00007ff8d5bfc000 	C:\WINDOWS\System32\bcryptPrimitives.dll
0x00007ff8b01f0000 - 0x00007ff8b01fe000 	C:\Program Files\Eclipse Adoptium\jdk-17.0.19.10-hotspot\bin\instrument.dll
0x00007ff8a8240000 - 0x00007ff8a8265000 	C:\Program Files\Eclipse Adoptium\jdk-17.0.19.10-hotspot\bin\java.dll
0x00007ff8495e0000 - 0x00007ff8496b7000 	C:\Program Files\Eclipse Adoptium\jdk-17.0.19.10-hotspot\bin\jsvml.dll
0x00007ff8d7360000 - 0x00007ff8d7af2000 	C:\WINDOWS\System32\SHELL32.dll
0x00007ff8d34e0000 - 0x00007ff8d3d72000 	C:\WINDOWS\SYSTEM32\windows.storage.dll
0x00007ff8d8700000 - 0x00007ff8d87f7000 	C:\WINDOWS\System32\SHCORE.dll
0x00007ff8d8690000 - 0x00007ff8d86f7000 	C:\WINDOWS\System32\shlwapi.dll
0x00007ff8d5980000 - 0x00007ff8d59a9000 	C:\WINDOWS\SYSTEM32\profapi.dll
0x00007ff8aefe0000 - 0x00007ff8aeff8000 	C:\Program Files\Eclipse Adoptium\jdk-17.0.19.10-hotspot\bin\zip.dll
0x00007ff8aebc0000 - 0x00007ff8aebda000 	C:\Program Files\Eclipse Adoptium\jdk-17.0.19.10-hotspot\bin\net.dll
0x00007ff8ca0c0000 - 0x00007ff8ca1e9000 	C:\WINDOWS\SYSTEM32\WINHTTP.dll
0x00007ff8d4c90000 - 0x00007ff8d4cfc000 	C:\WINDOWS\system32\mswsock.dll
0x00007ff8ad8e0000 - 0x00007ff8ad8f6000 	C:\Program Files\Eclipse Adoptium\jdk-17.0.19.10-hotspot\bin\nio.dll
0x00007ff8ad750000 - 0x00007ff8ad760000 	C:\Program Files\Eclipse Adoptium\jdk-17.0.19.10-hotspot\bin\verify.dll
0x00007ff8ad6d0000 - 0x00007ff8ad6f7000 	C:\Users\HP\.gradle\native\1def1411415f61bf3af743bc5b6707747c0891f09f0c88961ee8f79bc544acac\windows-amd64\native-platform.dll
0x00007ff873cb0000 - 0x00007ff873d28000 	C:\Users\HP\.gradle\native\0.2.7\x86_64-windows-gnu\gradle-fileevents.dll
0x00007ff8ad420000 - 0x00007ff8ad42a000 	C:\Program Files\Eclipse Adoptium\jdk-17.0.19.10-hotspot\bin\management.dll
0x00007ff8ad410000 - 0x00007ff8ad41c000 	C:\Program Files\Eclipse Adoptium\jdk-17.0.19.10-hotspot\bin\management_ext.dll
0x00007ff8d72a0000 - 0x00007ff8d72a8000 	C:\WINDOWS\System32\PSAPI.DLL
0x00007ff8d40b0000 - 0x00007ff8d40e3000 	C:\WINDOWS\SYSTEM32\IPHLPAPI.DLL
0x00007ff8d6630000 - 0x00007ff8d663a000 	C:\WINDOWS\System32\NSI.dll
0x00007ff8ca450000 - 0x00007ff8ca46d000 	C:\WINDOWS\SYSTEM32\dhcpcsvc6.DLL
0x00007ff8ca420000 - 0x00007ff8ca445000 	C:\WINDOWS\SYSTEM32\dhcpcsvc.DLL
0x00007ff8d4140000 - 0x00007ff8d4295000 	C:\WINDOWS\SYSTEM32\DNSAPI.dll
0x00007ff8d4ab0000 - 0x00007ff8d4abd000 	C:\WINDOWS\SYSTEM32\DSPARSE.dll
0x00007ff8ad350000 - 0x00007ff8ad359000 	C:\Program Files\Eclipse Adoptium\jdk-17.0.19.10-hotspot\bin\extnet.dll
0x00007ff8d50c0000 - 0x00007ff8d50db000 	C:\WINDOWS\SYSTEM32\CRYPTSP.dll
0x00007ff8d4660000 - 0x00007ff8d4699000 	C:\WINDOWS\system32\rsaenh.dll
0x00007ff8d4d50000 - 0x00007ff8d4d82000 	C:\WINDOWS\SYSTEM32\USERENV.dll
0x00007ff8d5950000 - 0x00007ff8d597a000 	C:\WINDOWS\SYSTEM32\bcrypt.dll
0x00007ff8d4f00000 - 0x00007ff8d4f0c000 	C:\WINDOWS\SYSTEM32\CRYPTBASE.dll
0x00007ff8ad340000 - 0x00007ff8ad34e000 	C:\Program Files\Eclipse Adoptium\jdk-17.0.19.10-hotspot\bin\sunmscapi.dll
0x00007ff8d63f0000 - 0x00007ff8d6568000 	C:\WINDOWS\System32\CRYPT32.dll
0x00007ff8d5230000 - 0x00007ff8d5260000 	C:\WINDOWS\SYSTEM32\ncrypt.dll
0x00007ff8d51e0000 - 0x00007ff8d521f000 	C:\WINDOWS\SYSTEM32\NTASN1.dll
0x00007ff8bc280000 - 0x00007ff8bc288000 	C:\WINDOWS\system32\wshunix.dll

dbghelp: loaded successfully - version: 4.0.5 - missing functions: none
symbol engine: initialized successfully - sym options: 0x614 - pdb path: .;C:\Program Files\Eclipse Adoptium\jdk-17.0.19.10-hotspot\bin;C:\WINDOWS\SYSTEM32;C:\WINDOWS\WinSxS\amd64_microsoft.windows.common-controls_6595b64144ccf1df_6.0.26100.8737_none_3e092eaee333b772;C:\Program Files\Eclipse Adoptium\jdk-17.0.19.10-hotspot\bin\server;C:\Users\HP\.gradle\native\1def1411415f61bf3af743bc5b6707747c0891f09f0c88961ee8f79bc544acac\windows-amd64;C:\Users\HP\.gradle\native\0.2.7\x86_64-windows-gnu

VM Arguments:
jvm_args: --add-opens=java.base/java.lang=ALL-UNNAMED --add-opens=java.base/java.lang.invoke=ALL-UNNAMED --add-opens=java.base/java.util=ALL-UNNAMED --add-opens=java.prefs/java.util.prefs=ALL-UNNAMED --add-exports=jdk.compiler/com.sun.tools.javac.api=ALL-UNNAMED --add-exports=jdk.compiler/com.sun.tools.javac.util=ALL-UNNAMED --add-opens=java.base/java.util=ALL-UNNAMED --add-opens=java.prefs/java.util.prefs=ALL-UNNAMED --add-opens=java.base/java.nio.charset=ALL-UNNAMED --add-opens=java.base/java.net=ALL-UNNAMED --add-opens=java.base/java.util.concurrent.atomic=ALL-UNNAMED --add-opens=java.xml/javax.xml.namespace=ALL-UNNAMED -XX:MaxMetaspaceSize=512m -Xmx2048m -Dfile.encoding=UTF-8 -Duser.country=US -Duser.language=en -Duser.variant -javaagent:C:\Users\HP\.gradle\wrapper\dists\gradle-8.14.3-all\10utluxaxniiv4wxiphsi49nj\gradle-8.14.3\lib\agents\gradle-instrumentation-agent-8.14.3.jar 
java_command: org.gradle.launcher.daemon.bootstrap.GradleDaemon 8.14.3
java_class_path (initial): C:\Users\HP\.gradle\wrapper\dists\gradle-8.14.3-all\10utluxaxniiv4wxiphsi49nj\gradle-8.14.3\lib\gradle-daemon-main-8.14.3.jar
Launcher Type: SUN_STANDARD

[Global flags]
     intx CICompilerCount                          = 3                                         {product} {ergonomic}
   size_t CompressedClassSpaceSize                 = 436207616                                 {product} {ergonomic}
     uint ConcGCThreads                            = 1                                         {product} {ergonomic}
     uint G1ConcRefinementThreads                  = 4                                         {product} {ergonomic}
   size_t G1HeapRegionSize                         = 1048576                                   {product} {ergonomic}
    uintx GCDrainStackTargetSize                   = 64                                        {product} {ergonomic}
   size_t InitialHeapSize                          = 58720256                                  {product} {ergonomic}
   size_t MarkStackSize                            = 4194304                                   {product} {ergonomic}
   size_t MaxHeapSize                              = 2147483648                                {product} {command line}
   size_t MaxMetaspaceSize                         = 536870912                                 {product} {command line}
   size_t MaxNewSize                               = 1287651328                                {product} {ergonomic}
   size_t MinHeapDeltaBytes                        = 1048576                                   {product} {ergonomic}
   size_t MinHeapSize                              = 8388608                                   {product} {ergonomic}
    uintx NonNMethodCodeHeapSize                   = 5832780                                {pd product} {ergonomic}
    uintx NonProfiledCodeHeapSize                  = 122912730                              {pd product} {ergonomic}
    uintx ProfiledCodeHeapSize                     = 122912730                              {pd product} {ergonomic}
    uintx ReservedCodeCacheSize                    = 251658240                              {pd product} {ergonomic}
     bool SegmentedCodeCache                       = true                                      {product} {ergonomic}
   size_t SoftMaxHeapSize                          = 2147483648                             {manageable} {ergonomic}
     bool UseCompressedClassPointers               = true                           {product lp64_product} {ergonomic}
     bool UseCompressedOops                        = true                           {product lp64_product} {ergonomic}
     bool UseG1GC                                  = true                                      {product} {ergonomic}
     bool UseLargePagesIndividualAllocation        = false                                  {pd product} {ergonomic}

Logging:
Log output configuration:
 #0: stdout all=warning uptime,level,tags
 #1: stderr all=off uptime,level,tags

Environment Variables:
JAVA_HOME=C:\Program Files\Eclipse Adoptium\jdk-17.0.19.10-hotspot\
PATH=C:\Program Files\Eclipse Adoptium\jdk-17.0.19.10-hotspot\bin;C:\Python314\Scripts\;C:\Python314\;C:\WINDOWS\system32;C:\WINDOWS;C:\WINDOWS\System32\Wbem;C:\WINDOWS\System32\WindowsPowerShell\v1.0\;C:\WINDOWS\System32\OpenSSH\;C:\Program Files\Git\cmd;C:\Program Files\nodejs\;C:\ProgramData\chocolatey\bin;C:\Users\HP\AppData\Local\Microsoft\WindowsApps;C:\Users\HP\AppData\Roaming\npm;C:\Users\HP\AppData\Local\Programs\Microsoft VS Code\bin
USERNAME=HP
OS=Windows_NT
PROCESSOR_IDENTIFIER=AMD64 Family 23 Model 24 Stepping 1, AuthenticAMD
TMP=C:\Users\HP\AppData\Local\Temp
TEMP=C:\Users\HP\AppData\Local\Temp



Periodic native trim disabled


---------------  S Y S T E M  ---------------

OS:
 Windows 11 , 64 bit Build 26100 (10.0.26100.8737)
OS uptime: 1 days 1:11 hours
Hyper-V role detected

CPU: total 4 (initial active 4) (4 cores per cpu, 2 threads per core) family 23 model 24 stepping 1 microcode 0x8108109, cx8, cmov, fxsr, ht, mmx, 3dnowpref, sse, sse2, sse3, ssse3, sse4a, sse4.1, sse4.2, popcnt, lzcnt, tsc, tscinvbit, avx, avx2, aes, clmul, bmi1, bmi2, adx, sha, fma, vzeroupper, clflush, clflushopt, hv
Processor Information for all 4 processors :
  Max Mhz: 2400, Current Mhz: 2400, Mhz Limit: 2400

Memory: 4k page, system-wide physical 3499M (68M free)
TotalPageFile size 14251M (AvailPageFile size 4M)
current process WorkingSet (physical memory assigned to process): 216M, peak: 230M
current process commit charge ("private bytes"): 409M, peak: 412M

vm_info: OpenJDK 64-Bit Server VM (17.0.19+10) for windows-amd64 JRE (17.0.19+10), built on Apr 25 2026 08:04:44 by "admin" with MS VC++ 17.12 (VS2022)

END.
