#
# There is insufficient memory for the Java Runtime Environment to continue.
# Native memory allocation (malloc) failed to allocate 2038624 bytes. Error detail: Chunk::new
# Possible reasons:
#   The system is out of physical RAM or swap space
#   This process is running with CompressedOops enabled, and the Java Heap may be blocking the growth of the native heap
# Possible solutions:
#   Reduce memory load on the system
#   Increase physical memory or swap space
#   Check if swap backing store is full
#   Decrease Java heap size (-Xmx/-Xms)
#   Decrease number of Java threads
#   Decrease Java thread stack sizes (-Xss)
#   Set larger code cache with -XX:ReservedCodeCacheSize=
#   JVM is running with Unscaled Compressed Oops mode in which the Java heap is
#     placed in the first 4GB address space. The Java Heap base address is the
#     maximum limit for the native heap growth. Please use -XX:HeapBaseMinAddress
#     to set the Java Heap base and to place the Java Heap above 4GB virtual address.
# This output file may be truncated or incomplete.
#
#  Out of Memory Error (arena.cpp:191), pid=15124, tid=11448
#
# JRE version: OpenJDK Runtime Environment Temurin-17.0.19+10 (17.0.19+10) (build 17.0.19+10)
# Java VM: OpenJDK 64-Bit Server VM Temurin-17.0.19+10 (17.0.19+10, mixed mode, sharing, tiered, compressed oops, compressed class ptrs, g1 gc, windows-amd64)
# No core dump will be written. Minidumps are not enabled by default on client versions of Windows
#

---------------  S U M M A R Y ------------

Command Line: --add-opens=java.base/java.lang=ALL-UNNAMED --add-opens=java.base/java.lang.invoke=ALL-UNNAMED --add-opens=java.base/java.util=ALL-UNNAMED --add-opens=java.prefs/java.util.prefs=ALL-UNNAMED --add-exports=jdk.compiler/com.sun.tools.javac.api=ALL-UNNAMED --add-exports=jdk.compiler/com.sun.tools.javac.util=ALL-UNNAMED --add-opens=java.base/java.util=ALL-UNNAMED --add-opens=java.prefs/java.util.prefs=ALL-UNNAMED --add-opens=java.base/java.nio.charset=ALL-UNNAMED --add-opens=java.base/java.net=ALL-UNNAMED --add-opens=java.base/java.util.concurrent.atomic=ALL-UNNAMED --add-opens=java.xml/javax.xml.namespace=ALL-UNNAMED -XX:MaxMetaspaceSize=512m -Xmx2048m -Dfile.encoding=UTF-8 -Duser.country=US -Duser.language=en -Duser.variant -javaagent:C:\Users\HP\.gradle\wrapper\dists\gradle-8.14.3-all\10utluxaxniiv4wxiphsi49nj\gradle-8.14.3\lib\agents\gradle-instrumentation-agent-8.14.3.jar org.gradle.launcher.daemon.bootstrap.GradleDaemon 8.14.3

Host: AMD Athlon Gold 3150U with Radeon Graphics     , 4 cores, 3G,  Windows 11 , 64 bit Build 26100 (10.0.26100.8737)
Time: Thu Jul  9 15:14:47 2026 Malay Peninsula Standard Time elapsed time: 290.591027 seconds (0d 0h 4m 50s)

---------------  T H R E A D  ---------------

Current thread (0x000002537bfa2c90):  JavaThread "C2 CompilerThread0" daemon [_thread_in_native, id=11448, stack(0x0000009a7f500000,0x0000009a7f600000)]


Current CompileTask:
C2:290591 11835       4       org.gradle.internal.execution.steps.BuildOperationStep$1::call (11 bytes)

Stack: [0x0000009a7f500000,0x0000009a7f600000]
Native frames: (J=compiled Java code, j=interpreted, Vv=VM code, C=native code)
V  [jvm.dll+0x684b29]
V  [jvm.dll+0x83a2d5]
V  [jvm.dll+0x83bd4e]
V  [jvm.dll+0x83c3d3]
V  [jvm.dll+0x24905f]
V  [jvm.dll+0xad536]
V  [jvm.dll+0xadbdc]
V  [jvm.dll+0x368d9e]
V  [jvm.dll+0x1bc4c9]
V  [jvm.dll+0x219fc0]
V  [jvm.dll+0x2192af]
V  [jvm.dll+0x1a49f0]
V  [jvm.dll+0x2299fa]
V  [jvm.dll+0x227bab]
V  [jvm.dll+0x7f0a88]
V  [jvm.dll+0x7eaf1c]
V  [jvm.dll+0x6839f7]
C  [ucrtbase.dll+0x2cd30]
C  [KERNEL32.DLL+0x2e957]
C  [ntdll.dll+0xaad6c]


---------------  P R O C E S S  ---------------

Threads class SMR info:
_java_thread_list=0x000002532f7b77d0, length=70, elements={
0x000002536d38b280, 0x000002537bf84640, 0x000002537bf85c80, 0x000002537bf9d600,
0x000002537bf9fee0, 0x000002537bfa07b0, 0x000002537bfa1080, 0x000002537bfa2c90,
0x000002537c01a9f0, 0x000002537c01d230, 0x000002537bf70fe0, 0x000002537c287490,
0x000002537d357360, 0x000002537cd34010, 0x000002537cec32b0, 0x000002537c26c4f0,
0x000002537c26cf10, 0x000002537c26e860, 0x000002537c26bfe0, 0x000002537c26b5c0,
0x000002537c26ed70, 0x000002537c26de40, 0x000002537c26ca00, 0x000002537c26d420,
0x000002537c26d930, 0x000002537c26bad0, 0x000002537c2efe80, 0x000002537c2ef970,
0x000002537c2f1ce0, 0x000002537c2f21f0, 0x000002537c2f2c10, 0x000002537c2f08a0,
0x000002537c2f0db0, 0x000002537c2f2700, 0x000002537ea553b0, 0x000002537ea53a60,
0x000002537ea54990, 0x000002537ea53550, 0x000002537ea53f70, 0x000002537ea52620,
0x000002537ea54480, 0x000002537ea55dd0, 0x000002537ea562e0, 0x000002537ea54ea0,
0x000002537ea52b30, 0x000002537ea567f0, 0x000002537ea53040, 0x000002537ea59580,
0x000002537ea58b60, 0x000002537ea56d00, 0x000002537ea57720, 0x000002537ea59070,
0x000002537ea58140, 0x000002537ea59a90, 0x000002537ea58650, 0x000002537ea59fa0,
0x000002532ed9bdf0, 0x000002532ed9e670, 0x000002532ed9e160, 0x000002532ed9eb80,
0x000002532ed9d230, 0x000002532ed9f5a0, 0x000002532ed9d740, 0x000002532ed9fab0,
0x000002532ed9c300, 0x000002532eda09e0, 0x000002532ed9f090, 0x000002532eda04d0,
0x000002532ed9ffc0, 0x000002532eda0ef0
}

Java Threads: ( => current thread )
  0x000002536d38b280 JavaThread "main" [_thread_blocked, id=14732, stack(0x0000009a7e800000,0x0000009a7e900000)]
  0x000002537bf84640 JavaThread "Reference Handler" daemon [_thread_blocked, id=12272, stack(0x0000009a7ef00000,0x0000009a7f000000)]
  0x000002537bf85c80 JavaThread "Finalizer" daemon [_thread_blocked, id=14160, stack(0x0000009a7f000000,0x0000009a7f100000)]
  0x000002537bf9d600 JavaThread "Signal Dispatcher" daemon [_thread_blocked, id=6524, stack(0x0000009a7f100000,0x0000009a7f200000)]
  0x000002537bf9fee0 JavaThread "Attach Listener" daemon [_thread_blocked, id=9812, stack(0x0000009a7f200000,0x0000009a7f300000)]
  0x000002537bfa07b0 JavaThread "Service Thread" daemon [_thread_blocked, id=13444, stack(0x0000009a7f300000,0x0000009a7f400000)]
  0x000002537bfa1080 JavaThread "Monitor Deflation Thread" daemon [_thread_blocked, id=3836, stack(0x0000009a7f400000,0x0000009a7f500000)]
=>0x000002537bfa2c90 JavaThread "C2 CompilerThread0" daemon [_thread_in_native, id=11448, stack(0x0000009a7f500000,0x0000009a7f600000)]
  0x000002537c01a9f0 JavaThread "C1 CompilerThread0" daemon [_thread_blocked, id=2100, stack(0x0000009a7f600000,0x0000009a7f700000)]
  0x000002537c01d230 JavaThread "Sweeper thread" daemon [_thread_blocked, id=4824, stack(0x0000009a7f700000,0x0000009a7f800000)]
  0x000002537bf70fe0 JavaThread "Common-Cleaner" daemon [_thread_blocked, id=14964, stack(0x0000009a7f800000,0x0000009a7f900000)]
  0x000002537c287490 JavaThread "Notification Thread" daemon [_thread_blocked, id=14956, stack(0x0000009a7f900000,0x0000009a7fa00000)]
  0x000002537d357360 JavaThread "Daemon health stats" [_thread_blocked, id=13500, stack(0x0000009a00000000,0x0000009a00100000)]
  0x000002537cd34010 JavaThread "Incoming local TCP Connector on port 61462" [_thread_in_native, id=15732, stack(0x0000009a00100000,0x0000009a00200000)]
  0x000002537cec32b0 JavaThread "Daemon periodic checks" [_thread_blocked, id=15844, stack(0x0000009a00200000,0x0000009a00300000)]
  0x000002537c26c4f0 JavaThread "Daemon" [_thread_blocked, id=16152, stack(0x0000009a00300000,0x0000009a00400000)]
  0x000002537c26cf10 JavaThread "Handler for socket connection from /127.0.0.1:61462 to /127.0.0.1:61466" [_thread_in_native, id=16156, stack(0x0000009a00400000,0x0000009a00500000)]
  0x000002537c26e860 JavaThread "Cancel handler" [_thread_blocked, id=14936, stack(0x0000009a00500000,0x0000009a00600000)]
  0x000002537c26bfe0 JavaThread "Daemon worker" [_thread_in_native, id=6544, stack(0x0000009a00600000,0x0000009a00700000)]
  0x000002537c26b5c0 JavaThread "Asynchronous log dispatcher for DefaultDaemonConnection: socket connection from /127.0.0.1:61462 to /127.0.0.1:61466" [_thread_blocked, id=13148, stack(0x0000009a00700000,0x0000009a00800000)]
  0x000002537c26ed70 JavaThread "Stdin handler" [_thread_blocked, id=9996, stack(0x0000009a00800000,0x0000009a00900000)]
  0x000002537c26de40 JavaThread "Daemon client event forwarder" [_thread_in_native, id=15932, stack(0x0000009a00900000,0x0000009a00a00000)]
  0x000002537c26ca00 JavaThread "Cache worker for journal cache (C:\Users\HP\.gradle\caches\journal-1)" [_thread_blocked, id=16260, stack(0x0000009a00a00000,0x0000009a00b00000)]
  0x000002537c26d420 JavaThread "File lock request listener" [_thread_in_native, id=13884, stack(0x0000009a00b00000,0x0000009a00c00000)]
  0x000002537c26d930 JavaThread "Cache worker for file hash cache (C:\Users\HP\.gradle\caches\8.14.3\fileHashes)" [_thread_blocked, id=16320, stack(0x0000009a00c00000,0x0000009a00d00000)]
  0x000002537c26bad0 JavaThread "Cache worker for file hash cache (D:\LSA 2025\LAST\PROJT\finance app\finance apps Ori\android\.gradle\8.14.3\fileHashes)" [_thread_blocked, id=16304, stack(0x0000009a00d00000,0x0000009a00e00000)]
  0x000002537c2efe80 JavaThread "Cache worker for Build Output Cleanup Cache (D:\LSA 2025\LAST\PROJT\finance app\finance apps Ori\android\.gradle\buildOutputCleanup)" [_thread_blocked, id=15416, stack(0x0000009a00e00000,0x0000009a00f00000)]
  0x000002537c2ef970 JavaThread "File watcher server" daemon [_thread_in_native, id=8168, stack(0x0000009a00f00000,0x0000009a01000000)]
  0x000002537c2f1ce0 JavaThread "File watcher consumer" daemon [_thread_blocked, id=15904, stack(0x0000009a01000000,0x0000009a01100000)]
  0x000002537c2f21f0 JavaThread "jar transforms" [_thread_blocked, id=15384, stack(0x0000009a01200000,0x0000009a01300000)]
  0x000002537c2f2c10 JavaThread "jar transforms Thread 2" [_thread_blocked, id=15460, stack(0x0000009a01300000,0x0000009a01400000)]
  0x000002537c2f08a0 JavaThread "jar transforms Thread 3" [_thread_blocked, id=14576, stack(0x0000009a01400000,0x0000009a01500000)]
  0x000002537c2f0db0 JavaThread "jar transforms Thread 4" [_thread_blocked, id=15624, stack(0x0000009a01500000,0x0000009a01600000)]
  0x000002537c2f2700 JavaThread "Cache worker for checksums cache (D:\LSA 2025\LAST\PROJT\finance app\finance apps Ori\android\.gradle\8.14.3\checksums)" [_thread_blocked, id=15968, stack(0x0000009a01700000,0x0000009a01800000)]
  0x000002537ea553b0 JavaThread "Cache worker for file content cache (C:\Users\HP\.gradle\caches\8.14.3\fileContent)" [_thread_blocked, id=15960, stack(0x0000009a01800000,0x0000009a01900000)]
  0x000002537ea53a60 JavaThread "Cache worker for cache directory md-supplier (C:\Users\HP\.gradle\caches\8.14.3\md-supplier)" [_thread_blocked, id=3552, stack(0x0000009a01900000,0x0000009a01a00000)]
  0x000002537ea54990 JavaThread "Cache worker for cache directory md-rule (C:\Users\HP\.gradle\caches\8.14.3\md-rule)" [_thread_blocked, id=15580, stack(0x0000009a01a00000,0x0000009a01b00000)]
  0x000002537ea53550 JavaThread "Unconstrained build operations" [_thread_blocked, id=16652, stack(0x0000009a01b00000,0x0000009a01c00000)]
  0x000002537ea53f70 JavaThread "Unconstrained build operations Thread 2" [_thread_blocked, id=16656, stack(0x0000009a01c00000,0x0000009a01d00000)]
  0x000002537ea52620 JavaThread "Unconstrained build operations Thread 3" [_thread_blocked, id=16660, stack(0x0000009a01d00000,0x0000009a01e00000)]
  0x000002537ea54480 JavaThread "Unconstrained build operations Thread 4" [_thread_blocked, id=16784, stack(0x0000009a01e00000,0x0000009a01f00000)]
  0x000002537ea55dd0 JavaThread "Unconstrained build operations Thread 5" [_thread_blocked, id=16788, stack(0x0000009a01f00000,0x0000009a02000000)]
  0x000002537ea562e0 JavaThread "Unconstrained build operations Thread 6" [_thread_blocked, id=16792, stack(0x0000009a02000000,0x0000009a02100000)]
  0x000002537ea54ea0 JavaThread "Unconstrained build operations Thread 7" [_thread_blocked, id=13660, stack(0x0000009a02100000,0x0000009a02200000)]
  0x000002537ea52b30 JavaThread "Unconstrained build operations Thread 8" [_thread_blocked, id=14516, stack(0x0000009a02200000,0x0000009a02300000)]
  0x000002537ea567f0 JavaThread "Unconstrained build operations Thread 9" [_thread_blocked, id=9108, stack(0x0000009a02300000,0x0000009a02400000)]
  0x000002537ea53040 JavaThread "Unconstrained build operations Thread 10" [_thread_blocked, id=17324, stack(0x0000009a01600000,0x0000009a01700000)]
  0x000002537ea59580 JavaThread "Unconstrained build operations Thread 11" [_thread_blocked, id=12132, stack(0x0000009a02400000,0x0000009a02500000)]
  0x000002537ea58b60 JavaThread "Unconstrained build operations Thread 12" [_thread_blocked, id=17400, stack(0x0000009a02500000,0x0000009a02600000)]
  0x000002537ea56d00 JavaThread "Unconstrained build operations Thread 13" [_thread_blocked, id=16672, stack(0x0000009a02600000,0x0000009a02700000)]
  0x000002537ea57720 JavaThread "Unconstrained build operations Thread 14" [_thread_blocked, id=16688, stack(0x0000009a02700000,0x0000009a02800000)]
  0x000002537ea59070 JavaThread "Unconstrained build operations Thread 15" [_thread_blocked, id=16692, stack(0x0000009a02800000,0x0000009a02900000)]
  0x000002537ea58140 JavaThread "Unconstrained build operations Thread 16" [_thread_blocked, id=16764, stack(0x0000009a02900000,0x0000009a02a00000)]
  0x000002537ea59a90 JavaThread "Unconstrained build operations Thread 17" [_thread_blocked, id=16760, stack(0x0000009a02a00000,0x0000009a02b00000)]
  0x000002537ea58650 JavaThread "Unconstrained build operations Thread 18" [_thread_blocked, id=8960, stack(0x0000009a02b00000,0x0000009a02c00000)]
  0x000002537ea59fa0 JavaThread "Memory manager" [_thread_blocked, id=4544, stack(0x0000009a01100000,0x0000009a01200000)]
  0x000002532ed9bdf0 JavaThread "Problems report writer" [_thread_blocked, id=16100, stack(0x0000009a02d00000,0x0000009a02e00000)]
  0x000002532ed9e670 JavaThread "Unconstrained build operations Thread 19" [_thread_blocked, id=15880, stack(0x0000009a02e00000,0x0000009a02f00000)]
  0x000002532ed9e160 JavaThread "Unconstrained build operations Thread 20" [_thread_blocked, id=10396, stack(0x0000009a02f00000,0x0000009a03000000)]
  0x000002532ed9eb80 JavaThread "Unconstrained build operations Thread 21" [_thread_blocked, id=15672, stack(0x0000009a03000000,0x0000009a03100000)]
  0x000002532ed9d230 JavaThread "File lock release action executor Thread 2" [_thread_blocked, id=3584, stack(0x0000009a03100000,0x0000009a03200000)]
  0x000002532ed9f5a0 JavaThread "Unconstrained build operations Thread 22" [_thread_blocked, id=11192, stack(0x0000009a03200000,0x0000009a03300000)]
  0x000002532ed9d740 JavaThread "Unconstrained build operations Thread 23" [_thread_blocked, id=7364, stack(0x0000009a03300000,0x0000009a03400000)]
  0x000002532ed9fab0 JavaThread "Unconstrained build operations Thread 24" [_thread_blocked, id=5184, stack(0x0000009a03400000,0x0000009a03500000)]
  0x000002532ed9c300 JavaThread "Unconstrained build operations Thread 25" [_thread_blocked, id=14520, stack(0x0000009a03500000,0x0000009a03600000)]
  0x000002532eda09e0 JavaThread "Unconstrained build operations Thread 26" [_thread_blocked, id=13248, stack(0x0000009a03600000,0x0000009a03700000)]
  0x000002532ed9f090 JavaThread "Unconstrained build operations Thread 27" [_thread_blocked, id=9204, stack(0x0000009a03700000,0x0000009a03800000)]
  0x000002532eda04d0 JavaThread "Unconstrained build operations Thread 28" [_thread_in_Java, id=7368, stack(0x0000009a03800000,0x0000009a03900000)]
  0x000002532ed9ffc0 JavaThread "Unconstrained build operations Thread 29" [_thread_in_native, id=13060, stack(0x0000009a03900000,0x0000009a03a00000)]
  0x000002532eda0ef0 JavaThread "Unconstrained build operations Thread 30" [_thread_blocked, id=17340, stack(0x0000009a03a00000,0x0000009a03b00000)]

Other Threads:
  0x000002537bf80350 VMThread "VM Thread" [stack: 0x0000009a7ee00000,0x0000009a7ef00000] [id=3696]
  0x000002537c2d7510 WatcherThread [stack: 0x0000009a7fa00000,0x0000009a7fb00000] [id=1484]
  0x000002536d3ea290 GCTaskThread "GC Thread#0" [stack: 0x0000009a7e900000,0x0000009a7ea00000] [id=13608]
  0x000002537c33dda0 GCTaskThread "GC Thread#1" [stack: 0x0000009a7fb00000,0x0000009a7fc00000] [id=11580]
  0x000002537c4f6670 GCTaskThread "GC Thread#2" [stack: 0x0000009a7fc00000,0x0000009a7fd00000] [id=14932]
  0x000002537ca0d2a0 GCTaskThread "GC Thread#3" [stack: 0x0000009a7fd00000,0x0000009a7fe00000] [id=13224]
  0x000002536d3fb0f0 ConcurrentGCThread "G1 Main Marker" [stack: 0x0000009a7ea00000,0x0000009a7eb00000] [id=14944]
  0x000002536d3fba20 ConcurrentGCThread "G1 Conc#0" [stack: 0x0000009a7eb00000,0x0000009a7ec00000] [id=3540]
  0x000002536d437360 ConcurrentGCThread "G1 Refine#0" [stack: 0x0000009a7ec00000,0x0000009a7ed00000] [id=1496]
  0x000002537c7df890 ConcurrentGCThread "G1 Refine#1" [stack: 0x0000009a7fe00000,0x0000009a7ff00000] [id=12792]
  0x000002536d437ca0 ConcurrentGCThread "G1 Service" [stack: 0x0000009a7ed00000,0x0000009a7ee00000] [id=2676]

Threads with active compile tasks:
C2 CompilerThread0  290683 11835       4       org.gradle.internal.execution.steps.BuildOperationStep$1::call (11 bytes)

VM state: not at safepoint (normal execution)

VM Mutex/Monitor currently owned by a thread: None

Heap address: 0x0000000080000000, size: 2048 MB, Compressed Oops mode: 32-bit

CDS archive(s) mapped at: [0x000002530f000000-0x000002530fbb0000-0x000002530fbb0000), size 12255232, SharedBaseAddress: 0x000002530f000000, ArchiveRelocationMode: 1.
Compressed class space mapped at: 0x0000025310000000-0x000002532a000000, reserved size: 436207616
Narrow klass base: 0x000002530f000000, Narrow klass shift: 0, Narrow klass range: 0x100000000

GC Precious Log:
 CPUs: 4 total, 4 available
 Memory: 3499M
 Large Page Support: Disabled
 NUMA Support: Disabled
 Compressed Oops: Enabled (32-bit)
 Heap Region Size: 1M
 Heap Min Capacity: 8M
 Heap Initial Capacity: 56M
 Heap Max Capacity: 2G
 Pre-touch: Disabled
 Parallel Workers: 4
 Concurrent Workers: 1
 Concurrent Refinement Workers: 4
 Periodic GC: Disabled

Heap:
 garbage-first heap   total 192512K, used 103601K [0x0000000080000000, 0x0000000100000000)
  region size 1024K, 10 young (10240K), 7 survivors (7168K)
 Metaspace       used 78571K, committed 79424K, reserved 557056K
  class space    used 10709K, committed 11072K, reserved 425984K

Heap Regions: E=young(eden), S=young(survivor), O=old, HS=humongous(starts), HC=humongous(continues), CS=collection set, F=free, OA=open archive, CA=closed archive, TAMS=top-at-mark-start (previous, next)
|   0|0x0000000080000000, 0x0000000080100000, 0x0000000080100000|100%|HS|  |TAMS 0x0000000080100000, 0x0000000080000000| Complete 
|   1|0x0000000080100000, 0x0000000080200000, 0x0000000080200000|100%|HC|  |TAMS 0x0000000080200000, 0x0000000080100000| Complete 
|   2|0x0000000080200000, 0x0000000080300000, 0x0000000080300000|100%|HC|  |TAMS 0x0000000080300000, 0x0000000080200000| Complete 
|   3|0x0000000080300000, 0x0000000080400000, 0x0000000080400000|100%| O|  |TAMS 0x0000000080400000, 0x0000000080300000| Untracked 
|   4|0x0000000080400000, 0x0000000080500000, 0x0000000080500000|100%| O|  |TAMS 0x0000000080500000, 0x0000000080400000| Untracked 
|   5|0x0000000080500000, 0x0000000080600000, 0x0000000080600000|100%| O|  |TAMS 0x0000000080600000, 0x0000000080500000| Untracked 
|   6|0x0000000080600000, 0x0000000080700000, 0x0000000080700000|100%| O|  |TAMS 0x0000000080700000, 0x0000000080600000| Untracked 
|   7|0x0000000080700000, 0x0000000080800000, 0x0000000080800000|100%| O|  |TAMS 0x0000000080800000, 0x0000000080700000| Untracked 
|   8|0x0000000080800000, 0x0000000080900000, 0x0000000080900000|100%| O|  |TAMS 0x0000000080900000, 0x0000000080800000| Untracked 
|   9|0x0000000080900000, 0x0000000080a00000, 0x0000000080a00000|100%| O|  |TAMS 0x0000000080a00000, 0x0000000080900000| Untracked 
|  10|0x0000000080a00000, 0x0000000080b00000, 0x0000000080b00000|100%|HS|  |TAMS 0x0000000080b00000, 0x0000000080a00000| Complete 
|  11|0x0000000080b00000, 0x0000000080c00000, 0x0000000080c00000|100%| O|  |TAMS 0x0000000080c00000, 0x0000000080b00000| Untracked 
|  12|0x0000000080c00000, 0x0000000080d00000, 0x0000000080d00000|100%| O|  |TAMS 0x0000000080d00000, 0x0000000080c00000| Untracked 
|  13|0x0000000080d00000, 0x0000000080e00000, 0x0000000080e00000|100%| O|  |TAMS 0x0000000080e00000, 0x0000000080d00000| Untracked 
|  14|0x0000000080e00000, 0x0000000080f00000, 0x0000000080f00000|100%| O|  |TAMS 0x0000000080f00000, 0x0000000080e00000| Untracked 
|  15|0x0000000080f00000, 0x0000000081000000, 0x0000000081000000|100%| O|  |TAMS 0x0000000081000000, 0x0000000080f00000| Untracked 
|  16|0x0000000081000000, 0x0000000081100000, 0x0000000081100000|100%| O|  |TAMS 0x0000000081100000, 0x0000000081000000| Untracked 
|  17|0x0000000081100000, 0x0000000081200000, 0x0000000081200000|100%| O|  |TAMS 0x0000000081200000, 0x0000000081100000| Untracked 
|  18|0x0000000081200000, 0x0000000081300000, 0x0000000081300000|100%| O|  |TAMS 0x0000000081300000, 0x0000000081200000| Untracked 
|  19|0x0000000081300000, 0x0000000081400000, 0x0000000081400000|100%| O|  |TAMS 0x0000000081400000, 0x0000000081300000| Untracked 
|  20|0x0000000081400000, 0x0000000081500000, 0x0000000081500000|100%| O|  |TAMS 0x0000000081500000, 0x0000000081400000| Untracked 
|  21|0x0000000081500000, 0x0000000081600000, 0x0000000081600000|100%| O|  |TAMS 0x0000000081600000, 0x0000000081500000| Untracked 
|  22|0x0000000081600000, 0x0000000081700000, 0x0000000081700000|100%| O|  |TAMS 0x0000000081700000, 0x0000000081600000| Untracked 
|  23|0x0000000081700000, 0x0000000081800000, 0x0000000081800000|100%| O|  |TAMS 0x0000000081800000, 0x0000000081700000| Untracked 
|  24|0x0000000081800000, 0x0000000081900000, 0x0000000081900000|100%| O|  |TAMS 0x0000000081900000, 0x0000000081800000| Untracked 
|  25|0x0000000081900000, 0x0000000081a00000, 0x0000000081a00000|100%| O|  |TAMS 0x0000000081a00000, 0x0000000081900000| Untracked 
|  26|0x0000000081a00000, 0x0000000081b00000, 0x0000000081b00000|100%| O|  |TAMS 0x0000000081b00000, 0x0000000081a00000| Untracked 
|  27|0x0000000081b00000, 0x0000000081c00000, 0x0000000081c00000|100%| O|  |TAMS 0x0000000081c00000, 0x0000000081b00000| Untracked 
|  28|0x0000000081c00000, 0x0000000081d00000, 0x0000000081d00000|100%| O|  |TAMS 0x0000000081d00000, 0x0000000081c00000| Untracked 
|  29|0x0000000081d00000, 0x0000000081e00000, 0x0000000081e00000|100%| O|  |TAMS 0x0000000081e00000, 0x0000000081d00000| Untracked 
|  30|0x0000000081e00000, 0x0000000081f00000, 0x0000000081f00000|100%| O|  |TAMS 0x0000000081f00000, 0x0000000081e00000| Untracked 
|  31|0x0000000081f00000, 0x0000000082000000, 0x0000000082000000|100%|HS|  |TAMS 0x0000000082000000, 0x0000000081f00000| Complete 
|  32|0x0000000082000000, 0x0000000082100000, 0x0000000082100000|100%| O|  |TAMS 0x0000000082100000, 0x0000000082000000| Untracked 
|  33|0x0000000082100000, 0x0000000082200000, 0x0000000082200000|100%| O|  |TAMS 0x0000000082200000, 0x0000000082100000| Untracked 
|  34|0x0000000082200000, 0x0000000082300000, 0x0000000082300000|100%| O|  |TAMS 0x0000000082300000, 0x0000000082200000| Untracked 
|  35|0x0000000082300000, 0x0000000082400000, 0x0000000082400000|100%| O|  |TAMS 0x0000000082400000, 0x0000000082300000| Untracked 
|  36|0x0000000082400000, 0x0000000082500000, 0x0000000082500000|100%| O|  |TAMS 0x0000000082500000, 0x0000000082400000| Untracked 
|  37|0x0000000082500000, 0x0000000082600000, 0x0000000082600000|100%| O|  |TAMS 0x0000000082600000, 0x0000000082500000| Untracked 
|  38|0x0000000082600000, 0x0000000082700000, 0x0000000082700000|100%| O|  |TAMS 0x0000000082700000, 0x0000000082600000| Untracked 
|  39|0x0000000082700000, 0x0000000082800000, 0x0000000082800000|100%| O|  |TAMS 0x0000000082800000, 0x0000000082700000| Untracked 
|  40|0x0000000082800000, 0x0000000082900000, 0x0000000082900000|100%| O|  |TAMS 0x0000000082900000, 0x0000000082800000| Untracked 
|  41|0x0000000082900000, 0x0000000082a00000, 0x0000000082a00000|100%| O|  |TAMS 0x0000000082a00000, 0x0000000082900000| Untracked 
|  42|0x0000000082a00000, 0x0000000082b00000, 0x0000000082b00000|100%| O|  |TAMS 0x0000000082b00000, 0x0000000082a00000| Untracked 
|  43|0x0000000082b00000, 0x0000000082c00000, 0x0000000082c00000|100%| O|  |TAMS 0x0000000082c00000, 0x0000000082b00000| Untracked 
|  44|0x0000000082c00000, 0x0000000082d00000, 0x0000000082d00000|100%|HS|  |TAMS 0x0000000082d00000, 0x0000000082c00000| Complete 
|  45|0x0000000082d00000, 0x0000000082e00000, 0x0000000082e00000|100%| O|  |TAMS 0x0000000082e00000, 0x0000000082d00000| Untracked 
|  46|0x0000000082e00000, 0x0000000082f00000, 0x0000000082f00000|100%| O|  |TAMS 0x0000000082f00000, 0x0000000082e00000| Untracked 
|  47|0x0000000082f00000, 0x0000000083000000, 0x0000000083000000|100%| O|  |TAMS 0x0000000083000000, 0x0000000082f00000| Untracked 
|  48|0x0000000083000000, 0x0000000083100000, 0x0000000083100000|100%| O|  |TAMS 0x0000000083100000, 0x0000000083000000| Untracked 
|  49|0x0000000083100000, 0x0000000083200000, 0x0000000083200000|100%|HS|  |TAMS 0x0000000083200000, 0x0000000083100000| Complete 
|  50|0x0000000083200000, 0x0000000083300000, 0x0000000083300000|100%|HS|  |TAMS 0x0000000083300000, 0x0000000083200000| Complete 
|  51|0x0000000083300000, 0x0000000083400000, 0x0000000083400000|100%|HS|  |TAMS 0x0000000083400000, 0x0000000083300000| Complete 
|  52|0x0000000083400000, 0x0000000083500000, 0x0000000083500000|100%| O|  |TAMS 0x0000000083500000, 0x0000000083400000| Untracked 
|  53|0x0000000083500000, 0x0000000083600000, 0x0000000083600000|100%| O|  |TAMS 0x0000000083600000, 0x0000000083500000| Untracked 
|  54|0x0000000083600000, 0x0000000083700000, 0x0000000083700000|100%| O|  |TAMS 0x0000000083700000, 0x0000000083600000| Untracked 
|  55|0x0000000083700000, 0x0000000083800000, 0x0000000083800000|100%| O|  |TAMS 0x0000000083800000, 0x0000000083700000| Untracked 
|  56|0x0000000083800000, 0x0000000083900000, 0x0000000083900000|100%| O|  |TAMS 0x0000000083900000, 0x0000000083800000| Untracked 
|  57|0x0000000083900000, 0x0000000083a00000, 0x0000000083a00000|100%| O|  |TAMS 0x0000000083a00000, 0x0000000083900000| Untracked 
|  58|0x0000000083a00000, 0x0000000083b00000, 0x0000000083b00000|100%|HS|  |TAMS 0x0000000083b00000, 0x0000000083a00000| Complete 
|  59|0x0000000083b00000, 0x0000000083c00000, 0x0000000083c00000|100%|HS|  |TAMS 0x0000000083c00000, 0x0000000083b00000| Complete 
|  60|0x0000000083c00000, 0x0000000083d00000, 0x0000000083d00000|100%|HS|  |TAMS 0x0000000083d00000, 0x0000000083c00000| Complete 
|  61|0x0000000083d00000, 0x0000000083e00000, 0x0000000083e00000|100%| O|  |TAMS 0x0000000083d00000, 0x0000000083d00000| Untracked 
|  62|0x0000000083e00000, 0x0000000083f00000, 0x0000000083f00000|100%| O|  |TAMS 0x0000000083f00000, 0x0000000083e00000| Untracked 
|  63|0x0000000083f00000, 0x0000000084000000, 0x0000000084000000|100%| O|  |TAMS 0x0000000084000000, 0x0000000083f00000| Untracked 
|  64|0x0000000084000000, 0x0000000084100000, 0x0000000084100000|100%| O|  |TAMS 0x0000000084100000, 0x0000000084000000| Untracked 
|  65|0x0000000084100000, 0x0000000084200000, 0x0000000084200000|100%| O|  |TAMS 0x0000000084200000, 0x0000000084100000| Untracked 
|  66|0x0000000084200000, 0x0000000084300000, 0x0000000084300000|100%| O|  |TAMS 0x0000000084300000, 0x0000000084200000| Untracked 
|  67|0x0000000084300000, 0x0000000084400000, 0x0000000084400000|100%| O|  |TAMS 0x0000000084400000, 0x0000000084300000| Untracked 
|  68|0x0000000084400000, 0x0000000084500000, 0x0000000084500000|100%| O|  |TAMS 0x0000000084464200, 0x0000000084400000| Untracked 
|  69|0x0000000084500000, 0x0000000084600000, 0x0000000084600000|100%| O|  |TAMS 0x0000000084500000, 0x0000000084500000| Untracked 
|  70|0x0000000084600000, 0x0000000084700000, 0x0000000084700000|100%| O|  |TAMS 0x0000000084600000, 0x0000000084600000| Untracked 
|  71|0x0000000084700000, 0x0000000084800000, 0x0000000084800000|100%| O|  |TAMS 0x0000000084700000, 0x0000000084700000| Untracked 
|  72|0x0000000084800000, 0x0000000084900000, 0x0000000084900000|100%| O|  |TAMS 0x0000000084800000, 0x0000000084800000| Untracked 
|  73|0x0000000084900000, 0x0000000084a00000, 0x0000000084a00000|100%| O|  |TAMS 0x0000000084900000, 0x0000000084900000| Untracked 
|  74|0x0000000084a00000, 0x0000000084b00000, 0x0000000084b00000|100%| O|  |TAMS 0x0000000084a00000, 0x0000000084a00000| Untracked 
|  75|0x0000000084b00000, 0x0000000084c00000, 0x0000000084c00000|100%|HS|  |TAMS 0x0000000084b00000, 0x0000000084b00000| Complete 
|  76|0x0000000084c00000, 0x0000000084d00000, 0x0000000084d00000|100%| O|  |TAMS 0x0000000084c00000, 0x0000000084c00000| Untracked 
|  77|0x0000000084d00000, 0x0000000084e00000, 0x0000000084e00000|100%| O|  |TAMS 0x0000000084d00000, 0x0000000084d00000| Untracked 
|  78|0x0000000084e00000, 0x0000000084f00000, 0x0000000084f00000|100%| O|  |TAMS 0x0000000084e00000, 0x0000000084e00000| Untracked 
|  79|0x0000000084f00000, 0x0000000085000000, 0x0000000085000000|100%| O|  |TAMS 0x0000000084f00000, 0x0000000084f00000| Untracked 
|  80|0x0000000085000000, 0x0000000085100000, 0x0000000085100000|100%| O|  |TAMS 0x0000000085000000, 0x0000000085000000| Untracked 
|  81|0x0000000085100000, 0x0000000085200000, 0x0000000085200000|100%| O|  |TAMS 0x0000000085100000, 0x0000000085100000| Untracked 
|  82|0x0000000085200000, 0x0000000085300000, 0x0000000085300000|100%| O|  |TAMS 0x0000000085200000, 0x0000000085200000| Untracked 
|  83|0x0000000085300000, 0x0000000085400000, 0x0000000085400000|100%| O|  |TAMS 0x0000000085300000, 0x0000000085300000| Untracked 
|  84|0x0000000085400000, 0x0000000085500000, 0x0000000085500000|100%| O|  |TAMS 0x0000000085400000, 0x0000000085400000| Untracked 
|  85|0x0000000085500000, 0x0000000085600000, 0x0000000085600000|100%| O|  |TAMS 0x0000000085500000, 0x0000000085500000| Untracked 
|  86|0x0000000085600000, 0x0000000085700000, 0x0000000085700000|100%| O|  |TAMS 0x0000000085600000, 0x0000000085600000| Untracked 
|  87|0x0000000085700000, 0x0000000085800000, 0x0000000085800000|100%| O|  |TAMS 0x0000000085700000, 0x0000000085700000| Untracked 
|  88|0x0000000085800000, 0x0000000085900000, 0x0000000085900000|100%| O|  |TAMS 0x0000000085800000, 0x0000000085800000| Untracked 
|  89|0x0000000085900000, 0x0000000085a00000, 0x0000000085a00000|100%| O|  |TAMS 0x0000000085900000, 0x0000000085900000| Untracked 
|  90|0x0000000085a00000, 0x0000000085b00000, 0x0000000085b00000|100%| O|  |TAMS 0x0000000085a00000, 0x0000000085a00000| Untracked 
|  91|0x0000000085b00000, 0x0000000085c00000, 0x0000000085c00000|100%| O|  |TAMS 0x0000000085b00000, 0x0000000085b00000| Untracked 
|  92|0x0000000085c00000, 0x0000000085d00000, 0x0000000085d00000|100%| O|  |TAMS 0x0000000085c00000, 0x0000000085c00000| Untracked 
|  93|0x0000000085d00000, 0x0000000085d2c400, 0x0000000085e00000| 17%| O|  |TAMS 0x0000000085d00000, 0x0000000085d00000| Untracked 
|  94|0x0000000085e00000, 0x0000000085e00000, 0x0000000085f00000|  0%| F|  |TAMS 0x0000000085e00000, 0x0000000085e00000| Untracked 
|  95|0x0000000085f00000, 0x0000000085f00000, 0x0000000086000000|  0%| F|  |TAMS 0x0000000085f00000, 0x0000000085f00000| Untracked 
|  96|0x0000000086000000, 0x0000000086000000, 0x0000000086100000|  0%| F|  |TAMS 0x0000000086000000, 0x0000000086000000| Untracked 
|  97|0x0000000086100000, 0x0000000086100000, 0x0000000086200000|  0%| F|  |TAMS 0x0000000086100000, 0x0000000086100000| Untracked 
|  98|0x0000000086200000, 0x0000000086200000, 0x0000000086300000|  0%| F|  |TAMS 0x0000000086200000, 0x0000000086200000| Untracked 
|  99|0x0000000086300000, 0x0000000086300000, 0x0000000086400000|  0%| F|  |TAMS 0x0000000086300000, 0x0000000086300000| Untracked 
| 100|0x0000000086400000, 0x0000000086400000, 0x0000000086500000|  0%| F|  |TAMS 0x0000000086400000, 0x0000000086400000| Untracked 
| 101|0x0000000086500000, 0x0000000086500000, 0x0000000086600000|  0%| F|  |TAMS 0x0000000086500000, 0x0000000086500000| Untracked 
| 102|0x0000000086600000, 0x0000000086600000, 0x0000000086700000|  0%| F|  |TAMS 0x0000000086600000, 0x0000000086600000| Untracked 
| 103|0x0000000086700000, 0x0000000086700000, 0x0000000086800000|  0%| F|  |TAMS 0x0000000086700000, 0x0000000086700000| Untracked 
| 104|0x0000000086800000, 0x0000000086800000, 0x0000000086900000|  0%| F|  |TAMS 0x0000000086800000, 0x0000000086800000| Untracked 
| 105|0x0000000086900000, 0x0000000086900000, 0x0000000086a00000|  0%| F|  |TAMS 0x0000000086900000, 0x0000000086900000| Untracked 
| 106|0x0000000086a00000, 0x0000000086a00000, 0x0000000086b00000|  0%| F|  |TAMS 0x0000000086a00000, 0x0000000086a00000| Untracked 
| 107|0x0000000086b00000, 0x0000000086b00000, 0x0000000086c00000|  0%| F|  |TAMS 0x0000000086b00000, 0x0000000086b00000| Untracked 
| 108|0x0000000086c00000, 0x0000000086c00000, 0x0000000086d00000|  0%| F|  |TAMS 0x0000000086c00000, 0x0000000086c00000| Untracked 
| 109|0x0000000086d00000, 0x0000000086d00000, 0x0000000086e00000|  0%| F|  |TAMS 0x0000000086d00000, 0x0000000086d00000| Untracked 
| 110|0x0000000086e00000, 0x0000000086e00000, 0x0000000086f00000|  0%| F|  |TAMS 0x0000000086e00000, 0x0000000086e00000| Untracked 
| 111|0x0000000086f00000, 0x0000000086f00000, 0x0000000087000000|  0%| F|  |TAMS 0x0000000086f00000, 0x0000000086f00000| Untracked 
| 112|0x0000000087000000, 0x0000000087000000, 0x0000000087100000|  0%| F|  |TAMS 0x0000000087000000, 0x0000000087000000| Untracked 
| 113|0x0000000087100000, 0x0000000087100000, 0x0000000087200000|  0%| F|  |TAMS 0x0000000087100000, 0x0000000087100000| Untracked 
| 114|0x0000000087200000, 0x0000000087200000, 0x0000000087300000|  0%| F|  |TAMS 0x0000000087200000, 0x0000000087200000| Untracked 
| 115|0x0000000087300000, 0x0000000087300000, 0x0000000087400000|  0%| F|  |TAMS 0x0000000087300000, 0x0000000087300000| Untracked 
| 116|0x0000000087400000, 0x0000000087400000, 0x0000000087500000|  0%| F|  |TAMS 0x0000000087400000, 0x0000000087400000| Untracked 
| 117|0x0000000087500000, 0x0000000087600000, 0x0000000087600000|100%| S|CS|TAMS 0x0000000087500000, 0x0000000087500000| Complete 
| 118|0x0000000087600000, 0x0000000087700000, 0x0000000087700000|100%| S|CS|TAMS 0x0000000087600000, 0x0000000087600000| Complete 
| 119|0x0000000087700000, 0x0000000087800000, 0x0000000087800000|100%| S|CS|TAMS 0x0000000087700000, 0x0000000087700000| Complete 
| 120|0x0000000087800000, 0x0000000087900000, 0x0000000087900000|100%| S|CS|TAMS 0x0000000087800000, 0x0000000087800000| Complete 
| 121|0x0000000087900000, 0x0000000087a00000, 0x0000000087a00000|100%| S|CS|TAMS 0x0000000087900000, 0x0000000087900000| Complete 
| 122|0x0000000087a00000, 0x0000000087a00000, 0x0000000087b00000|  0%| F|  |TAMS 0x0000000087a00000, 0x0000000087a00000| Untracked 
| 123|0x0000000087b00000, 0x0000000087b00000, 0x0000000087c00000|  0%| F|  |TAMS 0x0000000087b00000, 0x0000000087b00000| Untracked 
| 124|0x0000000087c00000, 0x0000000087c00000, 0x0000000087d00000|  0%| F|  |TAMS 0x0000000087c00000, 0x0000000087c00000| Untracked 
| 125|0x0000000087d00000, 0x0000000087e00000, 0x0000000087e00000|100%| S|CS|TAMS 0x0000000087d00000, 0x0000000087d00000| Complete 
| 126|0x0000000087e00000, 0x0000000087f00000, 0x0000000087f00000|100%| S|CS|TAMS 0x0000000087e00000, 0x0000000087e00000| Complete 
| 127|0x0000000087f00000, 0x0000000087f00000, 0x0000000088000000|  0%| F|  |TAMS 0x0000000087f00000, 0x0000000087f00000| Untracked 
| 128|0x0000000088000000, 0x0000000088000000, 0x0000000088100000|  0%| F|  |TAMS 0x0000000088000000, 0x0000000088000000| Untracked 
| 129|0x0000000088100000, 0x0000000088100000, 0x0000000088200000|  0%| F|  |TAMS 0x0000000088100000, 0x0000000088100000| Untracked 
| 130|0x0000000088200000, 0x0000000088200000, 0x0000000088300000|  0%| F|  |TAMS 0x0000000088200000, 0x0000000088200000| Untracked 
| 131|0x0000000088300000, 0x0000000088300000, 0x0000000088400000|  0%| F|  |TAMS 0x0000000088300000, 0x0000000088300000| Untracked 
| 132|0x0000000088400000, 0x0000000088400000, 0x0000000088500000|  0%| F|  |TAMS 0x0000000088400000, 0x0000000088400000| Untracked 
| 133|0x0000000088500000, 0x0000000088500000, 0x0000000088600000|  0%| F|  |TAMS 0x0000000088500000, 0x0000000088500000| Untracked 
| 134|0x0000000088600000, 0x0000000088600000, 0x0000000088700000|  0%| F|  |TAMS 0x0000000088600000, 0x0000000088600000| Untracked 
| 135|0x0000000088700000, 0x0000000088700000, 0x0000000088800000|  0%| F|  |TAMS 0x0000000088700000, 0x0000000088700000| Untracked 
| 136|0x0000000088800000, 0x0000000088800000, 0x0000000088900000|  0%| F|  |TAMS 0x0000000088800000, 0x0000000088800000| Untracked 
| 137|0x0000000088900000, 0x0000000088900000, 0x0000000088a00000|  0%| F|  |TAMS 0x0000000088900000, 0x0000000088900000| Untracked 
| 138|0x0000000088a00000, 0x0000000088a00000, 0x0000000088b00000|  0%| F|  |TAMS 0x0000000088a00000, 0x0000000088a00000| Untracked 
| 139|0x0000000088b00000, 0x0000000088b00000, 0x0000000088c00000|  0%| F|  |TAMS 0x0000000088b00000, 0x0000000088b00000| Untracked 
| 140|0x0000000088c00000, 0x0000000088c00000, 0x0000000088d00000|  0%| F|  |TAMS 0x0000000088c00000, 0x0000000088c00000| Untracked 
| 141|0x0000000088d00000, 0x0000000088d00000, 0x0000000088e00000|  0%| F|  |TAMS 0x0000000088d00000, 0x0000000088d00000| Untracked 
| 142|0x0000000088e00000, 0x0000000088e00000, 0x0000000088f00000|  0%| F|  |TAMS 0x0000000088e00000, 0x0000000088e00000| Untracked 
| 143|0x0000000088f00000, 0x0000000088f00000, 0x0000000089000000|  0%| F|  |TAMS 0x0000000088f00000, 0x0000000088f00000| Untracked 
| 144|0x0000000089000000, 0x0000000089000000, 0x0000000089100000|  0%| F|  |TAMS 0x0000000089000000, 0x0000000089000000| Untracked 
| 145|0x0000000089100000, 0x0000000089100000, 0x0000000089200000|  0%| F|  |TAMS 0x0000000089100000, 0x0000000089100000| Untracked 
| 146|0x0000000089200000, 0x0000000089200000, 0x0000000089300000|  0%| F|  |TAMS 0x0000000089200000, 0x0000000089200000| Untracked 
| 147|0x0000000089300000, 0x0000000089300000, 0x0000000089400000|  0%| F|  |TAMS 0x0000000089300000, 0x0000000089300000| Untracked 
| 148|0x0000000089400000, 0x0000000089400000, 0x0000000089500000|  0%| F|  |TAMS 0x0000000089400000, 0x0000000089400000| Untracked 
| 149|0x0000000089500000, 0x0000000089500000, 0x0000000089600000|  0%| F|  |TAMS 0x0000000089500000, 0x0000000089500000| Untracked 
| 150|0x0000000089600000, 0x0000000089600000, 0x0000000089700000|  0%| F|  |TAMS 0x0000000089600000, 0x0000000089600000| Untracked 
| 151|0x0000000089700000, 0x0000000089700000, 0x0000000089800000|  0%| F|  |TAMS 0x0000000089700000, 0x0000000089700000| Untracked 
| 152|0x0000000089800000, 0x0000000089800000, 0x0000000089900000|  0%| F|  |TAMS 0x0000000089800000, 0x0000000089800000| Untracked 
| 153|0x0000000089900000, 0x0000000089900000, 0x0000000089a00000|  0%| F|  |TAMS 0x0000000089900000, 0x0000000089900000| Untracked 
| 154|0x0000000089a00000, 0x0000000089a00000, 0x0000000089b00000|  0%| F|  |TAMS 0x0000000089a00000, 0x0000000089a00000| Untracked 
| 155|0x0000000089b00000, 0x0000000089b00000, 0x0000000089c00000|  0%| F|  |TAMS 0x0000000089b00000, 0x0000000089b00000| Untracked 
| 156|0x0000000089c00000, 0x0000000089c00000, 0x0000000089d00000|  0%| F|  |TAMS 0x0000000089c00000, 0x0000000089c00000| Untracked 
| 157|0x0000000089d00000, 0x0000000089d00000, 0x0000000089e00000|  0%| F|  |TAMS 0x0000000089d00000, 0x0000000089d00000| Untracked 
| 158|0x0000000089e00000, 0x0000000089e00000, 0x0000000089f00000|  0%| F|  |TAMS 0x0000000089e00000, 0x0000000089e00000| Untracked 
| 159|0x0000000089f00000, 0x0000000089f00000, 0x000000008a000000|  0%| F|  |TAMS 0x0000000089f00000, 0x0000000089f00000| Untracked 
| 160|0x000000008a000000, 0x000000008a000000, 0x000000008a100000|  0%| F|  |TAMS 0x000000008a000000, 0x000000008a000000| Untracked 
| 161|0x000000008a100000, 0x000000008a100000, 0x000000008a200000|  0%| F|  |TAMS 0x000000008a100000, 0x000000008a100000| Untracked 
| 162|0x000000008a200000, 0x000000008a200000, 0x000000008a300000|  0%| F|  |TAMS 0x000000008a200000, 0x000000008a200000| Untracked 
| 163|0x000000008a300000, 0x000000008a300000, 0x000000008a400000|  0%| F|  |TAMS 0x000000008a300000, 0x000000008a300000| Untracked 
| 164|0x000000008a400000, 0x000000008a400000, 0x000000008a500000|  0%| F|  |TAMS 0x000000008a400000, 0x000000008a400000| Untracked 
| 165|0x000000008a500000, 0x000000008a500000, 0x000000008a600000|  0%| F|  |TAMS 0x000000008a500000, 0x000000008a500000| Untracked 
| 166|0x000000008a600000, 0x000000008a600000, 0x000000008a700000|  0%| F|  |TAMS 0x000000008a600000, 0x000000008a600000| Untracked 
| 167|0x000000008a700000, 0x000000008a700000, 0x000000008a800000|  0%| F|  |TAMS 0x000000008a700000, 0x000000008a700000| Untracked 
| 168|0x000000008a800000, 0x000000008a800000, 0x000000008a900000|  0%| F|  |TAMS 0x000000008a800000, 0x000000008a800000| Untracked 
| 169|0x000000008a900000, 0x000000008a900000, 0x000000008aa00000|  0%| F|  |TAMS 0x000000008a900000, 0x000000008a900000| Untracked 
| 170|0x000000008aa00000, 0x000000008aa00000, 0x000000008ab00000|  0%| F|  |TAMS 0x000000008aa00000, 0x000000008aa00000| Untracked 
| 171|0x000000008ab00000, 0x000000008ab00000, 0x000000008ac00000|  0%| F|  |TAMS 0x000000008ab00000, 0x000000008ab00000| Untracked 
| 172|0x000000008ac00000, 0x000000008ac00000, 0x000000008ad00000|  0%| F|  |TAMS 0x000000008ac00000, 0x000000008ac00000| Untracked 
| 173|0x000000008ad00000, 0x000000008ad00000, 0x000000008ae00000|  0%| F|  |TAMS 0x000000008ad00000, 0x000000008ad00000| Untracked 
| 174|0x000000008ae00000, 0x000000008ae00000, 0x000000008af00000|  0%| F|  |TAMS 0x000000008ae00000, 0x000000008ae00000| Untracked 
| 175|0x000000008af00000, 0x000000008af00000, 0x000000008b000000|  0%| F|  |TAMS 0x000000008af00000, 0x000000008af00000| Untracked 
| 176|0x000000008b000000, 0x000000008b000000, 0x000000008b100000|  0%| F|  |TAMS 0x000000008b000000, 0x000000008b000000| Untracked 
| 177|0x000000008b100000, 0x000000008b100000, 0x000000008b200000|  0%| F|  |TAMS 0x000000008b100000, 0x000000008b100000| Untracked 
| 178|0x000000008b200000, 0x000000008b200000, 0x000000008b300000|  0%| F|  |TAMS 0x000000008b200000, 0x000000008b200000| Untracked 
| 179|0x000000008b300000, 0x000000008b300000, 0x000000008b400000|  0%| F|  |TAMS 0x000000008b300000, 0x000000008b300000| Untracked 
| 180|0x000000008b400000, 0x000000008b400000, 0x000000008b500000|  0%| F|  |TAMS 0x000000008b400000, 0x000000008b400000| Untracked 
| 181|0x000000008b500000, 0x000000008b500000, 0x000000008b600000|  0%| F|  |TAMS 0x000000008b500000, 0x000000008b500000| Untracked 
| 182|0x000000008b600000, 0x000000008b600000, 0x000000008b700000|  0%| F|  |TAMS 0x000000008b600000, 0x000000008b600000| Untracked 
| 183|0x000000008b700000, 0x000000008b700000, 0x000000008b800000|  0%| F|  |TAMS 0x000000008b700000, 0x000000008b700000| Untracked 
| 184|0x000000008b800000, 0x000000008b824428, 0x000000008b900000| 14%| E|  |TAMS 0x000000008b800000, 0x000000008b800000| Complete 
| 185|0x000000008b900000, 0x000000008ba00000, 0x000000008ba00000|100%| E|CS|TAMS 0x000000008b900000, 0x000000008b900000| Complete 
| 186|0x000000008ba00000, 0x000000008bb00000, 0x000000008bb00000|100%| E|  |TAMS 0x000000008ba00000, 0x000000008ba00000| Complete 
| 187|0x000000008bb00000, 0x000000008bc00000, 0x000000008bc00000|100%| E|CS|TAMS 0x000000008bb00000, 0x000000008bb00000| Complete 

Card table byte_map: [0x0000025375310000,0x0000025375710000] _byte_map_base: 0x0000025374f10000

Marking Bits (Prev, Next): (CMBitMap*) 0x000002536d3ea7c0, (CMBitMap*) 0x000002536d3ea800
 Prev Bits: [0x0000025375b10000, 0x0000025377b10000)
 Next Bits: [0x0000025377b10000, 0x0000025379b10000)

Polling page: 0x000002536b2a0000

Metaspace:

Usage:
  Non-class:     66.27 MB used.
      Class:     10.46 MB used.
       Both:     76.73 MB used.

Virtual space:
  Non-class space:      128.00 MB reserved,      66.75 MB ( 52%) committed,  2 nodes.
      Class space:      416.00 MB reserved,      10.81 MB (  3%) committed,  1 nodes.
             Both:      544.00 MB reserved,      77.56 MB ( 14%) committed. 

Chunk freelists:
   Non-Class:  12.80 MB
       Class:  5.19 MB
        Both:  17.99 MB

MaxMetaspaceSize: 512.00 MB
CompressedClassSpaceSize: 416.00 MB
Initial GC threshold: 21.00 MB
Current GC threshold: 93.75 MB
CDS: on
MetaspaceReclaimPolicy: balanced
 - commit_granule_bytes: 65536.
 - commit_granule_words: 8192.
 - virtual_space_node_default_size: 8388608.
 - enlarge_chunks_in_place: 1.
 - new_chunks_are_fully_committed: 0.
 - uncommit_free_chunks: 1.
 - use_allocation_guard: 0.
 - handle_deallocations: 1.


Internal statistics:

num_allocs_failed_limit: 3.
num_arena_births: 1054.
num_arena_deaths: 0.
num_vsnodes_births: 3.
num_vsnodes_deaths: 0.
num_space_committed: 1241.
num_space_uncommitted: 0.
num_chunks_returned_to_freelist: 3.
num_chunks_taken_from_freelist: 4452.
num_chunk_merges: 3.
num_chunk_splits: 2890.
num_chunks_enlarged: 1880.
num_inconsistent_stats: 0.

CodeHeap 'non-profiled nmethods': size=120000Kb used=7355Kb max_used=7355Kb free=112644Kb
 bounds [0x0000025307ad0000, 0x0000025308200000, 0x000002530f000000]
CodeHeap 'profiled nmethods': size=120000Kb used=20094Kb max_used=20094Kb free=99905Kb
 bounds [0x0000025300000000, 0x00000253013a0000, 0x0000025307530000]
CodeHeap 'non-nmethods': size=5760Kb used=2380Kb max_used=2432Kb free=3380Kb
 bounds [0x0000025307530000, 0x00000253077a0000, 0x0000025307ad0000]
 total_blobs=11151 nmethods=10240 adapters=823
 compilation: enabled
              stopped_count=0, restarted_count=0
 full_count=0

Compilation events (20 events):
Event: 288.894 Thread 0x000002537c01a9f0 11828       3       org.gradle.internal.fingerprint.DirectorySensitivity$$Lambda$286/0x0000025310336948::test (8 bytes)
Event: 288.894 Thread 0x000002537c01a9f0 nmethod 11828 0x000002530139c910 code [0x000002530139cac0, 0x000002530139cd38]
Event: 288.894 Thread 0x000002537c01a9f0 11829       3       org.gradle.internal.fingerprint.hashing.FileSystemLocationSnapshotHasher$1::hash (7 bytes)
Event: 288.894 Thread 0x000002537c01a9f0 nmethod 11829 0x000002530139ce10 code [0x000002530139cfc0, 0x000002530139d188]
Event: 288.895 Thread 0x000002537c01a9f0 11830   !   3       org.gradle.internal.fingerprint.impl.AbstractFingerprintingStrategy::getNormalizedContentHash (39 bytes)
Event: 288.896 Thread 0x000002537c01a9f0 nmethod 11830 0x000002530139d290 code [0x000002530139d4a0, 0x000002530139d9b8]
Event: 288.928 Thread 0x000002537bfa2c90 nmethod 11827 0x00000253081f6c10 code [0x00000253081f6f40, 0x00000253081f91f0]
Event: 288.928 Thread 0x000002537bfa2c90 11826       4       sun.nio.fs.WindowsFileAttributes::isRegularFile (27 bytes)
Event: 288.930 Thread 0x000002537bfa2c90 nmethod 11826 0x00000253081fb010 code [0x00000253081fb1a0, 0x00000253081fb258]
Event: 288.994 Thread 0x000002537bfa2c90 11831       4       java.util.Properties::getProperty (50 bytes)
Event: 289.011 Thread 0x000002537bfa2c90 nmethod 11831 0x00000253081fb390 code [0x00000253081fb560, 0x00000253081fbcf8]
Event: 289.011 Thread 0x000002537bfa2c90 11832       4       org.gradle.api.internal.artifacts.transform.TransformExecutionResult$Builder$MixedInputAndProducedOutputResult$$Lambda$1065/0x0000025310706f58::apply (12 bytes)
Event: 289.012 Thread 0x000002537bfa2c90 nmethod 11832 0x00000253081fc190 code [0x00000253081fc320, 0x00000253081fc438]
Event: 289.020 Thread 0x000002537bfa2c90 11833       4       com.google.common.collect.ImmutableSortedMap::fromEntries (353 bytes)
Event: 289.070 Thread 0x000002537bfa2c90 nmethod 11833 0x00000253081fc510 code [0x00000253081fc720, 0x00000253081fd8a8]
Event: 289.130 Thread 0x000002537bfa2c90 11834   !   4       org.gradle.cache.internal.DefaultCacheCoordinator::getFileLock (98 bytes)
Event: 289.144 Thread 0x000002537bfa2c90 nmethod 11834 0x00000253081fe210 code [0x00000253081fe3e0, 0x00000253081fe958]
Event: 289.150 Thread 0x000002537bfa2c90 11835       4       org.gradle.internal.execution.steps.BuildOperationStep$1::call (11 bytes)
Event: 289.150 Thread 0x000002537c01a9f0 11836   !   3       org.gradle.cache.internal.LockOnDemandCrossProcessCacheAccess::incrementLockCount (191 bytes)
Event: 289.152 Thread 0x000002537c01a9f0 nmethod 11836 0x000002530139dc90 code [0x000002530139dfc0, 0x000002530139f0f8]

GC Heap History (20 events):
Event: 200.888 GC heap after
{Heap after GC invocations=51 (full 0):
 garbage-first heap   total 110592K, used 72250K [0x0000000080000000, 0x0000000100000000)
  region size 1024K, 3 young (3072K), 3 survivors (3072K)
 Metaspace       used 55892K, committed 56576K, reserved 491520K
  class space    used 7539K, committed 7872K, reserved 425984K
}
Event: 201.957 GC heap before
{Heap before GC invocations=52 (full 0):
 garbage-first heap   total 140288K, used 89658K [0x0000000080000000, 0x0000000100000000)
  region size 1024K, 21 young (21504K), 3 survivors (3072K)
 Metaspace       used 57813K, committed 58432K, reserved 491520K
  class space    used 7739K, committed 8000K, reserved 425984K
}
Event: 201.968 GC heap after
{Heap after GC invocations=53 (full 0):
 garbage-first heap   total 140288K, used 72831K [0x0000000080000000, 0x0000000100000000)
  region size 1024K, 2 young (2048K), 2 survivors (2048K)
 Metaspace       used 57813K, committed 58432K, reserved 491520K
  class space    used 7739K, committed 8000K, reserved 425984K
}
Event: 202.351 GC heap before
{Heap before GC invocations=53 (full 0):
 garbage-first heap   total 140288K, used 76927K [0x0000000080000000, 0x0000000100000000)
  region size 1024K, 6 young (6144K), 2 survivors (2048K)
 Metaspace       used 58309K, committed 58944K, reserved 491520K
  class space    used 7779K, committed 8064K, reserved 425984K
}
Event: 202.357 GC heap after
{Heap after GC invocations=54 (full 0):
 garbage-first heap   total 140288K, used 72665K [0x0000000080000000, 0x0000000100000000)
  region size 1024K, 1 young (1024K), 1 survivors (1024K)
 Metaspace       used 58309K, committed 58944K, reserved 491520K
  class space    used 7779K, committed 8064K, reserved 425984K
}
Event: 205.401 GC heap before
{Heap before GC invocations=54 (full 0):
 garbage-first heap   total 140288K, used 119769K [0x0000000080000000, 0x0000000100000000)
  region size 1024K, 42 young (43008K), 1 survivors (1024K)
 Metaspace       used 60916K, committed 61632K, reserved 491520K
  class space    used 8189K, committed 8512K, reserved 425984K
}
Event: 205.425 GC heap after
{Heap after GC invocations=55 (full 0):
 garbage-first heap   total 192512K, used 78010K [0x0000000080000000, 0x0000000100000000)
  region size 1024K, 5 young (5120K), 5 survivors (5120K)
 Metaspace       used 60916K, committed 61632K, reserved 491520K
  class space    used 8189K, committed 8512K, reserved 425984K
}
Event: 210.653 GC heap before
{Heap before GC invocations=55 (full 0):
 garbage-first heap   total 192512K, used 157882K [0x0000000080000000, 0x0000000100000000)
  region size 1024K, 83 young (84992K), 5 survivors (5120K)
 Metaspace       used 65246K, committed 65984K, reserved 491520K
  class space    used 8761K, committed 9088K, reserved 425984K
}
Event: 210.671 GC heap after
{Heap after GC invocations=56 (full 0):
 garbage-first heap   total 192512K, used 82852K [0x0000000080000000, 0x0000000100000000)
  region size 1024K, 10 young (10240K), 10 survivors (10240K)
 Metaspace       used 65246K, committed 65984K, reserved 491520K
  class space    used 8761K, committed 9088K, reserved 425984K
}
Event: 228.272 GC heap before
{Heap before GC invocations=56 (full 0):
 garbage-first heap   total 192512K, used 155556K [0x0000000080000000, 0x0000000100000000)
  region size 1024K, 80 young (81920K), 10 survivors (10240K)
 Metaspace       used 69137K, committed 69888K, reserved 491520K
  class space    used 9267K, committed 9600K, reserved 425984K
}
Event: 228.396 GC heap after
{Heap after GC invocations=57 (full 0):
 garbage-first heap   total 192512K, used 86597K [0x0000000080000000, 0x0000000100000000)
  region size 1024K, 9 young (9216K), 9 survivors (9216K)
 Metaspace       used 69137K, committed 69888K, reserved 491520K
  class space    used 9267K, committed 9600K, reserved 425984K
}
Event: 234.362 GC heap before
{Heap before GC invocations=57 (full 0):
 garbage-first heap   total 192512K, used 156229K [0x0000000080000000, 0x0000000100000000)
  region size 1024K, 77 young (78848K), 9 survivors (9216K)
 Metaspace       used 74447K, committed 75200K, reserved 491520K
  class space    used 10132K, committed 10496K, reserved 425984K
}
Event: 234.433 GC heap after
{Heap after GC invocations=58 (full 0):
 garbage-first heap   total 192512K, used 89716K [0x0000000080000000, 0x0000000100000000)
  region size 1024K, 7 young (7168K), 7 survivors (7168K)
 Metaspace       used 74447K, committed 75200K, reserved 491520K
  class space    used 10132K, committed 10496K, reserved 425984K
}
Event: 274.589 GC heap before
{Heap before GC invocations=58 (full 0):
 garbage-first heap   total 192512K, used 159348K [0x0000000080000000, 0x0000000100000000)
  region size 1024K, 75 young (76800K), 7 survivors (7168K)
 Metaspace       used 78055K, committed 78848K, reserved 557056K
  class space    used 10642K, committed 11008K, reserved 425984K
}
Event: 275.509 GC heap after
{Heap after GC invocations=59 (full 0):
 garbage-first heap   total 192512K, used 95291K [0x0000000080000000, 0x0000000100000000)
  region size 1024K, 9 young (9216K), 9 survivors (9216K)
 Metaspace       used 78055K, committed 78848K, reserved 557056K
  class space    used 10642K, committed 11008K, reserved 425984K
}
Event: 276.321 GC heap before
{Heap before GC invocations=59 (full 0):
 garbage-first heap   total 192512K, used 95291K [0x0000000080000000, 0x0000000100000000)
  region size 1024K, 10 young (10240K), 9 survivors (9216K)
 Metaspace       used 78055K, committed 78848K, reserved 557056K
  class space    used 10642K, committed 11008K, reserved 425984K
}
Event: 276.412 GC heap after
{Heap after GC invocations=60 (full 0):
 garbage-first heap   total 192512K, used 96826K [0x0000000080000000, 0x0000000100000000)
  region size 1024K, 2 young (2048K), 2 survivors (2048K)
 Metaspace       used 78055K, committed 78848K, reserved 557056K
  class space    used 10642K, committed 11008K, reserved 425984K
}
Event: 286.210 GC heap before
{Heap before GC invocations=60 (full 0):
 garbage-first heap   total 192512K, used 159290K [0x0000000080000000, 0x0000000100000000)
  region size 1024K, 63 young (64512K), 2 survivors (2048K)
 Metaspace       used 78124K, committed 78912K, reserved 557056K
  class space    used 10651K, committed 11008K, reserved 425984K
}
Event: 286.219 GC heap after
{Heap after GC invocations=61 (full 0):
 garbage-first heap   total 192512K, used 98058K [0x0000000080000000, 0x0000000100000000)
  region size 1024K, 3 young (3072K), 3 survivors (3072K)
 Metaspace       used 78124K, committed 78912K, reserved 557056K
  class space    used 10651K, committed 11008K, reserved 425984K
}
Event: 290.183 GC heap before
{Heap before GC invocations=61 (full 0):
 garbage-first heap   total 192512K, used 160522K [0x0000000080000000, 0x0000000100000000)
  region size 1024K, 64 young (65536K), 3 survivors (3072K)
 Metaspace       used 78571K, committed 79424K, reserved 557056K
  class space    used 10709K, committed 11072K, reserved 425984K
}

Dll operation events (15 events):
Event: 0.078 Loaded shared library C:\Program Files\Eclipse Adoptium\jdk-17.0.19.10-hotspot\bin\java.dll
Event: 0.720 Loaded shared library C:\Program Files\Eclipse Adoptium\jdk-17.0.19.10-hotspot\bin\jsvml.dll
Event: 2.010 Loaded shared library C:\Program Files\Eclipse Adoptium\jdk-17.0.19.10-hotspot\bin\zip.dll
Event: 2.025 Loaded shared library C:\Program Files\Eclipse Adoptium\jdk-17.0.19.10-hotspot\bin\instrument.dll
Event: 2.044 Loaded shared library C:\Program Files\Eclipse Adoptium\jdk-17.0.19.10-hotspot\bin\net.dll
Event: 2.051 Loaded shared library C:\Program Files\Eclipse Adoptium\jdk-17.0.19.10-hotspot\bin\nio.dll
Event: 2.060 Loaded shared library C:\Program Files\Eclipse Adoptium\jdk-17.0.19.10-hotspot\bin\zip.dll
Event: 8.009 Loaded shared library C:\Program Files\Eclipse Adoptium\jdk-17.0.19.10-hotspot\bin\jimage.dll
Event: 12.277 Loaded shared library C:\Program Files\Eclipse Adoptium\jdk-17.0.19.10-hotspot\bin\verify.dll
Event: 15.408 Loaded shared library C:\Users\HP\.gradle\native\1def1411415f61bf3af743bc5b6707747c0891f09f0c88961ee8f79bc544acac\windows-amd64\native-platform.dll
Event: 15.569 Loaded shared library C:\Users\HP\.gradle\native\0.2.7\x86_64-windows-gnu\gradle-fileevents.dll
Event: 55.035 Loaded shared library C:\Program Files\Eclipse Adoptium\jdk-17.0.19.10-hotspot\bin\management.dll
Event: 55.100 Loaded shared library C:\Program Files\Eclipse Adoptium\jdk-17.0.19.10-hotspot\bin\management_ext.dll
Event: 58.733 Loaded shared library C:\Program Files\Eclipse Adoptium\jdk-17.0.19.10-hotspot\bin\extnet.dll
Event: 64.590 Loaded shared library C:\Program Files\Eclipse Adoptium\jdk-17.0.19.10-hotspot\bin\sunmscapi.dll

Deoptimization events (20 events):
Event: 288.382 Thread 0x000002537c26bfe0 Uncommon trap: trap_request=0xffffffc6 fr.pc=0x0000025307f17d64 relative=0x00000000000001a4
Event: 288.382 Thread 0x000002537c26bfe0 Uncommon trap: reason=bimorphic_or_optimized_type_check action=maybe_recompile pc=0x0000025307f17d64 method=java.util.ArrayList$ArrayListSpliterator.tryAdvance(Ljava/util/function/Consumer;)Z @ 48 c2
Event: 288.382 Thread 0x000002537c26bfe0 DEOPT PACKING pc=0x0000025307f17d64 sp=0x0000009a006f7410
Event: 288.382 Thread 0x000002537c26bfe0 DEOPT UNPACKING pc=0x00000253075869a3 sp=0x0000009a006f7390 mode 2
Event: 288.382 Thread 0x000002537c26bfe0 Uncommon trap: trap_request=0xffffffc6 fr.pc=0x0000025307f17d64 relative=0x00000000000001a4
Event: 288.382 Thread 0x000002537c26bfe0 Uncommon trap: reason=bimorphic_or_optimized_type_check action=maybe_recompile pc=0x0000025307f17d64 method=java.util.ArrayList$ArrayListSpliterator.tryAdvance(Ljava/util/function/Consumer;)Z @ 48 c2
Event: 288.382 Thread 0x000002537c26bfe0 DEOPT PACKING pc=0x0000025307f17d64 sp=0x0000009a006f7410
Event: 288.382 Thread 0x000002537c26bfe0 DEOPT UNPACKING pc=0x00000253075869a3 sp=0x0000009a006f7390 mode 2
Event: 288.383 Thread 0x000002537c26bfe0 Uncommon trap: trap_request=0xffffffc6 fr.pc=0x0000025307f17d64 relative=0x00000000000001a4
Event: 288.383 Thread 0x000002537c26bfe0 Uncommon trap: reason=bimorphic_or_optimized_type_check action=maybe_recompile pc=0x0000025307f17d64 method=java.util.ArrayList$ArrayListSpliterator.tryAdvance(Ljava/util/function/Consumer;)Z @ 48 c2
Event: 288.383 Thread 0x000002537c26bfe0 DEOPT PACKING pc=0x0000025307f17d64 sp=0x0000009a006f7410
Event: 288.383 Thread 0x000002537c26bfe0 DEOPT UNPACKING pc=0x00000253075869a3 sp=0x0000009a006f7390 mode 2
Event: 288.383 Thread 0x000002537c26bfe0 Uncommon trap: trap_request=0xffffffc6 fr.pc=0x0000025307f17d64 relative=0x00000000000001a4
Event: 288.383 Thread 0x000002537c26bfe0 Uncommon trap: reason=bimorphic_or_optimized_type_check action=maybe_recompile pc=0x0000025307f17d64 method=java.util.ArrayList$ArrayListSpliterator.tryAdvance(Ljava/util/function/Consumer;)Z @ 48 c2
Event: 288.383 Thread 0x000002537c26bfe0 DEOPT PACKING pc=0x0000025307f17d64 sp=0x0000009a006f7410
Event: 288.383 Thread 0x000002537c26bfe0 DEOPT UNPACKING pc=0x00000253075869a3 sp=0x0000009a006f7390 mode 2
Event: 288.534 Thread 0x000002532ed9fab0 Uncommon trap: trap_request=0xffffffc6 fr.pc=0x0000025307fafe10 relative=0x0000000000000390
Event: 288.535 Thread 0x000002532ed9fab0 Uncommon trap: reason=bimorphic_or_optimized_type_check action=maybe_recompile pc=0x0000025307fafe10 method=com.google.common.cache.LocalCache$Segment.setValue(Lcom/google/common/cache/ReferenceEntry;Ljava/lang/Object;Ljava/lang/Object;J)V @ 76 c2
Event: 288.535 Thread 0x000002532ed9fab0 DEOPT PACKING pc=0x0000025307fafe10 sp=0x0000009a034fde60
Event: 288.535 Thread 0x000002532ed9fab0 DEOPT UNPACKING pc=0x00000253075869a3 sp=0x0000009a034fde10 mode 2

Classes loaded (20 events):
Event: 224.412 Loading class java/util/concurrent/atomic/AtomicLongArray
Event: 224.426 Loading class java/util/concurrent/atomic/AtomicLongArray done
Event: 224.844 Loading class sun/reflect/generics/repository/FieldRepository
Event: 224.845 Loading class sun/reflect/generics/repository/FieldRepository done
Event: 225.010 Loading class jdk/internal/vm/annotation/ForceInline
Event: 225.011 Loading class jdk/internal/vm/annotation/ForceInline done
Event: 227.057 Loading class java/util/regex/Pattern$Caret
Event: 227.145 Loading class java/util/regex/Pattern$Caret done
Event: 241.547 Loading class java/lang/StackTraceElement$HashedModules
Event: 241.552 Loading class java/lang/StackTraceElement$HashedModules done
Event: 243.295 Loading class java/io/CharArrayReader
Event: 243.491 Loading class java/io/CharArrayReader done
Event: 246.122 Loading class java/io/LineNumberReader
Event: 246.124 Loading class java/io/LineNumberReader done
Event: 285.949 Loading class sun/reflect/generics/tree/LongSignature
Event: 285.964 Loading class sun/reflect/generics/tree/LongSignature done
Event: 285.981 Loading class java/beans/ParameterDescriptor
Event: 285.985 Loading class java/beans/ParameterDescriptor done
Event: 288.434 Loading class java/util/LinkedList$LLSpliterator
Event: 288.439 Loading class java/util/LinkedList$LLSpliterator done

Classes unloaded (0 events):
No events

Classes redefined (0 events):
No events

Internal exceptions (20 events):
Event: 286.888 Thread 0x000002537c26bfe0 Exception <a 'java/lang/ClassNotFoundException'{0x000000008b6229c0}: build_6jl7wy0nr7nptqc90xgrdss9x$_run_closure3BeanInfo> (0x000000008b6229c0) 
thrown [s\src\hotspot\share\classfile\systemDictionary.cpp, line 256]
Event: 286.890 Thread 0x000002537c26bfe0 Exception <a 'java/lang/ClassNotFoundException'{0x000000008b631400}: build_6jl7wy0nr7nptqc90xgrdss9x$_run_closure3Customizer> (0x000000008b631400) 
thrown [s\src\hotspot\share\classfile\systemDictionary.cpp, line 256]
Event: 286.913 Thread 0x000002537c26bfe0 Exception <a 'java/lang/ClassNotFoundException'{0x000000008b6a0018}: com/android/build/gradle/internal/dsl/LibraryPublishingImpl$AgpDecorated_DecoratedBeanInfo> (0x000000008b6a0018) 
thrown [s\src\hotspot\share\classfile\systemDictionary.cpp, line 256]
Event: 286.914 Thread 0x000002537c26bfe0 Exception <a 'java/lang/ClassNotFoundException'{0x000000008b6b0cb8}: com/android/build/gradle/internal/dsl/LibraryPublishingImpl$AgpDecoratedBeanInfo> (0x000000008b6b0cb8) 
thrown [s\src\hotspot\share\classfile\systemDictionary.cpp, line 256]
Event: 286.916 Thread 0x000002537c26bfe0 Exception <a 'java/lang/ClassNotFoundException'{0x000000008b6c1860}: com/android/build/gradle/internal/dsl/LibraryPublishingImplBeanInfo> (0x000000008b6c1860) 
thrown [s\src\hotspot\share\classfile\systemDictionary.cpp, line 256]
Event: 286.916 Thread 0x000002537c26bfe0 Exception <a 'java/lang/ClassNotFoundException'{0x000000008b6d26c0}: com/android/build/gradle/internal/dsl/AbstractPublishingBeanInfo> (0x000000008b6d26c0) 
thrown [s\src\hotspot\share\classfile\systemDictionary.cpp, line 256]
Event: 286.917 Thread 0x000002537c26bfe0 Exception <a 'java/lang/ClassNotFoundException'{0x000000008b6e3218}: com/android/build/gradle/internal/dsl/AbstractPublishingCustomizer> (0x000000008b6e3218) 
thrown [s\src\hotspot\share\classfile\systemDictionary.cpp, line 256]
Event: 286.918 Thread 0x000002537c26bfe0 Exception <a 'java/lang/ClassNotFoundException'{0x000000008b6f8200}: com/android/build/gradle/internal/dsl/LibraryPublishingImplCustomizer> (0x000000008b6f8200) 
thrown [s\src\hotspot\share\classfile\systemDictionary.cpp, line 256]
Event: 286.932 Thread 0x000002537c26bfe0 Exception <a 'java/lang/ClassNotFoundException'{0x000000008b528680}: com/android/build/gradle/internal/dsl/LibraryPublishingImpl$AgpDecoratedCustomizer> (0x000000008b528680) 
thrown [s\src\hotspot\share\classfile\systemDictionary.cpp, line 256]
Event: 286.934 Thread 0x000002537c26bfe0 Exception <a 'java/lang/ClassNotFoundException'{0x000000008b543ea8}: com/android/build/gradle/internal/dsl/LibraryPublishingImpl$AgpDecorated_DecoratedCustomizer> (0x000000008b543ea8) 
thrown [s\src\hotspot\share\classfile\systemDictionary.cpp, line 256]
Event: 287.086 Thread 0x000002537c26bfe0 Exception <a 'java/lang/NoClassDefFoundError'{0x000000008b5d80b0}: org/jetbrains/kotlin/gradle/plugin/KotlinBaseApiPlugin> (0x000000008b5d80b0) 
thrown [s\src\hotspot\share\oops\constantPool.cpp, line 837]
Event: 287.131 Thread 0x000002537c26bfe0 Exception <a 'java/lang/NoClassDefFoundError'{0x000000008b5f1b60}: org/jetbrains/kotlin/gradle/plugin/KotlinBasePluginWrapper> (0x000000008b5f1b60) 
thrown [s\src\hotspot\share\oops\constantPool.cpp, line 837]
Event: 287.164 Thread 0x000002537c26bfe0 Exception <a 'java/lang/NoClassDefFoundError'{0x000000008b4270f8}: org/jetbrains/kotlin/gradle/plugin/KotlinBasePluginWrapper> (0x000000008b4270f8) 
thrown [s\src\hotspot\share\oops\constantPool.cpp, line 837]
Event: 287.179 Thread 0x000002537c26bfe0 Exception <a 'java/lang/NoClassDefFoundError'{0x000000008b43ded8}: org/jetbrains/kotlin/gradle/plugin/KotlinBasePluginWrapper> (0x000000008b43ded8) 
thrown [s\src\hotspot\share\oops\constantPool.cpp, line 837]
Event: 287.201 Thread 0x000002537c26bfe0 Exception <a 'java/lang/NoClassDefFoundError'{0x000000008b45f950}: org/jetbrains/kotlin/gradle/plugin/KotlinBasePluginWrapper> (0x000000008b45f950) 
thrown [s\src\hotspot\share\oops\constantPool.cpp, line 837]
Event: 287.236 Thread 0x000002537c26bfe0 Exception <a 'java/lang/NoClassDefFoundError'{0x000000008b481f10}: org/jetbrains/kotlin/gradle/plugin/KotlinBasePluginWrapper> (0x000000008b481f10) 
thrown [s\src\hotspot\share\oops\constantPool.cpp, line 837]
Event: 287.591 Thread 0x000002537c26bfe0 Exception <a 'java/lang/NoClassDefFoundError'{0x000000008af33848}: org/jetbrains/kotlin/gradle/plugin/KotlinBasePluginWrapper> (0x000000008af33848) 
thrown [s\src\hotspot\share\oops\constantPool.cpp, line 837]
Event: 287.724 Thread 0x000002537c26bfe0 Exception <a 'java/lang/ClassNotFoundException'{0x000000008ad397f8}: build_3kjc9mshu149k6i287mv0dl7eBeanInfo> (0x000000008ad397f8) 
thrown [s\src\hotspot\share\classfile\systemDictionary.cpp, line 256]
Event: 287.726 Thread 0x000002537c26bfe0 Exception <a 'java/lang/ClassNotFoundException'{0x000000008ad41a80}: build_3kjc9mshu149k6i287mv0dl7eCustomizer> (0x000000008ad41a80) 
thrown [s\src\hotspot\share\classfile\systemDictionary.cpp, line 256]
Event: 288.446 Thread 0x000002537c26bfe0 Exception <a 'java/lang/IncompatibleClassChangeError'{0x000000008a9b2de8}: Found class java.lang.Object, but interface was expected> (0x000000008a9b2de8) 
thrown [s\src\hotspot\share\interpreter\linkResolver.cpp, line 826]

VM Operations (20 events):
Event: 280.520 Executing VM operation: Cleanup done
Event: 281.524 Executing VM operation: Cleanup
Event: 281.540 Executing VM operation: Cleanup done
Event: 282.552 Executing VM operation: Cleanup
Event: 282.568 Executing VM operation: Cleanup done
Event: 283.581 Executing VM operation: Cleanup
Event: 283.582 Executing VM operation: Cleanup done
Event: 284.594 Executing VM operation: Cleanup
Event: 284.594 Executing VM operation: Cleanup done
Event: 285.597 Executing VM operation: Cleanup
Event: 285.597 Executing VM operation: Cleanup done
Event: 286.210 Executing VM operation: G1CollectForAllocation
Event: 286.219 Executing VM operation: G1CollectForAllocation done
Event: 287.222 Executing VM operation: Cleanup
Event: 287.223 Executing VM operation: Cleanup done
Event: 288.230 Executing VM operation: Cleanup
Event: 288.231 Executing VM operation: Cleanup done
Event: 289.233 Executing VM operation: Cleanup
Event: 289.234 Executing VM operation: Cleanup done
Event: 290.183 Executing VM operation: G1CollectForAllocation

Memory protections (0 events):
No events

Nmethod flushes (20 events):
Event: 205.214 Thread 0x000002537c01d230 flushing  nmethod 0x0000025300ee9790
Event: 205.214 Thread 0x000002537c01d230 flushing  nmethod 0x0000025300efe810
Event: 205.214 Thread 0x000002537c01d230 flushing  nmethod 0x0000025300eff290
Event: 205.215 Thread 0x000002537c01d230 flushing  nmethod 0x0000025300f2d690
Event: 205.215 Thread 0x000002537c01d230 flushing  nmethod 0x0000025300f32c90
Event: 205.215 Thread 0x000002537c01d230 flushing  nmethod 0x0000025300f38790
Event: 205.215 Thread 0x000002537c01d230 flushing  nmethod 0x0000025300f5b990
Event: 205.216 Thread 0x000002537c01d230 flushing  nmethod 0x000002530102a510
Event: 205.216 Thread 0x000002537c01d230 flushing  nmethod 0x0000025301050c90
Event: 205.216 Thread 0x000002537c01d230 flushing  nmethod 0x0000025301067110
Event: 205.216 Thread 0x000002537c01d230 flushing  nmethod 0x0000025301068210
Event: 205.216 Thread 0x000002537c01d230 flushing  nmethod 0x000002530108f310
Event: 254.614 Thread 0x000002537c01d230 flushing  nmethod 0x0000025307b31d10
Event: 254.625 Thread 0x000002537c01d230 flushing  nmethod 0x0000025307b8b090
Event: 254.826 Thread 0x000002537c01d230 flushing  nmethod 0x0000025307fcc490
Event: 254.829 Thread 0x000002537c01d230 flushing  nmethod 0x0000025307ff2190
Event: 254.983 Thread 0x000002537c01d230 flushing  nmethod 0x0000025300693d10
Event: 255.197 Thread 0x000002537c01d230 flushing  nmethod 0x0000025300fbc290
Event: 255.221 Thread 0x000002537c01d230 flushing  nmethod 0x00000253010c8490
Event: 255.222 Thread 0x000002537c01d230 flushing  nmethod 0x00000253010da110

Events (20 events):
Event: 186.027 Thread 0x000002537c26bfe0 Thread added: 0x000002537ea57720
Event: 186.030 Thread 0x000002537c26bfe0 Thread added: 0x000002537ea59070
Event: 187.890 Thread 0x000002537c26bfe0 Thread added: 0x000002537ea58140
Event: 187.910 Thread 0x000002537c26bfe0 Thread added: 0x000002537ea59a90
Event: 187.913 Thread 0x000002537c26bfe0 Thread added: 0x000002537ea58650
Event: 203.559 Thread 0x000002537c26bfe0 Thread added: 0x000002537ea59fa0
Event: 244.890 Thread 0x000002537c26bfe0 Thread added: 0x000002532ed9bdf0
Event: 274.045 Thread 0x000002537c26bfe0 Thread added: 0x000002532ed9e670
Event: 274.047 Thread 0x000002537c26bfe0 Thread added: 0x000002532ed9e160
Event: 274.048 Thread 0x000002537c26bfe0 Thread added: 0x000002532ed9eb80
Event: 287.634 Thread 0x000002537c26d420 Thread added: 0x000002532ed9d230
Event: 288.519 Thread 0x000002537c26bfe0 Thread added: 0x000002532ed9f5a0
Event: 288.520 Thread 0x000002537c26bfe0 Thread added: 0x000002532ed9d740
Event: 288.525 Thread 0x000002537c26bfe0 Thread added: 0x000002532ed9fab0
Event: 288.584 Thread 0x000002537c26bfe0 Thread added: 0x000002532ed9c300
Event: 288.589 Thread 0x000002537c26bfe0 Thread added: 0x000002532eda09e0
Event: 288.591 Thread 0x000002537c26bfe0 Thread added: 0x000002532ed9f090
Event: 288.931 Thread 0x000002537c26bfe0 Thread added: 0x000002532eda04d0
Event: 288.941 Thread 0x000002537c26bfe0 Thread added: 0x000002532ed9ffc0
Event: 288.944 Thread 0x000002537c26bfe0 Thread added: 0x000002532eda0ef0


Dynamic libraries:
0x00007ff6afb80000 - 0x00007ff6afb8e000 	C:\Program Files\Eclipse Adoptium\jdk-17.0.19.10-hotspot\bin\java.exe
0x00007fffd8e80000 - 0x00007fffd90e6000 	C:\WINDOWS\SYSTEM32\ntdll.dll
0x00007fffd7b10000 - 0x00007fffd7bd9000 	C:\WINDOWS\System32\KERNEL32.DLL
0x00007fffd65b0000 - 0x00007fffd69b0000 	C:\WINDOWS\System32\KERNELBASE.dll
0x00007fffd62a0000 - 0x00007fffd63ec000 	C:\WINDOWS\System32\ucrtbase.dll
0x00007fff8a800000 - 0x00007fff8a818000 	C:\Program Files\Eclipse Adoptium\jdk-17.0.19.10-hotspot\bin\jli.dll
0x00007fffd7c70000 - 0x00007fffd7e37000 	C:\WINDOWS\System32\USER32.dll
0x00007fffd6400000 - 0x00007fffd6427000 	C:\WINDOWS\System32\win32u.dll
0x00007fffd8a60000 - 0x00007fffd8a8b000 	C:\WINDOWS\System32\GDI32.dll
0x00007fffd6a80000 - 0x00007fffd6ba9000 	C:\WINDOWS\System32\gdi32full.dll
0x00007fffd6160000 - 0x00007fffd6203000 	C:\WINDOWS\System32\msvcp_win.dll
0x00007fff88330000 - 0x00007fff8834e000 	C:\Program Files\Eclipse Adoptium\jdk-17.0.19.10-hotspot\bin\VCRUNTIME140.dll
0x00007fffc0eb0000 - 0x00007fffc1142000 	C:\WINDOWS\WinSxS\amd64_microsoft.windows.common-controls_6595b64144ccf1df_6.0.26100.8737_none_3e092eaee333b772\COMCTL32.dll
0x00007fffd6cc0000 - 0x00007fffd6d69000 	C:\WINDOWS\System32\msvcrt.dll
0x00007fffd8250000 - 0x00007fffd8282000 	C:\WINDOWS\System32\IMM32.DLL
0x00007fffa0650000 - 0x00007fffa065c000 	C:\Program Files\Eclipse Adoptium\jdk-17.0.19.10-hotspot\bin\vcruntime140_1.dll
0x00007fff321f0000 - 0x00007fff3227d000 	C:\Program Files\Eclipse Adoptium\jdk-17.0.19.10-hotspot\bin\msvcp140.dll
0x00007fff29140000 - 0x00007fff29dac000 	C:\Program Files\Eclipse Adoptium\jdk-17.0.19.10-hotspot\bin\server\jvm.dll
0x00007fffd6c00000 - 0x00007fffd6cb7000 	C:\WINDOWS\System32\ADVAPI32.dll
0x00007fffd7e40000 - 0x00007fffd7eea000 	C:\WINDOWS\System32\sechost.dll
0x00007fffd8130000 - 0x00007fffd8248000 	C:\WINDOWS\System32\RPCRT4.dll
0x00007fffd7be0000 - 0x00007fffd7c60000 	C:\WINDOWS\System32\WS2_32.dll
0x00007fffd5f20000 - 0x00007fffd5f7e000 	C:\WINDOWS\SYSTEM32\POWRPROF.dll
0x00007fffce9d0000 - 0x00007fffcea06000 	C:\WINDOWS\SYSTEM32\WINMM.dll
0x00007fffcea10000 - 0x00007fffcea1b000 	C:\WINDOWS\SYSTEM32\VERSION.dll
0x00007fffd5f00000 - 0x00007fffd5f14000 	C:\WINDOWS\SYSTEM32\UMPDC.dll
0x00007fffd4d40000 - 0x00007fffd4d5b000 	C:\WINDOWS\SYSTEM32\kernel.appcore.dll
0x00007fff9cdf0000 - 0x00007fff9cdfa000 	C:\Program Files\Eclipse Adoptium\jdk-17.0.19.10-hotspot\bin\jimage.dll
0x00007fffcb730000 - 0x00007fffcb972000 	C:\WINDOWS\SYSTEM32\DBGHELP.DLL
0x00007fffd8ab0000 - 0x00007fffd8e33000 	C:\WINDOWS\System32\combase.dll
0x00007fffd7a30000 - 0x00007fffd7b09000 	C:\WINDOWS\System32\OLEAUT32.dll
0x00007fffb91e0000 - 0x00007fffb921b000 	C:\WINDOWS\SYSTEM32\dbgcore.DLL
0x00007fffd69c0000 - 0x00007fffd6a6c000 	C:\WINDOWS\System32\bcryptPrimitives.dll
0x00007fff9c300000 - 0x00007fff9c30e000 	C:\Program Files\Eclipse Adoptium\jdk-17.0.19.10-hotspot\bin\instrument.dll
0x00007fff80170000 - 0x00007fff80195000 	C:\Program Files\Eclipse Adoptium\jdk-17.0.19.10-hotspot\bin\java.dll
0x00007fff29060000 - 0x00007fff29137000 	C:\Program Files\Eclipse Adoptium\jdk-17.0.19.10-hotspot\bin\jsvml.dll
0x00007fffd8290000 - 0x00007fffd8a22000 	C:\WINDOWS\System32\SHELL32.dll
0x00007fffd3b20000 - 0x00007fffd43b2000 	C:\WINDOWS\SYSTEM32\windows.storage.dll
0x00007fffd7490000 - 0x00007fffd7587000 	C:\WINDOWS\System32\SHCORE.dll
0x00007fffd7420000 - 0x00007fffd7487000 	C:\WINDOWS\System32\shlwapi.dll
0x00007fffd5fc0000 - 0x00007fffd5fe9000 	C:\WINDOWS\SYSTEM32\profapi.dll
0x00007fff7c200000 - 0x00007fff7c218000 	C:\Program Files\Eclipse Adoptium\jdk-17.0.19.10-hotspot\bin\zip.dll
0x00007fff7c1e0000 - 0x00007fff7c1fa000 	C:\Program Files\Eclipse Adoptium\jdk-17.0.19.10-hotspot\bin\net.dll
0x00007fffcaf40000 - 0x00007fffcb069000 	C:\WINDOWS\SYSTEM32\WINHTTP.dll
0x00007fffd52d0000 - 0x00007fffd533c000 	C:\WINDOWS\system32\mswsock.dll
0x00007fff7c180000 - 0x00007fff7c196000 	C:\Program Files\Eclipse Adoptium\jdk-17.0.19.10-hotspot\bin\nio.dll
0x00007fffca5c0000 - 0x00007fffca5d0000 	C:\Program Files\Eclipse Adoptium\jdk-17.0.19.10-hotspot\bin\verify.dll
0x00007fffb08e0000 - 0x00007fffb0907000 	C:\Users\HP\.gradle\native\1def1411415f61bf3af743bc5b6707747c0891f09f0c88961ee8f79bc544acac\windows-amd64\native-platform.dll
0x00007fff336b0000 - 0x00007fff33728000 	C:\Users\HP\.gradle\native\0.2.7\x86_64-windows-gnu\gradle-fileevents.dll
0x00007fffd0ed0000 - 0x00007fffd0eda000 	C:\Program Files\Eclipse Adoptium\jdk-17.0.19.10-hotspot\bin\management.dll
0x00007fffd0ec0000 - 0x00007fffd0ecc000 	C:\Program Files\Eclipse Adoptium\jdk-17.0.19.10-hotspot\bin\management_ext.dll
0x00007fffd8a90000 - 0x00007fffd8a98000 	C:\WINDOWS\System32\PSAPI.DLL
0x00007fffd46f0000 - 0x00007fffd4723000 	C:\WINDOWS\SYSTEM32\IPHLPAPI.DLL
0x00007fffd8aa0000 - 0x00007fffd8aaa000 	C:\WINDOWS\System32\NSI.dll
0x00007fffcc3f0000 - 0x00007fffcc40d000 	C:\WINDOWS\SYSTEM32\dhcpcsvc6.DLL
0x00007fffca610000 - 0x00007fffca635000 	C:\WINDOWS\SYSTEM32\dhcpcsvc.DLL
0x00007fffd4730000 - 0x00007fffd4885000 	C:\WINDOWS\SYSTEM32\DNSAPI.dll
0x00007fffd50f0000 - 0x00007fffd50fd000 	C:\WINDOWS\SYSTEM32\DSPARSE.dll
0x00007fffd0e50000 - 0x00007fffd0e59000 	C:\Program Files\Eclipse Adoptium\jdk-17.0.19.10-hotspot\bin\extnet.dll
0x00007fffd5700000 - 0x00007fffd571b000 	C:\WINDOWS\SYSTEM32\CRYPTSP.dll
0x00007fffd4ca0000 - 0x00007fffd4cd9000 	C:\WINDOWS\system32\rsaenh.dll
0x00007fffd5390000 - 0x00007fffd53c2000 	C:\WINDOWS\SYSTEM32\USERENV.dll
0x00007fffd5f90000 - 0x00007fffd5fba000 	C:\WINDOWS\SYSTEM32\bcrypt.dll
0x00007fffd5540000 - 0x00007fffd554c000 	C:\WINDOWS\SYSTEM32\CRYPTBASE.dll
0x00007fffd0e90000 - 0x00007fffd0e9e000 	C:\Program Files\Eclipse Adoptium\jdk-17.0.19.10-hotspot\bin\sunmscapi.dll
0x00007fffd6430000 - 0x00007fffd65a8000 	C:\WINDOWS\System32\CRYPT32.dll
0x00007fffd5870000 - 0x00007fffd58a0000 	C:\WINDOWS\SYSTEM32\ncrypt.dll
0x00007fffd5820000 - 0x00007fffd585f000 	C:\WINDOWS\SYSTEM32\NTASN1.dll
0x00007fff8d730000 - 0x00007fff8d738000 	C:\WINDOWS\system32\wshunix.dll

dbghelp: loaded successfully - version: 4.0.5 - missing functions: none
symbol engine: initialized successfully - sym options: 0x614 - pdb path: .;C:\Program Files\Eclipse Adoptium\jdk-17.0.19.10-hotspot\bin;C:\WINDOWS\SYSTEM32;C:\WINDOWS\WinSxS\amd64_microsoft.windows.common-controls_6595b64144ccf1df_6.0.26100.8737_none_3e092eaee333b772;C:\Program Files\Eclipse Adoptium\jdk-17.0.19.10-hotspot\bin\server;C:\Users\HP\.gradle\native\1def1411415f61bf3af743bc5b6707747c0891f09f0c88961ee8f79bc544acac\windows-amd64;C:\Users\HP\.gradle\native\0.2.7\x86_64-windows-gnu

VM Arguments:
jvm_args: --add-opens=java.base/java.lang=ALL-UNNAMED --add-opens=java.base/java.lang.invoke=ALL-UNNAMED --add-opens=java.base/java.util=ALL-UNNAMED --add-opens=java.prefs/java.util.prefs=ALL-UNNAMED --add-exports=jdk.compiler/com.sun.tools.javac.api=ALL-UNNAMED --add-exports=jdk.compiler/com.sun.tools.javac.util=ALL-UNNAMED --add-opens=java.base/java.util=ALL-UNNAMED --add-opens=java.prefs/java.util.prefs=ALL-UNNAMED --add-opens=java.base/java.nio.charset=ALL-UNNAMED --add-opens=java.base/java.net=ALL-UNNAMED --add-opens=java.base/java.util.concurrent.atomic=ALL-UNNAMED --add-opens=java.xml/javax.xml.namespace=ALL-UNNAMED -XX:MaxMetaspaceSize=512m -Xmx2048m -Dfile.encoding=UTF-8 -Duser.country=US -Duser.language=en -Duser.variant -javaagent:C:\Users\HP\.gradle\wrapper\dists\gradle-8.14.3-all\10utluxaxniiv4wxiphsi49nj\gradle-8.14.3\lib\agents\gradle-instrumentation-agent-8.14.3.jar 
java_command: org.gradle.launcher.daemon.bootstrap.GradleDaemon 8.14.3
java_class_path (initial): C:\Users\HP\.gradle\wrapper\dists\gradle-8.14.3-all\10utluxaxniiv4wxiphsi49nj\gradle-8.14.3\lib\gradle-daemon-main-8.14.3.jar
Launcher Type: SUN_STANDARD

[Global flags]
     intx CICompilerCount                          = 3                                         {product} {ergonomic}
   size_t CompressedClassSpaceSize                 = 436207616                                 {product} {ergonomic}
     uint ConcGCThreads                            = 1                                         {product} {ergonomic}
     uint G1ConcRefinementThreads                  = 4                                         {product} {ergonomic}
   size_t G1HeapRegionSize                         = 1048576                                   {product} {ergonomic}
    uintx GCDrainStackTargetSize                   = 64                                        {product} {ergonomic}
   size_t InitialHeapSize                          = 58720256                                  {product} {ergonomic}
   size_t MarkStackSize                            = 4194304                                   {product} {ergonomic}
   size_t MaxHeapSize                              = 2147483648                                {product} {command line}
   size_t MaxMetaspaceSize                         = 536870912                                 {product} {command line}
   size_t MaxNewSize                               = 1287651328                                {product} {ergonomic}
   size_t MinHeapDeltaBytes                        = 1048576                                   {product} {ergonomic}
   size_t MinHeapSize                              = 8388608                                   {product} {ergonomic}
    uintx NonNMethodCodeHeapSize                   = 5832780                                {pd product} {ergonomic}
    uintx NonProfiledCodeHeapSize                  = 122912730                              {pd product} {ergonomic}
    uintx ProfiledCodeHeapSize                     = 122912730                              {pd product} {ergonomic}
    uintx ReservedCodeCacheSize                    = 251658240                              {pd product} {ergonomic}
     bool SegmentedCodeCache                       = true                                      {product} {ergonomic}
   size_t SoftMaxHeapSize                          = 2147483648                             {manageable} {ergonomic}
     bool UseCompressedClassPointers               = true                           {product lp64_product} {ergonomic}
     bool UseCompressedOops                        = true                           {product lp64_product} {ergonomic}
     bool UseG1GC                                  = true                                      {product} {ergonomic}
     bool UseLargePagesIndividualAllocation        = false                                  {pd product} {ergonomic}

Logging:
Log output configuration:
 #0: stdout all=warning uptime,level,tags
 #1: stderr all=off uptime,level,tags

Environment Variables:
JAVA_HOME=C:\Program Files\Eclipse Adoptium\jdk-17.0.19.10-hotspot\
PATH=C:\Program Files\Eclipse Adoptium\jdk-17.0.19.10-hotspot\bin;C:\Python314\Scripts\;C:\Python314\;C:\WINDOWS\system32;C:\WINDOWS;C:\WINDOWS\System32\Wbem;C:\WINDOWS\System32\WindowsPowerShell\v1.0\;C:\WINDOWS\System32\OpenSSH\;C:\Program Files\Git\cmd;C:\Program Files\nodejs\;C:\ProgramData\chocolatey\bin;C:\Users\HP\AppData\Local\Microsoft\WindowsApps;C:\Users\HP\AppData\Roaming\npm;C:\Users\HP\AppData\Local\Programs\Microsoft VS Code\bin
USERNAME=HP
OS=Windows_NT
PROCESSOR_IDENTIFIER=AMD64 Family 23 Model 24 Stepping 1, AuthenticAMD
TMP=C:\Users\HP\AppData\Local\Temp
TEMP=C:\Users\HP\AppData\Local\Temp



Periodic native trim disabled


---------------  S Y S T E M  ---------------

OS:
 Windows 11 , 64 bit Build 26100 (10.0.26100.8737)
OS uptime: 0 days 14:33 hours
Hyper-V role detected

CPU: total 4 (initial active 4) (4 cores per cpu, 2 threads per core) family 23 model 24 stepping 1 microcode 0x8108109, cx8, cmov, fxsr, ht, mmx, 3dnowpref, sse, sse2, sse3, ssse3, sse4a, sse4.1, sse4.2, popcnt, lzcnt, tsc, tscinvbit, avx, avx2, aes, clmul, bmi1, bmi2, adx, sha, fma, vzeroupper, clflush, clflushopt, hv
Processor Information for all 4 processors :
  Max Mhz: 2400, Current Mhz: 2400, Mhz Limit: 2400

Memory: 4k page, system-wide physical 3499M (189M free)
TotalPageFile size 14251M (AvailPageFile size 1M)
current process WorkingSet (physical memory assigned to process): 282M, peak: 284M
current process commit charge ("private bytes"): 464M, peak: 466M

vm_info: OpenJDK 64-Bit Server VM (17.0.19+10) for windows-amd64 JRE (17.0.19+10), built on Apr 25 2026 08:04:44 by "admin" with MS VC++ 17.12 (VS2022)

END.
