#
# There is insufficient memory for the Java Runtime Environment to continue.
# Native memory allocation (malloc) failed to allocate 656144 bytes. Error detail: Chunk::new
# Possible reasons:
#   The system is out of physical RAM or swap space
#   This process is running with CompressedOops enabled, and the Java Heap may be blocking the growth of the native heap
# Possible solutions:
#   Reduce memory load on the system
#   Increase physical memory or swap space
#   Check if swap backing store is full
#   Decrease Java heap size (-Xmx/-Xms)
#   Decrease number of Java threads
#   Decrease Java thread stack sizes (-Xss)
#   Set larger code cache with -XX:ReservedCodeCacheSize=
#   JVM is running with Unscaled Compressed Oops mode in which the Java heap is
#     placed in the first 4GB address space. The Java Heap base address is the
#     maximum limit for the native heap growth. Please use -XX:HeapBaseMinAddress
#     to set the Java Heap base and to place the Java Heap above 4GB virtual address.
# This output file may be truncated or incomplete.
#
#  Out of Memory Error (arena.cpp:168), pid=10872, tid=5116
#
# JRE version: OpenJDK Runtime Environment Temurin-21.0.11+10 (21.0.11+10) (build 21.0.11+10-LTS)
# Java VM: OpenJDK 64-Bit Server VM Temurin-21.0.11+10 (21.0.11+10-LTS, mixed mode, sharing, tiered, compressed oops, compressed class ptrs, parallel gc, windows-amd64)
# No core dump will be written. Minidumps are not enabled by default on client versions of Windows
#

---------------  S U M M A R Y ------------

Command Line: --add-modules=ALL-SYSTEM --add-opens=java.base/java.util=ALL-UNNAMED --add-opens=java.base/java.lang=ALL-UNNAMED --add-opens=java.base/sun.nio.fs=ALL-UNNAMED -Declipse.application=org.eclipse.jdt.ls.core.id1 -Dosgi.bundles.defaultStartLevel=4 -Declipse.product=org.eclipse.jdt.ls.core.product -Djava.import.generatesMetadataFilesAtProjectRoot=false -DDetectVMInstallationsJob.disabled=true -Dfile.encoding=utf8 -XX:+UseParallelGC -XX:GCTimeRatio=4 -XX:AdaptiveSizePolicyWeight=90 -Dsun.zip.disableMemoryMapping=true -Xmx2G -Xms100m -Xlog:disable -javaagent:c:\Users\HP\.vscode\extensions\redhat.java-1.55.0-win32-x64\lombok\lombok-1.18.39-4050.jar -XX:+HeapDumpOnOutOfMemoryError -XX:HeapDumpPath=c:\Users\HP\AppData\Roaming\Code\User\workspaceStorage\e5280a073425632b458db7cb4e1dbd94\redhat.java -Daether.dependencyCollector.impl=bf c:\Users\HP\.vscode\extensions\redhat.java-1.55.0-win32-x64\server\plugins\org.eclipse.equinox.launcher_1.7.200.v20260619-2039.jar -configuration c:\Users\HP\AppData\Roaming\Code\User\globalStorage\redhat.java\1.55.0\config_win -data c:\Users\HP\AppData\Roaming\Code\User\workspaceStorage\e5280a073425632b458db7cb4e1dbd94\redhat.java\jdt_ws --pipe=\\.\pipe\lsp-b2128548a43f2f84ae3a7726092c7639-sock

Host: AMD Athlon Gold 3150U with Radeon Graphics     , 4 cores, 3G,  Windows 11 , 64 bit Build 26100 (10.0.26100.8737)
Time: Sun Jul 12 03:54:01 2026 Malay Peninsula Standard Time elapsed time: 5.297411 seconds (0d 0h 0m 5s)

---------------  T H R E A D  ---------------

Current thread (0x000001fc75fb7a90):  JavaThread "C2 CompilerThread0" daemon [_thread_in_native, id=5116, stack(0x000000e30dc00000,0x000000e30dd00000) (1024K)]


Current CompileTask:
C2:5297 2098       4       org.eclipse.osgi.util.ManifestElement::readLine (122 bytes)

Stack: [0x000000e30dc00000,0x000000e30dd00000]
Native frames: (J=compiled Java code, j=interpreted, Vv=VM code, C=native code)
V  [jvm.dll+0x6d7e19]
V  [jvm.dll+0x8b5096]
V  [jvm.dll+0x8b764e]
V  [jvm.dll+0x8b7d33]
V  [jvm.dll+0x284596]
V  [jvm.dll+0xc685d]
V  [jvm.dll+0xc6da1]
V  [jvm.dll+0x3bed6b]
V  [jvm.dll+0x38b2b2]
V  [jvm.dll+0x38a6fa]
V  [jvm.dll+0x24c700]
V  [jvm.dll+0x24bce0]
V  [jvm.dll+0x1cb4ae]
V  [jvm.dll+0x25baad]
V  [jvm.dll+0x25a03a]
V  [jvm.dll+0x3f868e]
V  [jvm.dll+0x85fb0d]
V  [jvm.dll+0x6d664d]
C  [ucrtbase.dll+0x2cd30]
C  [KERNEL32.DLL+0x2e957]
C  [ntdll.dll+0xaad6c]


---------------  P R O C E S S  ---------------

Threads class SMR info:
_java_thread_list=0x000001fc7b684090, length=15, elements={
0x000001fc6e5ab900, 0x000001fc75f95ff0, 0x000001fc75f9bdd0, 0x000001fc75f9fad0,
0x000001fc75fa3890, 0x000001fc75fa6190, 0x000001fc75fa7d60, 0x000001fc75fb7a90,
0x000001fc75fbc180, 0x000001fc7b1955e0, 0x000001fc7b279c10, 0x000001fc7b617290,
0x000001fc7b71d190, 0x000001fc7b670090, 0x000001fc7b670ad0
}

Java Threads: ( => current thread )
  0x000001fc6e5ab900 JavaThread "main"                              [_thread_blocked, id=17212, stack(0x000000e30d200000,0x000000e30d300000) (1024K)]
  0x000001fc75f95ff0 JavaThread "Reference Handler"          daemon [_thread_blocked, id=1360, stack(0x000000e30d600000,0x000000e30d700000) (1024K)]
  0x000001fc75f9bdd0 JavaThread "Finalizer"                  daemon [_thread_blocked, id=6764, stack(0x000000e30d700000,0x000000e30d800000) (1024K)]
  0x000001fc75f9fad0 JavaThread "Signal Dispatcher"          daemon [_thread_blocked, id=15456, stack(0x000000e30d800000,0x000000e30d900000) (1024K)]
  0x000001fc75fa3890 JavaThread "Attach Listener"            daemon [_thread_blocked, id=15160, stack(0x000000e30d900000,0x000000e30da00000) (1024K)]
  0x000001fc75fa6190 JavaThread "Service Thread"             daemon [_thread_blocked, id=11412, stack(0x000000e30da00000,0x000000e30db00000) (1024K)]
  0x000001fc75fa7d60 JavaThread "Monitor Deflation Thread"   daemon [_thread_blocked, id=12120, stack(0x000000e30db00000,0x000000e30dc00000) (1024K)]
=>0x000001fc75fb7a90 JavaThread "C2 CompilerThread0"         daemon [_thread_in_native, id=5116, stack(0x000000e30dc00000,0x000000e30dd00000) (1024K)]
  0x000001fc75fbc180 JavaThread "C1 CompilerThread0"         daemon [_thread_blocked, id=13884, stack(0x000000e30dd00000,0x000000e30de00000) (1024K)]
  0x000001fc7b1955e0 JavaThread "Common-Cleaner"             daemon [_thread_blocked, id=17168, stack(0x000000e30de00000,0x000000e30df00000) (1024K)]
  0x000001fc7b279c10 JavaThread "Notification Thread"        daemon [_thread_blocked, id=1648, stack(0x000000e30df00000,0x000000e30e000000) (1024K)]
  0x000001fc7b617290 JavaThread "Active Thread: Equinox Container: 08a83ba3-1d27-4a2e-a886-dd96f563d5c7"        [_thread_blocked, id=9364, stack(0x000000e30e300000,0x000000e30e400000) (1024K)]
  0x000001fc7b71d190 JavaThread "Refresh Thread: Equinox Container: 08a83ba3-1d27-4a2e-a886-dd96f563d5c7" daemon [_thread_blocked, id=13376, stack(0x000000e30e400000,0x000000e30e500000) (1024K)]
  0x000001fc7b670090 JavaThread "Framework Event Dispatcher: Equinox Container: 08a83ba3-1d27-4a2e-a886-dd96f563d5c7" daemon [_thread_blocked, id=10356, stack(0x000000e30e500000,0x000000e30e600000) (1024K)]
  0x000001fc7b670ad0 JavaThread "Start Level: Equinox Container: 08a83ba3-1d27-4a2e-a886-dd96f563d5c7" daemon [_thread_in_native, id=16828, stack(0x000000e30e600000,0x000000e30e700000) (1024K)]
Total: 15

Other Threads:
  0x000001fc6e66a830 VMThread "VM Thread"                           [id=13724, stack(0x000000e30d500000,0x000000e30d600000) (1024K)]
  0x000001fc75f3ca10 WatcherThread "VM Periodic Task Thread"        [id=7280, stack(0x000000e30d400000,0x000000e30d500000) (1024K)]
  0x000001fc6e5c9c70 WorkerThread "GC Thread#0"                     [id=904, stack(0x000000e30d300000,0x000000e30d400000) (1024K)]
  0x000001fc7b6b9300 WorkerThread "GC Thread#1"                     [id=8296, stack(0x000000e30e000000,0x000000e30e100000) (1024K)]
  0x000001fc7b795890 WorkerThread "GC Thread#2"                     [id=6992, stack(0x000000e30e100000,0x000000e30e200000) (1024K)]
  0x000001fc7b6286c0 WorkerThread "GC Thread#3"                     [id=14288, stack(0x000000e30e200000,0x000000e30e300000) (1024K)]
Total: 6

Threads with active compile tasks:
C2 CompilerThread0  5332 2098       4       org.eclipse.osgi.util.ManifestElement::readLine (122 bytes)
Total: 1

VM state: not at safepoint (normal execution)

VM Mutex/Monitor currently owned by a thread: None

Heap address: 0x0000000080000000, size: 2048 MB, Compressed Oops mode: 32-bit

CDS archive(s) mapped at: [0x000001fc0f000000-0x000001fc0fba0000-0x000001fc0fba0000), size 12189696, SharedBaseAddress: 0x000001fc0f000000, ArchiveRelocationMode: 1.
Compressed class space mapped at: 0x000001fc10000000-0x000001fc50000000, reserved size: 1073741824
Narrow klass base: 0x000001fc0f000000, Narrow klass shift: 0, Narrow klass range: 0x100000000

GC Precious Log:
 CardTable entry size: 512
 CPUs: 4 total, 4 available
 Memory: 3499M
 Large Page Support: Disabled
 NUMA Support: Disabled
 Compressed Oops: Enabled (32-bit)
 Alignments: Space 512K, Generation 512K, Heap 2M
 Heap Min Capacity: 100M
 Heap Initial Capacity: 100M
 Heap Max Capacity: 2G
 Pre-touch: Disabled
 Parallel Workers: 4

Heap:
 PSYoungGen      total 29696K, used 27285K [0x00000000d5580000, 0x00000000d7680000, 0x0000000100000000)
  eden space 25600K, 90% used [0x00000000d5580000,0x00000000d6c27e50,0x00000000d6e80000)
  from space 4096K, 99% used [0x00000000d7280000,0x00000000d767d810,0x00000000d7680000)
  to   space 4096K, 0% used [0x00000000d6e80000,0x00000000d6e80000,0x00000000d7280000)
 ParOldGen       total 68608K, used 1953K [0x0000000080000000, 0x0000000084300000, 0x00000000d5580000)
  object space 68608K, 2% used [0x0000000080000000,0x00000000801e86a8,0x0000000084300000)
 Metaspace       used 9430K, committed 9728K, reserved 1114112K
  class space    used 1006K, committed 1152K, reserved 1048576K

Card table byte_map: [0x000001fc6df50000,0x000001fc6e360000] _byte_map_base: 0x000001fc6db50000

Marking Bits: (ParMarkBitMap*) 0x00007ff83e924460
 Begin Bits: [0x000001fc71a60000, 0x000001fc73a60000)
 End Bits:   [0x000001fc73a60000, 0x000001fc75a60000)

Polling page: 0x000001fc6c660000

Metaspace:

Usage:
  Non-class:      8.23 MB used.
      Class:   1006.89 KB used.
       Both:      9.21 MB used.

Virtual space:
  Non-class space:       64.00 MB reserved,       8.38 MB ( 13%) committed,  1 nodes.
      Class space:        1.00 GB reserved,       1.12 MB ( <1%) committed,  1 nodes.
             Both:        1.06 GB reserved,       9.50 MB ( <1%) committed. 

Chunk freelists:
   Non-Class:  6.70 MB
       Class:  14.79 MB
        Both:  21.49 MB

MaxMetaspaceSize: unlimited
CompressedClassSpaceSize: 1.00 GB
Initial GC threshold: 21.00 MB
Current GC threshold: 21.00 MB
CDS: on
 - commit_granule_bytes: 65536.
 - commit_granule_words: 8192.
 - virtual_space_node_default_size: 8388608.
 - enlarge_chunks_in_place: 1.
 - use_allocation_guard: 0.


Internal statistics:

num_allocs_failed_limit: 0.
num_arena_births: 256.
num_arena_deaths: 0.
num_vsnodes_births: 2.
num_vsnodes_deaths: 0.
num_space_committed: 152.
num_space_uncommitted: 0.
num_chunks_returned_to_freelist: 0.
num_chunks_taken_from_freelist: 507.
num_chunk_merges: 0.
num_chunk_splits: 323.
num_chunks_enlarged: 210.
num_inconsistent_stats: 0.

CodeHeap 'non-profiled nmethods': size=120000Kb used=882Kb max_used=882Kb free=119117Kb
 bounds [0x000001fc07ad0000, 0x000001fc07d40000, 0x000001fc0f000000]
CodeHeap 'profiled nmethods': size=120000Kb used=3984Kb max_used=3984Kb free=116015Kb
 bounds [0x000001fc00000000, 0x000001fc003f0000, 0x000001fc07530000]
CodeHeap 'non-nmethods': size=5760Kb used=1229Kb max_used=1247Kb free=4531Kb
 bounds [0x000001fc07530000, 0x000001fc077a0000, 0x000001fc07ad0000]
CodeCache: size=245760Kb, used=6095Kb, max_used=6113Kb, free=239663Kb
 total_blobs=2612, nmethods=2120, adapters=398, full_count=0
Compilation: enabled, stopped_count=0, restarted_count=0

Compilation events (20 events):
Event: 5.220 Thread 0x000001fc75fbc180 2106       3       sun.nio.fs.NativeBuffers::releaseNativeBuffer (97 bytes)
Event: 5.221 Thread 0x000001fc75fbc180 nmethod 2106 0x000001fc003da390 code [0x000001fc003da700, 0x000001fc003dc028]
Event: 5.221 Thread 0x000001fc75fbc180 2105       3       sun.nio.fs.NativeBuffer::release (5 bytes)
Event: 5.221 Thread 0x000001fc75fbc180 nmethod 2105 0x000001fc003dc710 code [0x000001fc003dc8c0, 0x000001fc003dc9f8]
Event: 5.233 Thread 0x000001fc75fbc180 2107       1       org.eclipse.osgi.container.ModuleRevision::getTypes (5 bytes)
Event: 5.233 Thread 0x000001fc75fbc180 nmethod 2107 0x000001fc07babe90 code [0x000001fc07bac020, 0x000001fc07bac0e8]
Event: 5.240 Thread 0x000001fc75fbc180 2109       3       java.util.zip.ZipFile$Source::getMetaVersion (221 bytes)
Event: 5.241 Thread 0x000001fc75fbc180 nmethod 2109 0x000001fc003dca90 code [0x000001fc003dcc80, 0x000001fc003dd370]
Event: 5.241 Thread 0x000001fc75fbc180 2108       3       java.util.zip.ZipFile$Source::isSignatureRelated (227 bytes)
Event: 5.242 Thread 0x000001fc75fbc180 nmethod 2108 0x000001fc003dd590 code [0x000001fc003dd760, 0x000001fc003ddd68]
Event: 5.250 Thread 0x000001fc75fbc180 2112       3       java.util.concurrent.ConcurrentHashMap$BaseIterator::<init> (21 bytes)
Event: 5.251 Thread 0x000001fc75fbc180 nmethod 2112 0x000001fc003ddf90 code [0x000001fc003de140, 0x000001fc003de2e0]
Event: 5.251 Thread 0x000001fc75fbc180 2114   !   3       org.eclipse.osgi.container.ModuleDatabase::getWiring (31 bytes)
Event: 5.252 Thread 0x000001fc75fbc180 nmethod 2114 0x000001fc003de390 code [0x000001fc003de600, 0x000001fc003def70]
Event: 5.252 Thread 0x000001fc75fbc180 2113       3       java.util.concurrent.ConcurrentHashMap$Traverser::<init> (36 bytes)
Event: 5.252 Thread 0x000001fc75fbc180 nmethod 2113 0x000001fc003df410 code [0x000001fc003df5c0, 0x000001fc003df768]
Event: 5.258 Thread 0x000001fc75fbc180 2115       3       org.eclipse.osgi.internal.framework.EquinoxBundle::getBundleId (11 bytes)
Event: 5.258 Thread 0x000001fc75fbc180 nmethod 2115 0x000001fc003df810 code [0x000001fc003df9c0, 0x000001fc003dfb10]
Event: 5.259 Thread 0x000001fc75fbc180 2116       3       sun.net.util.IPAddressUtil::checkExternalForm (98 bytes)
Event: 5.260 Thread 0x000001fc75fbc180 nmethod 2116 0x000001fc003dfc10 code [0x000001fc003dfe00, 0x000001fc003e0138]

GC Heap History (4 events):
Event: 2.888 GC heap before
{Heap before GC invocations=1 (full 0):
 PSYoungGen      total 29696K, used 25600K [0x00000000d5580000, 0x00000000d7680000, 0x0000000100000000)
  eden space 25600K, 100% used [0x00000000d5580000,0x00000000d6e80000,0x00000000d6e80000)
  from space 4096K, 0% used [0x00000000d7280000,0x00000000d7280000,0x00000000d7680000)
  to   space 4096K, 0% used [0x00000000d6e80000,0x00000000d6e80000,0x00000000d7280000)
 ParOldGen       total 68608K, used 0K [0x0000000080000000, 0x0000000084300000, 0x00000000d5580000)
  object space 68608K, 0% used [0x0000000080000000,0x0000000080000000,0x0000000084300000)
 Metaspace       used 4380K, committed 4608K, reserved 1114112K
  class space    used 474K, committed 576K, reserved 1048576K
}
Event: 2.901 GC heap after
{Heap after GC invocations=1 (full 0):
 PSYoungGen      total 29696K, used 3303K [0x00000000d5580000, 0x00000000d7680000, 0x0000000100000000)
  eden space 25600K, 0% used [0x00000000d5580000,0x00000000d5580000,0x00000000d6e80000)
  from space 4096K, 80% used [0x00000000d6e80000,0x00000000d71b9e98,0x00000000d7280000)
  to   space 4096K, 0% used [0x00000000d7280000,0x00000000d7280000,0x00000000d7680000)
 ParOldGen       total 68608K, used 16K [0x0000000080000000, 0x0000000084300000, 0x00000000d5580000)
  object space 68608K, 0% used [0x0000000080000000,0x0000000080004000,0x0000000084300000)
 Metaspace       used 4380K, committed 4608K, reserved 1114112K
  class space    used 474K, committed 576K, reserved 1048576K
}
Event: 4.232 GC heap before
{Heap before GC invocations=2 (full 0):
 PSYoungGen      total 29696K, used 28903K [0x00000000d5580000, 0x00000000d7680000, 0x0000000100000000)
  eden space 25600K, 100% used [0x00000000d5580000,0x00000000d6e80000,0x00000000d6e80000)
  from space 4096K, 80% used [0x00000000d6e80000,0x00000000d71b9e98,0x00000000d7280000)
  to   space 4096K, 0% used [0x00000000d7280000,0x00000000d7280000,0x00000000d7680000)
 ParOldGen       total 68608K, used 16K [0x0000000080000000, 0x0000000084300000, 0x00000000d5580000)
  object space 68608K, 0% used [0x0000000080000000,0x0000000080004000,0x0000000084300000)
 Metaspace       used 8027K, committed 8320K, reserved 1114112K
  class space    used 837K, committed 960K, reserved 1048576K
}
Event: 4.252 GC heap after
{Heap after GC invocations=2 (full 0):
 PSYoungGen      total 29696K, used 4086K [0x00000000d5580000, 0x00000000d7680000, 0x0000000100000000)
  eden space 25600K, 0% used [0x00000000d5580000,0x00000000d5580000,0x00000000d6e80000)
  from space 4096K, 99% used [0x00000000d7280000,0x00000000d767d810,0x00000000d7680000)
  to   space 4096K, 0% used [0x00000000d6e80000,0x00000000d6e80000,0x00000000d7280000)
 ParOldGen       total 68608K, used 1953K [0x0000000080000000, 0x0000000084300000, 0x00000000d5580000)
  object space 68608K, 2% used [0x0000000080000000,0x00000000801e86a8,0x0000000084300000)
 Metaspace       used 8027K, committed 8320K, reserved 1114112K
  class space    used 837K, committed 960K, reserved 1048576K
}

Dll operation events (9 events):
Event: 0.032 Loaded shared library c:\Users\HP\.vscode\extensions\redhat.java-1.55.0-win32-x64\jre\21.0.11-win32-x86_64\bin\java.dll
Event: 0.247 Loaded shared library c:\Users\HP\.vscode\extensions\redhat.java-1.55.0-win32-x64\jre\21.0.11-win32-x86_64\bin\zip.dll
Event: 0.355 Loaded shared library C:\Users\HP\.vscode\extensions\redhat.java-1.55.0-win32-x64\jre\21.0.11-win32-x86_64\bin\instrument.dll
Event: 0.374 Loaded shared library C:\Users\HP\.vscode\extensions\redhat.java-1.55.0-win32-x64\jre\21.0.11-win32-x86_64\bin\net.dll
Event: 0.381 Loaded shared library C:\Users\HP\.vscode\extensions\redhat.java-1.55.0-win32-x64\jre\21.0.11-win32-x86_64\bin\nio.dll
Event: 0.504 Loaded shared library C:\Users\HP\.vscode\extensions\redhat.java-1.55.0-win32-x64\jre\21.0.11-win32-x86_64\bin\zip.dll
Event: 1.236 Loaded shared library C:\Users\HP\.vscode\extensions\redhat.java-1.55.0-win32-x64\jre\21.0.11-win32-x86_64\bin\jimage.dll
Event: 1.675 Loaded shared library c:\Users\HP\.vscode\extensions\redhat.java-1.55.0-win32-x64\jre\21.0.11-win32-x86_64\bin\verify.dll
Event: 4.305 Loaded shared library C:\Users\HP\AppData\Roaming\Code\User\globalStorage\redhat.java\1.55.0\config_win\org.eclipse.equinox.launcher\org.eclipse.equinox.launcher.win32.win32.x86_64_1.3.100.v20260613-0559\eclipse_11924.dll

Deoptimization events (20 events):
Event: 4.719 Thread 0x000001fc7b670ad0 DEOPT PACKING pc=0x000001fc07b95de4 sp=0x000000e30e6fe1c0
Event: 4.719 Thread 0x000001fc7b670ad0 DEOPT UNPACKING pc=0x000001fc07583aa2 sp=0x000000e30e6fe158 mode 2
Event: 4.738 Thread 0x000001fc7b670ad0 Uncommon trap: trap_request=0xffffff45 fr.pc=0x000001fc07b68d20 relative=0x00000000000009c0
Event: 4.738 Thread 0x000001fc7b670ad0 Uncommon trap: reason=unstable_if action=reinterpret pc=0x000001fc07b68d20 method=java.util.concurrent.ConcurrentHashMap.putVal(Ljava/lang/Object;Ljava/lang/Object;Z)Ljava/lang/Object; @ 148 c2
Event: 4.738 Thread 0x000001fc7b670ad0 DEOPT PACKING pc=0x000001fc07b68d20 sp=0x000000e30e6fe6e0
Event: 4.739 Thread 0x000001fc7b670ad0 DEOPT UNPACKING pc=0x000001fc07583aa2 sp=0x000000e30e6fe650 mode 2
Event: 5.174 Thread 0x000001fc7b670ad0 DEOPT PACKING pc=0x000001fc003addf5 sp=0x000000e30e6fe120
Event: 5.174 Thread 0x000001fc7b670ad0 DEOPT UNPACKING pc=0x000001fc07584242 sp=0x000000e30e6fd600 mode 0
Event: 5.213 Thread 0x000001fc7b670ad0 Uncommon trap: trap_request=0xffffffde fr.pc=0x000001fc07b95de4 relative=0x0000000000000304
Event: 5.213 Thread 0x000001fc7b670ad0 Uncommon trap: reason=class_check action=maybe_recompile pc=0x000001fc07b95de4 method=java.util.regex.Pattern$BmpCharPropertyGreedy.match(Ljava/util/regex/Matcher;ILjava/lang/CharSequence;)Z @ 26 c2
Event: 5.213 Thread 0x000001fc7b670ad0 DEOPT PACKING pc=0x000001fc07b95de4 sp=0x000000e30e6fdbb0
Event: 5.213 Thread 0x000001fc7b670ad0 DEOPT UNPACKING pc=0x000001fc07583aa2 sp=0x000000e30e6fdb68 mode 2
Event: 5.213 Thread 0x000001fc7b670ad0 Uncommon trap: trap_request=0xffffffde fr.pc=0x000001fc07b95de4 relative=0x0000000000000304
Event: 5.213 Thread 0x000001fc7b670ad0 Uncommon trap: reason=class_check action=maybe_recompile pc=0x000001fc07b95de4 method=java.util.regex.Pattern$BmpCharPropertyGreedy.match(Ljava/util/regex/Matcher;ILjava/lang/CharSequence;)Z @ 26 c2
Event: 5.213 Thread 0x000001fc7b670ad0 DEOPT PACKING pc=0x000001fc07b95de4 sp=0x000000e30e6fdab0
Event: 5.213 Thread 0x000001fc7b670ad0 DEOPT UNPACKING pc=0x000001fc07583aa2 sp=0x000000e30e6fda48 mode 2
Event: 5.223 Thread 0x000001fc7b670ad0 DEOPT PACKING pc=0x000001fc003addf5 sp=0x000000e30e6fe0e0
Event: 5.223 Thread 0x000001fc7b670ad0 DEOPT UNPACKING pc=0x000001fc07584242 sp=0x000000e30e6fd5c0 mode 0
Event: 5.257 Thread 0x000001fc7b670ad0 DEOPT PACKING pc=0x000001fc003addf5 sp=0x000000e30e6fe0e0
Event: 5.257 Thread 0x000001fc7b670ad0 DEOPT UNPACKING pc=0x000001fc07584242 sp=0x000000e30e6fd5c0 mode 0

Classes loaded (20 events):
Event: 4.664 Loading class sun/util/logging/resources/logging_en
Event: 4.664 Loading class sun/util/logging/resources/logging_en done
Event: 4.664 Loading class sun/util/logging/resources/logging_en
Event: 4.664 Loading class sun/util/logging/resources/logging_en done
Event: 4.665 Loading class sun/util/logging/resources/logging_en_US
Event: 4.665 Loading class sun/util/logging/resources/logging_en_US done
Event: 4.665 Loading class sun/util/logging/resources/logging_en_US
Event: 4.665 Loading class sun/util/logging/resources/logging_en_US done
Event: 4.669 Loading class java/util/Formatter$DateTime
Event: 4.669 Loading class java/util/Formatter$DateTime done
Event: 4.669 Loading class java/util/Formatter$FixedString
Event: 4.669 Loading class java/util/Formatter$FixedString done
Event: 4.670 Loading class java/time/ZonedDateTime$1
Event: 4.670 Loading class java/time/ZonedDateTime$1 done
Event: 4.677 Loading class jdk/internal/module/ModulePatcher$PatchedModuleReader
Event: 4.677 Loading class jdk/internal/module/ModulePatcher$PatchedModuleReader done
Event: 4.692 Loading class sun/text/resources/cldr/FormatData_en
Event: 4.694 Loading class sun/text/resources/cldr/FormatData_en done
Event: 4.694 Loading class sun/text/resources/cldr/FormatData_en_US
Event: 4.694 Loading class sun/text/resources/cldr/FormatData_en_US done

Classes unloaded (0 events):
No events

Classes redefined (0 events):
No events

Internal exceptions (20 events):
Event: 2.908 Thread 0x000001fc6e5ab900 Exception <a 'java/lang/ClassNotFoundException'{0x00000000d5595230}: sun/net/www/protocol/d/Handler> (0x00000000d5595230) 
thrown [s\src\hotspot\share\classfile\systemDictionary.cpp, line 313]
Event: 2.908 Thread 0x000001fc6e5ab900 Exception <a 'java/lang/ClassNotFoundException'{0x00000000d5596440}: sun/net/www/protocol/c/Handler> (0x00000000d5596440) 
thrown [s\src\hotspot\share\classfile\systemDictionary.cpp, line 313]
Event: 2.928 Thread 0x000001fc6e5ab900 Exception <a 'java/io/FileNotFoundException'{0x00000000d55bf800}> (0x00000000d55bf800) 
thrown [s\src\hotspot\share\prims\jni.cpp, line 520]
Event: 3.015 Thread 0x000001fc6e5ab900 Implicit null exception at 0x000001fc07b33029 to 0x000001fc07b33898
Event: 3.016 Thread 0x000001fc6e5ab900 Exception <a 'java/lang/NoSuchMethodError'{0x00000000d56f2610}: 'void java.lang.invoke.DirectMethodHandle$Holder.invokeStatic(java.lang.Object, java.lang.Object, java.lang.Object, java.lang.Object)'> (0x00000000d56f2610) 
thrown [s\src\hotspot\share\interpreter\linkResolver.cpp, line 773]
Event: 3.146 Thread 0x000001fc6e5ab900 Exception <a 'java/lang/NoSuchMethodError'{0x00000000d59d6dd0}: 'void java.lang.invoke.DirectMethodHandle$Holder.invokeSpecial(java.lang.Object, java.lang.Object, java.lang.Object)'> (0x00000000d59d6dd0) 
thrown [s\src\hotspot\share\interpreter\linkResolver.cpp, line 773]
Event: 3.514 Thread 0x000001fc6e5ab900 Exception <a 'java/lang/NoSuchMethodError'{0x00000000d6429098}: 'int java.lang.invoke.DirectMethodHandle$Holder.invokeVirtual(java.lang.Object, java.lang.Object)'> (0x00000000d6429098) 
thrown [s\src\hotspot\share\interpreter\linkResolver.cpp, line 773]
Event: 3.603 Thread 0x000001fc6e5ab900 Exception <a 'java/lang/NoSuchMethodError'{0x00000000d65a0298}: 'int java.lang.invoke.DirectMethodHandle$Holder.invokeStaticInit(java.lang.Object, java.lang.Object, java.lang.Object, java.lang.Object)'> (0x00000000d65a0298) 
thrown [s\src\hotspot\share\interpreter\linkResolver.cpp, line 773]
Event: 3.606 Thread 0x000001fc6e5ab900 Exception <a 'java/lang/IncompatibleClassChangeError'{0x00000000d65a8980}: Found class java.lang.Object, but interface was expected> (0x00000000d65a8980) 
thrown [s\src\hotspot\share\interpreter\linkResolver.cpp, line 840]
Event: 3.608 Thread 0x000001fc6e5ab900 Exception <a 'java/lang/NoSuchMethodError'{0x00000000d65aef30}: 'void java.lang.invoke.DirectMethodHandle$Holder.invokeStaticInit(java.lang.Object, java.lang.Object)'> (0x00000000d65aef30) 
thrown [s\src\hotspot\share\interpreter\linkResolver.cpp, line 773]
Event: 3.609 Thread 0x000001fc6e5ab900 Exception <a 'java/lang/NoSuchMethodError'{0x00000000d65b8108}: 'int java.lang.invoke.DirectMethodHandle$Holder.invokeStaticInit(java.lang.Object, java.lang.Object)'> (0x00000000d65b8108) 
thrown [s\src\hotspot\share\interpreter\linkResolver.cpp, line 773]
Event: 3.763 Thread 0x000001fc6e5ab900 Exception <a 'java/lang/NoSuchMethodError'{0x00000000d68050d8}: 'java.lang.Object java.lang.invoke.DirectMethodHandle$Holder.newInvokeSpecial(java.lang.Object, int, java.lang.Object)'> (0x00000000d68050d8) 
thrown [s\src\hotspot\share\interpreter\linkResolver.cpp, line 773]
Event: 3.856 Thread 0x000001fc6e5ab900 Exception <a 'java/lang/ClassNotFoundException'{0x00000000d6a2aa60}: sun/net/www/protocol/plurl/Handler> (0x00000000d6a2aa60) 
thrown [s\src\hotspot\share\classfile\systemDictionary.cpp, line 313]
Event: 3.857 Thread 0x000001fc6e5ab900 Exception <a 'java/lang/ClassNotFoundException'{0x00000000d6a2b8e0}: sun/net/www/protocol/plurl/Handler> (0x00000000d6a2b8e0) 
thrown [s\src\hotspot\share\classfile\systemDictionary.cpp, line 313]
Event: 4.281 Thread 0x000001fc6e5ab900 Exception <a 'java/lang/UnsatisfiedLinkError'{0x00000000d55aabd0}: 'void org.eclipse.equinox.launcher.JNIBridge._update_splash()'> (0x00000000d55aabd0) 
thrown [s\src\hotspot\share\prims\nativeLookup.cpp, line 415]
Event: 4.409 Thread 0x000001fc7b71d190 Exception <a 'java/lang/NoSuchMethodError'{0x00000000d586b6b8}: 'void java.lang.invoke.DirectMethodHandle$Holder.invokeInterface(java.lang.Object, java.lang.Object, java.lang.Object)'> (0x00000000d586b6b8) 
thrown [s\src\hotspot\share\interpreter\linkResolver.cpp, line 773]
Event: 4.595 Thread 0x000001fc7b670ad0 Exception <a 'java/lang/NoSuchMethodError'{0x00000000d5c1fcc8}: 'java.lang.Object java.lang.invoke.DirectMethodHandle$Holder.newInvokeSpecial(java.lang.Object, java.lang.Object, int, java.lang.Object)'> (0x00000000d5c1fcc8) 
thrown [s\src\hotspot\share\interpreter\linkResolver.cpp, line 773]
Event: 4.596 Thread 0x000001fc7b670ad0 Exception <a 'java/lang/NoSuchMethodError'{0x00000000d5c23af8}: 'java.lang.Object java.lang.invoke.DirectMethodHandle$Holder.invokeSpecial(java.lang.Object, java.lang.Object, java.lang.Object, int, java.lang.Object)'> (0x00000000d5c23af8) 
thrown [s\src\hotspot\share\interpreter\linkResolver.cpp, line 773]
Event: 4.621 Thread 0x000001fc7b670ad0 Exception <a 'java/lang/NoClassDefFoundError'{0x00000000d5cca5d8}: jakarta/servlet/ServletContainerInitializer> (0x00000000d5cca5d8) 
thrown [s\src\hotspot\share\classfile\systemDictionary.cpp, line 302]
Event: 4.662 Thread 0x000001fc7b670ad0 Exception <a 'java/lang/ClassNotFoundException'{0x00000000d5e263a8}: sun/util/logging/resources/spi/loggingProvider> (0x00000000d5e263a8) 
thrown [s\src\hotspot\share\classfile\systemDictionary.cpp, line 313]

ZGC Phase Switch (0 events):
No events

VM Operations (20 events):
Event: 2.888 Executing safepoint VM operation: ParallelGCFailedAllocation (Allocation Failure)
Event: 2.901 Executing safepoint VM operation: ParallelGCFailedAllocation (Allocation Failure) done
Event: 3.710 Executing non-safepoint VM operation: HandshakeAllThreads (Deoptimize)
Event: 3.711 Executing non-safepoint VM operation: HandshakeAllThreads (Deoptimize) done
Event: 3.734 Executing non-safepoint VM operation: HandshakeAllThreads (Deoptimize)
Event: 3.734 Executing non-safepoint VM operation: HandshakeAllThreads (Deoptimize) done
Event: 3.823 Executing non-safepoint VM operation: HandshakeAllThreads (Deoptimize)
Event: 3.823 Executing non-safepoint VM operation: HandshakeAllThreads (Deoptimize) done
Event: 3.844 Executing non-safepoint VM operation: HandshakeAllThreads (Deoptimize)
Event: 3.844 Executing non-safepoint VM operation: HandshakeAllThreads (Deoptimize) done
Event: 4.232 Executing safepoint VM operation: ParallelGCFailedAllocation (Allocation Failure)
Event: 4.252 Executing safepoint VM operation: ParallelGCFailedAllocation (Allocation Failure) done
Event: 4.642 Executing non-safepoint VM operation: HandshakeAllThreads (Deoptimize)
Event: 4.642 Executing non-safepoint VM operation: HandshakeAllThreads (Deoptimize) done
Event: 4.678 Executing non-safepoint VM operation: HandshakeAllThreads (Deoptimize)
Event: 4.678 Executing non-safepoint VM operation: HandshakeAllThreads (Deoptimize) done
Event: 4.700 Executing non-safepoint VM operation: HandshakeAllThreads (Deoptimize)
Event: 4.700 Executing non-safepoint VM operation: HandshakeAllThreads (Deoptimize) done
Event: 4.738 Executing non-safepoint VM operation: HandshakeAllThreads (Deoptimize)
Event: 4.738 Executing non-safepoint VM operation: HandshakeAllThreads (Deoptimize) done

Memory protections (0 events):
No events

Nmethod flushes (0 events):
No events

Events (15 events):
Event: 0.083 Thread 0x000001fc6e5ab900 Thread added: 0x000001fc6e5ab900
Event: 0.118 Thread 0x000001fc6e5ab900 Thread added: 0x000001fc75f95ff0
Event: 0.118 Thread 0x000001fc6e5ab900 Thread added: 0x000001fc75f9bdd0
Event: 0.118 Thread 0x000001fc6e5ab900 Thread added: 0x000001fc75f9fad0
Event: 0.119 Thread 0x000001fc6e5ab900 Thread added: 0x000001fc75fa3890
Event: 0.119 Thread 0x000001fc6e5ab900 Thread added: 0x000001fc75fa6190
Event: 0.119 Thread 0x000001fc6e5ab900 Thread added: 0x000001fc75fa7d60
Event: 0.119 Thread 0x000001fc6e5ab900 Thread added: 0x000001fc75fb7a90
Event: 0.120 Thread 0x000001fc6e5ab900 Thread added: 0x000001fc75fbc180
Event: 0.365 Thread 0x000001fc6e5ab900 Thread added: 0x000001fc7b1955e0
Event: 2.008 Thread 0x000001fc6e5ab900 Thread added: 0x000001fc7b279c10
Event: 3.675 Thread 0x000001fc6e5ab900 Thread added: 0x000001fc7b617290
Event: 4.272 Thread 0x000001fc6e5ab900 Thread added: 0x000001fc7b71d190
Event: 4.422 Thread 0x000001fc7b71d190 Thread added: 0x000001fc7b670090
Event: 4.439 Thread 0x000001fc6e5ab900 Thread added: 0x000001fc7b670ad0


Dynamic libraries:
0x00007ff6e3c30000 - 0x00007ff6e3c3e000 	c:\Users\HP\.vscode\extensions\redhat.java-1.55.0-win32-x64\jre\21.0.11-win32-x86_64\bin\java.exe
0x00007ff8d8840000 - 0x00007ff8d8aa6000 	C:\WINDOWS\SYSTEM32\ntdll.dll
0x00007ff8d70f0000 - 0x00007ff8d71b9000 	C:\WINDOWS\System32\KERNEL32.DLL
0x00007ff8d5fe0000 - 0x00007ff8d63e0000 	C:\WINDOWS\System32\KERNELBASE.dll
0x00007ff8d5df0000 - 0x00007ff8d5f3c000 	C:\WINDOWS\System32\ucrtbase.dll
0x00007ff8c3f10000 - 0x00007ff8c3f28000 	c:\Users\HP\.vscode\extensions\redhat.java-1.55.0-win32-x64\jre\21.0.11-win32-x86_64\bin\jli.dll
0x00007ff8d6840000 - 0x00007ff8d6a07000 	C:\WINDOWS\System32\USER32.dll
0x00007ff8d5a60000 - 0x00007ff8d5a87000 	C:\WINDOWS\System32\win32u.dll
0x00007ff8d6570000 - 0x00007ff8d659b000 	C:\WINDOWS\System32\GDI32.dll
0x00007ff8d5cc0000 - 0x00007ff8d5de9000 	C:\WINDOWS\System32\gdi32full.dll
0x00007ff8d5c10000 - 0x00007ff8d5cb3000 	C:\WINDOWS\System32\msvcp_win.dll
0x00007ff8c0230000 - 0x00007ff8c024e000 	c:\Users\HP\.vscode\extensions\redhat.java-1.55.0-win32-x64\jre\21.0.11-win32-x86_64\bin\VCRUNTIME140.dll
0x00007ff8c13b0000 - 0x00007ff8c1642000 	C:\WINDOWS\WinSxS\amd64_microsoft.windows.common-controls_6595b64144ccf1df_6.0.26100.8737_none_3e092eaee333b772\COMCTL32.dll
0x00007ff8d6fb0000 - 0x00007ff8d7059000 	C:\WINDOWS\System32\msvcrt.dll
0x00007ff8d6b30000 - 0x00007ff8d6b62000 	C:\WINDOWS\System32\IMM32.DLL
0x00007ff8cc380000 - 0x00007ff8cc38c000 	c:\Users\HP\.vscode\extensions\redhat.java-1.55.0-win32-x64\jre\21.0.11-win32-x86_64\bin\vcruntime140_1.dll
0x00007ff8b0d10000 - 0x00007ff8b0d9d000 	c:\Users\HP\.vscode\extensions\redhat.java-1.55.0-win32-x64\jre\21.0.11-win32-x86_64\bin\msvcp140.dll
0x00007ff83dc60000 - 0x00007ff83ea02000 	c:\Users\HP\.vscode\extensions\redhat.java-1.55.0-win32-x64\jre\21.0.11-win32-x86_64\bin\server\jvm.dll
0x00007ff8d6b70000 - 0x00007ff8d6c27000 	C:\WINDOWS\System32\ADVAPI32.dll
0x00007ff8d72b0000 - 0x00007ff8d735a000 	C:\WINDOWS\System32\sechost.dll
0x00007ff8d6640000 - 0x00007ff8d6758000 	C:\WINDOWS\System32\RPCRT4.dll
0x00007ff8d6760000 - 0x00007ff8d67e0000 	C:\WINDOWS\System32\WS2_32.dll
0x00007ff8d58e0000 - 0x00007ff8d593e000 	C:\WINDOWS\SYSTEM32\POWRPROF.dll
0x00007ff8ce9b0000 - 0x00007ff8ce9e6000 	C:\WINDOWS\SYSTEM32\WINMM.dll
0x00007ff8ce9f0000 - 0x00007ff8ce9fb000 	C:\WINDOWS\SYSTEM32\VERSION.dll
0x00007ff8d58c0000 - 0x00007ff8d58d4000 	C:\WINDOWS\SYSTEM32\UMPDC.dll
0x00007ff8d4700000 - 0x00007ff8d471b000 	C:\WINDOWS\SYSTEM32\kernel.appcore.dll
0x00007ff8c9230000 - 0x00007ff8c923a000 	c:\Users\HP\.vscode\extensions\redhat.java-1.55.0-win32-x64\jre\21.0.11-win32-x86_64\bin\jimage.dll
0x00007ff8cb060000 - 0x00007ff8cb2a2000 	C:\WINDOWS\SYSTEM32\DBGHELP.DLL
0x00007ff8d7c50000 - 0x00007ff8d7fd3000 	C:\WINDOWS\System32\combase.dll
0x00007ff8d71c0000 - 0x00007ff8d7299000 	C:\WINDOWS\System32\OLEAUT32.dll
0x00007ff8b96e0000 - 0x00007ff8b971b000 	C:\WINDOWS\SYSTEM32\dbgcore.DLL
0x00007ff8d5b50000 - 0x00007ff8d5bfc000 	C:\WINDOWS\System32\bcryptPrimitives.dll
0x00007ff8affd0000 - 0x00007ff8affdf000 	c:\Users\HP\.vscode\extensions\redhat.java-1.55.0-win32-x64\jre\21.0.11-win32-x86_64\bin\instrument.dll
0x00007ff8c00a0000 - 0x00007ff8c00c0000 	c:\Users\HP\.vscode\extensions\redhat.java-1.55.0-win32-x64\jre\21.0.11-win32-x86_64\bin\java.dll
0x00007ff8d7360000 - 0x00007ff8d7af2000 	C:\WINDOWS\System32\SHELL32.dll
0x00007ff8d34e0000 - 0x00007ff8d3d72000 	C:\WINDOWS\SYSTEM32\windows.storage.dll
0x00007ff8d8700000 - 0x00007ff8d87f7000 	C:\WINDOWS\System32\SHCORE.dll
0x00007ff8d8690000 - 0x00007ff8d86f7000 	C:\WINDOWS\System32\shlwapi.dll
0x00007ff8d5980000 - 0x00007ff8d59a9000 	C:\WINDOWS\SYSTEM32\profapi.dll
0x00007ff8bbec0000 - 0x00007ff8bbed8000 	c:\Users\HP\.vscode\extensions\redhat.java-1.55.0-win32-x64\jre\21.0.11-win32-x86_64\bin\zip.dll
0x00007ff8c8d70000 - 0x00007ff8c8d80000 	C:\Users\HP\.vscode\extensions\redhat.java-1.55.0-win32-x64\jre\21.0.11-win32-x86_64\bin\net.dll
0x00007ff8ca0c0000 - 0x00007ff8ca1e9000 	C:\WINDOWS\SYSTEM32\WINHTTP.dll
0x00007ff8d4c90000 - 0x00007ff8d4cfc000 	C:\WINDOWS\system32\mswsock.dll
0x00007ff8b8ca0000 - 0x00007ff8b8cb6000 	C:\Users\HP\.vscode\extensions\redhat.java-1.55.0-win32-x64\jre\21.0.11-win32-x86_64\bin\nio.dll
0x00007ff8c8ba0000 - 0x00007ff8c8bb0000 	c:\Users\HP\.vscode\extensions\redhat.java-1.55.0-win32-x64\jre\21.0.11-win32-x86_64\bin\verify.dll
0x00007ff8ad660000 - 0x00007ff8ad6a5000 	C:\Users\HP\AppData\Roaming\Code\User\globalStorage\redhat.java\1.55.0\config_win\org.eclipse.equinox.launcher\org.eclipse.equinox.launcher.win32.win32.x86_64_1.3.100.v20260613-0559\eclipse_11924.dll
0x00007ff8d6e10000 - 0x00007ff8d6fa9000 	C:\WINDOWS\System32\ole32.dll

JVMTI agents:
c:\Users\HP\.vscode\extensions\redhat.java-1.55.0-win32-x64\lombok\lombok-1.18.39-4050.jar path:c:\Users\HP\.vscode\extensions\redhat.java-1.55.0-win32-x64\jre\21.0.11-win32-x86_64\bin\instrument.dll, loaded, initialized, instrumentlib options:none

dbghelp: loaded successfully - version: 4.0.5 - missing functions: none
symbol engine: initialized successfully - sym options: 0x614 - pdb path: .;c:\Users\HP\.vscode\extensions\redhat.java-1.55.0-win32-x64\jre\21.0.11-win32-x86_64\bin;C:\WINDOWS\SYSTEM32;C:\WINDOWS\WinSxS\amd64_microsoft.windows.common-controls_6595b64144ccf1df_6.0.26100.8737_none_3e092eaee333b772;c:\Users\HP\.vscode\extensions\redhat.java-1.55.0-win32-x64\jre\21.0.11-win32-x86_64\bin\server;C:\Users\HP\AppData\Roaming\Code\User\globalStorage\redhat.java\1.55.0\config_win\org.eclipse.equinox.launcher\org.eclipse.equinox.launcher.win32.win32.x86_64_1.3.100.v20260613-0559

VM Arguments:
jvm_args: --add-modules=ALL-SYSTEM --add-opens=java.base/java.util=ALL-UNNAMED --add-opens=java.base/java.lang=ALL-UNNAMED --add-opens=java.base/sun.nio.fs=ALL-UNNAMED -Declipse.application=org.eclipse.jdt.ls.core.id1 -Dosgi.bundles.defaultStartLevel=4 -Declipse.product=org.eclipse.jdt.ls.core.product -Djava.import.generatesMetadataFilesAtProjectRoot=false -DDetectVMInstallationsJob.disabled=true -Dfile.encoding=utf8 -XX:+UseParallelGC -XX:GCTimeRatio=4 -XX:AdaptiveSizePolicyWeight=90 -Dsun.zip.disableMemoryMapping=true -Xmx2G -Xms100m -Xlog:disable -javaagent:c:\Users\HP\.vscode\extensions\redhat.java-1.55.0-win32-x64\lombok\lombok-1.18.39-4050.jar -XX:+HeapDumpOnOutOfMemoryError -XX:HeapDumpPath=c:\Users\HP\AppData\Roaming\Code\User\workspaceStorage\e5280a073425632b458db7cb4e1dbd94\redhat.java -Daether.dependencyCollector.impl=bf 
java_command: c:\Users\HP\.vscode\extensions\redhat.java-1.55.0-win32-x64\server\plugins\org.eclipse.equinox.launcher_1.7.200.v20260619-2039.jar -configuration c:\Users\HP\AppData\Roaming\Code\User\globalStorage\redhat.java\1.55.0\config_win -data c:\Users\HP\AppData\Roaming\Code\User\workspaceStorage\e5280a073425632b458db7cb4e1dbd94\redhat.java\jdt_ws --pipe=\\.\pipe\lsp-b2128548a43f2f84ae3a7726092c7639-sock
java_class_path (initial): c:\Users\HP\.vscode\extensions\redhat.java-1.55.0-win32-x64\server\plugins\org.eclipse.equinox.launcher_1.7.200.v20260619-2039.jar
Launcher Type: SUN_STANDARD

[Global flags]
    uintx AdaptiveSizePolicyWeight                 = 90                                        {product} {command line}
     intx CICompilerCount                          = 3                                         {product} {ergonomic}
    uintx GCTimeRatio                              = 4                                         {product} {command line}
     bool HeapDumpOnOutOfMemoryError               = true                                   {manageable} {command line}
    ccstr HeapDumpPath                             = c:\Users\HP\AppData\Roaming\Code\User\workspaceStorage\e5280a073425632b458db7cb4e1dbd94\redhat.java         {manageable} {command line}
   size_t InitialHeapSize                          = 104857600                                 {product} {command line}
   size_t MaxHeapSize                              = 2147483648                                {product} {command line}
   size_t MaxNewSize                               = 715653120                                 {product} {ergonomic}
   size_t MinHeapDeltaBytes                        = 524288                                    {product} {ergonomic}
   size_t MinHeapSize                              = 104857600                                 {product} {command line}
   size_t NewSize                                  = 34603008                                  {product} {ergonomic}
    uintx NonNMethodCodeHeapSize                   = 5832780                                {pd product} {ergonomic}
    uintx NonProfiledCodeHeapSize                  = 122912730                              {pd product} {ergonomic}
   size_t OldSize                                  = 70254592                                  {product} {ergonomic}
    uintx ProfiledCodeHeapSize                     = 122912730                              {pd product} {ergonomic}
    uintx ReservedCodeCacheSize                    = 251658240                              {pd product} {ergonomic}
     bool SegmentedCodeCache                       = true                                      {product} {ergonomic}
   size_t SoftMaxHeapSize                          = 2147483648                             {manageable} {ergonomic}
     bool UseCompressedOops                        = true                           {product lp64_product} {ergonomic}
     bool UseLargePagesIndividualAllocation        = false                                  {pd product} {ergonomic}
     bool UseParallelGC                            = true                                      {product} {command line}

Logging:
Log output configuration:
 #0: stdout all=off uptime,level,tags foldmultilines=false
 #1: stderr all=off uptime,level,tags foldmultilines=false

Release file:
JAVA_VERSION="21.0.11" 
MODULES="java.base java.compiler java.datatransfer java.xml java.prefs java.desktop java.instrument java.logging java.management java.security.sasl java.naming java.rmi java.management.rmi java.net.http java.scripting java.security.jgss java.transaction.xa java.sql java.sql.rowset java.xml.crypto java.se java.smartcardio jdk.accessibility jdk.internal.jvmstat jdk.attach jdk.charsets jdk.internal.opt jdk.zipfs jdk.compiler jdk.crypto.ec jdk.crypto.cryptoki jdk.crypto.mscapi jdk.dynalink jdk.internal.ed jdk.editpad jdk.hotspot.agent jdk.httpserver jdk.internal.le jdk.internal.vm.ci jdk.internal.vm.compiler jdk.internal.vm.compiler.management jdk.jartool jdk.javadoc jdk.jcmd jdk.management jdk.management.agent jdk.jconsole jdk.jdeps jdk.jdwp.agent jdk.jdi jdk.jfr jdk.jshell jdk.jsobject jdk.jstatd jdk.localedata jdk.management.jfr jdk.naming.dns jdk.naming.rmi jdk.net jdk.nio.mapmode jdk.random jdk.sctp jdk.security.auth jdk.security.jgss jdk.unsupported jdk.unsupported.desktop jdk.xml.dom" 

Environment Variables:
JAVA_HOME=C:\Program Files\Eclipse Adoptium\jdk-17.0.19.10-hotspot\
PATH=C:\Program Files\Eclipse Adoptium\jdk-17.0.19.10-hotspot\bin;C:\Python314\Scripts\;C:\Python314\;C:\WINDOWS\system32;C:\WINDOWS;C:\WINDOWS\System32\Wbem;C:\WINDOWS\System32\WindowsPowerShell\v1.0\;C:\WINDOWS\System32\OpenSSH\;C:\Program Files\Git\cmd;C:\Program Files\nodejs\;C:\ProgramData\chocolatey\bin;C:\Users\HP\AppData\Local\Microsoft\WindowsApps;C:\Users\HP\AppData\Roaming\npm;C:\Users\HP\AppData\Local\Programs\Microsoft VS Code\bin
USERNAME=HP
OS=Windows_NT
PROCESSOR_IDENTIFIER=AMD64 Family 23 Model 24 Stepping 1, AuthenticAMD
TMP=C:\Users\HP\AppData\Local\Temp
TEMP=C:\Users\HP\AppData\Local\Temp




Periodic native trim disabled

---------------  S Y S T E M  ---------------

OS:
 Windows 11 , 64 bit Build 26100 (10.0.26100.8737)
OS uptime: 1 days 15:11 hours
Hyper-V role detected

CPU: total 4 (initial active 4) (4 cores per cpu, 2 threads per core) family 23 model 24 stepping 1 microcode 0x8108109, cx8, cmov, fxsr, ht, mmx, 3dnowpref, sse, sse2, sse3, ssse3, sse4a, sse4.1, sse4.2, popcnt, lzcnt, tsc, tscinvbit, avx, avx2, aes, clmul, bmi1, bmi2, adx, sha, fma, vzeroupper, clflush, clflushopt, hv, rdtscp, f16c
Processor Information for the first 4 processors :
  Max Mhz: 2400, Current Mhz: 2400, Mhz Limit: 2400

Memory: 4k page, system-wide physical 3499M (207M free)
TotalPageFile size 14251M (AvailPageFile size 0M)
current process WorkingSet (physical memory assigned to process): 103M, peak: 103M
current process commit charge ("private bytes"): 236M, peak: 236M

vm_info: OpenJDK 64-Bit Server VM (21.0.11+10-LTS) for windows-amd64 JRE (21.0.11+10-LTS), built on 2026-04-21T00:00:00Z by "admin" with MS VC++ 17.12 (VS2022)

END.
