#
# There is insufficient memory for the Java Runtime Environment to continue.
# Native memory allocation (malloc) failed to allocate 1515856 bytes. Error detail: Chunk::new
# Possible reasons:
#   The system is out of physical RAM or swap space
#   This process is running with CompressedOops enabled, and the Java Heap may be blocking the growth of the native heap
# Possible solutions:
#   Reduce memory load on the system
#   Increase physical memory or swap space
#   Check if swap backing store is full
#   Decrease Java heap size (-Xmx/-Xms)
#   Decrease number of Java threads
#   Decrease Java thread stack sizes (-Xss)
#   Set larger code cache with -XX:ReservedCodeCacheSize=
#   JVM is running with Unscaled Compressed Oops mode in which the Java heap is
#     placed in the first 4GB address space. The Java Heap base address is the
#     maximum limit for the native heap growth. Please use -XX:HeapBaseMinAddress
#     to set the Java Heap base and to place the Java Heap above 4GB virtual address.
# This output file may be truncated or incomplete.
#
#  Out of Memory Error (arena.cpp:191), pid=1520, tid=3256
#
# JRE version: OpenJDK Runtime Environment Temurin-17.0.19+10 (17.0.19+10) (build 17.0.19+10)
# Java VM: OpenJDK 64-Bit Server VM Temurin-17.0.19+10 (17.0.19+10, mixed mode, sharing, tiered, compressed oops, compressed class ptrs, g1 gc, windows-amd64)
# No core dump will be written. Minidumps are not enabled by default on client versions of Windows
#

---------------  S U M M A R Y ------------

Command Line: --add-opens=java.base/java.lang=ALL-UNNAMED --add-opens=java.base/java.lang.invoke=ALL-UNNAMED --add-opens=java.base/java.util=ALL-UNNAMED --add-opens=java.prefs/java.util.prefs=ALL-UNNAMED --add-exports=jdk.compiler/com.sun.tools.javac.api=ALL-UNNAMED --add-exports=jdk.compiler/com.sun.tools.javac.util=ALL-UNNAMED --add-opens=java.base/java.util=ALL-UNNAMED --add-opens=java.prefs/java.util.prefs=ALL-UNNAMED --add-opens=java.base/java.nio.charset=ALL-UNNAMED --add-opens=java.base/java.net=ALL-UNNAMED --add-opens=java.base/java.util.concurrent.atomic=ALL-UNNAMED --add-opens=java.xml/javax.xml.namespace=ALL-UNNAMED -XX:MaxMetaspaceSize=512m -Xmx2048m -Dfile.encoding=UTF-8 -Duser.country=US -Duser.language=en -Duser.variant -javaagent:C:\Users\HP\.gradle\wrapper\dists\gradle-8.14.3-all\10utluxaxniiv4wxiphsi49nj\gradle-8.14.3\lib\agents\gradle-instrumentation-agent-8.14.3.jar org.gradle.launcher.daemon.bootstrap.GradleDaemon 8.14.3

Host: AMD Athlon Gold 3150U with Radeon Graphics     , 4 cores, 3G,  Windows 11 , 64 bit Build 26100 (10.0.26100.8737)
Time: Mon Jul 13 21:52:37 2026 Malay Peninsula Standard Time elapsed time: 228.367091 seconds (0d 0h 3m 48s)

---------------  T H R E A D  ---------------

Current thread (0x00000265d7724ee0):  JavaThread "C2 CompilerThread0" daemon [_thread_in_native, id=3256, stack(0x000000ab8d100000,0x000000ab8d200000)]


Current CompileTask:
C2:228367 11463       4       java.lang.Class::privateGetPublicMethods (224 bytes)

Stack: [0x000000ab8d100000,0x000000ab8d200000]
Native frames: (J=compiled Java code, j=interpreted, Vv=VM code, C=native code)
V  [jvm.dll+0x684b29]
V  [jvm.dll+0x83a2d5]
V  [jvm.dll+0x83bd4e]
V  [jvm.dll+0x83c3d3]
V  [jvm.dll+0x24905f]
V  [jvm.dll+0xad536]
V  [jvm.dll+0xadbdc]
V  [jvm.dll+0x368d4f]
V  [jvm.dll+0x3331d5]
V  [jvm.dll+0x33263a]
V  [jvm.dll+0x219e69]
V  [jvm.dll+0x2192af]
V  [jvm.dll+0x1a49f0]
V  [jvm.dll+0x2299fa]
V  [jvm.dll+0x227bab]
V  [jvm.dll+0x7f0a88]
V  [jvm.dll+0x7eaf1c]
V  [jvm.dll+0x6839f7]
C  [ucrtbase.dll+0x2cd30]
C  [KERNEL32.DLL+0x2e957]
C  [ntdll.dll+0xaad6c]


---------------  P R O C E S S  ---------------

Threads class SMR info:
_java_thread_list=0x00000265fc194b50, length=61, elements={
0x00000265b9aeb760, 0x00000265d77058c0, 0x00000265d7706f00, 0x00000265d771f040,
0x00000265d7721920, 0x00000265d77221f0, 0x00000265d7722ac0, 0x00000265d7724ee0,
0x00000265d772d080, 0x00000265d778f3d0, 0x00000265d76f38e0, 0x00000265d79dab30,
0x00000265f82d82c0, 0x00000265f7046300, 0x00000265f7cb55f0, 0x00000265f7982310,
0x00000265f7982820, 0x00000265f79809c0, 0x00000265f7981e00, 0x00000265f79804b0,
0x00000265f7980ed0, 0x00000265f797ffa0, 0x00000265f79813e0, 0x00000265f79818f0,
0x00000265f797f070, 0x00000265f797fa90, 0x00000265f8daea40, 0x00000265f8dae020,
0x00000265f8daef50, 0x00000265f8dafe80, 0x00000265f8db0390, 0x00000265f8daf460,
0x00000265f8daf970, 0x00000265f8db2c10, 0x00000265f8db2700, 0x00000265f8db1ce0,
0x00000265f8db21f0, 0x00000265f8db3630, 0x00000265f8db3120, 0x00000265f8db0db0,
0x00000265f8db3b40, 0x00000265f8db4050, 0x00000265f8db08a0, 0x00000265f8db4560,
0x00000265f8db4a70, 0x00000265f8db4f80, 0x00000265f8db5490, 0x00000265fa52b830,
0x00000265fa52c760, 0x00000265fa52dba0, 0x00000265fa52e0b0, 0x00000265fa52e5c0,
0x00000265fa52ae10, 0x00000265fa52ead0, 0x00000265fa52b320, 0x00000265fa52d690,
0x00000265fa52d180, 0x00000265fa52fa00, 0x00000265fa52c250, 0x00000265fa530930,
0x00000265fa530420
}

Java Threads: ( => current thread )
  0x00000265b9aeb760 JavaThread "main" [_thread_blocked, id=14972, stack(0x000000ab8c400000,0x000000ab8c500000)]
  0x00000265d77058c0 JavaThread "Reference Handler" daemon [_thread_blocked, id=10360, stack(0x000000ab8cb00000,0x000000ab8cc00000)]
  0x00000265d7706f00 JavaThread "Finalizer" daemon [_thread_blocked, id=5684, stack(0x000000ab8cc00000,0x000000ab8cd00000)]
  0x00000265d771f040 JavaThread "Signal Dispatcher" daemon [_thread_blocked, id=15028, stack(0x000000ab8cd00000,0x000000ab8ce00000)]
  0x00000265d7721920 JavaThread "Attach Listener" daemon [_thread_blocked, id=7684, stack(0x000000ab8ce00000,0x000000ab8cf00000)]
  0x00000265d77221f0 JavaThread "Service Thread" daemon [_thread_blocked, id=7400, stack(0x000000ab8cf00000,0x000000ab8d000000)]
  0x00000265d7722ac0 JavaThread "Monitor Deflation Thread" daemon [_thread_blocked, id=4720, stack(0x000000ab8d000000,0x000000ab8d100000)]
=>0x00000265d7724ee0 JavaThread "C2 CompilerThread0" daemon [_thread_in_native, id=3256, stack(0x000000ab8d100000,0x000000ab8d200000)]
  0x00000265d772d080 JavaThread "C1 CompilerThread0" daemon [_thread_blocked, id=15552, stack(0x000000ab8d200000,0x000000ab8d300000)]
  0x00000265d778f3d0 JavaThread "Sweeper thread" daemon [_thread_blocked, id=11232, stack(0x000000ab8d300000,0x000000ab8d400000)]
  0x00000265d76f38e0 JavaThread "Common-Cleaner" daemon [_thread_blocked, id=1388, stack(0x000000ab8d400000,0x000000ab8d500000)]
  0x00000265d79dab30 JavaThread "Notification Thread" daemon [_thread_blocked, id=13116, stack(0x000000ab8d500000,0x000000ab8d600000)]
  0x00000265f82d82c0 JavaThread "Daemon health stats" [_thread_blocked, id=13544, stack(0x000000ab8db00000,0x000000ab8dc00000)]
  0x00000265f7046300 JavaThread "Incoming local TCP Connector on port 52769" [_thread_in_native, id=15312, stack(0x000000ab8dd00000,0x000000ab8de00000)]
  0x00000265f7cb55f0 JavaThread "Daemon periodic checks" [_thread_blocked, id=3612, stack(0x000000ab8de00000,0x000000ab8df00000)]
  0x00000265f7982310 JavaThread "Daemon" [_thread_blocked, id=14560, stack(0x000000ab8df00000,0x000000ab8e000000)]
  0x00000265f7982820 JavaThread "Handler for socket connection from /127.0.0.1:52769 to /127.0.0.1:52770" [_thread_in_native, id=4820, stack(0x000000ab8e000000,0x000000ab8e100000)]
  0x00000265f79809c0 JavaThread "Cancel handler" [_thread_blocked, id=724, stack(0x000000ab8e100000,0x000000ab8e200000)]
  0x00000265f7981e00 JavaThread "Daemon worker" [_thread_in_native, id=10736, stack(0x000000ab8e200000,0x000000ab8e300000)]
  0x00000265f79804b0 JavaThread "Asynchronous log dispatcher for DefaultDaemonConnection: socket connection from /127.0.0.1:52769 to /127.0.0.1:52770" [_thread_blocked, id=14228, stack(0x000000ab8e300000,0x000000ab8e400000)]
  0x00000265f7980ed0 JavaThread "Stdin handler" [_thread_blocked, id=13520, stack(0x000000ab8e400000,0x000000ab8e500000)]
  0x00000265f797ffa0 JavaThread "Daemon client event forwarder" [_thread_blocked, id=12856, stack(0x000000ab8e500000,0x000000ab8e600000)]
  0x00000265f79813e0 JavaThread "Cache worker for journal cache (C:\Users\HP\.gradle\caches\journal-1)" [_thread_blocked, id=16212, stack(0x000000ab8e600000,0x000000ab8e700000)]
  0x00000265f79818f0 JavaThread "File lock request listener" [_thread_in_native, id=16160, stack(0x000000ab8e700000,0x000000ab8e800000)]
  0x00000265f797f070 JavaThread "Cache worker for file hash cache (C:\Users\HP\.gradle\caches\8.14.3\fileHashes)" [_thread_blocked, id=12580, stack(0x000000ab8e800000,0x000000ab8e900000)]
  0x00000265f797fa90 JavaThread "Cache worker for file hash cache (D:\LSA 2025\LAST\PROJT\finance app\finance apps Ori\android\.gradle\8.14.3\fileHashes)" [_thread_blocked, id=11920, stack(0x000000ab8eb00000,0x000000ab8ec00000)]
  0x00000265f8daea40 JavaThread "Cache worker for Build Output Cleanup Cache (D:\LSA 2025\LAST\PROJT\finance app\finance apps Ori\android\.gradle\buildOutputCleanup)" [_thread_blocked, id=1760, stack(0x000000ab8ec00000,0x000000ab8ed00000)]
  0x00000265f8dae020 JavaThread "File watcher server" daemon [_thread_in_native, id=10836, stack(0x000000ab8ed00000,0x000000ab8ee00000)]
  0x00000265f8daef50 JavaThread "File watcher consumer" daemon [_thread_blocked, id=1704, stack(0x000000ab8ef00000,0x000000ab8f000000)]
  0x00000265f8dafe80 JavaThread "jar transforms" [_thread_blocked, id=7764, stack(0x000000ab8ee00000,0x000000ab8ef00000)]
  0x00000265f8db0390 JavaThread "jar transforms Thread 2" [_thread_blocked, id=15096, stack(0x000000ab8f000000,0x000000ab8f100000)]
  0x00000265f8daf460 JavaThread "jar transforms Thread 3" [_thread_blocked, id=4268, stack(0x000000ab8f100000,0x000000ab8f200000)]
  0x00000265f8daf970 JavaThread "jar transforms Thread 4" [_thread_blocked, id=12044, stack(0x000000ab8f200000,0x000000ab8f300000)]
  0x00000265f8db2c10 JavaThread "Cache worker for checksums cache (D:\LSA 2025\LAST\PROJT\finance app\finance apps Ori\android\.gradle\8.14.3\checksums)" [_thread_blocked, id=4264, stack(0x000000ab8f300000,0x000000ab8f400000)]
  0x00000265f8db2700 JavaThread "Cache worker for file content cache (C:\Users\HP\.gradle\caches\8.14.3\fileContent)" [_thread_blocked, id=13328, stack(0x000000ab8f400000,0x000000ab8f500000)]
  0x00000265f8db1ce0 JavaThread "Cache worker for cache directory md-supplier (C:\Users\HP\.gradle\caches\8.14.3\md-supplier)" [_thread_blocked, id=16332, stack(0x000000ab8c200000,0x000000ab8c300000)]
  0x00000265f8db21f0 JavaThread "Cache worker for cache directory md-rule (C:\Users\HP\.gradle\caches\8.14.3\md-rule)" [_thread_blocked, id=14796, stack(0x000000ab8c300000,0x000000ab8c400000)]
  0x00000265f8db3630 JavaThread "Unconstrained build operations" [_thread_blocked, id=15728, stack(0x000000ab8dc00000,0x000000ab8dd00000)]
  0x00000265f8db3120 JavaThread "Unconstrained build operations Thread 2" [_thread_blocked, id=13560, stack(0x000000ab8f500000,0x000000ab8f600000)]
  0x00000265f8db0db0 JavaThread "Unconstrained build operations Thread 3" [_thread_blocked, id=1692, stack(0x000000ab8f600000,0x000000ab8f700000)]
  0x00000265f8db3b40 JavaThread "Unconstrained build operations Thread 4" [_thread_blocked, id=14620, stack(0x000000ab8f700000,0x000000ab8f800000)]
  0x00000265f8db4050 JavaThread "Unconstrained build operations Thread 5" [_thread_blocked, id=7756, stack(0x000000ab8f800000,0x000000ab8f900000)]
  0x00000265f8db08a0 JavaThread "Unconstrained build operations Thread 6" [_thread_blocked, id=10320, stack(0x000000ab8f900000,0x000000ab8fa00000)]
  0x00000265f8db4560 JavaThread "Unconstrained build operations Thread 7" [_thread_blocked, id=14988, stack(0x000000ab8fa00000,0x000000ab8fb00000)]
  0x00000265f8db4a70 JavaThread "Unconstrained build operations Thread 8" [_thread_blocked, id=13224, stack(0x000000ab8fb00000,0x000000ab8fc00000)]
  0x00000265f8db4f80 JavaThread "Unconstrained build operations Thread 9" [_thread_blocked, id=11396, stack(0x000000ab8fc00000,0x000000ab8fd00000)]
  0x00000265f8db5490 JavaThread "File lock release action executor" [_thread_blocked, id=13004, stack(0x000000ab8fd00000,0x000000ab8fe00000)]
  0x00000265fa52b830 JavaThread "Unconstrained build operations Thread 10" [_thread_blocked, id=12436, stack(0x000000ab8fe00000,0x000000ab8ff00000)]
  0x00000265fa52c760 JavaThread "Unconstrained build operations Thread 11" [_thread_blocked, id=11544, stack(0x000000ab8ff00000,0x000000ab90000000)]
  0x00000265fa52dba0 JavaThread "Unconstrained build operations Thread 12" [_thread_blocked, id=7896, stack(0x000000ab90000000,0x000000ab90100000)]
  0x00000265fa52e0b0 JavaThread "Unconstrained build operations Thread 13" [_thread_blocked, id=2168, stack(0x000000ab90100000,0x000000ab90200000)]
  0x00000265fa52e5c0 JavaThread "Unconstrained build operations Thread 14" [_thread_blocked, id=15892, stack(0x000000ab90200000,0x000000ab90300000)]
  0x00000265fa52ae10 JavaThread "Unconstrained build operations Thread 15" [_thread_blocked, id=12692, stack(0x000000ab90300000,0x000000ab90400000)]
  0x00000265fa52ead0 JavaThread "Unconstrained build operations Thread 16" [_thread_blocked, id=10160, stack(0x000000ab90400000,0x000000ab90500000)]
  0x00000265fa52b320 JavaThread "Unconstrained build operations Thread 17" [_thread_blocked, id=988, stack(0x000000ab90500000,0x000000ab90600000)]
  0x00000265fa52d690 JavaThread "Unconstrained build operations Thread 18" [_thread_blocked, id=9360, stack(0x000000ab90600000,0x000000ab90700000)]
  0x00000265fa52d180 JavaThread "Memory manager" [_thread_blocked, id=4636, stack(0x000000ab90700000,0x000000ab90800000)]
  0x00000265fa52fa00 JavaThread "Problems report writer" [_thread_blocked, id=15080, stack(0x000000ab8e900000,0x000000ab8ea00000)]
  0x00000265fa52c250 JavaThread "Unconstrained build operations Thread 19" [_thread_blocked, id=12984, stack(0x000000ab8ea00000,0x000000ab8eb00000)]
  0x00000265fa530930 JavaThread "Unconstrained build operations Thread 20" [_thread_blocked, id=15336, stack(0x000000ab90800000,0x000000ab90900000)]
  0x00000265fa530420 JavaThread "Unconstrained build operations Thread 21" [_thread_blocked, id=8916, stack(0x000000ab90900000,0x000000ab90a00000)]

Other Threads:
  0x00000265d77011a0 VMThread "VM Thread" [stack: 0x000000ab8ca00000,0x000000ab8cb00000] [id=6152]
  0x00000265b9aec290 WatcherThread [stack: 0x000000ab8d600000,0x000000ab8d700000] [id=14808]
  0x00000265b9b4a6c0 GCTaskThread "GC Thread#0" [stack: 0x000000ab8c500000,0x000000ab8c600000] [id=5404]
  0x00000265d7a8d450 GCTaskThread "GC Thread#1" [stack: 0x000000ab8d700000,0x000000ab8d800000] [id=3880]
  0x00000265d7b64990 GCTaskThread "GC Thread#2" [stack: 0x000000ab8d800000,0x000000ab8d900000] [id=1892]
  0x00000265f76fdcc0 GCTaskThread "GC Thread#3" [stack: 0x000000ab8d900000,0x000000ab8da00000] [id=9388]
  0x00000265b9b5b520 ConcurrentGCThread "G1 Main Marker" [stack: 0x000000ab8c600000,0x000000ab8c700000] [id=14196]
  0x00000265b9b5be50 ConcurrentGCThread "G1 Conc#0" [stack: 0x000000ab8c700000,0x000000ab8c800000] [id=1732]
  0x00000265b9b97790 ConcurrentGCThread "G1 Refine#0" [stack: 0x000000ab8c800000,0x000000ab8c900000] [id=5180]
  0x00000265f7158f00 ConcurrentGCThread "G1 Refine#1" [stack: 0x000000ab8da00000,0x000000ab8db00000] [id=8092]
  0x00000265b9b980d0 ConcurrentGCThread "G1 Service" [stack: 0x000000ab8c900000,0x000000ab8ca00000] [id=16328]

Threads with active compile tasks:
C2 CompilerThread0  228484 11463       4       java.lang.Class::privateGetPublicMethods (224 bytes)

VM state: not at safepoint (normal execution)

VM Mutex/Monitor currently owned by a thread: None

Heap address: 0x0000000080000000, size: 2048 MB, Compressed Oops mode: 32-bit

CDS archive(s) mapped at: [0x00000265d8000000-0x00000265d8bb0000-0x00000265d8bb0000), size 12255232, SharedBaseAddress: 0x00000265d8000000, ArchiveRelocationMode: 1.
Compressed class space mapped at: 0x00000265d9000000-0x00000265f3000000, reserved size: 436207616
Narrow klass base: 0x00000265d8000000, Narrow klass shift: 0, Narrow klass range: 0x100000000

GC Precious Log:
 CPUs: 4 total, 4 available
 Memory: 3499M
 Large Page Support: Disabled
 NUMA Support: Disabled
 Compressed Oops: Enabled (32-bit)
 Heap Region Size: 1M
 Heap Min Capacity: 8M
 Heap Initial Capacity: 56M
 Heap Max Capacity: 2G
 Pre-touch: Disabled
 Parallel Workers: 4
 Concurrent Workers: 1
 Concurrent Refinement Workers: 4
 Periodic GC: Disabled

Heap:
 garbage-first heap   total 191488K, used 101089K [0x0000000080000000, 0x0000000100000000)
  region size 1024K, 7 young (7168K), 5 survivors (5120K)
 Metaspace       used 78032K, committed 78912K, reserved 557056K
  class space    used 10651K, committed 11008K, reserved 425984K

Heap Regions: E=young(eden), S=young(survivor), O=old, HS=humongous(starts), HC=humongous(continues), CS=collection set, F=free, OA=open archive, CA=closed archive, TAMS=top-at-mark-start (previous, next)
|   0|0x0000000080000000, 0x0000000080100000, 0x0000000080100000|100%|HS|  |TAMS 0x0000000080100000, 0x0000000080100000| Complete 
|   1|0x0000000080100000, 0x0000000080200000, 0x0000000080200000|100%|HC|  |TAMS 0x0000000080200000, 0x0000000080200000| Complete 
|   2|0x0000000080200000, 0x0000000080300000, 0x0000000080300000|100%|HC|  |TAMS 0x0000000080300000, 0x0000000080300000| Complete 
|   3|0x0000000080300000, 0x0000000080400000, 0x0000000080400000|100%| O|  |TAMS 0x0000000080400000, 0x0000000080400000| Untracked 
|   4|0x0000000080400000, 0x0000000080500000, 0x0000000080500000|100%| O|  |TAMS 0x0000000080500000, 0x0000000080500000| Untracked 
|   5|0x0000000080500000, 0x0000000080600000, 0x0000000080600000|100%| O|  |TAMS 0x0000000080600000, 0x0000000080600000| Untracked 
|   6|0x0000000080600000, 0x0000000080700000, 0x0000000080700000|100%| O|  |TAMS 0x0000000080700000, 0x0000000080700000| Untracked 
|   7|0x0000000080700000, 0x0000000080800000, 0x0000000080800000|100%| O|  |TAMS 0x0000000080800000, 0x0000000080800000| Untracked 
|   8|0x0000000080800000, 0x0000000080900000, 0x0000000080900000|100%| O|  |TAMS 0x0000000080900000, 0x0000000080900000| Untracked 
|   9|0x0000000080900000, 0x0000000080a00000, 0x0000000080a00000|100%| O|  |TAMS 0x0000000080a00000, 0x0000000080a00000| Untracked 
|  10|0x0000000080a00000, 0x0000000080b00000, 0x0000000080b00000|100%|HS|  |TAMS 0x0000000080b00000, 0x0000000080b00000| Complete 
|  11|0x0000000080b00000, 0x0000000080c00000, 0x0000000080c00000|100%| O|  |TAMS 0x0000000080c00000, 0x0000000080c00000| Untracked 
|  12|0x0000000080c00000, 0x0000000080d00000, 0x0000000080d00000|100%| O|  |TAMS 0x0000000080d00000, 0x0000000080d00000| Untracked 
|  13|0x0000000080d00000, 0x0000000080e00000, 0x0000000080e00000|100%| O|  |TAMS 0x0000000080e00000, 0x0000000080e00000| Untracked 
|  14|0x0000000080e00000, 0x0000000080f00000, 0x0000000080f00000|100%| O|  |TAMS 0x0000000080f00000, 0x0000000080f00000| Untracked 
|  15|0x0000000080f00000, 0x0000000081000000, 0x0000000081000000|100%| O|  |TAMS 0x0000000081000000, 0x0000000081000000| Untracked 
|  16|0x0000000081000000, 0x0000000081100000, 0x0000000081100000|100%| O|  |TAMS 0x0000000081100000, 0x0000000081100000| Untracked 
|  17|0x0000000081100000, 0x0000000081200000, 0x0000000081200000|100%| O|  |TAMS 0x0000000081200000, 0x0000000081200000| Untracked 
|  18|0x0000000081200000, 0x0000000081300000, 0x0000000081300000|100%| O|  |TAMS 0x0000000081300000, 0x0000000081300000| Untracked 
|  19|0x0000000081300000, 0x0000000081400000, 0x0000000081400000|100%| O|  |TAMS 0x0000000081400000, 0x0000000081400000| Untracked 
|  20|0x0000000081400000, 0x0000000081500000, 0x0000000081500000|100%| O|  |TAMS 0x0000000081500000, 0x0000000081500000| Untracked 
|  21|0x0000000081500000, 0x0000000081600000, 0x0000000081600000|100%| O|  |TAMS 0x0000000081600000, 0x0000000081600000| Untracked 
|  22|0x0000000081600000, 0x0000000081700000, 0x0000000081700000|100%| O|  |TAMS 0x0000000081700000, 0x0000000081700000| Untracked 
|  23|0x0000000081700000, 0x0000000081800000, 0x0000000081800000|100%| O|  |TAMS 0x0000000081800000, 0x0000000081800000| Untracked 
|  24|0x0000000081800000, 0x0000000081900000, 0x0000000081900000|100%| O|  |TAMS 0x0000000081900000, 0x0000000081900000| Untracked 
|  25|0x0000000081900000, 0x0000000081a00000, 0x0000000081a00000|100%| O|  |TAMS 0x0000000081a00000, 0x0000000081a00000| Untracked 
|  26|0x0000000081a00000, 0x0000000081b00000, 0x0000000081b00000|100%| O|  |TAMS 0x0000000081b00000, 0x0000000081b00000| Untracked 
|  27|0x0000000081b00000, 0x0000000081c00000, 0x0000000081c00000|100%| O|  |TAMS 0x0000000081c00000, 0x0000000081c00000| Untracked 
|  28|0x0000000081c00000, 0x0000000081d00000, 0x0000000081d00000|100%| O|  |TAMS 0x0000000081d00000, 0x0000000081d00000| Untracked 
|  29|0x0000000081d00000, 0x0000000081e00000, 0x0000000081e00000|100%| O|  |TAMS 0x0000000081e00000, 0x0000000081e00000| Untracked 
|  30|0x0000000081e00000, 0x0000000081f00000, 0x0000000081f00000|100%| O|  |TAMS 0x0000000081f00000, 0x0000000081f00000| Untracked 
|  31|0x0000000081f00000, 0x0000000082000000, 0x0000000082000000|100%| O|  |TAMS 0x0000000082000000, 0x0000000082000000| Untracked 
|  32|0x0000000082000000, 0x0000000082100000, 0x0000000082100000|100%| O|  |TAMS 0x0000000082100000, 0x0000000082100000| Untracked 
|  33|0x0000000082100000, 0x0000000082200000, 0x0000000082200000|100%| O|  |TAMS 0x0000000082200000, 0x0000000082200000| Untracked 
|  34|0x0000000082200000, 0x0000000082300000, 0x0000000082300000|100%| O|  |TAMS 0x0000000082300000, 0x0000000082300000| Untracked 
|  35|0x0000000082300000, 0x0000000082400000, 0x0000000082400000|100%| O|  |TAMS 0x0000000082400000, 0x0000000082400000| Untracked 
|  36|0x0000000082400000, 0x0000000082500000, 0x0000000082500000|100%| O|  |TAMS 0x0000000082500000, 0x0000000082500000| Untracked 
|  37|0x0000000082500000, 0x0000000082600000, 0x0000000082600000|100%| O|  |TAMS 0x0000000082600000, 0x0000000082600000| Untracked 
|  38|0x0000000082600000, 0x0000000082700000, 0x0000000082700000|100%| O|  |TAMS 0x0000000082700000, 0x0000000082700000| Untracked 
|  39|0x0000000082700000, 0x0000000082800000, 0x0000000082800000|100%| O|  |TAMS 0x0000000082800000, 0x0000000082800000| Untracked 
|  40|0x0000000082800000, 0x0000000082900000, 0x0000000082900000|100%| O|  |TAMS 0x0000000082900000, 0x0000000082900000| Untracked 
|  41|0x0000000082900000, 0x0000000082a00000, 0x0000000082a00000|100%| O|  |TAMS 0x0000000082a00000, 0x0000000082a00000| Untracked 
|  42|0x0000000082a00000, 0x0000000082b00000, 0x0000000082b00000|100%| O|  |TAMS 0x0000000082b00000, 0x0000000082b00000| Untracked 
|  43|0x0000000082b00000, 0x0000000082c00000, 0x0000000082c00000|100%| O|  |TAMS 0x0000000082c00000, 0x0000000082c00000| Untracked 
|  44|0x0000000082c00000, 0x0000000082d00000, 0x0000000082d00000|100%| O|  |TAMS 0x0000000082d00000, 0x0000000082d00000| Untracked 
|  45|0x0000000082d00000, 0x0000000082e00000, 0x0000000082e00000|100%| O|  |TAMS 0x0000000082e00000, 0x0000000082e00000| Untracked 
|  46|0x0000000082e00000, 0x0000000082f00000, 0x0000000082f00000|100%| O|  |TAMS 0x0000000082f00000, 0x0000000082f00000| Untracked 
|  47|0x0000000082f00000, 0x0000000083000000, 0x0000000083000000|100%| O|  |TAMS 0x0000000083000000, 0x0000000083000000| Untracked 
|  48|0x0000000083000000, 0x0000000083100000, 0x0000000083100000|100%| O|  |TAMS 0x0000000083100000, 0x0000000083100000| Untracked 
|  49|0x0000000083100000, 0x0000000083200000, 0x0000000083200000|100%|HS|  |TAMS 0x0000000083200000, 0x0000000083200000| Complete 
|  50|0x0000000083200000, 0x0000000083300000, 0x0000000083300000|100%|HS|  |TAMS 0x0000000083300000, 0x0000000083300000| Complete 
|  51|0x0000000083300000, 0x0000000083400000, 0x0000000083400000|100%| O|  |TAMS 0x0000000083400000, 0x0000000083400000| Untracked 
|  52|0x0000000083400000, 0x0000000083500000, 0x0000000083500000|100%|HS|  |TAMS 0x0000000083500000, 0x0000000083500000| Complete 
|  53|0x0000000083500000, 0x0000000083600000, 0x0000000083600000|100%|HS|  |TAMS 0x0000000083600000, 0x0000000083600000| Complete 
|  54|0x0000000083600000, 0x0000000083700000, 0x0000000083700000|100%| O|  |TAMS 0x0000000083700000, 0x0000000083700000| Untracked 
|  55|0x0000000083700000, 0x0000000083800000, 0x0000000083800000|100%| O|  |TAMS 0x0000000083800000, 0x0000000083800000| Untracked 
|  56|0x0000000083800000, 0x0000000083900000, 0x0000000083900000|100%| O|  |TAMS 0x0000000083900000, 0x0000000083900000| Untracked 
|  57|0x0000000083900000, 0x0000000083a00000, 0x0000000083a00000|100%| O|  |TAMS 0x0000000083a00000, 0x0000000083a00000| Untracked 
|  58|0x0000000083a00000, 0x0000000083b00000, 0x0000000083b00000|100%| O|  |TAMS 0x0000000083b00000, 0x0000000083b00000| Untracked 
|  59|0x0000000083b00000, 0x0000000083c00000, 0x0000000083c00000|100%| O|  |TAMS 0x0000000083c00000, 0x0000000083c00000| Untracked 
|  60|0x0000000083c00000, 0x0000000083d00000, 0x0000000083d00000|100%| O|  |TAMS 0x0000000083d00000, 0x0000000083d00000| Untracked 
|  61|0x0000000083d00000, 0x0000000083e00000, 0x0000000083e00000|100%|HS|  |TAMS 0x0000000083e00000, 0x0000000083e00000| Complete 
|  62|0x0000000083e00000, 0x0000000083f00000, 0x0000000083f00000|100%|HS|  |TAMS 0x0000000083f00000, 0x0000000083f00000| Complete 
|  63|0x0000000083f00000, 0x0000000084000000, 0x0000000084000000|100%|HS|  |TAMS 0x0000000084000000, 0x0000000084000000| Complete 
|  64|0x0000000084000000, 0x0000000084100000, 0x0000000084100000|100%| O|  |TAMS 0x0000000084100000, 0x0000000084100000| Untracked 
|  65|0x0000000084100000, 0x0000000084200000, 0x0000000084200000|100%|HS|  |TAMS 0x0000000084200000, 0x0000000084200000| Complete 
|  66|0x0000000084200000, 0x0000000084300000, 0x0000000084300000|100%| O|  |TAMS 0x0000000084300000, 0x0000000084300000| Untracked 
|  67|0x0000000084300000, 0x0000000084400000, 0x0000000084400000|100%| O|  |TAMS 0x0000000084400000, 0x0000000084400000| Untracked 
|  68|0x0000000084400000, 0x0000000084500000, 0x0000000084500000|100%| O|  |TAMS 0x0000000084500000, 0x0000000084500000| Untracked 
|  69|0x0000000084500000, 0x0000000084600000, 0x0000000084600000|100%| O|  |TAMS 0x0000000084600000, 0x0000000084600000| Untracked 
|  70|0x0000000084600000, 0x0000000084700000, 0x0000000084700000|100%| O|  |TAMS 0x0000000084700000, 0x0000000084700000| Untracked 
|  71|0x0000000084700000, 0x0000000084800000, 0x0000000084800000|100%| O|  |TAMS 0x0000000084800000, 0x0000000084800000| Untracked 
|  72|0x0000000084800000, 0x0000000084900000, 0x0000000084900000|100%| O|  |TAMS 0x0000000084900000, 0x0000000084900000| Untracked 
|  73|0x0000000084900000, 0x0000000084a00000, 0x0000000084a00000|100%| O|  |TAMS 0x0000000084a00000, 0x0000000084a00000| Untracked 
|  74|0x0000000084a00000, 0x0000000084b00000, 0x0000000084b00000|100%| O|  |TAMS 0x0000000084b00000, 0x0000000084b00000| Untracked 
|  75|0x0000000084b00000, 0x0000000084c00000, 0x0000000084c00000|100%| O|  |TAMS 0x0000000084b00000, 0x0000000084c00000| Untracked 
|  76|0x0000000084c00000, 0x0000000084d00000, 0x0000000084d00000|100%| O|  |TAMS 0x0000000084d00000, 0x0000000084d00000| Untracked 
|  77|0x0000000084d00000, 0x0000000084e00000, 0x0000000084e00000|100%| O|  |TAMS 0x0000000084e00000, 0x0000000084e00000| Untracked 
|  78|0x0000000084e00000, 0x0000000084f00000, 0x0000000084f00000|100%| O|  |TAMS 0x0000000084f00000, 0x0000000084f00000| Untracked 
|  79|0x0000000084f00000, 0x0000000085000000, 0x0000000085000000|100%| O|  |TAMS 0x0000000084f00000, 0x0000000085000000| Untracked 
|  80|0x0000000085000000, 0x0000000085100000, 0x0000000085100000|100%| O|  |TAMS 0x0000000085000000, 0x0000000085100000| Untracked 
|  81|0x0000000085100000, 0x0000000085200000, 0x0000000085200000|100%| O|  |TAMS 0x0000000085100000, 0x0000000085200000| Untracked 
|  82|0x0000000085200000, 0x0000000085300000, 0x0000000085300000|100%|HS|  |TAMS 0x0000000085300000, 0x0000000085300000| Complete 
|  83|0x0000000085300000, 0x0000000085400000, 0x0000000085400000|100%| O|  |TAMS 0x000000008532f600, 0x0000000085400000| Untracked 
|  84|0x0000000085400000, 0x0000000085500000, 0x0000000085500000|100%| O|  |TAMS 0x0000000085400000, 0x0000000085500000| Untracked 
|  85|0x0000000085500000, 0x0000000085600000, 0x0000000085600000|100%| O|  |TAMS 0x0000000085500000, 0x0000000085600000| Untracked 
|  86|0x0000000085600000, 0x0000000085700000, 0x0000000085700000|100%| O|  |TAMS 0x0000000085600000, 0x0000000085700000| Untracked 
|  87|0x0000000085700000, 0x0000000085800000, 0x0000000085800000|100%| O|  |TAMS 0x0000000085700000, 0x0000000085800000| Untracked 
|  88|0x0000000085800000, 0x0000000085900000, 0x0000000085900000|100%| O|  |TAMS 0x0000000085800000, 0x0000000085900000| Untracked 
|  89|0x0000000085900000, 0x0000000085a00000, 0x0000000085a00000|100%| O|  |TAMS 0x0000000085900000, 0x0000000085a00000| Untracked 
|  90|0x0000000085a00000, 0x0000000085b00000, 0x0000000085b00000|100%| O|  |TAMS 0x0000000085a00000, 0x0000000085b00000| Untracked 
|  91|0x0000000085b00000, 0x0000000085c00000, 0x0000000085c00000|100%| O|  |TAMS 0x0000000085b00000, 0x0000000085c00000| Untracked 
|  92|0x0000000085c00000, 0x0000000085c1fc00, 0x0000000085d00000| 12%| O|  |TAMS 0x0000000085c00000, 0x0000000085c1fc00| Untracked 
|  93|0x0000000085d00000, 0x0000000085e00000, 0x0000000085e00000|100%|HS|  |TAMS 0x0000000085d00000, 0x0000000085d00000| Complete 
|  94|0x0000000085e00000, 0x0000000085e00000, 0x0000000085f00000|  0%| F|  |TAMS 0x0000000085e00000, 0x0000000085e00000| Untracked 
|  95|0x0000000085f00000, 0x0000000085f00000, 0x0000000086000000|  0%| F|  |TAMS 0x0000000085f00000, 0x0000000085f00000| Untracked 
|  96|0x0000000086000000, 0x0000000086000000, 0x0000000086100000|  0%| F|  |TAMS 0x0000000086000000, 0x0000000086000000| Untracked 
|  97|0x0000000086100000, 0x0000000086100000, 0x0000000086200000|  0%| F|  |TAMS 0x0000000086100000, 0x0000000086100000| Untracked 
|  98|0x0000000086200000, 0x0000000086200000, 0x0000000086300000|  0%| F|  |TAMS 0x0000000086200000, 0x0000000086200000| Untracked 
|  99|0x0000000086300000, 0x0000000086300000, 0x0000000086400000|  0%| F|  |TAMS 0x0000000086300000, 0x0000000086300000| Untracked 
| 100|0x0000000086400000, 0x0000000086400000, 0x0000000086500000|  0%| F|  |TAMS 0x0000000086400000, 0x0000000086400000| Untracked 
| 101|0x0000000086500000, 0x0000000086500000, 0x0000000086600000|  0%| F|  |TAMS 0x0000000086500000, 0x0000000086500000| Untracked 
| 102|0x0000000086600000, 0x0000000086600000, 0x0000000086700000|  0%| F|  |TAMS 0x0000000086600000, 0x0000000086600000| Untracked 
| 103|0x0000000086700000, 0x0000000086700000, 0x0000000086800000|  0%| F|  |TAMS 0x0000000086700000, 0x0000000086700000| Untracked 
| 104|0x0000000086800000, 0x0000000086800000, 0x0000000086900000|  0%| F|  |TAMS 0x0000000086800000, 0x0000000086800000| Untracked 
| 105|0x0000000086900000, 0x0000000086900000, 0x0000000086a00000|  0%| F|  |TAMS 0x0000000086900000, 0x0000000086900000| Untracked 
| 106|0x0000000086a00000, 0x0000000086a00000, 0x0000000086b00000|  0%| F|  |TAMS 0x0000000086a00000, 0x0000000086a00000| Untracked 
| 107|0x0000000086b00000, 0x0000000086b00000, 0x0000000086c00000|  0%| F|  |TAMS 0x0000000086b00000, 0x0000000086b00000| Untracked 
| 108|0x0000000086c00000, 0x0000000086c00000, 0x0000000086d00000|  0%| F|  |TAMS 0x0000000086c00000, 0x0000000086c00000| Untracked 
| 109|0x0000000086d00000, 0x0000000086d00000, 0x0000000086e00000|  0%| F|  |TAMS 0x0000000086d00000, 0x0000000086d00000| Untracked 
| 110|0x0000000086e00000, 0x0000000086e00000, 0x0000000086f00000|  0%| F|  |TAMS 0x0000000086e00000, 0x0000000086e00000| Untracked 
| 111|0x0000000086f00000, 0x0000000086f00000, 0x0000000087000000|  0%| F|  |TAMS 0x0000000086f00000, 0x0000000086f00000| Untracked 
| 112|0x0000000087000000, 0x0000000087000000, 0x0000000087100000|  0%| F|  |TAMS 0x0000000087000000, 0x0000000087000000| Untracked 
| 113|0x0000000087100000, 0x0000000087100000, 0x0000000087200000|  0%| F|  |TAMS 0x0000000087100000, 0x0000000087100000| Untracked 
| 114|0x0000000087200000, 0x0000000087200000, 0x0000000087300000|  0%| F|  |TAMS 0x0000000087200000, 0x0000000087200000| Untracked 
| 115|0x0000000087300000, 0x0000000087300000, 0x0000000087400000|  0%| F|  |TAMS 0x0000000087300000, 0x0000000087300000| Untracked 
| 116|0x0000000087400000, 0x0000000087400000, 0x0000000087500000|  0%| F|  |TAMS 0x0000000087400000, 0x0000000087400000| Untracked 
| 117|0x0000000087500000, 0x0000000087500000, 0x0000000087600000|  0%| F|  |TAMS 0x0000000087500000, 0x0000000087500000| Untracked 
| 118|0x0000000087600000, 0x0000000087600000, 0x0000000087700000|  0%| F|  |TAMS 0x0000000087600000, 0x0000000087600000| Untracked 
| 119|0x0000000087700000, 0x0000000087700000, 0x0000000087800000|  0%| F|  |TAMS 0x0000000087700000, 0x0000000087700000| Untracked 
| 120|0x0000000087800000, 0x0000000087800000, 0x0000000087900000|  0%| F|  |TAMS 0x0000000087800000, 0x0000000087800000| Untracked 
| 121|0x0000000087900000, 0x0000000087900000, 0x0000000087a00000|  0%| F|  |TAMS 0x0000000087900000, 0x0000000087900000| Untracked 
| 122|0x0000000087a00000, 0x0000000087a00000, 0x0000000087b00000|  0%| F|  |TAMS 0x0000000087a00000, 0x0000000087a00000| Untracked 
| 123|0x0000000087b00000, 0x0000000087b00000, 0x0000000087c00000|  0%| F|  |TAMS 0x0000000087b00000, 0x0000000087b00000| Untracked 
| 124|0x0000000087c00000, 0x0000000087c00000, 0x0000000087d00000|  0%| F|  |TAMS 0x0000000087c00000, 0x0000000087c00000| Untracked 
| 125|0x0000000087d00000, 0x0000000087d00000, 0x0000000087e00000|  0%| F|  |TAMS 0x0000000087d00000, 0x0000000087d00000| Untracked 
| 126|0x0000000087e00000, 0x0000000087e00000, 0x0000000087f00000|  0%| F|  |TAMS 0x0000000087e00000, 0x0000000087e00000| Untracked 
| 127|0x0000000087f00000, 0x0000000087f00000, 0x0000000088000000|  0%| F|  |TAMS 0x0000000087f00000, 0x0000000087f00000| Untracked 
| 128|0x0000000088000000, 0x0000000088000000, 0x0000000088100000|  0%| F|  |TAMS 0x0000000088000000, 0x0000000088000000| Untracked 
| 129|0x0000000088100000, 0x0000000088100000, 0x0000000088200000|  0%| F|  |TAMS 0x0000000088100000, 0x0000000088100000| Untracked 
| 130|0x0000000088200000, 0x0000000088200000, 0x0000000088300000|  0%| F|  |TAMS 0x0000000088200000, 0x0000000088200000| Untracked 
| 131|0x0000000088300000, 0x0000000088300000, 0x0000000088400000|  0%| F|  |TAMS 0x0000000088300000, 0x0000000088300000| Untracked 
| 132|0x0000000088400000, 0x0000000088400000, 0x0000000088500000|  0%| F|  |TAMS 0x0000000088400000, 0x0000000088400000| Untracked 
| 133|0x0000000088500000, 0x0000000088500000, 0x0000000088600000|  0%| F|  |TAMS 0x0000000088500000, 0x0000000088500000| Untracked 
| 134|0x0000000088600000, 0x0000000088600000, 0x0000000088700000|  0%| F|  |TAMS 0x0000000088600000, 0x0000000088600000| Untracked 
| 135|0x0000000088700000, 0x0000000088700000, 0x0000000088800000|  0%| F|  |TAMS 0x0000000088700000, 0x0000000088700000| Untracked 
| 136|0x0000000088800000, 0x0000000088800000, 0x0000000088900000|  0%| F|  |TAMS 0x0000000088800000, 0x0000000088800000| Untracked 
| 137|0x0000000088900000, 0x0000000088900000, 0x0000000088a00000|  0%| F|  |TAMS 0x0000000088900000, 0x0000000088900000| Untracked 
| 138|0x0000000088a00000, 0x0000000088a00000, 0x0000000088b00000|  0%| F|  |TAMS 0x0000000088a00000, 0x0000000088a00000| Untracked 
| 139|0x0000000088b00000, 0x0000000088b00000, 0x0000000088c00000|  0%| F|  |TAMS 0x0000000088b00000, 0x0000000088b00000| Untracked 
| 140|0x0000000088c00000, 0x0000000088c00000, 0x0000000088d00000|  0%| F|  |TAMS 0x0000000088c00000, 0x0000000088c00000| Untracked 
| 141|0x0000000088d00000, 0x0000000088d00000, 0x0000000088e00000|  0%| F|  |TAMS 0x0000000088d00000, 0x0000000088d00000| Untracked 
| 142|0x0000000088e00000, 0x0000000088e00000, 0x0000000088f00000|  0%| F|  |TAMS 0x0000000088e00000, 0x0000000088e00000| Untracked 
| 143|0x0000000088f00000, 0x0000000088f00000, 0x0000000089000000|  0%| F|  |TAMS 0x0000000088f00000, 0x0000000088f00000| Untracked 
| 144|0x0000000089000000, 0x0000000089000000, 0x0000000089100000|  0%| F|  |TAMS 0x0000000089000000, 0x0000000089000000| Untracked 
| 145|0x0000000089100000, 0x0000000089100000, 0x0000000089200000|  0%| F|  |TAMS 0x0000000089100000, 0x0000000089100000| Untracked 
| 146|0x0000000089200000, 0x0000000089200000, 0x0000000089300000|  0%| F|  |TAMS 0x0000000089200000, 0x0000000089200000| Untracked 
| 147|0x0000000089300000, 0x0000000089300000, 0x0000000089400000|  0%| F|  |TAMS 0x0000000089300000, 0x0000000089300000| Untracked 
| 148|0x0000000089400000, 0x0000000089400000, 0x0000000089500000|  0%| F|  |TAMS 0x0000000089400000, 0x0000000089400000| Untracked 
| 149|0x0000000089500000, 0x0000000089500000, 0x0000000089600000|  0%| F|  |TAMS 0x0000000089500000, 0x0000000089500000| Untracked 
| 150|0x0000000089600000, 0x0000000089600000, 0x0000000089700000|  0%| F|  |TAMS 0x0000000089600000, 0x0000000089600000| Untracked 
| 151|0x0000000089700000, 0x0000000089700000, 0x0000000089800000|  0%| F|  |TAMS 0x0000000089700000, 0x0000000089700000| Untracked 
| 152|0x0000000089800000, 0x0000000089800000, 0x0000000089900000|  0%| F|  |TAMS 0x0000000089800000, 0x0000000089800000| Untracked 
| 153|0x0000000089900000, 0x0000000089900000, 0x0000000089a00000|  0%| F|  |TAMS 0x0000000089900000, 0x0000000089900000| Untracked 
| 154|0x0000000089a00000, 0x0000000089a00000, 0x0000000089b00000|  0%| F|  |TAMS 0x0000000089a00000, 0x0000000089a00000| Untracked 
| 155|0x0000000089b00000, 0x0000000089b00000, 0x0000000089c00000|  0%| F|  |TAMS 0x0000000089b00000, 0x0000000089b00000| Untracked 
| 156|0x0000000089c00000, 0x0000000089c00000, 0x0000000089d00000|  0%| F|  |TAMS 0x0000000089c00000, 0x0000000089c00000| Untracked 
| 157|0x0000000089d00000, 0x0000000089d989a0, 0x0000000089e00000| 59%| S|CS|TAMS 0x0000000089d00000, 0x0000000089d00000| Complete 
| 158|0x0000000089e00000, 0x0000000089f00000, 0x0000000089f00000|100%| S|CS|TAMS 0x0000000089e00000, 0x0000000089e00000| Complete 
| 159|0x0000000089f00000, 0x000000008a000000, 0x000000008a000000|100%| S|CS|TAMS 0x0000000089f00000, 0x0000000089f00000| Complete 
| 160|0x000000008a000000, 0x000000008a100000, 0x000000008a100000|100%| S|CS|TAMS 0x000000008a000000, 0x000000008a000000| Complete 
| 161|0x000000008a100000, 0x000000008a200000, 0x000000008a200000|100%| S|CS|TAMS 0x000000008a100000, 0x000000008a100000| Complete 
| 162|0x000000008a200000, 0x000000008a200000, 0x000000008a300000|  0%| F|  |TAMS 0x000000008a200000, 0x000000008a200000| Untracked 
| 163|0x000000008a300000, 0x000000008a300000, 0x000000008a400000|  0%| F|  |TAMS 0x000000008a300000, 0x000000008a300000| Untracked 
| 164|0x000000008a400000, 0x000000008a400000, 0x000000008a500000|  0%| F|  |TAMS 0x000000008a400000, 0x000000008a400000| Untracked 
| 165|0x000000008a500000, 0x000000008a500000, 0x000000008a600000|  0%| F|  |TAMS 0x000000008a500000, 0x000000008a500000| Untracked 
| 166|0x000000008a600000, 0x000000008a600000, 0x000000008a700000|  0%| F|  |TAMS 0x000000008a600000, 0x000000008a600000| Untracked 
| 167|0x000000008a700000, 0x000000008a700000, 0x000000008a800000|  0%| F|  |TAMS 0x000000008a700000, 0x000000008a700000| Untracked 
| 168|0x000000008a800000, 0x000000008a800000, 0x000000008a900000|  0%| F|  |TAMS 0x000000008a800000, 0x000000008a800000| Untracked 
| 169|0x000000008a900000, 0x000000008a900000, 0x000000008aa00000|  0%| F|  |TAMS 0x000000008a900000, 0x000000008a900000| Untracked 
| 170|0x000000008aa00000, 0x000000008aa00000, 0x000000008ab00000|  0%| F|  |TAMS 0x000000008aa00000, 0x000000008aa00000| Untracked 
| 171|0x000000008ab00000, 0x000000008ab00000, 0x000000008ac00000|  0%| F|  |TAMS 0x000000008ab00000, 0x000000008ab00000| Untracked 
| 172|0x000000008ac00000, 0x000000008ac00000, 0x000000008ad00000|  0%| F|  |TAMS 0x000000008ac00000, 0x000000008ac00000| Untracked 
| 173|0x000000008ad00000, 0x000000008ad00000, 0x000000008ae00000|  0%| F|  |TAMS 0x000000008ad00000, 0x000000008ad00000| Untracked 
| 174|0x000000008ae00000, 0x000000008ae00000, 0x000000008af00000|  0%| F|  |TAMS 0x000000008ae00000, 0x000000008ae00000| Untracked 
| 175|0x000000008af00000, 0x000000008af00000, 0x000000008b000000|  0%| F|  |TAMS 0x000000008af00000, 0x000000008af00000| Untracked 
| 176|0x000000008b000000, 0x000000008b000000, 0x000000008b100000|  0%| F|  |TAMS 0x000000008b000000, 0x000000008b000000| Untracked 
| 177|0x000000008b100000, 0x000000008b100000, 0x000000008b200000|  0%| F|  |TAMS 0x000000008b100000, 0x000000008b100000| Untracked 
| 178|0x000000008b200000, 0x000000008b200000, 0x000000008b300000|  0%| F|  |TAMS 0x000000008b200000, 0x000000008b200000| Untracked 
| 179|0x000000008b300000, 0x000000008b300000, 0x000000008b400000|  0%| F|  |TAMS 0x000000008b300000, 0x000000008b300000| Untracked 
| 180|0x000000008b400000, 0x000000008b400000, 0x000000008b500000|  0%| F|  |TAMS 0x000000008b400000, 0x000000008b400000| Untracked 
| 181|0x000000008b500000, 0x000000008b500000, 0x000000008b600000|  0%| F|  |TAMS 0x000000008b500000, 0x000000008b500000| Untracked 
| 182|0x000000008b600000, 0x000000008b600000, 0x000000008b700000|  0%| F|  |TAMS 0x000000008b600000, 0x000000008b600000| Untracked 
| 183|0x000000008b700000, 0x000000008b700000, 0x000000008b800000|  0%| F|  |TAMS 0x000000008b700000, 0x000000008b700000| Untracked 
| 184|0x000000008b800000, 0x000000008b800000, 0x000000008b900000|  0%| F|  |TAMS 0x000000008b800000, 0x000000008b800000| Untracked 
| 185|0x000000008b900000, 0x000000008b903e68, 0x000000008ba00000|  1%| E|  |TAMS 0x000000008b900000, 0x000000008b900000| Complete 
| 186|0x000000008ba00000, 0x000000008bb00000, 0x000000008bb00000|100%| E|CS|TAMS 0x000000008ba00000, 0x000000008ba00000| Complete 

Card table byte_map: [0x00000265d0a70000,0x00000265d0e70000] _byte_map_base: 0x00000265d0670000

Marking Bits (Prev, Next): (CMBitMap*) 0x00000265b9b4ac30, (CMBitMap*) 0x00000265b9b4abf0
 Prev Bits: [0x00000265d3270000, 0x00000265d5270000)
 Next Bits: [0x00000265d1270000, 0x00000265d3270000)

Polling page: 0x00000265b7c10000

Metaspace:

Usage:
  Non-class:     65.80 MB used.
      Class:     10.40 MB used.
       Both:     76.20 MB used.

Virtual space:
  Non-class space:      128.00 MB reserved,      66.31 MB ( 52%) committed,  2 nodes.
      Class space:      416.00 MB reserved,      10.75 MB (  3%) committed,  1 nodes.
             Both:      544.00 MB reserved,      77.06 MB ( 14%) committed. 

Chunk freelists:
   Non-Class:  13.56 MB
       Class:  5.26 MB
        Both:  18.82 MB

MaxMetaspaceSize: 512.00 MB
CompressedClassSpaceSize: 416.00 MB
Initial GC threshold: 21.00 MB
Current GC threshold: 113.25 MB
CDS: on
MetaspaceReclaimPolicy: balanced
 - commit_granule_bytes: 65536.
 - commit_granule_words: 8192.
 - virtual_space_node_default_size: 8388608.
 - enlarge_chunks_in_place: 1.
 - new_chunks_are_fully_committed: 0.
 - uncommit_free_chunks: 1.
 - use_allocation_guard: 0.
 - handle_deallocations: 1.


Internal statistics:

num_allocs_failed_limit: 3.
num_arena_births: 1038.
num_arena_deaths: 0.
num_vsnodes_births: 3.
num_vsnodes_deaths: 0.
num_space_committed: 1233.
num_space_uncommitted: 0.
num_chunks_returned_to_freelist: 3.
num_chunks_taken_from_freelist: 4364.
num_chunk_merges: 3.
num_chunk_splits: 2867.
num_chunks_enlarged: 1892.
num_inconsistent_stats: 0.

CodeHeap 'non-profiled nmethods': size=120000Kb used=7006Kb max_used=7006Kb free=112994Kb
 bounds [0x00000265c9140000, 0x00000265c9820000, 0x00000265d0670000]
CodeHeap 'profiled nmethods': size=120000Kb used=19669Kb max_used=19669Kb free=100330Kb
 bounds [0x00000265c1670000, 0x00000265c29b0000, 0x00000265c8ba0000]
CodeHeap 'non-nmethods': size=5760Kb used=2379Kb max_used=2431Kb free=3380Kb
 bounds [0x00000265c8ba0000, 0x00000265c8e10000, 0x00000265c9140000]
 total_blobs=10819 nmethods=9909 adapters=822
 compilation: enabled
              stopped_count=0, restarted_count=0
 full_count=0

Compilation events (20 events):
Event: 227.511 Thread 0x00000265d772d080 11466       2       java.util.ComparableTimSort::binarySort (223 bytes)
Event: 227.512 Thread 0x00000265d772d080 nmethod 11466 0x00000265c299e890 code [0x00000265c299ea80, 0x00000265c299f158]
Event: 227.626 Thread 0x00000265d772d080 11467       3       java.util.zip.ZipFile$Source$Key::hashCode (46 bytes)
Event: 227.627 Thread 0x00000265d772d080 nmethod 11467 0x00000265c299f410 code [0x00000265c299f600, 0x00000265c299fb18]
Event: 227.674 Thread 0x00000265d7724ee0 nmethod 11453 0x00000265c9814290 code [0x00000265c9814520, 0x00000265c9816ab0]
Event: 227.674 Thread 0x00000265d7724ee0 11463       4       java.lang.Class::privateGetPublicMethods (224 bytes)
Event: 227.676 Thread 0x00000265d772d080 11468       2       java.lang.Exception::<init> (7 bytes)
Event: 227.676 Thread 0x00000265d772d080 nmethod 11468 0x00000265c299fd10 code [0x00000265c299fec0, 0x00000265c299ffe8]
Event: 227.679 Thread 0x00000265d772d080 11469       2       java.lang.Throwable::<init> (39 bytes)
Event: 227.682 Thread 0x00000265d772d080 nmethod 11469 0x00000265c29a0090 code [0x00000265c29a0260, 0x00000265c29a05a8]
Event: 227.923 Thread 0x00000265d772d080 11470       3       jdk.internal.loader.FileURLMapper::exists (19 bytes)
Event: 227.924 Thread 0x00000265d772d080 nmethod 11470 0x00000265c29a0690 code [0x00000265c29a08a0, 0x00000265c29a0f48]
Event: 227.999 Thread 0x00000265d772d080 11471       3       jdk.internal.perf.PerfCounter::getZipFileOpenTime (4 bytes)
Event: 227.999 Thread 0x00000265d772d080 nmethod 11471 0x00000265c29a1190 code [0x00000265c29a1320, 0x00000265c29a1418]
Event: 227.999 Thread 0x00000265d772d080 11472       3       jdk.internal.perf.PerfCounter::getZipFileCount (4 bytes)
Event: 227.999 Thread 0x00000265d772d080 nmethod 11472 0x00000265c29a1490 code [0x00000265c29a1620, 0x00000265c29a1718]
Event: 228.000 Thread 0x00000265d772d080 11473       3       java.util.zip.ZipFile::<init> (144 bytes)
Event: 228.004 Thread 0x00000265d772d080 nmethod 11473 0x00000265c29a1790 code [0x00000265c29a1ae0, 0x00000265c29a2df8]
Event: 228.004 Thread 0x00000265d772d080 11474   !   3       java.util.zip.ZipFile$Source::get (190 bytes)
Event: 228.007 Thread 0x00000265d772d080 nmethod 11474 0x00000265c29a3510 code [0x00000265c29a3820, 0x00000265c29a4dd8]

GC Heap History (20 events):
Event: 178.476 GC heap before
{Heap before GC invocations=70 (full 0):
 garbage-first heap   total 96256K, used 88721K [0x0000000080000000, 0x0000000100000000)
  region size 1024K, 4 young (4096K), 1 survivors (1024K)
 Metaspace       used 61114K, committed 61888K, reserved 491520K
  class space    used 8220K, committed 8576K, reserved 425984K
}
Event: 178.483 GC heap after
{Heap after GC invocations=71 (full 0):
 garbage-first heap   total 191488K, used 85663K [0x0000000080000000, 0x0000000100000000)
  region size 1024K, 1 young (1024K), 1 survivors (1024K)
 Metaspace       used 61114K, committed 61888K, reserved 491520K
  class space    used 8220K, committed 8576K, reserved 425984K
}
Event: 182.028 GC heap before
{Heap before GC invocations=72 (full 0):
 garbage-first heap   total 191488K, used 123551K [0x0000000080000000, 0x0000000100000000)
  region size 1024K, 41 young (41984K), 1 survivors (1024K)
 Metaspace       used 64031K, committed 64768K, reserved 491520K
  class space    used 8613K, committed 8960K, reserved 425984K
}
Event: 182.039 GC heap after
{Heap after GC invocations=73 (full 0):
 garbage-first heap   total 191488K, used 84843K [0x0000000080000000, 0x0000000100000000)
  region size 1024K, 3 young (3072K), 3 survivors (3072K)
 Metaspace       used 64031K, committed 64768K, reserved 491520K
  class space    used 8613K, committed 8960K, reserved 425984K
}
Event: 182.440 GC heap before
{Heap before GC invocations=73 (full 0):
 garbage-first heap   total 191488K, used 90987K [0x0000000080000000, 0x0000000100000000)
  region size 1024K, 9 young (9216K), 3 survivors (3072K)
 Metaspace       used 64546K, committed 65216K, reserved 491520K
  class space    used 8654K, committed 8960K, reserved 425984K
}
Event: 182.448 GC heap after
{Heap after GC invocations=74 (full 0):
 garbage-first heap   total 191488K, used 83512K [0x0000000080000000, 0x0000000100000000)
  region size 1024K, 1 young (1024K), 1 survivors (1024K)
 Metaspace       used 64546K, committed 65216K, reserved 491520K
  class space    used 8654K, committed 8960K, reserved 425984K
}
Event: 185.418 GC heap before
{Heap before GC invocations=74 (full 0):
 garbage-first heap   total 191488K, used 142904K [0x0000000080000000, 0x0000000100000000)
  region size 1024K, 59 young (60416K), 1 survivors (1024K)
 Metaspace       used 65784K, committed 66560K, reserved 491520K
  class space    used 8831K, committed 9152K, reserved 425984K
}
Event: 185.434 GC heap after
{Heap after GC invocations=75 (full 0):
 garbage-first heap   total 191488K, used 87875K [0x0000000080000000, 0x0000000100000000)
  region size 1024K, 5 young (5120K), 5 survivors (5120K)
 Metaspace       used 65784K, committed 66560K, reserved 491520K
  class space    used 8831K, committed 9152K, reserved 425984K
}
Event: 187.554 GC heap before
{Heap before GC invocations=75 (full 0):
 garbage-first heap   total 191488K, used 118595K [0x0000000080000000, 0x0000000100000000)
  region size 1024K, 36 young (36864K), 5 survivors (5120K)
 Metaspace       used 68302K, committed 69120K, reserved 491520K
  class space    used 9170K, committed 9536K, reserved 425984K
}
Event: 187.572 GC heap after
{Heap after GC invocations=76 (full 0):
 garbage-first heap   total 191488K, used 89649K [0x0000000080000000, 0x0000000100000000)
  region size 1024K, 2 young (2048K), 2 survivors (2048K)
 Metaspace       used 68302K, committed 69120K, reserved 491520K
  class space    used 9170K, committed 9536K, reserved 425984K
}
Event: 201.299 GC heap before
{Heap before GC invocations=77 (full 0):
 garbage-first heap   total 191488K, used 149041K [0x0000000080000000, 0x0000000100000000)
  region size 1024K, 59 young (60416K), 2 survivors (2048K)
 Metaspace       used 72687K, committed 73408K, reserved 491520K
  class space    used 9900K, committed 10240K, reserved 425984K
}
Event: 201.320 GC heap after
{Heap after GC invocations=78 (full 0):
 garbage-first heap   total 191488K, used 90958K [0x0000000080000000, 0x0000000100000000)
  region size 1024K, 3 young (3072K), 3 survivors (3072K)
 Metaspace       used 72687K, committed 73408K, reserved 491520K
  class space    used 9900K, committed 10240K, reserved 425984K
}
Event: 201.827 GC heap before
{Heap before GC invocations=78 (full 0):
 garbage-first heap   total 191488K, used 97102K [0x0000000080000000, 0x0000000100000000)
  region size 1024K, 9 young (9216K), 3 survivors (3072K)
 Metaspace       used 73188K, committed 73920K, reserved 491520K
  class space    used 9965K, committed 10304K, reserved 425984K
}
Event: 201.845 GC heap after
{Heap after GC invocations=79 (full 0):
 garbage-first heap   total 191488K, used 89757K [0x0000000080000000, 0x0000000100000000)
  region size 1024K, 1 young (1024K), 1 survivors (1024K)
 Metaspace       used 73188K, committed 73920K, reserved 491520K
  class space    used 9965K, committed 10304K, reserved 425984K
}
Event: 212.414 GC heap before
{Heap before GC invocations=79 (full 0):
 garbage-first heap   total 191488K, used 150173K [0x0000000080000000, 0x0000000100000000)
  region size 1024K, 61 young (62464K), 1 survivors (1024K)
 Metaspace       used 76966K, committed 77760K, reserved 557056K
  class space    used 10468K, committed 10816K, reserved 425984K
}
Event: 212.431 GC heap after
{Heap after GC invocations=80 (full 0):
 garbage-first heap   total 191488K, used 94340K [0x0000000080000000, 0x0000000100000000)
  region size 1024K, 6 young (6144K), 6 survivors (6144K)
 Metaspace       used 76966K, committed 77760K, reserved 557056K
  class space    used 10468K, committed 10816K, reserved 425984K
}
Event: 226.500 GC heap before
{Heap before GC invocations=80 (full 0):
 garbage-first heap   total 191488K, used 151684K [0x0000000080000000, 0x0000000100000000)
  region size 1024K, 63 young (64512K), 6 survivors (6144K)
 Metaspace       used 77994K, committed 78848K, reserved 557056K
  class space    used 10648K, committed 11008K, reserved 425984K
}
Event: 226.556 GC heap after
{Heap after GC invocations=81 (full 0):
 garbage-first heap   total 191488K, used 97407K [0x0000000080000000, 0x0000000100000000)
  region size 1024K, 3 young (3072K), 3 survivors (3072K)
 Metaspace       used 77994K, committed 78848K, reserved 557056K
  class space    used 10648K, committed 11008K, reserved 425984K
}
Event: 227.804 GC heap before
{Heap before GC invocations=81 (full 0):
 garbage-first heap   total 191488K, used 121983K [0x0000000080000000, 0x0000000100000000)
  region size 1024K, 28 young (28672K), 3 survivors (3072K)
 Metaspace       used 78032K, committed 78912K, reserved 557056K
  class space    used 10651K, committed 11008K, reserved 425984K
}
Event: 227.846 GC heap after
{Heap after GC invocations=82 (full 0):
 garbage-first heap   total 191488K, used 99041K [0x0000000080000000, 0x0000000100000000)
  region size 1024K, 5 young (5120K), 5 survivors (5120K)
 Metaspace       used 78032K, committed 78912K, reserved 557056K
  class space    used 10651K, committed 11008K, reserved 425984K
}

Dll operation events (15 events):
Event: 0.655 Loaded shared library C:\Program Files\Eclipse Adoptium\jdk-17.0.19.10-hotspot\bin\java.dll
Event: 0.941 Loaded shared library C:\Program Files\Eclipse Adoptium\jdk-17.0.19.10-hotspot\bin\jsvml.dll
Event: 3.774 Loaded shared library C:\Program Files\Eclipse Adoptium\jdk-17.0.19.10-hotspot\bin\zip.dll
Event: 3.837 Loaded shared library C:\Program Files\Eclipse Adoptium\jdk-17.0.19.10-hotspot\bin\instrument.dll
Event: 4.185 Loaded shared library C:\Program Files\Eclipse Adoptium\jdk-17.0.19.10-hotspot\bin\net.dll
Event: 4.637 Loaded shared library C:\Program Files\Eclipse Adoptium\jdk-17.0.19.10-hotspot\bin\nio.dll
Event: 5.324 Loaded shared library C:\Program Files\Eclipse Adoptium\jdk-17.0.19.10-hotspot\bin\zip.dll
Event: 38.573 Loaded shared library C:\Program Files\Eclipse Adoptium\jdk-17.0.19.10-hotspot\bin\jimage.dll
Event: 42.880 Loaded shared library C:\Program Files\Eclipse Adoptium\jdk-17.0.19.10-hotspot\bin\verify.dll
Event: 44.086 Loaded shared library C:\Users\HP\.gradle\native\1def1411415f61bf3af743bc5b6707747c0891f09f0c88961ee8f79bc544acac\windows-amd64\native-platform.dll
Event: 44.161 Loaded shared library C:\Users\HP\.gradle\native\0.2.7\x86_64-windows-gnu\gradle-fileevents.dll
Event: 56.245 Loaded shared library C:\Program Files\Eclipse Adoptium\jdk-17.0.19.10-hotspot\bin\management.dll
Event: 56.478 Loaded shared library C:\Program Files\Eclipse Adoptium\jdk-17.0.19.10-hotspot\bin\management_ext.dll
Event: 62.564 Loaded shared library C:\Program Files\Eclipse Adoptium\jdk-17.0.19.10-hotspot\bin\extnet.dll
Event: 68.106 Loaded shared library C:\Program Files\Eclipse Adoptium\jdk-17.0.19.10-hotspot\bin\sunmscapi.dll

Deoptimization events (20 events):
Event: 224.693 Thread 0x00000265fa530420 DEOPT PACKING pc=0x00000265c97e27bc sp=0x000000ab909fd750
Event: 224.693 Thread 0x00000265fa530420 DEOPT UNPACKING pc=0x00000265c8bf69a3 sp=0x000000ab909fd628 mode 2
Event: 225.595 Thread 0x00000265fa530930 Uncommon trap: trap_request=0xffffffd6 fr.pc=0x00000265c97f0860 relative=0x00000000000029c0
Event: 225.595 Thread 0x00000265fa530930 Uncommon trap: reason=array_check action=maybe_recompile pc=0x00000265c97f0860 method=java.util.TimSort.reverseRange([Ljava/lang/Object;II)V @ 27 c2
Event: 225.596 Thread 0x00000265fa530930 DEOPT PACKING pc=0x00000265c97f0860 sp=0x000000ab908fd720
Event: 225.596 Thread 0x00000265fa530930 DEOPT UNPACKING pc=0x00000265c8bf69a3 sp=0x000000ab908fd5f8 mode 2
Event: 225.596 Thread 0x00000265fa530930 Uncommon trap: trap_request=0xffffffd6 fr.pc=0x00000265c97f0860 relative=0x00000000000029c0
Event: 225.596 Thread 0x00000265fa530930 Uncommon trap: reason=array_check action=maybe_recompile pc=0x00000265c97f0860 method=java.util.TimSort.reverseRange([Ljava/lang/Object;II)V @ 27 c2
Event: 225.596 Thread 0x00000265fa530930 DEOPT PACKING pc=0x00000265c97f0860 sp=0x000000ab908fd720
Event: 225.596 Thread 0x00000265fa530930 DEOPT UNPACKING pc=0x00000265c8bf69a3 sp=0x000000ab908fd5f8 mode 2
Event: 227.355 Thread 0x00000265f7981e00 DEOPT PACKING pc=0x00000265c1684fab sp=0x000000ab8e2f8380
Event: 227.357 Thread 0x00000265f7981e00 DEOPT UNPACKING pc=0x00000265c8bf7143 sp=0x000000ab8e2f78b8 mode 0
Event: 227.373 Thread 0x00000265f7981e00 Uncommon trap: trap_request=0xffffffd6 fr.pc=0x00000265c97feb94 relative=0x00000000000023f4
Event: 227.373 Thread 0x00000265f7981e00 Uncommon trap: reason=array_check action=maybe_recompile pc=0x00000265c97feb94 method=java.util.TimSort.binarySort([Ljava/lang/Object;IIILjava/util/Comparator;)V @ 215 c2
Event: 227.373 Thread 0x00000265f7981e00 DEOPT PACKING pc=0x00000265c97feb94 sp=0x000000ab8e2f8360
Event: 227.373 Thread 0x00000265f7981e00 DEOPT UNPACKING pc=0x00000265c8bf69a3 sp=0x000000ab8e2f8290 mode 2
Event: 227.399 Thread 0x00000265f7981e00 Uncommon trap: trap_request=0xffffffd6 fr.pc=0x00000265c97feb94 relative=0x00000000000023f4
Event: 227.399 Thread 0x00000265f7981e00 Uncommon trap: reason=array_check action=maybe_recompile pc=0x00000265c97feb94 method=java.util.TimSort.binarySort([Ljava/lang/Object;IIILjava/util/Comparator;)V @ 215 c2
Event: 227.399 Thread 0x00000265f7981e00 DEOPT PACKING pc=0x00000265c97feb94 sp=0x000000ab8e2f82f0
Event: 227.399 Thread 0x00000265f7981e00 DEOPT UNPACKING pc=0x00000265c8bf69a3 sp=0x000000ab8e2f8220 mode 2

Classes loaded (20 events):
Event: 184.689 Loading class java/lang/EnumCustomizer
Event: 184.689 Loading class java/lang/EnumCustomizer done
Event: 187.455 Loading class java/util/concurrent/atomic/AtomicIntegerArray
Event: 187.459 Loading class java/util/concurrent/atomic/AtomicIntegerArray done
Event: 187.468 Loading class java/util/Currency
Event: 187.471 Loading class java/util/Currency done
Event: 187.484 Loading class java/util/concurrent/atomic/AtomicLongArray
Event: 187.484 Loading class java/util/concurrent/atomic/AtomicLongArray done
Event: 187.642 Loading class sun/reflect/generics/repository/FieldRepository
Event: 187.655 Loading class sun/reflect/generics/repository/FieldRepository done
Event: 187.756 Loading class jdk/internal/vm/annotation/ForceInline
Event: 187.760 Loading class jdk/internal/vm/annotation/ForceInline done
Event: 188.171 Loading class java/util/regex/Pattern$Caret
Event: 188.173 Loading class java/util/regex/Pattern$Caret done
Event: 208.595 Loading class java/lang/StackTraceElement$HashedModules
Event: 208.598 Loading class java/lang/StackTraceElement$HashedModules done
Event: 209.022 Loading class java/io/CharArrayReader
Event: 209.024 Loading class java/io/CharArrayReader done
Event: 210.848 Loading class java/io/LineNumberReader
Event: 210.913 Loading class java/io/LineNumberReader done

Classes unloaded (0 events):
No events

Classes redefined (0 events):
No events

Internal exceptions (20 events):
Event: 210.976 Thread 0x00000265f7981e00 Exception <a 'java/lang/ClassNotFoundException'{0x0000000088836a78}: org/gradle/internal/logging/slf4j/BuildOperationAwareLoggerBeanInfo> (0x0000000088836a78) 
thrown [s\src\hotspot\share\classfile\systemDictionary.cpp, line 256]
Event: 210.984 Thread 0x00000265f7981e00 Exception <a 'java/lang/ClassNotFoundException'{0x000000008884a600}: org/gradle/internal/logging/slf4j/BuildOperationAwareLoggerCustomizer> (0x000000008884a600) 
thrown [s\src\hotspot\share\classfile\systemDictionary.cpp, line 256]
Event: 210.992 Thread 0x00000265f7981e00 Exception <a 'java/lang/ClassNotFoundException'{0x000000008888fe00}: org/gradle/internal/logging/slf4j/OutputEventListenerBackedLoggerCustomizer> (0x000000008888fe00) 
thrown [s\src\hotspot\share\classfile\systemDictionary.cpp, line 256]
Event: 211.427 Thread 0x00000265f7981e00 Exception <a 'java/lang/NoClassDefFoundError'{0x00000000887aef28}: org/jetbrains/kotlin/gradle/plugin/KotlinBaseApiPlugin> (0x00000000887aef28) 
thrown [s\src\hotspot\share\oops\constantPool.cpp, line 837]
Event: 211.624 Thread 0x00000265f7981e00 Exception <a 'java/lang/NoClassDefFoundError'{0x00000000885fddf8}: org/jetbrains/kotlin/gradle/plugin/KotlinBasePluginWrapper> (0x00000000885fddf8) 
thrown [s\src\hotspot\share\oops\constantPool.cpp, line 837]
Event: 211.854 Thread 0x00000265f7981e00 Exception <a 'java/lang/NoClassDefFoundError'{0x00000000881133e0}: org/jetbrains/kotlin/gradle/plugin/KotlinBasePluginWrapper> (0x00000000881133e0) 
thrown [s\src\hotspot\share\oops\constantPool.cpp, line 837]
Event: 211.881 Thread 0x00000265f7981e00 Exception <a 'java/lang/NoClassDefFoundError'{0x000000008814cb28}: org/jetbrains/kotlin/gradle/plugin/KotlinBasePluginWrapper> (0x000000008814cb28) 
thrown [s\src\hotspot\share\oops\constantPool.cpp, line 837]
Event: 211.956 Thread 0x00000265f7981e00 Exception <a 'java/lang/NoClassDefFoundError'{0x0000000088097748}: org/jetbrains/kotlin/gradle/plugin/KotlinBasePluginWrapper> (0x0000000088097748) 
thrown [s\src\hotspot\share\oops\constantPool.cpp, line 837]
Event: 212.110 Thread 0x00000265f7981e00 Exception <a 'java/lang/NoClassDefFoundError'{0x00000000880b7770}: org/jetbrains/kotlin/gradle/plugin/KotlinBasePluginWrapper> (0x00000000880b7770) 
thrown [s\src\hotspot\share\oops\constantPool.cpp, line 837]
Event: 215.456 Thread 0x00000265f7981e00 Exception <a 'java/lang/NoClassDefFoundError'{0x000000008ada8230}: org/jetbrains/kotlin/gradle/plugin/KotlinBasePluginWrapper> (0x000000008ada8230) 
thrown [s\src\hotspot\share\oops\constantPool.cpp, line 837]
Event: 220.862 Thread 0x00000265f7981e00 Exception <a 'java/lang/ClassNotFoundException'{0x000000008ab69388}: build_6jl7wy0nr7nptqc90xgrdss9xBeanInfo> (0x000000008ab69388) 
thrown [s\src\hotspot\share\classfile\systemDictionary.cpp, line 256]
Event: 220.863 Thread 0x00000265f7981e00 Exception <a 'java/lang/ClassNotFoundException'{0x000000008ab71658}: build_6jl7wy0nr7nptqc90xgrdss9xCustomizer> (0x000000008ab71658) 
thrown [s\src\hotspot\share\classfile\systemDictionary.cpp, line 256]
Event: 220.987 Thread 0x00000265f7981e00 Exception <a 'java/lang/ClassNotFoundException'{0x000000008aa1bb38}: org/gradle/api/internal/artifacts/repositories/DefaultMavenArtifactRepository_DecoratedBeanInfo> (0x000000008aa1bb38) 
thrown [s\src\hotspot\share\classfile\systemDictionary.cpp, line 256]
Event: 220.990 Thread 0x00000265f7981e00 Exception <a 'java/lang/ClassNotFoundException'{0x000000008aa35cc0}: org/gradle/api/internal/artifacts/repositories/DefaultMavenArtifactRepositoryBeanInfo> (0x000000008aa35cc0) 
thrown [s\src\hotspot\share\classfile\systemDictionary.cpp, line 256]
Event: 220.994 Thread 0x00000265f7981e00 Exception <a 'java/lang/ClassNotFoundException'{0x000000008aa50e50}: org/gradle/api/internal/artifacts/repositories/AbstractAuthenticationSupportedRepositoryBeanInfo> (0x000000008aa50e50) 
thrown [s\src\hotspot\share\classfile\systemDictionary.cpp, line 256]
Event: 220.998 Thread 0x00000265f7981e00 Exception <a 'java/lang/ClassNotFoundException'{0x000000008aa6d408}: org/gradle/api/internal/artifacts/repositories/AbstractAuthenticationSupportedRepositoryCustomizer> (0x000000008aa6d408) 
thrown [s\src\hotspot\share\classfile\systemDictionary.cpp, line 256]
Event: 221.009 Thread 0x00000265f7981e00 Exception <a 'java/lang/ClassNotFoundException'{0x000000008aa9c7d0}: org/gradle/api/internal/artifacts/repositories/DefaultMavenArtifactRepositoryCustomizer> (0x000000008aa9c7d0) 
thrown [s\src\hotspot\share\classfile\systemDictionary.cpp, line 256]
Event: 221.014 Thread 0x00000265f7981e00 Exception <a 'java/lang/ClassNotFoundException'{0x000000008aad0958}: org/gradle/api/internal/artifacts/repositories/DefaultMavenArtifactRepository_DecoratedCustomizer> (0x000000008aad0958) 
thrown [s\src\hotspot\share\classfile\systemDictionary.cpp, line 256]
Event: 227.442 Thread 0x00000265f7981e00 Exception <a 'java/lang/ClassNotFoundException'{0x000000008a875d68}: build_6jl7wy0nr7nptqc90xgrdss9xBeanInfo> (0x000000008a875d68) 
thrown [s\src\hotspot\share\classfile\systemDictionary.cpp, line 256]
Event: 227.443 Thread 0x00000265f7981e00 Exception <a 'java/lang/ClassNotFoundException'{0x000000008a87dfb0}: build_6jl7wy0nr7nptqc90xgrdss9xCustomizer> (0x000000008a87dfb0) 
thrown [s\src\hotspot\share\classfile\systemDictionary.cpp, line 256]

VM Operations (20 events):
Event: 215.555 Executing VM operation: Cleanup
Event: 215.556 Executing VM operation: Cleanup done
Event: 216.556 Executing VM operation: Cleanup
Event: 216.556 Executing VM operation: Cleanup done
Event: 221.595 Executing VM operation: Cleanup
Event: 221.596 Executing VM operation: Cleanup done
Event: 222.597 Executing VM operation: Cleanup
Event: 222.631 Executing VM operation: Cleanup done
Event: 223.643 Executing VM operation: Cleanup
Event: 223.644 Executing VM operation: Cleanup done
Event: 224.648 Executing VM operation: Cleanup
Event: 224.658 Executing VM operation: Cleanup done
Event: 225.660 Executing VM operation: Cleanup
Event: 225.660 Executing VM operation: Cleanup done
Event: 226.500 Executing VM operation: G1CollectForAllocation
Event: 226.556 Executing VM operation: G1CollectForAllocation done
Event: 227.560 Executing VM operation: Cleanup
Event: 227.560 Executing VM operation: Cleanup done
Event: 227.804 Executing VM operation: G1TryInitiateConcMark
Event: 227.847 Executing VM operation: G1TryInitiateConcMark done

Memory protections (0 events):
No events

Nmethod flushes (20 events):
Event: 177.411 Thread 0x00000265d778f3d0 flushing  nmethod 0x00000265c23ca290
Event: 177.411 Thread 0x00000265d778f3d0 flushing  nmethod 0x00000265c23ec710
Event: 177.411 Thread 0x00000265d778f3d0 flushing  nmethod 0x00000265c2406190
Event: 177.412 Thread 0x00000265d778f3d0 flushing  nmethod 0x00000265c243e010
Event: 177.412 Thread 0x00000265d778f3d0 flushing  nmethod 0x00000265c2444790
Event: 177.413 Thread 0x00000265d778f3d0 flushing  nmethod 0x00000265c2483690
Event: 177.413 Thread 0x00000265d778f3d0 flushing  nmethod 0x00000265c24c8910
Event: 177.415 Thread 0x00000265d778f3d0 flushing  nmethod 0x00000265c24ef490
Event: 177.415 Thread 0x00000265d778f3d0 flushing  nmethod 0x00000265c24fdd10
Event: 177.416 Thread 0x00000265d778f3d0 flushing  nmethod 0x00000265c252fe10
Event: 177.416 Thread 0x00000265d778f3d0 flushing  nmethod 0x00000265c2535210
Event: 177.416 Thread 0x00000265d778f3d0 flushing  nmethod 0x00000265c2535710
Event: 177.417 Thread 0x00000265d778f3d0 flushing  nmethod 0x00000265c254fe90
Event: 177.417 Thread 0x00000265d778f3d0 flushing  nmethod 0x00000265c25b1c10
Event: 177.419 Thread 0x00000265d778f3d0 flushing  nmethod 0x00000265c268c990
Event: 177.419 Thread 0x00000265d778f3d0 flushing  nmethod 0x00000265c26cf510
Event: 177.419 Thread 0x00000265d778f3d0 flushing  nmethod 0x00000265c26f0990
Event: 177.419 Thread 0x00000265d778f3d0 flushing  nmethod 0x00000265c270d110
Event: 177.419 Thread 0x00000265d778f3d0 flushing  nmethod 0x00000265c2723a90
Event: 211.996 Thread 0x00000265d778f3d0 flushing  nmethod 0x00000265c932af10

Events (20 events):
Event: 138.766 Thread 0x00000265f7981e00 Thread added: 0x00000265f8db4050
Event: 138.797 Thread 0x00000265f7981e00 Thread added: 0x00000265f8db08a0
Event: 141.473 Thread 0x00000265f7981e00 Thread added: 0x00000265f8db4560
Event: 141.484 Thread 0x00000265f7981e00 Thread added: 0x00000265f8db4a70
Event: 141.491 Thread 0x00000265f7981e00 Thread added: 0x00000265f8db4f80
Event: 143.188 Thread 0x00000265f79818f0 Thread added: 0x00000265f8db5490
Event: 150.351 Thread 0x00000265f7981e00 Thread added: 0x00000265fa52b830
Event: 150.351 Thread 0x00000265f7981e00 Thread added: 0x00000265fa52c760
Event: 150.351 Thread 0x00000265f7981e00 Thread added: 0x00000265fa52dba0
Event: 150.449 Thread 0x00000265f7981e00 Thread added: 0x00000265fa52e0b0
Event: 150.464 Thread 0x00000265f7981e00 Thread added: 0x00000265fa52e5c0
Event: 150.472 Thread 0x00000265f7981e00 Thread added: 0x00000265fa52ae10
Event: 152.787 Thread 0x00000265f7981e00 Thread added: 0x00000265fa52ead0
Event: 152.798 Thread 0x00000265f7981e00 Thread added: 0x00000265fa52b320
Event: 152.814 Thread 0x00000265f7981e00 Thread added: 0x00000265fa52d690
Event: 176.237 Thread 0x00000265f7981e00 Thread added: 0x00000265fa52d180
Event: 209.519 Thread 0x00000265f7981e00 Thread added: 0x00000265fa52fa00
Event: 222.706 Thread 0x00000265f7981e00 Thread added: 0x00000265fa52c250
Event: 222.712 Thread 0x00000265f7981e00 Thread added: 0x00000265fa530930
Event: 222.714 Thread 0x00000265f7981e00 Thread added: 0x00000265fa530420


Dynamic libraries:
0x00007ff7bfd00000 - 0x00007ff7bfd0e000 	C:\Program Files\Eclipse Adoptium\jdk-17.0.19.10-hotspot\bin\java.exe
0x00007ff8cf5a0000 - 0x00007ff8cf806000 	C:\WINDOWS\SYSTEM32\ntdll.dll
0x00007ff8cd6f0000 - 0x00007ff8cd7b9000 	C:\WINDOWS\System32\KERNEL32.DLL
0x00007ff8cc7c0000 - 0x00007ff8ccbc0000 	C:\WINDOWS\System32\KERNELBASE.dll
0x00007ff8cd040000 - 0x00007ff8cd18c000 	C:\WINDOWS\System32\ucrtbase.dll
0x00007ff8af7d0000 - 0x00007ff8af7e8000 	C:\Program Files\Eclipse Adoptium\jdk-17.0.19.10-hotspot\bin\jli.dll
0x00007ff8ce620000 - 0x00007ff8ce7e7000 	C:\WINDOWS\System32\USER32.dll
0x00007ff8cced0000 - 0x00007ff8ccef7000 	C:\WINDOWS\System32\win32u.dll
0x00007ff8cf430000 - 0x00007ff8cf45b000 	C:\WINDOWS\System32\GDI32.dll
0x00007ff8cd1a0000 - 0x00007ff8cd2c9000 	C:\WINDOWS\System32\gdi32full.dll
0x00007ff8ccf00000 - 0x00007ff8ccfa3000 	C:\WINDOWS\System32\msvcp_win.dll
0x00007ff8af410000 - 0x00007ff8af42e000 	C:\Program Files\Eclipse Adoptium\jdk-17.0.19.10-hotspot\bin\VCRUNTIME140.dll
0x00007ff8b7e90000 - 0x00007ff8b8122000 	C:\WINDOWS\WinSxS\amd64_microsoft.windows.common-controls_6595b64144ccf1df_6.0.26100.8737_none_3e092eaee333b772\COMCTL32.dll
0x00007ff8cda90000 - 0x00007ff8cdb39000 	C:\WINDOWS\System32\msvcrt.dll
0x00007ff8ce1a0000 - 0x00007ff8ce1d2000 	C:\WINDOWS\System32\IMM32.DLL
0x00007ff8b6520000 - 0x00007ff8b652c000 	C:\Program Files\Eclipse Adoptium\jdk-17.0.19.10-hotspot\bin\vcruntime140_1.dll
0x00007ff86ff30000 - 0x00007ff86ffbd000 	C:\Program Files\Eclipse Adoptium\jdk-17.0.19.10-hotspot\bin\msvcp140.dll
0x00007ff83f6d0000 - 0x00007ff84033c000 	C:\Program Files\Eclipse Adoptium\jdk-17.0.19.10-hotspot\bin\server\jvm.dll
0x00007ff8ce7f0000 - 0x00007ff8ce8a7000 	C:\WINDOWS\System32\ADVAPI32.dll
0x00007ff8cd9e0000 - 0x00007ff8cda8a000 	C:\WINDOWS\System32\sechost.dll
0x00007ff8ce1e0000 - 0x00007ff8ce2f8000 	C:\WINDOWS\System32\RPCRT4.dll
0x00007ff8cd2d0000 - 0x00007ff8cd350000 	C:\WINDOWS\System32\WS2_32.dll
0x00007ff8cc640000 - 0x00007ff8cc69e000 	C:\WINDOWS\SYSTEM32\POWRPROF.dll
0x00007ff8c5a80000 - 0x00007ff8c5ab6000 	C:\WINDOWS\SYSTEM32\WINMM.dll
0x00007ff8c5ac0000 - 0x00007ff8c5acb000 	C:\WINDOWS\SYSTEM32\VERSION.dll
0x00007ff8cc620000 - 0x00007ff8cc634000 	C:\WINDOWS\SYSTEM32\UMPDC.dll
0x00007ff8cb460000 - 0x00007ff8cb47b000 	C:\WINDOWS\SYSTEM32\kernel.appcore.dll
0x00007ff8b62c0000 - 0x00007ff8b62ca000 	C:\Program Files\Eclipse Adoptium\jdk-17.0.19.10-hotspot\bin\jimage.dll
0x00007ff8c1d90000 - 0x00007ff8c1fd2000 	C:\WINDOWS\SYSTEM32\DBGHELP.DLL
0x00007ff8cd360000 - 0x00007ff8cd6e3000 	C:\WINDOWS\System32\combase.dll
0x00007ff8ce410000 - 0x00007ff8ce4e9000 	C:\WINDOWS\System32\OLEAUT32.dll
0x00007ff8b0860000 - 0x00007ff8b089b000 	C:\WINDOWS\SYSTEM32\dbgcore.DLL
0x00007ff8cce10000 - 0x00007ff8ccebc000 	C:\WINDOWS\System32\bcryptPrimitives.dll
0x00007ff8b6280000 - 0x00007ff8b628e000 	C:\Program Files\Eclipse Adoptium\jdk-17.0.19.10-hotspot\bin\instrument.dll
0x00007ff8a93c0000 - 0x00007ff8a93e5000 	C:\Program Files\Eclipse Adoptium\jdk-17.0.19.10-hotspot\bin\java.dll
0x00007ff86e840000 - 0x00007ff86e917000 	C:\Program Files\Eclipse Adoptium\jdk-17.0.19.10-hotspot\bin\jsvml.dll
0x00007ff8ce8b0000 - 0x00007ff8cf042000 	C:\WINDOWS\System32\SHELL32.dll
0x00007ff8ca240000 - 0x00007ff8caad2000 	C:\WINDOWS\SYSTEM32\windows.storage.dll
0x00007ff8ce310000 - 0x00007ff8ce407000 	C:\WINDOWS\System32\SHCORE.dll
0x00007ff8ce5b0000 - 0x00007ff8ce617000 	C:\WINDOWS\System32\shlwapi.dll
0x00007ff8cc6e0000 - 0x00007ff8cc709000 	C:\WINDOWS\SYSTEM32\profapi.dll
0x00007ff8a40b0000 - 0x00007ff8a40c8000 	C:\Program Files\Eclipse Adoptium\jdk-17.0.19.10-hotspot\bin\zip.dll
0x00007ff8a2180000 - 0x00007ff8a219a000 	C:\Program Files\Eclipse Adoptium\jdk-17.0.19.10-hotspot\bin\net.dll
0x00007ff8c2290000 - 0x00007ff8c23b9000 	C:\WINDOWS\SYSTEM32\WINHTTP.dll
0x00007ff8cb9f0000 - 0x00007ff8cba5c000 	C:\WINDOWS\system32\mswsock.dll
0x00007ff8a1630000 - 0x00007ff8a1646000 	C:\Program Files\Eclipse Adoptium\jdk-17.0.19.10-hotspot\bin\nio.dll
0x00007ff8a1620000 - 0x00007ff8a1630000 	C:\Program Files\Eclipse Adoptium\jdk-17.0.19.10-hotspot\bin\verify.dll
0x00007ff871990000 - 0x00007ff8719b7000 	C:\Users\HP\.gradle\native\1def1411415f61bf3af743bc5b6707747c0891f09f0c88961ee8f79bc544acac\windows-amd64\native-platform.dll
0x00007ff86fe20000 - 0x00007ff86fe98000 	C:\Users\HP\.gradle\native\0.2.7\x86_64-windows-gnu\gradle-fileevents.dll
0x00007ff89e090000 - 0x00007ff89e09a000 	C:\Program Files\Eclipse Adoptium\jdk-17.0.19.10-hotspot\bin\management.dll
0x00007ff89e080000 - 0x00007ff89e08c000 	C:\Program Files\Eclipse Adoptium\jdk-17.0.19.10-hotspot\bin\management_ext.dll
0x00007ff8cd930000 - 0x00007ff8cd938000 	C:\WINDOWS\System32\PSAPI.DLL
0x00007ff8cae10000 - 0x00007ff8cae43000 	C:\WINDOWS\SYSTEM32\IPHLPAPI.DLL
0x00007ff8ce300000 - 0x00007ff8ce30a000 	C:\WINDOWS\System32\NSI.dll
0x00007ff8c3110000 - 0x00007ff8c312d000 	C:\WINDOWS\SYSTEM32\dhcpcsvc6.DLL
0x00007ff8c1a60000 - 0x00007ff8c1a85000 	C:\WINDOWS\SYSTEM32\dhcpcsvc.DLL
0x00007ff8caea0000 - 0x00007ff8caff5000 	C:\WINDOWS\SYSTEM32\DNSAPI.dll
0x00007ff8cb810000 - 0x00007ff8cb81d000 	C:\WINDOWS\SYSTEM32\DSPARSE.dll
0x00007ff89df70000 - 0x00007ff89df79000 	C:\Program Files\Eclipse Adoptium\jdk-17.0.19.10-hotspot\bin\extnet.dll
0x00007ff8cbe20000 - 0x00007ff8cbe3b000 	C:\WINDOWS\SYSTEM32\CRYPTSP.dll
0x00007ff8cb3c0000 - 0x00007ff8cb3f9000 	C:\WINDOWS\system32\rsaenh.dll
0x00007ff8cbab0000 - 0x00007ff8cbae2000 	C:\WINDOWS\SYSTEM32\USERENV.dll
0x00007ff8cc6b0000 - 0x00007ff8cc6da000 	C:\WINDOWS\SYSTEM32\bcrypt.dll
0x00007ff8cbc60000 - 0x00007ff8cbc6c000 	C:\WINDOWS\SYSTEM32\CRYPTBASE.dll
0x00007ff89df60000 - 0x00007ff89df6e000 	C:\Program Files\Eclipse Adoptium\jdk-17.0.19.10-hotspot\bin\sunmscapi.dll
0x00007ff8ccc90000 - 0x00007ff8cce08000 	C:\WINDOWS\System32\CRYPT32.dll
0x00007ff8cbf90000 - 0x00007ff8cbfc0000 	C:\WINDOWS\SYSTEM32\ncrypt.dll
0x00007ff8cbf40000 - 0x00007ff8cbf7f000 	C:\WINDOWS\SYSTEM32\NTASN1.dll
0x00007ff89d080000 - 0x00007ff89d088000 	C:\WINDOWS\system32\wshunix.dll

dbghelp: loaded successfully - version: 4.0.5 - missing functions: none
symbol engine: initialized successfully - sym options: 0x614 - pdb path: .;C:\Program Files\Eclipse Adoptium\jdk-17.0.19.10-hotspot\bin;C:\WINDOWS\SYSTEM32;C:\WINDOWS\WinSxS\amd64_microsoft.windows.common-controls_6595b64144ccf1df_6.0.26100.8737_none_3e092eaee333b772;C:\Program Files\Eclipse Adoptium\jdk-17.0.19.10-hotspot\bin\server;C:\Users\HP\.gradle\native\1def1411415f61bf3af743bc5b6707747c0891f09f0c88961ee8f79bc544acac\windows-amd64;C:\Users\HP\.gradle\native\0.2.7\x86_64-windows-gnu

VM Arguments:
jvm_args: --add-opens=java.base/java.lang=ALL-UNNAMED --add-opens=java.base/java.lang.invoke=ALL-UNNAMED --add-opens=java.base/java.util=ALL-UNNAMED --add-opens=java.prefs/java.util.prefs=ALL-UNNAMED --add-exports=jdk.compiler/com.sun.tools.javac.api=ALL-UNNAMED --add-exports=jdk.compiler/com.sun.tools.javac.util=ALL-UNNAMED --add-opens=java.base/java.util=ALL-UNNAMED --add-opens=java.prefs/java.util.prefs=ALL-UNNAMED --add-opens=java.base/java.nio.charset=ALL-UNNAMED --add-opens=java.base/java.net=ALL-UNNAMED --add-opens=java.base/java.util.concurrent.atomic=ALL-UNNAMED --add-opens=java.xml/javax.xml.namespace=ALL-UNNAMED -XX:MaxMetaspaceSize=512m -Xmx2048m -Dfile.encoding=UTF-8 -Duser.country=US -Duser.language=en -Duser.variant -javaagent:C:\Users\HP\.gradle\wrapper\dists\gradle-8.14.3-all\10utluxaxniiv4wxiphsi49nj\gradle-8.14.3\lib\agents\gradle-instrumentation-agent-8.14.3.jar 
java_command: org.gradle.launcher.daemon.bootstrap.GradleDaemon 8.14.3
java_class_path (initial): C:\Users\HP\.gradle\wrapper\dists\gradle-8.14.3-all\10utluxaxniiv4wxiphsi49nj\gradle-8.14.3\lib\gradle-daemon-main-8.14.3.jar
Launcher Type: SUN_STANDARD

[Global flags]
     intx CICompilerCount                          = 3                                         {product} {ergonomic}
   size_t CompressedClassSpaceSize                 = 436207616                                 {product} {ergonomic}
     uint ConcGCThreads                            = 1                                         {product} {ergonomic}
     uint G1ConcRefinementThreads                  = 4                                         {product} {ergonomic}
   size_t G1HeapRegionSize                         = 1048576                                   {product} {ergonomic}
    uintx GCDrainStackTargetSize                   = 64                                        {product} {ergonomic}
   size_t InitialHeapSize                          = 58720256                                  {product} {ergonomic}
   size_t MarkStackSize                            = 4194304                                   {product} {ergonomic}
   size_t MaxHeapSize                              = 2147483648                                {product} {command line}
   size_t MaxMetaspaceSize                         = 536870912                                 {product} {command line}
   size_t MaxNewSize                               = 1287651328                                {product} {ergonomic}
   size_t MinHeapDeltaBytes                        = 1048576                                   {product} {ergonomic}
   size_t MinHeapSize                              = 8388608                                   {product} {ergonomic}
    uintx NonNMethodCodeHeapSize                   = 5832780                                {pd product} {ergonomic}
    uintx NonProfiledCodeHeapSize                  = 122912730                              {pd product} {ergonomic}
    uintx ProfiledCodeHeapSize                     = 122912730                              {pd product} {ergonomic}
    uintx ReservedCodeCacheSize                    = 251658240                              {pd product} {ergonomic}
     bool SegmentedCodeCache                       = true                                      {product} {ergonomic}
   size_t SoftMaxHeapSize                          = 2147483648                             {manageable} {ergonomic}
     bool UseCompressedClassPointers               = true                           {product lp64_product} {ergonomic}
     bool UseCompressedOops                        = true                           {product lp64_product} {ergonomic}
     bool UseG1GC                                  = true                                      {product} {ergonomic}
     bool UseLargePagesIndividualAllocation        = false                                  {pd product} {ergonomic}

Logging:
Log output configuration:
 #0: stdout all=warning uptime,level,tags
 #1: stderr all=off uptime,level,tags

Environment Variables:
JAVA_HOME=C:\Program Files\Eclipse Adoptium\jdk-17.0.19.10-hotspot\
PATH=C:\Program Files\Eclipse Adoptium\jdk-17.0.19.10-hotspot\bin;C:\Python314\Scripts\;C:\Python314\;C:\WINDOWS\system32;C:\WINDOWS;C:\WINDOWS\System32\Wbem;C:\WINDOWS\System32\WindowsPowerShell\v1.0\;C:\WINDOWS\System32\OpenSSH\;C:\Program Files\Git\cmd;C:\Program Files\nodejs\;C:\ProgramData\chocolatey\bin;C:\Users\HP\AppData\Local\Microsoft\WindowsApps;C:\Users\HP\AppData\Roaming\npm;C:\Users\HP\AppData\Local\Programs\Microsoft VS Code\bin
USERNAME=HP
OS=Windows_NT
PROCESSOR_IDENTIFIER=AMD64 Family 23 Model 24 Stepping 1, AuthenticAMD
TMP=C:\Users\HP\AppData\Local\Temp
TEMP=C:\Users\HP\AppData\Local\Temp



Periodic native trim disabled


---------------  S Y S T E M  ---------------

OS:
 Windows 11 , 64 bit Build 26100 (10.0.26100.8737)
OS uptime: 0 days 20:41 hours
Hyper-V role detected

CPU: total 4 (initial active 4) (4 cores per cpu, 2 threads per core) family 23 model 24 stepping 1 microcode 0x8108109, cx8, cmov, fxsr, ht, mmx, 3dnowpref, sse, sse2, sse3, ssse3, sse4a, sse4.1, sse4.2, popcnt, lzcnt, tsc, tscinvbit, avx, avx2, aes, clmul, bmi1, bmi2, adx, sha, fma, vzeroupper, clflush, clflushopt, hv
Processor Information for all 4 processors :
  Max Mhz: 2400, Current Mhz: 2400, Mhz Limit: 2400

Memory: 4k page, system-wide physical 3499M (227M free)
TotalPageFile size 14251M (AvailPageFile size 18M)
current process WorkingSet (physical memory assigned to process): 257M, peak: 288M
current process commit charge ("private bytes"): 451M, peak: 456M

vm_info: OpenJDK 64-Bit Server VM (17.0.19+10) for windows-amd64 JRE (17.0.19+10), built on Apr 25 2026 08:04:44 by "admin" with MS VC++ 17.12 (VS2022)

END.
