#
# There is insufficient memory for the Java Runtime Environment to continue.
# Native memory allocation (malloc) failed to allocate 1110576 bytes. Error detail: Chunk::new
# Possible reasons:
#   The system is out of physical RAM or swap space
#   This process is running with CompressedOops enabled, and the Java Heap may be blocking the growth of the native heap
# Possible solutions:
#   Reduce memory load on the system
#   Increase physical memory or swap space
#   Check if swap backing store is full
#   Decrease Java heap size (-Xmx/-Xms)
#   Decrease number of Java threads
#   Decrease Java thread stack sizes (-Xss)
#   Set larger code cache with -XX:ReservedCodeCacheSize=
#   JVM is running with Unscaled Compressed Oops mode in which the Java heap is
#     placed in the first 4GB address space. The Java Heap base address is the
#     maximum limit for the native heap growth. Please use -XX:HeapBaseMinAddress
#     to set the Java Heap base and to place the Java Heap above 4GB virtual address.
# This output file may be truncated or incomplete.
#
#  Out of Memory Error (arena.cpp:191), pid=13432, tid=14388
#
# JRE version: OpenJDK Runtime Environment Temurin-17.0.19+10 (17.0.19+10) (build 17.0.19+10)
# Java VM: OpenJDK 64-Bit Server VM Temurin-17.0.19+10 (17.0.19+10, mixed mode, sharing, tiered, compressed oops, compressed class ptrs, g1 gc, windows-amd64)
# No core dump will be written. Minidumps are not enabled by default on client versions of Windows
#

---------------  S U M M A R Y ------------

Command Line: --add-opens=java.base/java.lang=ALL-UNNAMED --add-opens=java.base/java.lang.invoke=ALL-UNNAMED --add-opens=java.base/java.util=ALL-UNNAMED --add-opens=java.prefs/java.util.prefs=ALL-UNNAMED --add-exports=jdk.compiler/com.sun.tools.javac.api=ALL-UNNAMED --add-exports=jdk.compiler/com.sun.tools.javac.util=ALL-UNNAMED --add-opens=java.base/java.util=ALL-UNNAMED --add-opens=java.prefs/java.util.prefs=ALL-UNNAMED --add-opens=java.base/java.nio.charset=ALL-UNNAMED --add-opens=java.base/java.net=ALL-UNNAMED --add-opens=java.base/java.util.concurrent.atomic=ALL-UNNAMED --add-opens=java.xml/javax.xml.namespace=ALL-UNNAMED -XX:MaxMetaspaceSize=512m -Xmx2048m -Dfile.encoding=UTF-8 -Duser.country=US -Duser.language=en -Duser.variant -javaagent:C:\Users\HP\.gradle\wrapper\dists\gradle-8.14.3-all\10utluxaxniiv4wxiphsi49nj\gradle-8.14.3\lib\agents\gradle-instrumentation-agent-8.14.3.jar org.gradle.launcher.daemon.bootstrap.GradleDaemon 8.14.3

Host: AMD Athlon Gold 3150U with Radeon Graphics     , 4 cores, 3G,  Windows 11 , 64 bit Build 26100 (10.0.26100.8737)
Time: Sat Jul 11 13:50:50 2026 Malay Peninsula Standard Time elapsed time: 265.491564 seconds (0d 0h 4m 25s)

---------------  T H R E A D  ---------------

Current thread (0x000002347e665490):  JavaThread "C2 CompilerThread0" daemon [_thread_in_native, id=14388, stack(0x0000008efeb00000,0x0000008efec00000)]


Current CompileTask:
C2:265491 14093       4       jdk.internal.org.objectweb.asm.MethodWriter::computeAllFrames (510 bytes)

Stack: [0x0000008efeb00000,0x0000008efec00000]
Native frames: (J=compiled Java code, j=interpreted, Vv=VM code, C=native code)
V  [jvm.dll+0x684b29]
V  [jvm.dll+0x83a2d5]
V  [jvm.dll+0x83bd4e]
V  [jvm.dll+0x83c3d3]
V  [jvm.dll+0x24905f]
V  [jvm.dll+0xad536]
V  [jvm.dll+0xadbdc]
V  [jvm.dll+0x368d4f]
V  [jvm.dll+0x3331d5]
V  [jvm.dll+0x33263a]
V  [jvm.dll+0x219e69]
V  [jvm.dll+0x2192af]
V  [jvm.dll+0x1a49f0]
V  [jvm.dll+0x2299fa]
V  [jvm.dll+0x227bab]
V  [jvm.dll+0x7f0a88]
V  [jvm.dll+0x7eaf1c]
V  [jvm.dll+0x6839f7]
C  [ucrtbase.dll+0x2cd30]
C  [KERNEL32.DLL+0x2e957]
C  [ntdll.dll+0xaad6c]


---------------  P R O C E S S  ---------------

Threads class SMR info:
_java_thread_list=0x00000234322d7a00, length=87, elements={
0x000002346dccb6f0, 0x000002347e644340, 0x000002347e645980, 0x000002347e65ede0,
0x000002347e661ed0, 0x000002347e6627a0, 0x000002347e663070, 0x000002347e665490,
0x000002347e66b6e0, 0x000002347e6de650, 0x000002347e6fea90, 0x000002347e9bfed0,
0x000002342eba3a90, 0x000002347e6b9ea0, 0x000002342e3c75e0, 0x000002342e2e3920,
0x000002342e2e4340, 0x000002342e2e1ac0, 0x000002342e2e4850, 0x000002342e2e1fd0,
0x000002342e2e15b0, 0x000002342e2e2f00, 0x000002342e2e29f0, 0x000002342e2e3410,
0x000002342e2e24e0, 0x000002342e2e10a0, 0x000002342f578060, 0x000002342f57a3d0,
0x000002342f578570, 0x000002342f57a8e0, 0x000002342f57adf0, 0x000002342f57b300,
0x000002342f57c230, 0x000002342f579ec0, 0x000002342f5794a0, 0x000002342f57eab0,
0x000002342f57d670, 0x000002342f57e5a0, 0x000002342f57efc0, 0x000002342f57f9e0,
0x000002342e0c8420, 0x000002342e0c9350, 0x000002342e0ca280, 0x000002342e0c7a00,
0x000002342e0c9d70, 0x000002342e0c9860, 0x000002342e0c7f10, 0x000002342e0cb1b0,
0x000002342e0c8930, 0x000002342e0ca790, 0x000002342e0c8e40, 0x000002342e0caca0,
0x000002347eba3440, 0x000002347eba52a0, 0x000002347eba5cc0, 0x000002347eba4d90,
0x000002347eba7100, 0x000002347eba7610, 0x000002347eba7b20, 0x000002347eba4370,
0x000002347eba8540, 0x000002347eba8a50, 0x000002347ebaa3a0, 0x000002347eba9980,
0x000002347eba9470, 0x000002347eba8030, 0x000002347eba9e90, 0x000002347eba8f60,
0x000002342f57b810, 0x0000023432b694b0, 0x0000023432b68fa0, 0x0000023432b699c0,
0x0000023432b69ed0, 0x0000023432b6a3e0, 0x0000023432b6a8f0, 0x0000023432b6ae00,
0x0000023432b6b310, 0x0000023432b68580, 0x0000023432b6e0a0, 0x0000023432b6c240,
0x0000023432b6d170, 0x0000023432b6f9f0, 0x0000023432b6d680, 0x0000023432b6eac0,
0x0000023432b6cc60, 0x0000023432b6db90, 0x0000023432b6efd0
}

Java Threads: ( => current thread )
  0x000002346dccb6f0 JavaThread "main" [_thread_blocked, id=2068, stack(0x0000008efde00000,0x0000008efdf00000)]
  0x000002347e644340 JavaThread "Reference Handler" daemon [_thread_blocked, id=14720, stack(0x0000008efe500000,0x0000008efe600000)]
  0x000002347e645980 JavaThread "Finalizer" daemon [_thread_blocked, id=10472, stack(0x0000008efe600000,0x0000008efe700000)]
  0x000002347e65ede0 JavaThread "Signal Dispatcher" daemon [_thread_blocked, id=15068, stack(0x0000008efe700000,0x0000008efe800000)]
  0x000002347e661ed0 JavaThread "Attach Listener" daemon [_thread_blocked, id=2524, stack(0x0000008efe800000,0x0000008efe900000)]
  0x000002347e6627a0 JavaThread "Service Thread" daemon [_thread_blocked, id=13376, stack(0x0000008efe900000,0x0000008efea00000)]
  0x000002347e663070 JavaThread "Monitor Deflation Thread" daemon [_thread_blocked, id=1892, stack(0x0000008efea00000,0x0000008efeb00000)]
=>0x000002347e665490 JavaThread "C2 CompilerThread0" daemon [_thread_in_native, id=14388, stack(0x0000008efeb00000,0x0000008efec00000)]
  0x000002347e66b6e0 JavaThread "C1 CompilerThread0" daemon [_thread_blocked, id=9944, stack(0x0000008efec00000,0x0000008efed00000)]
  0x000002347e6de650 JavaThread "Sweeper thread" daemon [_thread_blocked, id=13812, stack(0x0000008efed00000,0x0000008efee00000)]
  0x000002347e6fea90 JavaThread "Common-Cleaner" daemon [_thread_blocked, id=6824, stack(0x0000008efee00000,0x0000008efef00000)]
  0x000002347e9bfed0 JavaThread "Notification Thread" daemon [_thread_blocked, id=9128, stack(0x0000008efef00000,0x0000008eff000000)]
  0x000002342eba3a90 JavaThread "Daemon health stats" [_thread_blocked, id=12744, stack(0x0000008eff400000,0x0000008eff500000)]
  0x000002347e6b9ea0 JavaThread "Incoming local TCP Connector on port 57662" [_thread_in_native, id=10140, stack(0x0000008eff500000,0x0000008eff600000)]
  0x000002342e3c75e0 JavaThread "Daemon periodic checks" [_thread_blocked, id=5604, stack(0x0000008eff600000,0x0000008eff700000)]
  0x000002342e2e3920 JavaThread "Daemon" [_thread_blocked, id=12824, stack(0x0000008eff700000,0x0000008eff800000)]
  0x000002342e2e4340 JavaThread "Handler for socket connection from /127.0.0.1:57662 to /127.0.0.1:57663" [_thread_in_native, id=892, stack(0x0000008eff800000,0x0000008eff900000)]
  0x000002342e2e1ac0 JavaThread "Cancel handler" [_thread_blocked, id=6844, stack(0x0000008eff900000,0x0000008effa00000)]
  0x000002342e2e4850 JavaThread "Daemon worker" [_thread_blocked, id=13756, stack(0x0000008effa00000,0x0000008effb00000)]
  0x000002342e2e1fd0 JavaThread "Asynchronous log dispatcher for DefaultDaemonConnection: socket connection from /127.0.0.1:57662 to /127.0.0.1:57663" [_thread_blocked, id=13196, stack(0x0000008effb00000,0x0000008effc00000)]
  0x000002342e2e15b0 JavaThread "Stdin handler" [_thread_blocked, id=10264, stack(0x0000008effc00000,0x0000008effd00000)]
  0x000002342e2e2f00 JavaThread "Daemon client event forwarder" [_thread_blocked, id=9244, stack(0x0000008effd00000,0x0000008effe00000)]
  0x000002342e2e29f0 JavaThread "Cache worker for journal cache (C:\Users\HP\.gradle\caches\journal-1)" [_thread_blocked, id=8372, stack(0x0000008effe00000,0x0000008efff00000)]
  0x000002342e2e3410 JavaThread "File lock request listener" [_thread_in_native, id=2544, stack(0x0000008efff00000,0x0000008f00000000)]
  0x000002342e2e24e0 JavaThread "Cache worker for file hash cache (C:\Users\HP\.gradle\caches\8.14.3\fileHashes)" [_thread_blocked, id=13740, stack(0x0000008e80000000,0x0000008e80100000)]
  0x000002342e2e10a0 JavaThread "Cache worker for file hash cache (D:\LSA 2025\LAST\PROJT\finance app\finance apps Ori\android\.gradle\8.14.3\fileHashes)" [_thread_blocked, id=12244, stack(0x0000008e80200000,0x0000008e80300000)]
  0x000002342f578060 JavaThread "Cache worker for Build Output Cleanup Cache (D:\LSA 2025\LAST\PROJT\finance app\finance apps Ori\android\.gradle\buildOutputCleanup)" [_thread_blocked, id=13980, stack(0x0000008e80300000,0x0000008e80400000)]
  0x000002342f57a3d0 JavaThread "File watcher server" daemon [_thread_in_native, id=5760, stack(0x0000008e80100000,0x0000008e80200000)]
  0x000002342f578570 JavaThread "File watcher consumer" daemon [_thread_blocked, id=15312, stack(0x0000008e80400000,0x0000008e80500000)]
  0x000002342f57a8e0 JavaThread "jar transforms" [_thread_blocked, id=12516, stack(0x0000008e80500000,0x0000008e80600000)]
  0x000002342f57adf0 JavaThread "jar transforms Thread 2" [_thread_blocked, id=11896, stack(0x0000008e80600000,0x0000008e80700000)]
  0x000002342f57b300 JavaThread "jar transforms Thread 3" [_thread_blocked, id=14932, stack(0x0000008e80700000,0x0000008e80800000)]
  0x000002342f57c230 JavaThread "jar transforms Thread 4" [_thread_blocked, id=14512, stack(0x0000008e80900000,0x0000008e80a00000)]
  0x000002342f579ec0 JavaThread "Cache worker for checksums cache (D:\LSA 2025\LAST\PROJT\finance app\finance apps Ori\android\.gradle\8.14.3\checksums)" [_thread_blocked, id=15356, stack(0x0000008e80c00000,0x0000008e80d00000)]
  0x000002342f5794a0 JavaThread "Cache worker for file content cache (C:\Users\HP\.gradle\caches\8.14.3\fileContent)" [_thread_blocked, id=4840, stack(0x0000008e80d00000,0x0000008e80e00000)]
  0x000002342f57eab0 JavaThread "Cache worker for cache directory md-supplier (C:\Users\HP\.gradle\caches\8.14.3\md-supplier)" [_thread_blocked, id=13840, stack(0x0000008e80e00000,0x0000008e80f00000)]
  0x000002342f57d670 JavaThread "Cache worker for cache directory md-rule (C:\Users\HP\.gradle\caches\8.14.3\md-rule)" [_thread_blocked, id=13188, stack(0x0000008e80f00000,0x0000008e81000000)]
  0x000002342f57e5a0 JavaThread "Unconstrained build operations" [_thread_blocked, id=15580, stack(0x0000008e81000000,0x0000008e81100000)]
  0x000002342f57efc0 JavaThread "Unconstrained build operations Thread 2" [_thread_blocked, id=15584, stack(0x0000008e81100000,0x0000008e81200000)]
  0x000002342f57f9e0 JavaThread "Unconstrained build operations Thread 3" [_thread_blocked, id=15588, stack(0x0000008e81200000,0x0000008e81300000)]
  0x000002342e0c8420 JavaThread "Unconstrained build operations Thread 4" [_thread_blocked, id=15600, stack(0x0000008e81300000,0x0000008e81400000)]
  0x000002342e0c9350 JavaThread "Unconstrained build operations Thread 5" [_thread_blocked, id=15604, stack(0x0000008e81400000,0x0000008e81500000)]
  0x000002342e0ca280 JavaThread "Unconstrained build operations Thread 6" [_thread_blocked, id=15608, stack(0x0000008e81500000,0x0000008e81600000)]
  0x000002342e0c7a00 JavaThread "Unconstrained build operations Thread 7" [_thread_blocked, id=15624, stack(0x0000008e81600000,0x0000008e81700000)]
  0x000002342e0c9d70 JavaThread "Unconstrained build operations Thread 8" [_thread_blocked, id=15628, stack(0x0000008e81700000,0x0000008e81800000)]
  0x000002342e0c9860 JavaThread "Unconstrained build operations Thread 9" [_thread_blocked, id=15632, stack(0x0000008e81800000,0x0000008e81900000)]
  0x000002342e0c7f10 JavaThread "Unconstrained build operations Thread 10" [_thread_blocked, id=16004, stack(0x0000008e81900000,0x0000008e81a00000)]
  0x000002342e0cb1b0 JavaThread "Unconstrained build operations Thread 11" [_thread_blocked, id=16008, stack(0x0000008e81a00000,0x0000008e81b00000)]
  0x000002342e0c8930 JavaThread "Unconstrained build operations Thread 12" [_thread_blocked, id=16012, stack(0x0000008e81b00000,0x0000008e81c00000)]
  0x000002342e0ca790 JavaThread "Unconstrained build operations Thread 13" [_thread_blocked, id=16040, stack(0x0000008e81c00000,0x0000008e81d00000)]
  0x000002342e0c8e40 JavaThread "Unconstrained build operations Thread 14" [_thread_blocked, id=16044, stack(0x0000008e81d00000,0x0000008e81e00000)]
  0x000002342e0caca0 JavaThread "Unconstrained build operations Thread 15" [_thread_blocked, id=16048, stack(0x0000008e81e00000,0x0000008e81f00000)]
  0x000002347eba3440 JavaThread "Unconstrained build operations Thread 16" [_thread_blocked, id=16232, stack(0x0000008e81f00000,0x0000008e82000000)]
  0x000002347eba52a0 JavaThread "Unconstrained build operations Thread 17" [_thread_blocked, id=16236, stack(0x0000008e82000000,0x0000008e82100000)]
  0x000002347eba5cc0 JavaThread "Unconstrained build operations Thread 18" [_thread_blocked, id=16240, stack(0x0000008e82100000,0x0000008e82200000)]
  0x000002347eba4d90 JavaThread "Memory manager" [_thread_blocked, id=16696, stack(0x0000008e80800000,0x0000008e80900000)]
  0x000002347eba7100 JavaThread "Problems report writer" [_thread_blocked, id=16372, stack(0x0000008e82200000,0x0000008e82300000)]
  0x000002347eba7610 JavaThread "Unconstrained build operations Thread 19" [_thread_blocked, id=1548, stack(0x0000008e82300000,0x0000008e82400000)]
  0x000002347eba7b20 JavaThread "Unconstrained build operations Thread 20" [_thread_blocked, id=17232, stack(0x0000008e82400000,0x0000008e82500000)]
  0x000002347eba4370 JavaThread "Unconstrained build operations Thread 21" [_thread_blocked, id=14640, stack(0x0000008e82500000,0x0000008e82600000)]
  0x000002347eba8540 JavaThread "Unconstrained build operations Thread 22" [_thread_blocked, id=16904, stack(0x0000008e82600000,0x0000008e82700000)]
  0x000002347eba8a50 JavaThread "Unconstrained build operations Thread 23" [_thread_blocked, id=16684, stack(0x0000008e82700000,0x0000008e82800000)]
  0x000002347ebaa3a0 JavaThread "Unconstrained build operations Thread 24" [_thread_blocked, id=16908, stack(0x0000008e82800000,0x0000008e82900000)]
  0x000002347eba9980 JavaThread "Unconstrained build operations Thread 25" [_thread_blocked, id=17084, stack(0x0000008e82900000,0x0000008e82a00000)]
  0x000002347eba9470 JavaThread "Unconstrained build operations Thread 26" [_thread_blocked, id=9976, stack(0x0000008e82a00000,0x0000008e82b00000)]
  0x000002347eba8030 JavaThread "Unconstrained build operations Thread 27" [_thread_blocked, id=10180, stack(0x0000008e82b00000,0x0000008e82c00000)]
  0x000002347eba9e90 JavaThread "Unconstrained build operations Thread 28" [_thread_blocked, id=9824, stack(0x0000008e82c00000,0x0000008e82d00000)]
  0x000002347eba8f60 JavaThread "Unconstrained build operations Thread 29" [_thread_blocked, id=9132, stack(0x0000008e82d00000,0x0000008e82e00000)]
  0x000002342f57b810 JavaThread "Unconstrained build operations Thread 30" [_thread_blocked, id=16164, stack(0x0000008e82e00000,0x0000008e82f00000)]
  0x0000023432b694b0 JavaThread "build event listener" [_thread_blocked, id=5780, stack(0x0000008e80b00000,0x0000008e80c00000)]
  0x0000023432b68fa0 JavaThread "Unconstrained build operations Thread 31" [_thread_blocked, id=13360, stack(0x0000008e80a00000,0x0000008e80b00000)]
  0x0000023432b699c0 JavaThread "Unconstrained build operations Thread 32" [_thread_blocked, id=16532, stack(0x0000008e82f00000,0x0000008e83000000)]
  0x0000023432b69ed0 JavaThread "Unconstrained build operations Thread 33" [_thread_blocked, id=16516, stack(0x0000008e83000000,0x0000008e83100000)]
  0x0000023432b6a3e0 JavaThread "Unconstrained build operations Thread 34" [_thread_blocked, id=17028, stack(0x0000008e83100000,0x0000008e83200000)]
  0x0000023432b6a8f0 JavaThread "Unconstrained build operations Thread 35" [_thread_blocked, id=17020, stack(0x0000008e83200000,0x0000008e83300000)]
  0x0000023432b6ae00 JavaThread "Unconstrained build operations Thread 36" [_thread_blocked, id=16836, stack(0x0000008e83300000,0x0000008e83400000)]
  0x0000023432b6b310 JavaThread "Unconstrained build operations Thread 37" [_thread_blocked, id=12752, stack(0x0000008e83400000,0x0000008e83500000)]
  0x0000023432b68580 JavaThread "Unconstrained build operations Thread 38" [_thread_blocked, id=6312, stack(0x0000008e83500000,0x0000008e83600000)]
  0x0000023432b6e0a0 JavaThread "Unconstrained build operations Thread 39" [_thread_blocked, id=16316, stack(0x0000008e83600000,0x0000008e83700000)]
  0x0000023432b6c240 JavaThread "Unconstrained build operations Thread 40" [_thread_blocked, id=9844, stack(0x0000008e83700000,0x0000008e83800000)]
  0x0000023432b6d170 JavaThread "build event listener" [_thread_blocked, id=16984, stack(0x0000008e83800000,0x0000008e83900000)]
  0x0000023432b6f9f0 JavaThread "pool-3-thread-1" [_thread_blocked, id=14560, stack(0x0000008e83900000,0x0000008e83a00000)]
  0x0000023432b6d680 JavaThread "included builds" [_thread_in_native, id=6496, stack(0x0000008e83a00000,0x0000008e83b00000)]
  0x0000023432b6eac0 JavaThread "Execution worker" [_thread_blocked, id=13560, stack(0x0000008e83b00000,0x0000008e83c00000)]
  0x0000023432b6cc60 JavaThread "Execution worker Thread 2" [_thread_blocked, id=16132, stack(0x0000008e83c00000,0x0000008e83d00000)]
  0x0000023432b6db90 JavaThread "Execution worker Thread 3" [_thread_blocked, id=7524, stack(0x0000008e83d00000,0x0000008e83e00000)]
  0x0000023432b6efd0 JavaThread "Cache worker for execution history cache (D:\LSA 2025\LAST\PROJT\finance app\finance apps Ori\android\.gradle\8.14.3\executionHistory)" [_thread_blocked, id=16376, stack(0x0000008e83e00000,0x0000008e83f00000)]

Other Threads:
  0x000002347e6406e0 VMThread "VM Thread" [stack: 0x0000008efe400000,0x0000008efe500000] [id=10840]
  0x000002346dccc220 WatcherThread [stack: 0x0000008eff000000,0x0000008eff100000] [id=13708]
  0x000002346dd2a650 GCTaskThread "GC Thread#0" [stack: 0x0000008efdf00000,0x0000008efe000000] [id=14452]
  0x000002347ea7e2a0 GCTaskThread "GC Thread#1" [stack: 0x0000008eff100000,0x0000008eff200000] [id=14984]
  0x000002347ebb8020 GCTaskThread "GC Thread#2" [stack: 0x0000008eff200000,0x0000008eff300000] [id=7432]
  0x000002342e1b3260 GCTaskThread "GC Thread#3" [stack: 0x0000008eff300000,0x0000008eff400000] [id=7120]
  0x000002346dd3b4b0 ConcurrentGCThread "G1 Main Marker" [stack: 0x0000008efe000000,0x0000008efe100000] [id=2100]
  0x000002346dd3bde0 ConcurrentGCThread "G1 Conc#0" [stack: 0x0000008efe100000,0x0000008efe200000] [id=5732]
  0x000002346dd77720 ConcurrentGCThread "G1 Refine#0" [stack: 0x0000008efe200000,0x0000008efe300000] [id=6788]
  0x000002346dd78060 ConcurrentGCThread "G1 Service" [stack: 0x0000008efe300000,0x0000008efe400000] [id=2212]

Threads with active compile tasks:
C2 CompilerThread0  265567 14093       4       jdk.internal.org.objectweb.asm.MethodWriter::computeAllFrames (510 bytes)

VM state: not at safepoint (normal execution)

VM Mutex/Monitor currently owned by a thread: None

Heap address: 0x0000000080000000, size: 2048 MB, Compressed Oops mode: 32-bit

CDS archive(s) mapped at: [0x000002340f000000-0x000002340fbb0000-0x000002340fbb0000), size 12255232, SharedBaseAddress: 0x000002340f000000, ArchiveRelocationMode: 1.
Compressed class space mapped at: 0x0000023410000000-0x000002342a000000, reserved size: 436207616
Narrow klass base: 0x000002340f000000, Narrow klass shift: 0, Narrow klass range: 0x100000000

GC Precious Log:
 CPUs: 4 total, 4 available
 Memory: 3499M
 Large Page Support: Disabled
 NUMA Support: Disabled
 Compressed Oops: Enabled (32-bit)
 Heap Region Size: 1M
 Heap Min Capacity: 8M
 Heap Initial Capacity: 56M
 Heap Max Capacity: 2G
 Pre-touch: Disabled
 Parallel Workers: 4
 Concurrent Workers: 1
 Concurrent Refinement Workers: 4
 Periodic GC: Disabled

Heap:
 garbage-first heap   total 276480K, used 204398K [0x0000000080000000, 0x0000000100000000)
  region size 1024K, 72 young (73728K), 1 survivors (1024K)
 Metaspace       used 99993K, committed 101120K, reserved 557056K
  class space    used 13573K, committed 14080K, reserved 425984K

Heap Regions: E=young(eden), S=young(survivor), O=old, HS=humongous(starts), HC=humongous(continues), CS=collection set, F=free, OA=open archive, CA=closed archive, TAMS=top-at-mark-start (previous, next)
|   0|0x0000000080000000, 0x0000000080100000, 0x0000000080100000|100%|HS|  |TAMS 0x0000000080100000, 0x0000000080000000| Complete 
|   1|0x0000000080100000, 0x0000000080200000, 0x0000000080200000|100%|HC|  |TAMS 0x0000000080200000, 0x0000000080100000| Complete 
|   2|0x0000000080200000, 0x0000000080300000, 0x0000000080300000|100%|HC|  |TAMS 0x0000000080300000, 0x0000000080200000| Complete 
|   3|0x0000000080300000, 0x0000000080400000, 0x0000000080400000|100%| O|  |TAMS 0x0000000080400000, 0x0000000080300000| Untracked 
|   4|0x0000000080400000, 0x0000000080500000, 0x0000000080500000|100%| O|  |TAMS 0x0000000080500000, 0x0000000080400000| Untracked 
|   5|0x0000000080500000, 0x0000000080600000, 0x0000000080600000|100%| O|  |TAMS 0x0000000080600000, 0x0000000080500000| Untracked 
|   6|0x0000000080600000, 0x0000000080700000, 0x0000000080700000|100%| O|  |TAMS 0x0000000080700000, 0x0000000080600000| Untracked 
|   7|0x0000000080700000, 0x0000000080800000, 0x0000000080800000|100%| O|  |TAMS 0x0000000080800000, 0x0000000080700000| Untracked 
|   8|0x0000000080800000, 0x0000000080900000, 0x0000000080900000|100%| O|  |TAMS 0x0000000080900000, 0x0000000080800000| Untracked 
|   9|0x0000000080900000, 0x0000000080a00000, 0x0000000080a00000|100%| O|  |TAMS 0x0000000080a00000, 0x0000000080900000| Untracked 
|  10|0x0000000080a00000, 0x0000000080b00000, 0x0000000080b00000|100%|HS|  |TAMS 0x0000000080b00000, 0x0000000080a00000| Complete 
|  11|0x0000000080b00000, 0x0000000080c00000, 0x0000000080c00000|100%| O|  |TAMS 0x0000000080c00000, 0x0000000080b00000| Untracked 
|  12|0x0000000080c00000, 0x0000000080d00000, 0x0000000080d00000|100%| O|  |TAMS 0x0000000080d00000, 0x0000000080c00000| Untracked 
|  13|0x0000000080d00000, 0x0000000080e00000, 0x0000000080e00000|100%| O|  |TAMS 0x0000000080e00000, 0x0000000080d00000| Untracked 
|  14|0x0000000080e00000, 0x0000000080f00000, 0x0000000080f00000|100%| O|  |TAMS 0x0000000080f00000, 0x0000000080e00000| Untracked 
|  15|0x0000000080f00000, 0x0000000081000000, 0x0000000081000000|100%| O|  |TAMS 0x0000000081000000, 0x0000000080f00000| Untracked 
|  16|0x0000000081000000, 0x0000000081100000, 0x0000000081100000|100%| O|  |TAMS 0x0000000081100000, 0x0000000081000000| Untracked 
|  17|0x0000000081100000, 0x0000000081200000, 0x0000000081200000|100%| O|  |TAMS 0x0000000081200000, 0x0000000081100000| Untracked 
|  18|0x0000000081200000, 0x0000000081300000, 0x0000000081300000|100%| O|  |TAMS 0x0000000081300000, 0x0000000081200000| Untracked 
|  19|0x0000000081300000, 0x0000000081400000, 0x0000000081400000|100%| O|  |TAMS 0x0000000081400000, 0x0000000081300000| Untracked 
|  20|0x0000000081400000, 0x0000000081500000, 0x0000000081500000|100%| O|  |TAMS 0x0000000081500000, 0x0000000081400000| Untracked 
|  21|0x0000000081500000, 0x0000000081600000, 0x0000000081600000|100%| O|  |TAMS 0x0000000081600000, 0x0000000081500000| Untracked 
|  22|0x0000000081600000, 0x0000000081700000, 0x0000000081700000|100%| O|  |TAMS 0x0000000081700000, 0x0000000081600000| Untracked 
|  23|0x0000000081700000, 0x0000000081800000, 0x0000000081800000|100%| O|  |TAMS 0x0000000081800000, 0x0000000081700000| Untracked 
|  24|0x0000000081800000, 0x0000000081900000, 0x0000000081900000|100%| O|  |TAMS 0x0000000081900000, 0x0000000081800000| Untracked 
|  25|0x0000000081900000, 0x0000000081a00000, 0x0000000081a00000|100%| O|  |TAMS 0x0000000081a00000, 0x0000000081900000| Untracked 
|  26|0x0000000081a00000, 0x0000000081b00000, 0x0000000081b00000|100%| O|  |TAMS 0x0000000081b00000, 0x0000000081a00000| Untracked 
|  27|0x0000000081b00000, 0x0000000081c00000, 0x0000000081c00000|100%| O|  |TAMS 0x0000000081c00000, 0x0000000081b00000| Untracked 
|  28|0x0000000081c00000, 0x0000000081d00000, 0x0000000081d00000|100%| O|  |TAMS 0x0000000081d00000, 0x0000000081c00000| Untracked 
|  29|0x0000000081d00000, 0x0000000081e00000, 0x0000000081e00000|100%| O|  |TAMS 0x0000000081e00000, 0x0000000081d00000| Untracked 
|  30|0x0000000081e00000, 0x0000000081f00000, 0x0000000081f00000|100%| O|  |TAMS 0x0000000081f00000, 0x0000000081e00000| Untracked 
|  31|0x0000000081f00000, 0x0000000082000000, 0x0000000082000000|100%| O|  |TAMS 0x0000000082000000, 0x0000000081f00000| Untracked 
|  32|0x0000000082000000, 0x0000000082100000, 0x0000000082100000|100%| O|  |TAMS 0x0000000082100000, 0x0000000082000000| Untracked 
|  33|0x0000000082100000, 0x0000000082200000, 0x0000000082200000|100%| O|  |TAMS 0x0000000082200000, 0x0000000082100000| Untracked 
|  34|0x0000000082200000, 0x0000000082300000, 0x0000000082300000|100%| O|  |TAMS 0x0000000082300000, 0x0000000082200000| Untracked 
|  35|0x0000000082300000, 0x0000000082400000, 0x0000000082400000|100%| O|  |TAMS 0x0000000082400000, 0x0000000082300000| Untracked 
|  36|0x0000000082400000, 0x0000000082500000, 0x0000000082500000|100%| O|  |TAMS 0x0000000082500000, 0x0000000082400000| Untracked 
|  37|0x0000000082500000, 0x0000000082600000, 0x0000000082600000|100%|HS|  |TAMS 0x0000000082600000, 0x0000000082500000| Complete 
|  38|0x0000000082600000, 0x0000000082700000, 0x0000000082700000|100%| O|  |TAMS 0x0000000082700000, 0x0000000082600000| Untracked 
|  39|0x0000000082700000, 0x0000000082800000, 0x0000000082800000|100%| O|  |TAMS 0x0000000082800000, 0x0000000082700000| Untracked 
|  40|0x0000000082800000, 0x0000000082900000, 0x0000000082900000|100%| O|  |TAMS 0x0000000082900000, 0x0000000082800000| Untracked 
|  41|0x0000000082900000, 0x0000000082a00000, 0x0000000082a00000|100%| O|  |TAMS 0x0000000082a00000, 0x0000000082900000| Untracked 
|  42|0x0000000082a00000, 0x0000000082b00000, 0x0000000082b00000|100%| O|  |TAMS 0x0000000082b00000, 0x0000000082a00000| Untracked 
|  43|0x0000000082b00000, 0x0000000082c00000, 0x0000000082c00000|100%| O|  |TAMS 0x0000000082c00000, 0x0000000082b00000| Untracked 
|  44|0x0000000082c00000, 0x0000000082d00000, 0x0000000082d00000|100%| O|  |TAMS 0x0000000082d00000, 0x0000000082c00000| Untracked 
|  45|0x0000000082d00000, 0x0000000082e00000, 0x0000000082e00000|100%| O|  |TAMS 0x0000000082e00000, 0x0000000082d00000| Untracked 
|  46|0x0000000082e00000, 0x0000000082f00000, 0x0000000082f00000|100%| O|  |TAMS 0x0000000082f00000, 0x0000000082e00000| Untracked 
|  47|0x0000000082f00000, 0x0000000083000000, 0x0000000083000000|100%| O|  |TAMS 0x0000000083000000, 0x0000000082f00000| Untracked 
|  48|0x0000000083000000, 0x0000000083100000, 0x0000000083100000|100%|HS|  |TAMS 0x0000000083100000, 0x0000000083000000| Complete 
|  49|0x0000000083100000, 0x0000000083200000, 0x0000000083200000|100%|HS|  |TAMS 0x0000000083200000, 0x0000000083100000| Complete 
|  50|0x0000000083200000, 0x0000000083300000, 0x0000000083300000|100%|HS|  |TAMS 0x0000000083300000, 0x0000000083200000| Complete 
|  51|0x0000000083300000, 0x0000000083400000, 0x0000000083400000|100%| O|  |TAMS 0x0000000083400000, 0x0000000083300000| Untracked 
|  52|0x0000000083400000, 0x0000000083500000, 0x0000000083500000|100%| O|  |TAMS 0x0000000083500000, 0x0000000083400000| Untracked 
|  53|0x0000000083500000, 0x0000000083600000, 0x0000000083600000|100%|HS|  |TAMS 0x0000000083600000, 0x0000000083500000| Complete 
|  54|0x0000000083600000, 0x0000000083700000, 0x0000000083700000|100%| O|  |TAMS 0x0000000083700000, 0x0000000083600000| Untracked 
|  55|0x0000000083700000, 0x0000000083800000, 0x0000000083800000|100%| O|  |TAMS 0x0000000083800000, 0x0000000083700000| Untracked 
|  56|0x0000000083800000, 0x0000000083900000, 0x0000000083900000|100%| O|  |TAMS 0x0000000083900000, 0x0000000083800000| Untracked 
|  57|0x0000000083900000, 0x0000000083a00000, 0x0000000083a00000|100%| O|  |TAMS 0x0000000083a00000, 0x0000000083900000| Untracked 
|  58|0x0000000083a00000, 0x0000000083b00000, 0x0000000083b00000|100%| O|  |TAMS 0x0000000083b00000, 0x0000000083a00000| Untracked 
|  59|0x0000000083b00000, 0x0000000083c00000, 0x0000000083c00000|100%| O|  |TAMS 0x0000000083c00000, 0x0000000083b00000| Untracked 
|  60|0x0000000083c00000, 0x0000000083d00000, 0x0000000083d00000|100%| O|  |TAMS 0x0000000083d00000, 0x0000000083c00000| Untracked 
|  61|0x0000000083d00000, 0x0000000083e00000, 0x0000000083e00000|100%| O|  |TAMS 0x0000000083e00000, 0x0000000083d00000| Untracked 
|  62|0x0000000083e00000, 0x0000000083f00000, 0x0000000083f00000|100%|HS|  |TAMS 0x0000000083f00000, 0x0000000083e00000| Complete 
|  63|0x0000000083f00000, 0x0000000084000000, 0x0000000084000000|100%|HS|  |TAMS 0x0000000084000000, 0x0000000083f00000| Complete 
|  64|0x0000000084000000, 0x0000000084100000, 0x0000000084100000|100%|HS|  |TAMS 0x0000000084100000, 0x0000000084000000| Complete 
|  65|0x0000000084100000, 0x0000000084200000, 0x0000000084200000|100%| O|  |TAMS 0x0000000084200000, 0x0000000084100000| Untracked 
|  66|0x0000000084200000, 0x0000000084300000, 0x0000000084300000|100%| O|  |TAMS 0x0000000084300000, 0x0000000084200000| Untracked 
|  67|0x0000000084300000, 0x0000000084400000, 0x0000000084400000|100%| O|  |TAMS 0x0000000084400000, 0x0000000084300000| Untracked 
|  68|0x0000000084400000, 0x0000000084500000, 0x0000000084500000|100%| O|  |TAMS 0x0000000084500000, 0x0000000084400000| Untracked 
|  69|0x0000000084500000, 0x0000000084600000, 0x0000000084600000|100%| O|  |TAMS 0x0000000084600000, 0x0000000084500000| Untracked 
|  70|0x0000000084600000, 0x0000000084700000, 0x0000000084700000|100%| O|  |TAMS 0x0000000084700000, 0x0000000084600000| Untracked 
|  71|0x0000000084700000, 0x0000000084800000, 0x0000000084800000|100%| O|  |TAMS 0x0000000084800000, 0x0000000084700000| Untracked 
|  72|0x0000000084800000, 0x0000000084900000, 0x0000000084900000|100%| O|  |TAMS 0x0000000084900000, 0x0000000084800000| Untracked 
|  73|0x0000000084900000, 0x0000000084a00000, 0x0000000084a00000|100%| O|  |TAMS 0x0000000084a00000, 0x0000000084900000| Untracked 
|  74|0x0000000084a00000, 0x0000000084b00000, 0x0000000084b00000|100%| O|  |TAMS 0x0000000084b00000, 0x0000000084a00000| Untracked 
|  75|0x0000000084b00000, 0x0000000084c00000, 0x0000000084c00000|100%|HS|  |TAMS 0x0000000084c00000, 0x0000000084b00000| Complete 
|  76|0x0000000084c00000, 0x0000000084d00000, 0x0000000084d00000|100%| O|  |TAMS 0x0000000084d00000, 0x0000000084c00000| Untracked 
|  77|0x0000000084d00000, 0x0000000084e00000, 0x0000000084e00000|100%| O|  |TAMS 0x0000000084e00000, 0x0000000084d00000| Untracked 
|  78|0x0000000084e00000, 0x0000000084f00000, 0x0000000084f00000|100%| O|  |TAMS 0x0000000084f00000, 0x0000000084e00000| Untracked 
|  79|0x0000000084f00000, 0x0000000085000000, 0x0000000085000000|100%| O|  |TAMS 0x0000000085000000, 0x0000000084f00000| Untracked 
|  80|0x0000000085000000, 0x0000000085100000, 0x0000000085100000|100%| O|  |TAMS 0x0000000085100000, 0x0000000085000000| Untracked 
|  81|0x0000000085100000, 0x0000000085200000, 0x0000000085200000|100%| O|  |TAMS 0x0000000085200000, 0x0000000085100000| Untracked 
|  82|0x0000000085200000, 0x0000000085300000, 0x0000000085300000|100%| O|  |TAMS 0x0000000085300000, 0x0000000085200000| Untracked 
|  83|0x0000000085300000, 0x0000000085400000, 0x0000000085400000|100%| O|  |TAMS 0x0000000085400000, 0x0000000085300000| Untracked 
|  84|0x0000000085400000, 0x0000000085500000, 0x0000000085500000|100%| O|  |TAMS 0x0000000085500000, 0x0000000085400000| Untracked 
|  85|0x0000000085500000, 0x0000000085600000, 0x0000000085600000|100%| O|  |TAMS 0x0000000085600000, 0x0000000085500000| Untracked 
|  86|0x0000000085600000, 0x0000000085700000, 0x0000000085700000|100%| O|  |TAMS 0x0000000085700000, 0x0000000085600000| Untracked 
|  87|0x0000000085700000, 0x0000000085800000, 0x0000000085800000|100%| O|  |TAMS 0x0000000085800000, 0x0000000085700000| Untracked 
|  88|0x0000000085800000, 0x0000000085900000, 0x0000000085900000|100%| O|  |TAMS 0x0000000085900000, 0x0000000085800000| Untracked 
|  89|0x0000000085900000, 0x0000000085a00000, 0x0000000085a00000|100%| O|  |TAMS 0x0000000085a00000, 0x0000000085900000| Untracked 
|  90|0x0000000085a00000, 0x0000000085b00000, 0x0000000085b00000|100%| O|  |TAMS 0x0000000085b00000, 0x0000000085a00000| Untracked 
|  91|0x0000000085b00000, 0x0000000085c00000, 0x0000000085c00000|100%| O|  |TAMS 0x0000000085c00000, 0x0000000085b00000| Untracked 
|  92|0x0000000085c00000, 0x0000000085d00000, 0x0000000085d00000|100%| O|  |TAMS 0x0000000085d00000, 0x0000000085c00000| Untracked 
|  93|0x0000000085d00000, 0x0000000085e00000, 0x0000000085e00000|100%| O|  |TAMS 0x0000000085e00000, 0x0000000085d00000| Untracked 
|  94|0x0000000085e00000, 0x0000000085f00000, 0x0000000085f00000|100%|HS|  |TAMS 0x0000000085f00000, 0x0000000085e00000| Complete 
|  95|0x0000000085f00000, 0x0000000086000000, 0x0000000086000000|100%|HC|  |TAMS 0x0000000086000000, 0x0000000085f00000| Complete 
|  96|0x0000000086000000, 0x0000000086100000, 0x0000000086100000|100%|HS|  |TAMS 0x0000000086100000, 0x0000000086000000| Complete 
|  97|0x0000000086100000, 0x0000000086200000, 0x0000000086200000|100%|HC|  |TAMS 0x0000000086200000, 0x0000000086100000| Complete 
|  98|0x0000000086200000, 0x0000000086300000, 0x0000000086300000|100%| O|  |TAMS 0x0000000086300000, 0x0000000086200000| Untracked 
|  99|0x0000000086300000, 0x0000000086400000, 0x0000000086400000|100%| O|  |TAMS 0x0000000086400000, 0x0000000086300000| Untracked 
| 100|0x0000000086400000, 0x0000000086500000, 0x0000000086500000|100%| O|  |TAMS 0x0000000086500000, 0x0000000086400000| Untracked 
| 101|0x0000000086500000, 0x0000000086600000, 0x0000000086600000|100%| O|  |TAMS 0x0000000086600000, 0x0000000086500000| Untracked 
| 102|0x0000000086600000, 0x0000000086700000, 0x0000000086700000|100%| O|  |TAMS 0x0000000086700000, 0x0000000086600000| Untracked 
| 103|0x0000000086700000, 0x0000000086800000, 0x0000000086800000|100%| O|  |TAMS 0x0000000086800000, 0x0000000086700000| Untracked 
| 104|0x0000000086800000, 0x0000000086900000, 0x0000000086900000|100%| O|  |TAMS 0x0000000086900000, 0x0000000086800000| Untracked 
| 105|0x0000000086900000, 0x0000000086a00000, 0x0000000086a00000|100%| O|  |TAMS 0x0000000086a00000, 0x0000000086900000| Untracked 
| 106|0x0000000086a00000, 0x0000000086b00000, 0x0000000086b00000|100%| O|  |TAMS 0x0000000086b00000, 0x0000000086a00000| Untracked 
| 107|0x0000000086b00000, 0x0000000086c00000, 0x0000000086c00000|100%| O|  |TAMS 0x0000000086c00000, 0x0000000086b00000| Untracked 
| 108|0x0000000086c00000, 0x0000000086d00000, 0x0000000086d00000|100%| O|  |TAMS 0x0000000086d00000, 0x0000000086c00000| Untracked 
| 109|0x0000000086d00000, 0x0000000086e00000, 0x0000000086e00000|100%| O|  |TAMS 0x0000000086e00000, 0x0000000086d00000| Untracked 
| 110|0x0000000086e00000, 0x0000000086f00000, 0x0000000086f00000|100%| O|  |TAMS 0x0000000086f00000, 0x0000000086e00000| Untracked 
| 111|0x0000000086f00000, 0x0000000087000000, 0x0000000087000000|100%|HS|  |TAMS 0x0000000086f00000, 0x0000000086f00000| Complete 
| 112|0x0000000087000000, 0x0000000087100000, 0x0000000087100000|100%| O|  |TAMS 0x0000000087100000, 0x0000000087000000| Untracked 
| 113|0x0000000087100000, 0x0000000087200000, 0x0000000087200000|100%| O|  |TAMS 0x0000000087200000, 0x0000000087100000| Untracked 
| 114|0x0000000087200000, 0x0000000087300000, 0x0000000087300000|100%| O|  |TAMS 0x0000000087300000, 0x0000000087200000| Untracked 
| 115|0x0000000087300000, 0x0000000087400000, 0x0000000087400000|100%| O|  |TAMS 0x0000000087400000, 0x0000000087300000| Untracked 
| 116|0x0000000087400000, 0x0000000087500000, 0x0000000087500000|100%| O|  |TAMS 0x0000000087500000, 0x0000000087400000| Untracked 
| 117|0x0000000087500000, 0x0000000087600000, 0x0000000087600000|100%| O|  |TAMS 0x0000000087600000, 0x0000000087500000| Untracked 
| 118|0x0000000087600000, 0x0000000087700000, 0x0000000087700000|100%| O|  |TAMS 0x0000000087700000, 0x0000000087600000| Untracked 
| 119|0x0000000087700000, 0x0000000087800000, 0x0000000087800000|100%| O|  |TAMS 0x0000000087729a00, 0x0000000087700000| Untracked 
| 120|0x0000000087800000, 0x0000000087900000, 0x0000000087900000|100%| O|  |TAMS 0x0000000087800000, 0x0000000087800000| Untracked 
| 121|0x0000000087900000, 0x0000000087a00000, 0x0000000087a00000|100%| O|  |TAMS 0x0000000087900000, 0x0000000087900000| Untracked 
| 122|0x0000000087a00000, 0x0000000087b00000, 0x0000000087b00000|100%| O|  |TAMS 0x0000000087a00000, 0x0000000087a00000| Untracked 
| 123|0x0000000087b00000, 0x0000000087c00000, 0x0000000087c00000|100%| O|  |TAMS 0x0000000087b00000, 0x0000000087b00000| Untracked 
| 124|0x0000000087c00000, 0x0000000087d00000, 0x0000000087d00000|100%| O|  |TAMS 0x0000000087c00000, 0x0000000087c00000| Untracked 
| 125|0x0000000087d00000, 0x0000000087df3c00, 0x0000000087e00000| 95%| O|  |TAMS 0x0000000087d00000, 0x0000000087d00000| Untracked 
| 126|0x0000000087e00000, 0x0000000087f00000, 0x0000000087f00000|100%|HS|  |TAMS 0x0000000087e00000, 0x0000000087e00000| Complete 
| 127|0x0000000087f00000, 0x0000000088000000, 0x0000000088000000|100%|HS|  |TAMS 0x0000000087f00000, 0x0000000087f00000| Complete 
| 128|0x0000000088000000, 0x0000000088100000, 0x0000000088100000|100%|HS|  |TAMS 0x0000000088000000, 0x0000000088000000| Complete 
| 129|0x0000000088100000, 0x0000000088200000, 0x0000000088200000|100%|HS|  |TAMS 0x0000000088100000, 0x0000000088100000| Complete 
| 130|0x0000000088200000, 0x0000000088200000, 0x0000000088300000|  0%| F|  |TAMS 0x0000000088200000, 0x0000000088200000| Untracked 
| 131|0x0000000088300000, 0x0000000088300000, 0x0000000088400000|  0%| F|  |TAMS 0x0000000088300000, 0x0000000088300000| Untracked 
| 132|0x0000000088400000, 0x0000000088400000, 0x0000000088500000|  0%| F|  |TAMS 0x0000000088400000, 0x0000000088400000| Untracked 
| 133|0x0000000088500000, 0x0000000088500000, 0x0000000088600000|  0%| F|  |TAMS 0x0000000088500000, 0x0000000088500000| Untracked 
| 134|0x0000000088600000, 0x0000000088600000, 0x0000000088700000|  0%| F|  |TAMS 0x0000000088600000, 0x0000000088600000| Untracked 
| 135|0x0000000088700000, 0x0000000088700000, 0x0000000088800000|  0%| F|  |TAMS 0x0000000088700000, 0x0000000088700000| Untracked 
| 136|0x0000000088800000, 0x0000000088800000, 0x0000000088900000|  0%| F|  |TAMS 0x0000000088800000, 0x0000000088800000| Untracked 
| 137|0x0000000088900000, 0x0000000088900000, 0x0000000088a00000|  0%| F|  |TAMS 0x0000000088900000, 0x0000000088900000| Untracked 
| 138|0x0000000088a00000, 0x0000000088a00000, 0x0000000088b00000|  0%| F|  |TAMS 0x0000000088a00000, 0x0000000088a00000| Untracked 
| 139|0x0000000088b00000, 0x0000000088b00000, 0x0000000088c00000|  0%| F|  |TAMS 0x0000000088b00000, 0x0000000088b00000| Untracked 
| 140|0x0000000088c00000, 0x0000000088c00000, 0x0000000088d00000|  0%| F|  |TAMS 0x0000000088c00000, 0x0000000088c00000| Untracked 
| 141|0x0000000088d00000, 0x0000000088d00000, 0x0000000088e00000|  0%| F|  |TAMS 0x0000000088d00000, 0x0000000088d00000| Untracked 
| 142|0x0000000088e00000, 0x0000000088e00000, 0x0000000088f00000|  0%| F|  |TAMS 0x0000000088e00000, 0x0000000088e00000| Untracked 
| 143|0x0000000088f00000, 0x0000000088f00000, 0x0000000089000000|  0%| F|  |TAMS 0x0000000088f00000, 0x0000000088f00000| Untracked 
| 144|0x0000000089000000, 0x0000000089000000, 0x0000000089100000|  0%| F|  |TAMS 0x0000000089000000, 0x0000000089000000| Untracked 
| 145|0x0000000089100000, 0x0000000089100000, 0x0000000089200000|  0%| F|  |TAMS 0x0000000089100000, 0x0000000089100000| Untracked 
| 146|0x0000000089200000, 0x0000000089200000, 0x0000000089300000|  0%| F|  |TAMS 0x0000000089200000, 0x0000000089200000| Untracked 
| 147|0x0000000089300000, 0x0000000089300000, 0x0000000089400000|  0%| F|  |TAMS 0x0000000089300000, 0x0000000089300000| Untracked 
| 148|0x0000000089400000, 0x0000000089400000, 0x0000000089500000|  0%| F|  |TAMS 0x0000000089400000, 0x0000000089400000| Untracked 
| 149|0x0000000089500000, 0x0000000089500000, 0x0000000089600000|  0%| F|  |TAMS 0x0000000089500000, 0x0000000089500000| Untracked 
| 150|0x0000000089600000, 0x0000000089600000, 0x0000000089700000|  0%| F|  |TAMS 0x0000000089600000, 0x0000000089600000| Untracked 
| 151|0x0000000089700000, 0x0000000089700000, 0x0000000089800000|  0%| F|  |TAMS 0x0000000089700000, 0x0000000089700000| Untracked 
| 152|0x0000000089800000, 0x0000000089800000, 0x0000000089900000|  0%| F|  |TAMS 0x0000000089800000, 0x0000000089800000| Untracked 
| 153|0x0000000089900000, 0x0000000089900000, 0x0000000089a00000|  0%| F|  |TAMS 0x0000000089900000, 0x0000000089900000| Untracked 
| 154|0x0000000089a00000, 0x0000000089a00000, 0x0000000089b00000|  0%| F|  |TAMS 0x0000000089a00000, 0x0000000089a00000| Untracked 
| 155|0x0000000089b00000, 0x0000000089b00000, 0x0000000089c00000|  0%| F|  |TAMS 0x0000000089b00000, 0x0000000089b00000| Untracked 
| 156|0x0000000089c00000, 0x0000000089c00000, 0x0000000089d00000|  0%| F|  |TAMS 0x0000000089c00000, 0x0000000089c00000| Untracked 
| 157|0x0000000089d00000, 0x0000000089d00000, 0x0000000089e00000|  0%| F|  |TAMS 0x0000000089d00000, 0x0000000089d00000| Untracked 
| 158|0x0000000089e00000, 0x0000000089e00000, 0x0000000089f00000|  0%| F|  |TAMS 0x0000000089e00000, 0x0000000089e00000| Untracked 
| 159|0x0000000089f00000, 0x0000000089f00000, 0x000000008a000000|  0%| F|  |TAMS 0x0000000089f00000, 0x0000000089f00000| Untracked 
| 160|0x000000008a000000, 0x000000008a000000, 0x000000008a100000|  0%| F|  |TAMS 0x000000008a000000, 0x000000008a000000| Untracked 
| 161|0x000000008a100000, 0x000000008a100000, 0x000000008a200000|  0%| F|  |TAMS 0x000000008a100000, 0x000000008a100000| Untracked 
| 162|0x000000008a200000, 0x000000008a200000, 0x000000008a300000|  0%| F|  |TAMS 0x000000008a200000, 0x000000008a200000| Untracked 
| 163|0x000000008a300000, 0x000000008a300000, 0x000000008a400000|  0%| F|  |TAMS 0x000000008a300000, 0x000000008a300000| Untracked 
| 164|0x000000008a400000, 0x000000008a400000, 0x000000008a500000|  0%| F|  |TAMS 0x000000008a400000, 0x000000008a400000| Untracked 
| 165|0x000000008a500000, 0x000000008a500000, 0x000000008a600000|  0%| F|  |TAMS 0x000000008a500000, 0x000000008a500000| Untracked 
| 166|0x000000008a600000, 0x000000008a600000, 0x000000008a700000|  0%| F|  |TAMS 0x000000008a600000, 0x000000008a600000| Untracked 
| 167|0x000000008a700000, 0x000000008a700000, 0x000000008a800000|  0%| F|  |TAMS 0x000000008a700000, 0x000000008a700000| Untracked 
| 168|0x000000008a800000, 0x000000008a800000, 0x000000008a900000|  0%| F|  |TAMS 0x000000008a800000, 0x000000008a800000| Untracked 
| 169|0x000000008a900000, 0x000000008a900000, 0x000000008aa00000|  0%| F|  |TAMS 0x000000008a900000, 0x000000008a900000| Untracked 
| 170|0x000000008aa00000, 0x000000008aa00000, 0x000000008ab00000|  0%| F|  |TAMS 0x000000008aa00000, 0x000000008aa00000| Untracked 
| 171|0x000000008ab00000, 0x000000008ab00000, 0x000000008ac00000|  0%| F|  |TAMS 0x000000008ab00000, 0x000000008ab00000| Untracked 
| 172|0x000000008ac00000, 0x000000008ac00000, 0x000000008ad00000|  0%| F|  |TAMS 0x000000008ac00000, 0x000000008ac00000| Untracked 
| 173|0x000000008ad00000, 0x000000008ad00000, 0x000000008ae00000|  0%| F|  |TAMS 0x000000008ad00000, 0x000000008ad00000| Untracked 
| 174|0x000000008ae00000, 0x000000008ae00000, 0x000000008af00000|  0%| F|  |TAMS 0x000000008ae00000, 0x000000008ae00000| Untracked 
| 175|0x000000008af00000, 0x000000008af00000, 0x000000008b000000|  0%| F|  |TAMS 0x000000008af00000, 0x000000008af00000| Untracked 
| 176|0x000000008b000000, 0x000000008b000000, 0x000000008b100000|  0%| F|  |TAMS 0x000000008b000000, 0x000000008b000000| Untracked 
| 177|0x000000008b100000, 0x000000008b100000, 0x000000008b200000|  0%| F|  |TAMS 0x000000008b100000, 0x000000008b100000| Untracked 
| 178|0x000000008b200000, 0x000000008b200000, 0x000000008b300000|  0%| F|  |TAMS 0x000000008b200000, 0x000000008b200000| Untracked 
| 179|0x000000008b300000, 0x000000008b300000, 0x000000008b400000|  0%| F|  |TAMS 0x000000008b300000, 0x000000008b300000| Untracked 
| 180|0x000000008b400000, 0x000000008b400000, 0x000000008b500000|  0%| F|  |TAMS 0x000000008b400000, 0x000000008b400000| Untracked 
| 181|0x000000008b500000, 0x000000008b500000, 0x000000008b600000|  0%| F|  |TAMS 0x000000008b500000, 0x000000008b500000| Untracked 
| 182|0x000000008b600000, 0x000000008b600000, 0x000000008b700000|  0%| F|  |TAMS 0x000000008b600000, 0x000000008b600000| Untracked 
| 183|0x000000008b700000, 0x000000008b700000, 0x000000008b800000|  0%| F|  |TAMS 0x000000008b700000, 0x000000008b700000| Untracked 
| 184|0x000000008b800000, 0x000000008b800000, 0x000000008b900000|  0%| F|  |TAMS 0x000000008b800000, 0x000000008b800000| Untracked 
| 185|0x000000008b900000, 0x000000008b900000, 0x000000008ba00000|  0%| F|  |TAMS 0x000000008b900000, 0x000000008b900000| Untracked 
| 186|0x000000008ba00000, 0x000000008ba00000, 0x000000008bb00000|  0%| F|  |TAMS 0x000000008ba00000, 0x000000008ba00000| Untracked 
| 187|0x000000008bb00000, 0x000000008bb00000, 0x000000008bc00000|  0%| F|  |TAMS 0x000000008bb00000, 0x000000008bb00000| Untracked 
| 188|0x000000008bc00000, 0x000000008bc00000, 0x000000008bd00000|  0%| F|  |TAMS 0x000000008bc00000, 0x000000008bc00000| Untracked 
| 189|0x000000008bd00000, 0x000000008bd00000, 0x000000008be00000|  0%| F|  |TAMS 0x000000008bd00000, 0x000000008bd00000| Untracked 
| 190|0x000000008be00000, 0x000000008be00000, 0x000000008bf00000|  0%| F|  |TAMS 0x000000008be00000, 0x000000008be00000| Untracked 
| 191|0x000000008bf00000, 0x000000008bf00000, 0x000000008c000000|  0%| F|  |TAMS 0x000000008bf00000, 0x000000008bf00000| Untracked 
| 192|0x000000008c000000, 0x000000008c000000, 0x000000008c100000|  0%| F|  |TAMS 0x000000008c000000, 0x000000008c000000| Untracked 
| 193|0x000000008c100000, 0x000000008c100000, 0x000000008c200000|  0%| F|  |TAMS 0x000000008c100000, 0x000000008c100000| Untracked 
| 194|0x000000008c200000, 0x000000008c200000, 0x000000008c300000|  0%| F|  |TAMS 0x000000008c200000, 0x000000008c200000| Untracked 
| 195|0x000000008c300000, 0x000000008c300000, 0x000000008c400000|  0%| F|  |TAMS 0x000000008c300000, 0x000000008c300000| Untracked 
| 196|0x000000008c400000, 0x000000008c400000, 0x000000008c500000|  0%| F|  |TAMS 0x000000008c400000, 0x000000008c400000| Untracked 
| 197|0x000000008c500000, 0x000000008c500000, 0x000000008c600000|  0%| F|  |TAMS 0x000000008c500000, 0x000000008c500000| Untracked 
| 198|0x000000008c600000, 0x000000008c700000, 0x000000008c700000|100%| E|  |TAMS 0x000000008c600000, 0x000000008c600000| Complete 
| 199|0x000000008c700000, 0x000000008c800000, 0x000000008c800000|100%| E|CS|TAMS 0x000000008c700000, 0x000000008c700000| Complete 
| 200|0x000000008c800000, 0x000000008c900000, 0x000000008c900000|100%| E|CS|TAMS 0x000000008c800000, 0x000000008c800000| Complete 
| 201|0x000000008c900000, 0x000000008ca00000, 0x000000008ca00000|100%| E|CS|TAMS 0x000000008c900000, 0x000000008c900000| Complete 
| 202|0x000000008ca00000, 0x000000008cb00000, 0x000000008cb00000|100%| E|CS|TAMS 0x000000008ca00000, 0x000000008ca00000| Complete 
| 203|0x000000008cb00000, 0x000000008cc00000, 0x000000008cc00000|100%| E|CS|TAMS 0x000000008cb00000, 0x000000008cb00000| Complete 
| 204|0x000000008cc00000, 0x000000008cd00000, 0x000000008cd00000|100%| E|CS|TAMS 0x000000008cc00000, 0x000000008cc00000| Complete 
| 205|0x000000008cd00000, 0x000000008ce00000, 0x000000008ce00000|100%| E|CS|TAMS 0x000000008cd00000, 0x000000008cd00000| Complete 
| 206|0x000000008ce00000, 0x000000008cf00000, 0x000000008cf00000|100%| E|CS|TAMS 0x000000008ce00000, 0x000000008ce00000| Complete 
| 207|0x000000008cf00000, 0x000000008d000000, 0x000000008d000000|100%| E|CS|TAMS 0x000000008cf00000, 0x000000008cf00000| Complete 
| 208|0x000000008d000000, 0x000000008d100000, 0x000000008d100000|100%| E|CS|TAMS 0x000000008d000000, 0x000000008d000000| Complete 
| 209|0x000000008d100000, 0x000000008d200000, 0x000000008d200000|100%| E|CS|TAMS 0x000000008d100000, 0x000000008d100000| Complete 
| 210|0x000000008d200000, 0x000000008d300000, 0x000000008d300000|100%| E|CS|TAMS 0x000000008d200000, 0x000000008d200000| Complete 
| 211|0x000000008d300000, 0x000000008d400000, 0x000000008d400000|100%| E|CS|TAMS 0x000000008d300000, 0x000000008d300000| Complete 
| 212|0x000000008d400000, 0x000000008d500000, 0x000000008d500000|100%| E|CS|TAMS 0x000000008d400000, 0x000000008d400000| Complete 
| 213|0x000000008d500000, 0x000000008d600000, 0x000000008d600000|100%| E|CS|TAMS 0x000000008d500000, 0x000000008d500000| Complete 
| 214|0x000000008d600000, 0x000000008d700000, 0x000000008d700000|100%| E|CS|TAMS 0x000000008d600000, 0x000000008d600000| Complete 
| 215|0x000000008d700000, 0x000000008d800000, 0x000000008d800000|100%| E|CS|TAMS 0x000000008d700000, 0x000000008d700000| Complete 
| 216|0x000000008d800000, 0x000000008d900000, 0x000000008d900000|100%| E|CS|TAMS 0x000000008d800000, 0x000000008d800000| Complete 
| 217|0x000000008d900000, 0x000000008da00000, 0x000000008da00000|100%| E|CS|TAMS 0x000000008d900000, 0x000000008d900000| Complete 
| 218|0x000000008da00000, 0x000000008db00000, 0x000000008db00000|100%| E|CS|TAMS 0x000000008da00000, 0x000000008da00000| Complete 
| 219|0x000000008db00000, 0x000000008dc00000, 0x000000008dc00000|100%| E|CS|TAMS 0x000000008db00000, 0x000000008db00000| Complete 
| 220|0x000000008dc00000, 0x000000008dd00000, 0x000000008dd00000|100%| E|CS|TAMS 0x000000008dc00000, 0x000000008dc00000| Complete 
| 221|0x000000008dd00000, 0x000000008de00000, 0x000000008de00000|100%| E|CS|TAMS 0x000000008dd00000, 0x000000008dd00000| Complete 
| 222|0x000000008de00000, 0x000000008df00000, 0x000000008df00000|100%| E|CS|TAMS 0x000000008de00000, 0x000000008de00000| Complete 
| 223|0x000000008df00000, 0x000000008e000000, 0x000000008e000000|100%| E|CS|TAMS 0x000000008df00000, 0x000000008df00000| Complete 
| 224|0x000000008e000000, 0x000000008e100000, 0x000000008e100000|100%| E|CS|TAMS 0x000000008e000000, 0x000000008e000000| Complete 
| 225|0x000000008e100000, 0x000000008e200000, 0x000000008e200000|100%| E|CS|TAMS 0x000000008e100000, 0x000000008e100000| Complete 
| 226|0x000000008e200000, 0x000000008e300000, 0x000000008e300000|100%| E|CS|TAMS 0x000000008e200000, 0x000000008e200000| Complete 
| 227|0x000000008e300000, 0x000000008e400000, 0x000000008e400000|100%| E|CS|TAMS 0x000000008e300000, 0x000000008e300000| Complete 
| 228|0x000000008e400000, 0x000000008e500000, 0x000000008e500000|100%| E|CS|TAMS 0x000000008e400000, 0x000000008e400000| Complete 
| 229|0x000000008e500000, 0x000000008e600000, 0x000000008e600000|100%| E|  |TAMS 0x000000008e500000, 0x000000008e500000| Complete 
| 230|0x000000008e600000, 0x000000008e700000, 0x000000008e700000|100%| E|CS|TAMS 0x000000008e600000, 0x000000008e600000| Complete 
| 231|0x000000008e700000, 0x000000008e800000, 0x000000008e800000|100%| E|CS|TAMS 0x000000008e700000, 0x000000008e700000| Complete 
| 232|0x000000008e800000, 0x000000008e900000, 0x000000008e900000|100%| E|CS|TAMS 0x000000008e800000, 0x000000008e800000| Complete 
| 233|0x000000008e900000, 0x000000008ea00000, 0x000000008ea00000|100%| E|CS|TAMS 0x000000008e900000, 0x000000008e900000| Complete 
| 234|0x000000008ea00000, 0x000000008eb00000, 0x000000008eb00000|100%| E|CS|TAMS 0x000000008ea00000, 0x000000008ea00000| Complete 
| 235|0x000000008eb00000, 0x000000008ec00000, 0x000000008ec00000|100%| E|CS|TAMS 0x000000008eb00000, 0x000000008eb00000| Complete 
| 236|0x000000008ec00000, 0x000000008ed00000, 0x000000008ed00000|100%| E|CS|TAMS 0x000000008ec00000, 0x000000008ec00000| Complete 
| 237|0x000000008ed00000, 0x000000008ee00000, 0x000000008ee00000|100%| E|CS|TAMS 0x000000008ed00000, 0x000000008ed00000| Complete 
| 238|0x000000008ee00000, 0x000000008ef00000, 0x000000008ef00000|100%| E|CS|TAMS 0x000000008ee00000, 0x000000008ee00000| Complete 
| 239|0x000000008ef00000, 0x000000008f000000, 0x000000008f000000|100%| E|CS|TAMS 0x000000008ef00000, 0x000000008ef00000| Complete 
| 240|0x000000008f000000, 0x000000008f100000, 0x000000008f100000|100%| E|CS|TAMS 0x000000008f000000, 0x000000008f000000| Complete 
| 241|0x000000008f100000, 0x000000008f200000, 0x000000008f200000|100%| E|CS|TAMS 0x000000008f100000, 0x000000008f100000| Complete 
| 242|0x000000008f200000, 0x000000008f300000, 0x000000008f300000|100%| E|CS|TAMS 0x000000008f200000, 0x000000008f200000| Complete 
| 243|0x000000008f300000, 0x000000008f400000, 0x000000008f400000|100%| E|CS|TAMS 0x000000008f300000, 0x000000008f300000| Complete 
| 244|0x000000008f400000, 0x000000008f500000, 0x000000008f500000|100%| E|CS|TAMS 0x000000008f400000, 0x000000008f400000| Complete 
| 245|0x000000008f500000, 0x000000008f600000, 0x000000008f600000|100%| E|CS|TAMS 0x000000008f500000, 0x000000008f500000| Complete 
| 246|0x000000008f600000, 0x000000008f700000, 0x000000008f700000|100%| E|CS|TAMS 0x000000008f600000, 0x000000008f600000| Complete 
| 247|0x000000008f700000, 0x000000008f800000, 0x000000008f800000|100%| E|CS|TAMS 0x000000008f700000, 0x000000008f700000| Complete 
| 248|0x000000008f800000, 0x000000008f900000, 0x000000008f900000|100%| E|CS|TAMS 0x000000008f800000, 0x000000008f800000| Complete 
| 249|0x000000008f900000, 0x000000008fa00000, 0x000000008fa00000|100%| E|CS|TAMS 0x000000008f900000, 0x000000008f900000| Complete 
| 250|0x000000008fa00000, 0x000000008fb00000, 0x000000008fb00000|100%| E|CS|TAMS 0x000000008fa00000, 0x000000008fa00000| Complete 
| 251|0x000000008fb00000, 0x000000008fc00000, 0x000000008fc00000|100%| E|CS|TAMS 0x000000008fb00000, 0x000000008fb00000| Complete 
| 252|0x000000008fc00000, 0x000000008fd00000, 0x000000008fd00000|100%| E|CS|TAMS 0x000000008fc00000, 0x000000008fc00000| Complete 
| 253|0x000000008fd00000, 0x000000008fe00000, 0x000000008fe00000|100%| E|CS|TAMS 0x000000008fd00000, 0x000000008fd00000| Complete 
| 254|0x000000008fe00000, 0x000000008ff00000, 0x000000008ff00000|100%| E|CS|TAMS 0x000000008fe00000, 0x000000008fe00000| Complete 
| 255|0x000000008ff00000, 0x0000000090000000, 0x0000000090000000|100%| E|CS|TAMS 0x000000008ff00000, 0x000000008ff00000| Complete 
| 256|0x0000000090000000, 0x0000000090100000, 0x0000000090100000|100%| E|CS|TAMS 0x0000000090000000, 0x0000000090000000| Complete 
| 257|0x0000000090100000, 0x0000000090200000, 0x0000000090200000|100%| E|CS|TAMS 0x0000000090100000, 0x0000000090100000| Complete 
| 258|0x0000000090200000, 0x0000000090300000, 0x0000000090300000|100%| E|CS|TAMS 0x0000000090200000, 0x0000000090200000| Complete 
| 259|0x0000000090300000, 0x0000000090400000, 0x0000000090400000|100%| E|CS|TAMS 0x0000000090300000, 0x0000000090300000| Complete 
| 260|0x0000000090400000, 0x00000000904a7fc0, 0x0000000090500000| 65%| S|CS|TAMS 0x0000000090400000, 0x0000000090400000| Complete 
| 261|0x0000000090500000, 0x0000000090600000, 0x0000000090600000|100%| E|CS|TAMS 0x0000000090500000, 0x0000000090500000| Complete 
| 262|0x0000000090600000, 0x0000000090700000, 0x0000000090700000|100%| E|CS|TAMS 0x0000000090600000, 0x0000000090600000| Complete 
| 263|0x0000000090700000, 0x0000000090800000, 0x0000000090800000|100%| E|CS|TAMS 0x0000000090700000, 0x0000000090700000| Complete 
| 264|0x0000000090800000, 0x0000000090900000, 0x0000000090900000|100%| E|CS|TAMS 0x0000000090800000, 0x0000000090800000| Complete 
| 265|0x0000000090900000, 0x0000000090a00000, 0x0000000090a00000|100%| E|CS|TAMS 0x0000000090900000, 0x0000000090900000| Complete 
| 266|0x0000000090a00000, 0x0000000090b00000, 0x0000000090b00000|100%| E|CS|TAMS 0x0000000090a00000, 0x0000000090a00000| Complete 
| 267|0x0000000090b00000, 0x0000000090c00000, 0x0000000090c00000|100%| E|CS|TAMS 0x0000000090b00000, 0x0000000090b00000| Complete 
| 268|0x0000000090c00000, 0x0000000090d00000, 0x0000000090d00000|100%| E|CS|TAMS 0x0000000090c00000, 0x0000000090c00000| Complete 
| 269|0x0000000090d00000, 0x0000000090e00000, 0x0000000090e00000|100%| E|CS|TAMS 0x0000000090d00000, 0x0000000090d00000| Complete 

Card table byte_map: [0x0000023477860000,0x0000023477c60000] _byte_map_base: 0x0000023477460000

Marking Bits (Prev, Next): (CMBitMap*) 0x000002346dd2abc0, (CMBitMap*) 0x000002346dd2ab80
 Prev Bits: [0x000002347a060000, 0x000002347c060000)
 Next Bits: [0x0000023478060000, 0x000002347a060000)

Polling page: 0x000002346da40000

Metaspace:

Usage:
  Non-class:     84.39 MB used.
      Class:     13.26 MB used.
       Both:     97.65 MB used.

Virtual space:
  Non-class space:      128.00 MB reserved,      85.00 MB ( 66%) committed,  2 nodes.
      Class space:      416.00 MB reserved,      13.75 MB (  3%) committed,  1 nodes.
             Both:      544.00 MB reserved,      98.75 MB ( 18%) committed. 

Chunk freelists:
   Non-Class:  10.94 MB
       Class:  2.16 MB
        Both:  13.09 MB

MaxMetaspaceSize: 512.00 MB
CompressedClassSpaceSize: 416.00 MB
Initial GC threshold: 21.00 MB
Current GC threshold: 151.56 MB
CDS: on
MetaspaceReclaimPolicy: balanced
 - commit_granule_bytes: 65536.
 - commit_granule_words: 8192.
 - virtual_space_node_default_size: 8388608.
 - enlarge_chunks_in_place: 1.
 - new_chunks_are_fully_committed: 0.
 - uncommit_free_chunks: 1.
 - use_allocation_guard: 0.
 - handle_deallocations: 1.


Internal statistics:

num_allocs_failed_limit: 3.
num_arena_births: 1402.
num_arena_deaths: 0.
num_vsnodes_births: 3.
num_vsnodes_deaths: 0.
num_space_committed: 1579.
num_space_uncommitted: 0.
num_chunks_returned_to_freelist: 3.
num_chunks_taken_from_freelist: 5915.
num_chunk_merges: 0.
num_chunk_splits: 3823.
num_chunks_enlarged: 2422.
num_inconsistent_stats: 0.

CodeHeap 'non-profiled nmethods': size=120000Kb used=9424Kb max_used=9424Kb free=110575Kb
 bounds [0x0000023407ad0000, 0x0000023408410000, 0x000002340f000000]
CodeHeap 'profiled nmethods': size=120000Kb used=22473Kb max_used=22473Kb free=97526Kb
 bounds [0x0000023400000000, 0x0000023401600000, 0x0000023407530000]
CodeHeap 'non-nmethods': size=5760Kb used=2423Kb max_used=2465Kb free=3336Kb
 bounds [0x0000023407530000, 0x00000234077a0000, 0x0000023407ad0000]
 total_blobs=12821 nmethods=11865 adapters=867
 compilation: enabled
              stopped_count=0, restarted_count=0
 full_count=0

Compilation events (20 events):
Event: 264.873 Thread 0x000002347e665490 nmethod 14085 0x0000023408402790 code [0x0000023408402900, 0x0000023408402978]
Event: 264.874 Thread 0x000002347e665490 14086       4       java.lang.invoke.MemberName::init (67 bytes)
Event: 264.878 Thread 0x000002347e665490 nmethod 14086 0x0000023408402a90 code [0x0000023408402c00, 0x0000023408402f18]
Event: 264.955 Thread 0x000002347e66b6e0 14090       3       jdk.management.jfr.internal.FlightRecorderMXBeanProvider$SingleMBeanComponent::mbeanInterfaceNames (11 bytes)
Event: 264.956 Thread 0x000002347e66b6e0 nmethod 14090 0x00000234015ee890 code [0x00000234015eea80, 0x00000234015eef08]
Event: 265.233 Thread 0x000002347e66b6e0 14091       3       org.gradle.internal.time.DefaultTimer::reset (14 bytes)
Event: 265.233 Thread 0x000002347e66b6e0 nmethod 14091 0x00000234015ef110 code [0x00000234015ef2c0, 0x00000234015ef4b8]
Event: 265.247 Thread 0x000002347e66b6e0 14092       3       org.gradle.cache.internal.filelock.LockInfo::<init> (22 bytes)
Event: 265.248 Thread 0x000002347e66b6e0 nmethod 14092 0x00000234015ef610 code [0x00000234015ef7c0, 0x00000234015efa18]
Event: 265.314 Thread 0x000002347e665490 14093       4       jdk.internal.org.objectweb.asm.MethodWriter::computeAllFrames (510 bytes)
Event: 265.325 Thread 0x000002347e66b6e0 14094       1       jdk.internal.loader.AbstractClassLoaderValue$Sub::key (5 bytes)
Event: 265.325 Thread 0x000002347e66b6e0 nmethod 14094 0x0000023408403d90 code [0x0000023408403f20, 0x0000023408403ff8]
Event: 265.333 Thread 0x000002347e66b6e0 14096       1       java.lang.reflect.ProxyGenerator::getClassLoader (5 bytes)
Event: 265.333 Thread 0x000002347e66b6e0 nmethod 14096 0x0000023408404090 code [0x0000023408404220, 0x00000234084042f8]
Event: 265.333 Thread 0x000002347e66b6e0 14097       3       jdk.internal.org.objectweb.asm.MethodWriter::visitJumpInsn (495 bytes)
Event: 265.336 Thread 0x000002347e66b6e0 nmethod 14097 0x00000234015efb10 code [0x00000234015efe40, 0x00000234015f0d88]
Event: 265.336 Thread 0x000002347e66b6e0 14098       3       jdk.internal.org.objectweb.asm.Label::put (83 bytes)
Event: 265.336 Thread 0x000002347e66b6e0 nmethod 14098 0x00000234015f1390 code [0x00000234015f15c0, 0x00000234015f19d8]
Event: 265.336 Thread 0x000002347e66b6e0 14099       3       jdk.internal.org.objectweb.asm.Label::addForwardReference (102 bytes)
Event: 265.337 Thread 0x000002347e66b6e0 nmethod 14099 0x00000234015f1b90 code [0x00000234015f1d60, 0x00000234015f2268]

GC Heap History (20 events):
Event: 211.262 GC heap before
{Heap before GC invocations=80 (full 0):
 garbage-first heap   total 196608K, used 167257K [0x0000000080000000, 0x0000000100000000)
  region size 1024K, 67 young (68608K), 8 survivors (8192K)
 Metaspace       used 81543K, committed 82496K, reserved 557056K
  class space    used 11159K, committed 11584K, reserved 425984K
}
Event: 211.350 GC heap after
{Heap after GC invocations=81 (full 0):
 garbage-first heap   total 196608K, used 108727K [0x0000000080000000, 0x0000000100000000)
  region size 1024K, 7 young (7168K), 7 survivors (7168K)
 Metaspace       used 81543K, committed 82496K, reserved 557056K
  class space    used 11159K, committed 11584K, reserved 425984K
}
Event: 226.401 GC heap before
{Heap before GC invocations=81 (full 0):
 garbage-first heap   total 196608K, used 165047K [0x0000000080000000, 0x0000000100000000)
  region size 1024K, 62 young (63488K), 7 survivors (7168K)
 Metaspace       used 86049K, committed 86912K, reserved 557056K
  class space    used 11759K, committed 12160K, reserved 425984K
}
Event: 226.520 GC heap after
{Heap after GC invocations=82 (full 0):
 garbage-first heap   total 196608K, used 111009K [0x0000000080000000, 0x0000000100000000)
  region size 1024K, 5 young (5120K), 5 survivors (5120K)
 Metaspace       used 86049K, committed 86912K, reserved 557056K
  class space    used 11759K, committed 12160K, reserved 425984K
}
Event: 239.921 GC heap before
{Heap before GC invocations=83 (full 0):
 garbage-first heap   total 208896K, used 165281K [0x0000000080000000, 0x0000000100000000)
  region size 1024K, 58 young (59392K), 5 survivors (5120K)
 Metaspace       used 88608K, committed 89536K, reserved 557056K
  class space    used 12151K, committed 12544K, reserved 425984K
}
Event: 239.978 GC heap after
{Heap after GC invocations=84 (full 0):
 garbage-first heap   total 208896K, used 113413K [0x0000000080000000, 0x0000000100000000)
  region size 1024K, 5 young (5120K), 5 survivors (5120K)
 Metaspace       used 88608K, committed 89536K, reserved 557056K
  class space    used 12151K, committed 12544K, reserved 425984K
}
Event: 240.274 GC heap before
{Heap before GC invocations=84 (full 0):
 garbage-first heap   total 208896K, used 118533K [0x0000000080000000, 0x0000000100000000)
  region size 1024K, 10 young (10240K), 5 survivors (5120K)
 Metaspace       used 88774K, committed 89728K, reserved 557056K
  class space    used 12172K, committed 12608K, reserved 425984K
}
Event: 240.305 GC heap after
{Heap after GC invocations=85 (full 0):
 garbage-first heap   total 208896K, used 114231K [0x0000000080000000, 0x0000000100000000)
  region size 1024K, 1 young (1024K), 1 survivors (1024K)
 Metaspace       used 88774K, committed 89728K, reserved 557056K
  class space    used 12172K, committed 12608K, reserved 425984K
}
Event: 243.667 GC heap before
{Heap before GC invocations=85 (full 0):
 garbage-first heap   total 208896K, used 176695K [0x0000000080000000, 0x0000000100000000)
  region size 1024K, 62 young (63488K), 1 survivors (1024K)
 Metaspace       used 89645K, committed 90560K, reserved 557056K
  class space    used 12278K, committed 12736K, reserved 425984K
}
Event: 243.698 GC heap after
{Heap after GC invocations=86 (full 0):
 garbage-first heap   total 208896K, used 117447K [0x0000000080000000, 0x0000000100000000)
  region size 1024K, 5 young (5120K), 5 survivors (5120K)
 Metaspace       used 89645K, committed 90560K, reserved 557056K
  class space    used 12278K, committed 12736K, reserved 425984K
}
Event: 246.112 GC heap before
{Heap before GC invocations=86 (full 0):
 garbage-first heap   total 208896K, used 175815K [0x0000000080000000, 0x0000000100000000)
  region size 1024K, 62 young (63488K), 5 survivors (5120K)
 Metaspace       used 90191K, committed 91200K, reserved 557056K
  class space    used 12345K, committed 12800K, reserved 425984K
}
Event: 246.135 GC heap after
{Heap after GC invocations=87 (full 0):
 garbage-first heap   total 208896K, used 122074K [0x0000000080000000, 0x0000000100000000)
  region size 1024K, 8 young (8192K), 8 survivors (8192K)
 Metaspace       used 90191K, committed 91200K, reserved 557056K
  class space    used 12345K, committed 12800K, reserved 425984K
}
Event: 248.144 GC heap before
{Heap before GC invocations=87 (full 0):
 garbage-first heap   total 208896K, used 174298K [0x0000000080000000, 0x0000000100000000)
  region size 1024K, 60 young (61440K), 8 survivors (8192K)
 Metaspace       used 90447K, committed 91520K, reserved 557056K
  class space    used 12375K, committed 12864K, reserved 425984K
}
Event: 248.203 GC heap after
{Heap after GC invocations=88 (full 0):
 garbage-first heap   total 208896K, used 125793K [0x0000000080000000, 0x0000000100000000)
  region size 1024K, 4 young (4096K), 4 survivors (4096K)
 Metaspace       used 90447K, committed 91520K, reserved 557056K
  class space    used 12375K, committed 12864K, reserved 425984K
}
Event: 250.949 GC heap before
{Heap before GC invocations=88 (full 0):
 garbage-first heap   total 208896K, used 175969K [0x0000000080000000, 0x0000000100000000)
  region size 1024K, 53 young (54272K), 4 survivors (4096K)
 Metaspace       used 91262K, committed 92352K, reserved 557056K
  class space    used 12487K, committed 12992K, reserved 425984K
}
Event: 250.983 GC heap after
{Heap after GC invocations=89 (full 0):
 garbage-first heap   total 208896K, used 127093K [0x0000000080000000, 0x0000000100000000)
  region size 1024K, 5 young (5120K), 5 survivors (5120K)
 Metaspace       used 91262K, committed 92352K, reserved 557056K
  class space    used 12487K, committed 12992K, reserved 425984K
}
Event: 256.902 GC heap before
{Heap before GC invocations=90 (full 0):
 garbage-first heap   total 230400K, used 174197K [0x0000000080000000, 0x0000000100000000)
  region size 1024K, 52 young (53248K), 5 survivors (5120K)
 Metaspace       used 94525K, committed 95552K, reserved 557056K
  class space    used 12952K, committed 13440K, reserved 425984K
}
Event: 256.965 GC heap after
{Heap after GC invocations=91 (full 0):
 garbage-first heap   total 276480K, used 128419K [0x0000000080000000, 0x0000000100000000)
  region size 1024K, 4 young (4096K), 4 survivors (4096K)
 Metaspace       used 94525K, committed 95552K, reserved 557056K
  class space    used 12952K, committed 13440K, reserved 425984K
}
Event: 257.705 GC heap before
{Heap before GC invocations=91 (full 0):
 garbage-first heap   total 276480K, used 137635K [0x0000000080000000, 0x0000000100000000)
  region size 1024K, 13 young (13312K), 4 survivors (4096K)
 Metaspace       used 95048K, committed 96128K, reserved 557056K
  class space    used 13035K, committed 13568K, reserved 425984K
}
Event: 257.731 GC heap after
{Heap after GC invocations=92 (full 0):
 garbage-first heap   total 276480K, used 128622K [0x0000000080000000, 0x0000000100000000)
  region size 1024K, 1 young (1024K), 1 survivors (1024K)
 Metaspace       used 95048K, committed 96128K, reserved 557056K
  class space    used 13035K, committed 13568K, reserved 425984K
}

Dll operation events (15 events):
Event: 0.056 Loaded shared library C:\Program Files\Eclipse Adoptium\jdk-17.0.19.10-hotspot\bin\java.dll
Event: 0.093 Loaded shared library C:\Program Files\Eclipse Adoptium\jdk-17.0.19.10-hotspot\bin\jsvml.dll
Event: 0.966 Loaded shared library C:\Program Files\Eclipse Adoptium\jdk-17.0.19.10-hotspot\bin\zip.dll
Event: 1.000 Loaded shared library C:\Program Files\Eclipse Adoptium\jdk-17.0.19.10-hotspot\bin\instrument.dll
Event: 1.052 Loaded shared library C:\Program Files\Eclipse Adoptium\jdk-17.0.19.10-hotspot\bin\net.dll
Event: 1.099 Loaded shared library C:\Program Files\Eclipse Adoptium\jdk-17.0.19.10-hotspot\bin\nio.dll
Event: 1.103 Loaded shared library C:\Program Files\Eclipse Adoptium\jdk-17.0.19.10-hotspot\bin\zip.dll
Event: 2.433 Loaded shared library C:\Program Files\Eclipse Adoptium\jdk-17.0.19.10-hotspot\bin\jimage.dll
Event: 3.216 Loaded shared library C:\Program Files\Eclipse Adoptium\jdk-17.0.19.10-hotspot\bin\verify.dll
Event: 3.761 Loaded shared library C:\Users\HP\.gradle\native\1def1411415f61bf3af743bc5b6707747c0891f09f0c88961ee8f79bc544acac\windows-amd64\native-platform.dll
Event: 3.817 Loaded shared library C:\Users\HP\.gradle\native\0.2.7\x86_64-windows-gnu\gradle-fileevents.dll
Event: 15.742 Loaded shared library C:\Program Files\Eclipse Adoptium\jdk-17.0.19.10-hotspot\bin\management.dll
Event: 15.778 Loaded shared library C:\Program Files\Eclipse Adoptium\jdk-17.0.19.10-hotspot\bin\management_ext.dll
Event: 16.871 Loaded shared library C:\Program Files\Eclipse Adoptium\jdk-17.0.19.10-hotspot\bin\extnet.dll
Event: 20.312 Loaded shared library C:\Program Files\Eclipse Adoptium\jdk-17.0.19.10-hotspot\bin\sunmscapi.dll

Deoptimization events (20 events):
Event: 264.585 Thread 0x000002342e2e4850 Uncommon trap: trap_request=0xffffffde fr.pc=0x0000023407f888ac relative=0x000000000000228c
Event: 264.585 Thread 0x000002342e2e4850 Uncommon trap: reason=class_check action=maybe_recompile pc=0x0000023407f888ac method=org.gradle.internal.logging.sink.OutputEventTransformer.onOutput(Lorg/gradle/internal/logging/events/OutputEvent;)V @ 215 c2
Event: 264.585 Thread 0x000002342e2e4850 DEOPT PACKING pc=0x0000023407f888ac sp=0x0000008effafa2a0
Event: 264.585 Thread 0x000002342e2e4850 DEOPT UNPACKING pc=0x00000234075869a3 sp=0x0000008effafa2b8 mode 2
Event: 264.630 Thread 0x000002342e2e4850 Uncommon trap: trap_request=0xffffff45 fr.pc=0x00000234081e3820 relative=0x0000000000000080
Event: 264.630 Thread 0x000002342e2e4850 Uncommon trap: reason=unstable_if action=reinterpret pc=0x00000234081e3820 method=org.gradle.tooling.internal.provider.runner.BuildPhaseOperationListener.started(Lorg/gradle/internal/operations/BuildOperationDescriptor;Lorg/gradle/internal/operations/Oper
Event: 264.630 Thread 0x000002342e2e4850 DEOPT PACKING pc=0x00000234081e3820 sp=0x0000008effafc2d0
Event: 264.630 Thread 0x000002342e2e4850 DEOPT UNPACKING pc=0x00000234075869a3 sp=0x0000008effafc260 mode 2
Event: 264.940 Thread 0x0000023432b6cc60 Uncommon trap: trap_request=0xffffff45 fr.pc=0x0000023407c9ef70 relative=0x0000000000000610
Event: 264.940 Thread 0x0000023432b6cc60 Uncommon trap: reason=unstable_if action=reinterpret pc=0x0000023407c9ef70 method=java.util.HashMap$HashIterator.<init>(Ljava/util/HashMap;)V @ 45 c2
Event: 264.940 Thread 0x0000023432b6cc60 DEOPT PACKING pc=0x0000023407c9ef70 sp=0x0000008e83cfed90
Event: 264.940 Thread 0x0000023432b6cc60 DEOPT UNPACKING pc=0x00000234075869a3 sp=0x0000008e83cfec20 mode 2
Event: 264.940 Thread 0x0000023432b6eac0 Uncommon trap: trap_request=0xffffff45 fr.pc=0x0000023407c4d670 relative=0x0000000000000350
Event: 264.940 Thread 0x0000023432b6eac0 Uncommon trap: reason=unstable_if action=reinterpret pc=0x0000023407c4d670 method=java.util.HashMap$HashIterator.<init>(Ljava/util/HashMap;)V @ 45 c2
Event: 264.940 Thread 0x0000023432b6eac0 DEOPT PACKING pc=0x0000023407c4d670 sp=0x0000008e83bff140
Event: 264.942 Thread 0x0000023432b6eac0 DEOPT UNPACKING pc=0x00000234075869a3 sp=0x0000008e83bff0f8 mode 2
Event: 265.034 Thread 0x0000023432b6d680 Uncommon trap: trap_request=0xffffffc6 fr.pc=0x0000023407e6304c relative=0x000000000000008c
Event: 265.034 Thread 0x0000023432b6d680 Uncommon trap: reason=bimorphic_or_optimized_type_check action=maybe_recompile pc=0x0000023407e6304c method=java.util.Collections$SetFromMap.remove(Ljava/lang/Object;)Z @ 5 c2
Event: 265.034 Thread 0x0000023432b6d680 DEOPT PACKING pc=0x0000023407e6304c sp=0x0000008e83afde20
Event: 265.036 Thread 0x0000023432b6d680 DEOPT UNPACKING pc=0x00000234075869a3 sp=0x0000008e83afddb8 mode 2

Classes loaded (20 events):
Event: 260.415 Loading class java/util/TreeSetBeanInfo
Event: 260.419 Loading class java/util/TreeSetBeanInfo done
Event: 260.432 Loading class java/util/TreeSetBeanInfo
Event: 260.432 Loading class java/util/TreeSetBeanInfo done
Event: 260.433 Loading class java/util/AbstractSetBeanInfo
Event: 260.433 Loading class java/util/AbstractSetBeanInfo done
Event: 260.435 Loading class java/util/AbstractSetBeanInfo
Event: 260.435 Loading class java/util/AbstractSetBeanInfo done
Event: 260.435 Loading class java/util/AbstractSetCustomizer
Event: 260.442 Loading class java/util/AbstractSetCustomizer done
Event: 260.446 Loading class java/util/AbstractSetCustomizer
Event: 260.446 Loading class java/util/AbstractSetCustomizer done
Event: 260.450 Loading class java/util/TreeSetCustomizer
Event: 260.451 Loading class java/util/TreeSetCustomizer done
Event: 260.452 Loading class java/util/TreeSetCustomizer
Event: 260.452 Loading class java/util/TreeSetCustomizer done
Event: 263.378 Loading class java/nio/channels/Channels$1
Event: 263.380 Loading class java/nio/channels/Channels$1 done
Event: 263.387 Loading class java/util/concurrent/ConcurrentLinkedQueue$Itr
Event: 263.388 Loading class java/util/concurrent/ConcurrentLinkedQueue$Itr done

Classes unloaded (0 events):
No events

Classes redefined (0 events):
No events

Internal exceptions (20 events):
Event: 257.892 Thread 0x000002342e2e4850 Exception <a 'java/lang/ClassNotFoundException'{0x0000000090bcbea8}: org/jetbrains/kotlin/gradle/dsl/KotlinJvmCompilerOptionsDefault_DecoratedBeanInfo> (0x0000000090bcbea8) 
thrown [s\src\hotspot\share\classfile\systemDictionary.cpp, line 256]
Event: 257.896 Thread 0x000002342e2e4850 Exception <a 'java/lang/ClassNotFoundException'{0x0000000090bdf1d0}: org/jetbrains/kotlin/gradle/dsl/KotlinJvmCompilerOptionsDefaultBeanInfo> (0x0000000090bdf1d0) 
thrown [s\src\hotspot\share\classfile\systemDictionary.cpp, line 256]
Event: 257.899 Thread 0x000002342e2e4850 Exception <a 'java/lang/ClassNotFoundException'{0x0000000090bf27d8}: org/jetbrains/kotlin/gradle/dsl/KotlinCommonCompilerOptionsDefaultBeanInfo> (0x0000000090bf27d8) 
thrown [s\src\hotspot\share\classfile\systemDictionary.cpp, line 256]
Event: 257.900 Thread 0x000002342e2e4850 Exception <a 'java/lang/ClassNotFoundException'{0x0000000090a060a0}: org/jetbrains/kotlin/gradle/dsl/KotlinCommonCompilerToolOptionsDefaultBeanInfo> (0x0000000090a060a0) 
thrown [s\src\hotspot\share\classfile\systemDictionary.cpp, line 256]
Event: 257.904 Thread 0x000002342e2e4850 Exception <a 'java/lang/ClassNotFoundException'{0x0000000090a198a8}: org/jetbrains/kotlin/gradle/dsl/KotlinCommonCompilerToolOptionsDefaultCustomizer> (0x0000000090a198a8) 
thrown [s\src\hotspot\share\classfile\systemDictionary.cpp, line 256]
Event: 257.907 Thread 0x000002342e2e4850 Exception <a 'java/lang/ClassNotFoundException'{0x0000000090a36240}: org/jetbrains/kotlin/gradle/dsl/KotlinCommonCompilerOptionsDefaultCustomizer> (0x0000000090a36240) 
thrown [s\src\hotspot\share\classfile\systemDictionary.cpp, line 256]
Event: 257.911 Thread 0x000002342e2e4850 Exception <a 'java/lang/ClassNotFoundException'{0x0000000090a55ca8}: org/jetbrains/kotlin/gradle/dsl/KotlinJvmCompilerOptionsDefaultCustomizer> (0x0000000090a55ca8) 
thrown [s\src\hotspot\share\classfile\systemDictionary.cpp, line 256]
Event: 257.914 Thread 0x000002342e2e4850 Exception <a 'java/lang/ClassNotFoundException'{0x0000000090a783f8}: org/jetbrains/kotlin/gradle/dsl/KotlinJvmCompilerOptionsDefault_DecoratedCustomizer> (0x0000000090a783f8) 
thrown [s\src\hotspot\share\classfile\systemDictionary.cpp, line 256]
Event: 258.173 Thread 0x000002342e2e4850 Exception <a 'java/lang/NoClassDefFoundError'{0x0000000090977328}: org/jetbrains/kotlin/gradle/plugin/KotlinBaseApiPlugin> (0x0000000090977328) 
thrown [s\src\hotspot\share\oops\constantPool.cpp, line 837]
Event: 259.681 Thread 0x000002342e2e4850 Exception <a 'java/lang/NoClassDefFoundError'{0x000000008f597c78}: org/jetbrains/kotlin/gradle/plugin/KotlinBasePluginWrapper> (0x000000008f597c78) 
thrown [s\src\hotspot\share\oops\constantPool.cpp, line 837]
Event: 260.432 Thread 0x000002342e2e4850 Exception <a 'java/lang/ClassNotFoundException'{0x000000008ece2f88}: java/util/TreeSetBeanInfo> (0x000000008ece2f88) 
thrown [s\src\hotspot\share\classfile\systemDictionary.cpp, line 256]
Event: 260.435 Thread 0x000002342e2e4850 Exception <a 'java/lang/ClassNotFoundException'{0x000000008ece8fb8}: java/util/AbstractSetBeanInfo> (0x000000008ece8fb8) 
thrown [s\src\hotspot\share\classfile\systemDictionary.cpp, line 256]
Event: 260.446 Thread 0x000002342e2e4850 Exception <a 'java/lang/ClassNotFoundException'{0x000000008ecef058}: java/util/AbstractSetCustomizer> (0x000000008ecef058) 
thrown [s\src\hotspot\share\classfile\systemDictionary.cpp, line 256]
Event: 260.452 Thread 0x000002342e2e4850 Exception <a 'java/lang/ClassNotFoundException'{0x000000008eb1b6c0}: java/util/TreeSetCustomizer> (0x000000008eb1b6c0) 
thrown [s\src\hotspot\share\classfile\systemDictionary.cpp, line 256]
Event: 262.558 Thread 0x000002342e2e4850 Exception <a 'java/lang/NoSuchMethodError'{0x000000008d603fc0}: static Lcom/android/build/gradle/internal/profile/ProjectData;.<clinit>()V> (0x000000008d603fc0) 
thrown [s\src\hotspot\share\prims\jni.cpp, line 1112]
Event: 263.361 Thread 0x000002342e2e4850 Exception <a 'sun/nio/fs/WindowsException'{0x000000008d302a08}> (0x000000008d302a08) 
thrown [s\src\hotspot\share\prims\jni.cpp, line 516]
Event: 264.122 Thread 0x000002342e2e2f00 Exception <a 'java/lang/NoSuchMethodError'{0x000000008d3a0168}: static Lorg/gradle/tooling/internal/provider/PhasedBuildActionResult;.<clinit>()V> (0x000000008d3a0168) 
thrown [s\src\hotspot\share\prims\jni.cpp, line 1112]
Event: 264.124 Thread 0x000002342e2e2f00 Exception <a 'java/lang/NoSuchMethodError'{0x000000008d3a7f90}: static Lorg/gradle/tooling/internal/provider/serialization/SerializedPayload;.<clinit>()V> (0x000000008d3a7f90) 
thrown [s\src\hotspot\share\prims\jni.cpp, line 1112]
Event: 264.339 Thread 0x000002342e2e4850 Implicit null exception at 0x0000023408006e6d to 0x0000023408006e9c
Event: 264.892 Thread 0x0000023432b6d680 Exception <a 'java/lang/NoSuchMethodError'{0x000000008c90aaa0}: 'java.lang.Object java.lang.invoke.DirectMethodHandle$Holder.newInvokeSpecial(java.lang.Object, java.lang.Object, int, java.lang.Object, java.lang.Object)'> (0x000000008c90aaa0) 
thrown [s\src\hotspot\share\interpreter\linkResolver.cpp, line 759]

VM Operations (20 events):
Event: 256.756 Executing VM operation: HandshakeAllThreads
Event: 256.756 Executing VM operation: HandshakeAllThreads done
Event: 256.900 Executing VM operation: G1CollectForAllocation
Event: 256.965 Executing VM operation: G1CollectForAllocation done
Event: 257.705 Executing VM operation: G1CollectForAllocation
Event: 257.731 Executing VM operation: G1CollectForAllocation done
Event: 258.736 Executing VM operation: Cleanup
Event: 258.751 Executing VM operation: Cleanup done
Event: 259.752 Executing VM operation: Cleanup
Event: 259.752 Executing VM operation: Cleanup done
Event: 260.490 Executing VM operation: HandshakeAllThreads
Event: 260.490 Executing VM operation: HandshakeAllThreads done
Event: 261.498 Executing VM operation: Cleanup
Event: 261.499 Executing VM operation: Cleanup done
Event: 262.508 Executing VM operation: Cleanup
Event: 262.509 Executing VM operation: Cleanup done
Event: 263.515 Executing VM operation: Cleanup
Event: 263.516 Executing VM operation: Cleanup done
Event: 264.528 Executing VM operation: Cleanup
Event: 264.560 Executing VM operation: Cleanup done

Memory protections (0 events):
No events

Nmethod flushes (20 events):
Event: 239.510 Thread 0x000002347e6de650 flushing  nmethod 0x0000023400fa7190
Event: 239.511 Thread 0x000002347e6de650 flushing  nmethod 0x0000023400fc9310
Event: 239.512 Thread 0x000002347e6de650 flushing  nmethod 0x0000023400fd1010
Event: 239.512 Thread 0x000002347e6de650 flushing  nmethod 0x0000023400fd2290
Event: 239.512 Thread 0x000002347e6de650 flushing  nmethod 0x0000023400ffb990
Event: 239.512 Thread 0x000002347e6de650 flushing  nmethod 0x0000023401005a90
Event: 239.512 Thread 0x000002347e6de650 flushing  nmethod 0x000002340100db10
Event: 239.515 Thread 0x000002347e6de650 flushing  nmethod 0x000002340107b710
Event: 239.519 Thread 0x000002347e6de650 flushing  nmethod 0x0000023401143310
Event: 239.519 Thread 0x000002347e6de650 flushing  nmethod 0x0000023401151b90
Event: 239.521 Thread 0x000002347e6de650 flushing  nmethod 0x00000234011b8210
Event: 239.522 Thread 0x000002347e6de650 flushing  nmethod 0x00000234011be210
Event: 239.522 Thread 0x000002347e6de650 flushing  nmethod 0x00000234011c1010
Event: 239.522 Thread 0x000002347e6de650 flushing  nmethod 0x00000234011cce90
Event: 239.525 Thread 0x000002347e6de650 flushing  nmethod 0x00000234011d9090
Event: 239.526 Thread 0x000002347e6de650 flushing  nmethod 0x0000023401235210
Event: 239.526 Thread 0x000002347e6de650 flushing  nmethod 0x000002340124b310
Event: 239.526 Thread 0x000002347e6de650 flushing  nmethod 0x000002340124ca90
Event: 239.529 Thread 0x000002347e6de650 flushing  nmethod 0x00000234012dcd90
Event: 239.529 Thread 0x000002347e6de650 flushing  nmethod 0x00000234012de290

Events (20 events):
Event: 196.134 Thread 0x000002342e2e4850 Thread added: 0x000002342f57b810
Event: 221.553 Thread 0x000002342e2e4850 Thread added: 0x0000023432b694b0
Event: 226.935 Thread 0x000002347eba3e60 Thread exited: 0x000002347eba3e60
Event: 241.701 Thread 0x000002342e2e4850 Thread added: 0x0000023432b68fa0
Event: 241.704 Thread 0x000002342e2e4850 Thread added: 0x0000023432b699c0
Event: 241.705 Thread 0x000002342e2e4850 Thread added: 0x0000023432b69ed0
Event: 243.332 Thread 0x000002342e2e4850 Thread added: 0x0000023432b6a3e0
Event: 243.334 Thread 0x000002342e2e4850 Thread added: 0x0000023432b6a8f0
Event: 243.335 Thread 0x000002342e2e4850 Thread added: 0x0000023432b6ae00
Event: 244.747 Thread 0x000002342e2e4850 Thread added: 0x0000023432b6b310
Event: 244.748 Thread 0x000002342e2e4850 Thread added: 0x0000023432b68580
Event: 244.750 Thread 0x000002342e2e4850 Thread added: 0x0000023432b6e0a0
Event: 245.968 Thread 0x000002342e2e4850 Thread added: 0x0000023432b6c240
Event: 251.370 Thread 0x000002342e2e4850 Thread added: 0x0000023432b6d170
Event: 263.385 Thread 0x000002342e2e4850 Thread added: 0x0000023432b6f9f0
Event: 264.669 Thread 0x000002342e2e4850 Thread added: 0x0000023432b6d680
Event: 264.901 Thread 0x0000023432b6d680 Thread added: 0x0000023432b6eac0
Event: 264.901 Thread 0x0000023432b6d680 Thread added: 0x0000023432b6cc60
Event: 264.901 Thread 0x0000023432b6d680 Thread added: 0x0000023432b6db90
Event: 265.145 Thread 0x0000023432b6d680 Thread added: 0x0000023432b6efd0


Dynamic libraries:
0x00007ff64e470000 - 0x00007ff64e47e000 	C:\Program Files\Eclipse Adoptium\jdk-17.0.19.10-hotspot\bin\java.exe
0x00007ff8d8840000 - 0x00007ff8d8aa6000 	C:\WINDOWS\SYSTEM32\ntdll.dll
0x00007ff8d70f0000 - 0x00007ff8d71b9000 	C:\WINDOWS\System32\KERNEL32.DLL
0x00007ff8d5fe0000 - 0x00007ff8d63e0000 	C:\WINDOWS\System32\KERNELBASE.dll
0x00007ff8d5df0000 - 0x00007ff8d5f3c000 	C:\WINDOWS\System32\ucrtbase.dll
0x00007ff8afd40000 - 0x00007ff8afd58000 	C:\Program Files\Eclipse Adoptium\jdk-17.0.19.10-hotspot\bin\jli.dll
0x00007ff8d6840000 - 0x00007ff8d6a07000 	C:\WINDOWS\System32\USER32.dll
0x00007ff8d5a60000 - 0x00007ff8d5a87000 	C:\WINDOWS\System32\win32u.dll
0x00007ff8d6570000 - 0x00007ff8d659b000 	C:\WINDOWS\System32\GDI32.dll
0x00007ff8d5cc0000 - 0x00007ff8d5de9000 	C:\WINDOWS\System32\gdi32full.dll
0x00007ff8d5c10000 - 0x00007ff8d5cb3000 	C:\WINDOWS\System32\msvcp_win.dll
0x00007ff8af410000 - 0x00007ff8af42e000 	C:\Program Files\Eclipse Adoptium\jdk-17.0.19.10-hotspot\bin\VCRUNTIME140.dll
0x00007ff8c13b0000 - 0x00007ff8c1642000 	C:\WINDOWS\WinSxS\amd64_microsoft.windows.common-controls_6595b64144ccf1df_6.0.26100.8737_none_3e092eaee333b772\COMCTL32.dll
0x00007ff8d6fb0000 - 0x00007ff8d7059000 	C:\WINDOWS\System32\msvcrt.dll
0x00007ff8d6b30000 - 0x00007ff8d6b62000 	C:\WINDOWS\System32\IMM32.DLL
0x00007ff8c7550000 - 0x00007ff8c755c000 	C:\Program Files\Eclipse Adoptium\jdk-17.0.19.10-hotspot\bin\vcruntime140_1.dll
0x00007ff873c20000 - 0x00007ff873cad000 	C:\Program Files\Eclipse Adoptium\jdk-17.0.19.10-hotspot\bin\msvcp140.dll
0x00007ff84bc50000 - 0x00007ff84c8bc000 	C:\Program Files\Eclipse Adoptium\jdk-17.0.19.10-hotspot\bin\server\jvm.dll
0x00007ff8d6b70000 - 0x00007ff8d6c27000 	C:\WINDOWS\System32\ADVAPI32.dll
0x00007ff8d72b0000 - 0x00007ff8d735a000 	C:\WINDOWS\System32\sechost.dll
0x00007ff8d6640000 - 0x00007ff8d6758000 	C:\WINDOWS\System32\RPCRT4.dll
0x00007ff8d6760000 - 0x00007ff8d67e0000 	C:\WINDOWS\System32\WS2_32.dll
0x00007ff8d58e0000 - 0x00007ff8d593e000 	C:\WINDOWS\SYSTEM32\POWRPROF.dll
0x00007ff8ce9b0000 - 0x00007ff8ce9e6000 	C:\WINDOWS\SYSTEM32\WINMM.dll
0x00007ff8ce9f0000 - 0x00007ff8ce9fb000 	C:\WINDOWS\SYSTEM32\VERSION.dll
0x00007ff8d58c0000 - 0x00007ff8d58d4000 	C:\WINDOWS\SYSTEM32\UMPDC.dll
0x00007ff8d4700000 - 0x00007ff8d471b000 	C:\WINDOWS\SYSTEM32\kernel.appcore.dll
0x00007ff8b01f0000 - 0x00007ff8b01fa000 	C:\Program Files\Eclipse Adoptium\jdk-17.0.19.10-hotspot\bin\jimage.dll
0x00007ff8cb060000 - 0x00007ff8cb2a2000 	C:\WINDOWS\SYSTEM32\DBGHELP.DLL
0x00007ff8d7c50000 - 0x00007ff8d7fd3000 	C:\WINDOWS\System32\combase.dll
0x00007ff8d71c0000 - 0x00007ff8d7299000 	C:\WINDOWS\System32\OLEAUT32.dll
0x00007ff8b96e0000 - 0x00007ff8b971b000 	C:\WINDOWS\SYSTEM32\dbgcore.DLL
0x00007ff8d5b50000 - 0x00007ff8d5bfc000 	C:\WINDOWS\System32\bcryptPrimitives.dll
0x00007ff8aeff0000 - 0x00007ff8aeffe000 	C:\Program Files\Eclipse Adoptium\jdk-17.0.19.10-hotspot\bin\instrument.dll
0x00007ff8a8240000 - 0x00007ff8a8265000 	C:\Program Files\Eclipse Adoptium\jdk-17.0.19.10-hotspot\bin\java.dll
0x00007ff8739e0000 - 0x00007ff873ab7000 	C:\Program Files\Eclipse Adoptium\jdk-17.0.19.10-hotspot\bin\jsvml.dll
0x00007ff8d7360000 - 0x00007ff8d7af2000 	C:\WINDOWS\System32\SHELL32.dll
0x00007ff8d34e0000 - 0x00007ff8d3d72000 	C:\WINDOWS\SYSTEM32\windows.storage.dll
0x00007ff8d8700000 - 0x00007ff8d87f7000 	C:\WINDOWS\System32\SHCORE.dll
0x00007ff8d8690000 - 0x00007ff8d86f7000 	C:\WINDOWS\System32\shlwapi.dll
0x00007ff8d5980000 - 0x00007ff8d59a9000 	C:\WINDOWS\SYSTEM32\profapi.dll
0x00007ff8aebc0000 - 0x00007ff8aebd8000 	C:\Program Files\Eclipse Adoptium\jdk-17.0.19.10-hotspot\bin\zip.dll
0x00007ff8ad8e0000 - 0x00007ff8ad8fa000 	C:\Program Files\Eclipse Adoptium\jdk-17.0.19.10-hotspot\bin\net.dll
0x00007ff8ca0c0000 - 0x00007ff8ca1e9000 	C:\WINDOWS\SYSTEM32\WINHTTP.dll
0x00007ff8d4c90000 - 0x00007ff8d4cfc000 	C:\WINDOWS\system32\mswsock.dll
0x00007ff8ad410000 - 0x00007ff8ad426000 	C:\Program Files\Eclipse Adoptium\jdk-17.0.19.10-hotspot\bin\nio.dll
0x00007ff8aefe0000 - 0x00007ff8aeff0000 	C:\Program Files\Eclipse Adoptium\jdk-17.0.19.10-hotspot\bin\verify.dll
0x00007ff8ad6d0000 - 0x00007ff8ad6f7000 	C:\Users\HP\.gradle\native\1def1411415f61bf3af743bc5b6707747c0891f09f0c88961ee8f79bc544acac\windows-amd64\native-platform.dll
0x00007ff873cb0000 - 0x00007ff873d28000 	C:\Users\HP\.gradle\native\0.2.7\x86_64-windows-gnu\gradle-fileevents.dll
0x00007ff8ad750000 - 0x00007ff8ad75a000 	C:\Program Files\Eclipse Adoptium\jdk-17.0.19.10-hotspot\bin\management.dll
0x00007ff8ad350000 - 0x00007ff8ad35c000 	C:\Program Files\Eclipse Adoptium\jdk-17.0.19.10-hotspot\bin\management_ext.dll
0x00007ff8d72a0000 - 0x00007ff8d72a8000 	C:\WINDOWS\System32\PSAPI.DLL
0x00007ff8d40b0000 - 0x00007ff8d40e3000 	C:\WINDOWS\SYSTEM32\IPHLPAPI.DLL
0x00007ff8d6630000 - 0x00007ff8d663a000 	C:\WINDOWS\System32\NSI.dll
0x00007ff8ca450000 - 0x00007ff8ca46d000 	C:\WINDOWS\SYSTEM32\dhcpcsvc6.DLL
0x00007ff8ca420000 - 0x00007ff8ca445000 	C:\WINDOWS\SYSTEM32\dhcpcsvc.DLL
0x00007ff8d4140000 - 0x00007ff8d4295000 	C:\WINDOWS\SYSTEM32\DNSAPI.dll
0x00007ff8d4ab0000 - 0x00007ff8d4abd000 	C:\WINDOWS\SYSTEM32\DSPARSE.dll
0x00007ff8ad340000 - 0x00007ff8ad349000 	C:\Program Files\Eclipse Adoptium\jdk-17.0.19.10-hotspot\bin\extnet.dll
0x00007ff8d50c0000 - 0x00007ff8d50db000 	C:\WINDOWS\SYSTEM32\CRYPTSP.dll
0x00007ff8d4660000 - 0x00007ff8d4699000 	C:\WINDOWS\system32\rsaenh.dll
0x00007ff8d4d50000 - 0x00007ff8d4d82000 	C:\WINDOWS\SYSTEM32\USERENV.dll
0x00007ff8d5950000 - 0x00007ff8d597a000 	C:\WINDOWS\SYSTEM32\bcrypt.dll
0x00007ff8d4f00000 - 0x00007ff8d4f0c000 	C:\WINDOWS\SYSTEM32\CRYPTBASE.dll
0x00007ff8aca90000 - 0x00007ff8aca9e000 	C:\Program Files\Eclipse Adoptium\jdk-17.0.19.10-hotspot\bin\sunmscapi.dll
0x00007ff8d63f0000 - 0x00007ff8d6568000 	C:\WINDOWS\System32\CRYPT32.dll
0x00007ff8d5230000 - 0x00007ff8d5260000 	C:\WINDOWS\SYSTEM32\ncrypt.dll
0x00007ff8d51e0000 - 0x00007ff8d521f000 	C:\WINDOWS\SYSTEM32\NTASN1.dll
0x00007ff8bc280000 - 0x00007ff8bc288000 	C:\WINDOWS\system32\wshunix.dll

dbghelp: loaded successfully - version: 4.0.5 - missing functions: none
symbol engine: initialized successfully - sym options: 0x614 - pdb path: .;C:\Program Files\Eclipse Adoptium\jdk-17.0.19.10-hotspot\bin;C:\WINDOWS\SYSTEM32;C:\WINDOWS\WinSxS\amd64_microsoft.windows.common-controls_6595b64144ccf1df_6.0.26100.8737_none_3e092eaee333b772;C:\Program Files\Eclipse Adoptium\jdk-17.0.19.10-hotspot\bin\server;C:\Users\HP\.gradle\native\1def1411415f61bf3af743bc5b6707747c0891f09f0c88961ee8f79bc544acac\windows-amd64;C:\Users\HP\.gradle\native\0.2.7\x86_64-windows-gnu

VM Arguments:
jvm_args: --add-opens=java.base/java.lang=ALL-UNNAMED --add-opens=java.base/java.lang.invoke=ALL-UNNAMED --add-opens=java.base/java.util=ALL-UNNAMED --add-opens=java.prefs/java.util.prefs=ALL-UNNAMED --add-exports=jdk.compiler/com.sun.tools.javac.api=ALL-UNNAMED --add-exports=jdk.compiler/com.sun.tools.javac.util=ALL-UNNAMED --add-opens=java.base/java.util=ALL-UNNAMED --add-opens=java.prefs/java.util.prefs=ALL-UNNAMED --add-opens=java.base/java.nio.charset=ALL-UNNAMED --add-opens=java.base/java.net=ALL-UNNAMED --add-opens=java.base/java.util.concurrent.atomic=ALL-UNNAMED --add-opens=java.xml/javax.xml.namespace=ALL-UNNAMED -XX:MaxMetaspaceSize=512m -Xmx2048m -Dfile.encoding=UTF-8 -Duser.country=US -Duser.language=en -Duser.variant -javaagent:C:\Users\HP\.gradle\wrapper\dists\gradle-8.14.3-all\10utluxaxniiv4wxiphsi49nj\gradle-8.14.3\lib\agents\gradle-instrumentation-agent-8.14.3.jar 
java_command: org.gradle.launcher.daemon.bootstrap.GradleDaemon 8.14.3
java_class_path (initial): C:\Users\HP\.gradle\wrapper\dists\gradle-8.14.3-all\10utluxaxniiv4wxiphsi49nj\gradle-8.14.3\lib\gradle-daemon-main-8.14.3.jar
Launcher Type: SUN_STANDARD

[Global flags]
     intx CICompilerCount                          = 3                                         {product} {ergonomic}
   size_t CompressedClassSpaceSize                 = 436207616                                 {product} {ergonomic}
     uint ConcGCThreads                            = 1                                         {product} {ergonomic}
     uint G1ConcRefinementThreads                  = 4                                         {product} {ergonomic}
   size_t G1HeapRegionSize                         = 1048576                                   {product} {ergonomic}
    uintx GCDrainStackTargetSize                   = 64                                        {product} {ergonomic}
   size_t InitialHeapSize                          = 58720256                                  {product} {ergonomic}
   size_t MarkStackSize                            = 4194304                                   {product} {ergonomic}
   size_t MaxHeapSize                              = 2147483648                                {product} {command line}
   size_t MaxMetaspaceSize                         = 536870912                                 {product} {command line}
   size_t MaxNewSize                               = 1287651328                                {product} {ergonomic}
   size_t MinHeapDeltaBytes                        = 1048576                                   {product} {ergonomic}
   size_t MinHeapSize                              = 8388608                                   {product} {ergonomic}
    uintx NonNMethodCodeHeapSize                   = 5832780                                {pd product} {ergonomic}
    uintx NonProfiledCodeHeapSize                  = 122912730                              {pd product} {ergonomic}
    uintx ProfiledCodeHeapSize                     = 122912730                              {pd product} {ergonomic}
    uintx ReservedCodeCacheSize                    = 251658240                              {pd product} {ergonomic}
     bool SegmentedCodeCache                       = true                                      {product} {ergonomic}
   size_t SoftMaxHeapSize                          = 2147483648                             {manageable} {ergonomic}
     bool UseCompressedClassPointers               = true                           {product lp64_product} {ergonomic}
     bool UseCompressedOops                        = true                           {product lp64_product} {ergonomic}
     bool UseG1GC                                  = true                                      {product} {ergonomic}
     bool UseLargePagesIndividualAllocation        = false                                  {pd product} {ergonomic}

Logging:
Log output configuration:
 #0: stdout all=warning uptime,level,tags
 #1: stderr all=off uptime,level,tags

Environment Variables:
JAVA_HOME=C:\Program Files\Eclipse Adoptium\jdk-17.0.19.10-hotspot\
PATH=C:\Program Files\Eclipse Adoptium\jdk-17.0.19.10-hotspot\bin;C:\Python314\Scripts\;C:\Python314\;C:\WINDOWS\system32;C:\WINDOWS;C:\WINDOWS\System32\Wbem;C:\WINDOWS\System32\WindowsPowerShell\v1.0\;C:\WINDOWS\System32\OpenSSH\;C:\Program Files\Git\cmd;C:\Program Files\nodejs\;C:\ProgramData\chocolatey\bin;C:\Users\HP\AppData\Local\Microsoft\WindowsApps;C:\Users\HP\AppData\Roaming\npm;C:\Users\HP\AppData\Local\Programs\Microsoft VS Code\bin
USERNAME=HP
OS=Windows_NT
PROCESSOR_IDENTIFIER=AMD64 Family 23 Model 24 Stepping 1, AuthenticAMD
TMP=C:\Users\HP\AppData\Local\Temp
TEMP=C:\Users\HP\AppData\Local\Temp



Periodic native trim disabled


---------------  S Y S T E M  ---------------

OS:
 Windows 11 , 64 bit Build 26100 (10.0.26100.8737)
OS uptime: 1 days 1:07 hours
Hyper-V role detected

CPU: total 4 (initial active 4) (4 cores per cpu, 2 threads per core) family 23 model 24 stepping 1 microcode 0x8108109, cx8, cmov, fxsr, ht, mmx, 3dnowpref, sse, sse2, sse3, ssse3, sse4a, sse4.1, sse4.2, popcnt, lzcnt, tsc, tscinvbit, avx, avx2, aes, clmul, bmi1, bmi2, adx, sha, fma, vzeroupper, clflush, clflushopt, hv
Processor Information for all 4 processors :
  Max Mhz: 2400, Current Mhz: 2400, Mhz Limit: 2400

Memory: 4k page, system-wide physical 3499M (122M free)
TotalPageFile size 14251M (AvailPageFile size 0M)
current process WorkingSet (physical memory assigned to process): 308M, peak: 352M
current process commit charge ("private bytes"): 577M, peak: 578M

vm_info: OpenJDK 64-Bit Server VM (17.0.19+10) for windows-amd64 JRE (17.0.19+10), built on Apr 25 2026 08:04:44 by "admin" with MS VC++ 17.12 (VS2022)

END.
